[ 2016-01-28T16:28:11+08:00 ] ::1 /thinkphpexercise/thinkphp3.2.3/ADMIN
INFO: [ app_init ] --START--
INFO: Run Behavior\BuildLiteBehavior [ RunTime:0.000033s ]
INFO: [ app_init ] --END-- [ RunTime:0.000584s ]
INFO: [ app_begin ] --START--
INFO: Run Behavior\ReadHtmlCacheBehavior [ RunTime:0.001220s ]
INFO: [ app_begin ] --END-- [ RunTime:0.001352s ]
ERR: 无法加载控制器:Index

[ 2016-01-28T16:28:15+08:00 ] ::1 /thinkphpexercise/thinkphp3.2.3/admin
INFO: [ app_init ] --START--
INFO: Run Behavior\BuildLiteBehavior [ RunTime:0.000026s ]
INFO: [ app_init ] --END-- [ RunTime:0.000624s ]
INFO: [ app_begin ] --START--
INFO: Run Behavior\ReadHtmlCacheBehavior [ RunTime:0.000858s ]
INFO: [ app_begin ] --END-- [ RunTime:0.001001s ]
INFO: [ view_parse ] --START--
INFO: [ template_filter ] --START--
INFO: Run Behavior\ContentReplaceBehavior [ RunTime:0.000106s ]
INFO: [ template_filter ] --END-- [ RunTime:0.000229s ]
INFO: Run Behavior\ParseTemplateBehavior [ RunTime:0.017252s ]
INFO: [ view_parse ] --END-- [ RunTime:0.017372s ]
INFO: [ view_filter ] --START--
INFO: Run Behavior\WriteHtmlCacheBehavior [ RunTime:0.000689s ]
INFO: [ view_filter ] --END-- [ RunTime:0.000795s ]
INFO: [ app_end ] --START--
INFO: Run Behavior\ShowPageTraceBehavior [ RunTime:0.002134s ]
INFO: [ app_end ] --END-- [ RunTime:0.002382s ]

[ 2016-01-28T16:28:22+08:00 ] ::1 /thinkphpexercise/thinkphp3.2.3/admin/verify
INFO: [ app_init ] --START--
INFO: Run Behavior\BuildLiteBehavior [ RunTime:0.000028s ]
INFO: [ app_init ] --END-- [ RunTime:0.000913s ]
INFO: [ app_begin ] --START--
INFO: Run Behavior\ReadHtmlCacheBehavior [ RunTime:0.000880s ]
INFO: [ app_begin ] --END-- [ RunTime:0.001072s ]
ERR: 无法加载控制器:Verify

[ 2016-01-28T16:28:33+08:00 ] ::1 /thinkphpexercise/thinkphp3.2.3/admin/login
INFO: [ app_init ] --START--
INFO: Run Behavior\BuildLiteBehavior [ RunTime:0.000027s ]
INFO: [ app_init ] --END-- [ RunTime:0.000620s ]
INFO: [ app_begin ] --START--
INFO: Run Behavior\ReadHtmlCacheBehavior [ RunTime:0.000822s ]
INFO: [ app_begin ] --END-- [ RunTime:0.000945s ]
INFO: [ view_parse ] --START--
INFO: [ template_filter ] --START--
INFO: Run Behavior\ContentReplaceBehavior [ RunTime:0.000116s ]
INFO: [ template_filter ] --END-- [ RunTime:0.000260s ]
NOTIC: [8] Use of undefined constant Login - assumed 'Login' F:\MDJR\wamp\www\thinkphpexercise\thinkphp3.2.3\APP\Runtime\Cache\Admin\5a0584567bc880b25cb5a24185484238.php 第 79 行.
NOTIC: [8] Use of undefined constant login - assumed 'login' F:\MDJR\wamp\www\thinkphpexercise\thinkphp3.2.3\APP\Runtime\Cache\Admin\5a0584567bc880b25cb5a24185484238.php 第 79 行.
NOTIC: [2] Division by zero F:\MDJR\wamp\www\thinkphpexercise\thinkphp3.2.3\APP\Runtime\Cache\Admin\5a0584567bc880b25cb5a24185484238.php 第 79 行.
INFO: Run Behavior\ParseTemplateBehavior [ RunTime:0.040512s ]
INFO: [ view_parse ] --END-- [ RunTime:0.040649s ]
INFO: [ view_filter ] --START--
INFO: Run Behavior\WriteHtmlCacheBehavior [ RunTime:0.000705s ]
INFO: [ view_filter ] --END-- [ RunTime:0.000819s ]
INFO: [ app_end ] --START--
INFO: Run Behavior\ShowPageTraceBehavior [ RunTime:0.000882s ]
INFO: [ app_end ] --END-- [ RunTime:0.000994s ]

[ 2016-01-28T16:28:33+08:00 ] ::1 /thinkphpexercise/thinkphp3.2.3/admin/js/prefixfree.min.js
INFO: [ app_init ] --START--
INFO: Run Behavior\BuildLiteBehavior [ RunTime:0.000025s ]
INFO: [ app_init ] --END-- [ RunTime:0.000625s ]
INFO: [ app_begin ] --START--
INFO: Run Behavior\ReadHtmlCacheBehavior [ RunTime:0.000852s ]
INFO: [ app_begin ] --END-- [ RunTime:0.000956s ]
ERR: 无法加载控制器:Js

[ 2016-01-28T16:28:33+08:00 ] ::1 /thinkphpexercise/thinkphp3.2.3/index.php/Admin/login/verify.html
INFO: [ app_init ] --START--
INFO: Run Behavior\BuildLiteBehavior [ RunTime:0.000025s ]
INFO: [ app_init ] --END-- [ RunTime:0.000548s ]
INFO: [ app_begin ] --START--
INFO: Run Behavior\ReadHtmlCacheBehavior [ RunTime:0.000883s ]
INFO: [ app_begin ] --END-- [ RunTime:0.001010s ]

[ 2016-01-28T16:28:40+08:00 ] ::1 /thinkphpexercise/thinkphp3.2.3/admin/login/verify
INFO: [ app_init ] --START--
INFO: Run Behavior\BuildLiteBehavior [ RunTime:0.000027s ]
INFO: [ app_init ] --END-- [ RunTime:0.000564s ]
INFO: [ app_begin ] --START--
INFO: Run Behavior\ReadHtmlCacheBehavior [ RunTime:0.001073s ]
INFO: [ app_begin ] --END-- [ RunTime:0.001264s ]

[ 2016-01-28T16:31:39+08:00 ] ::1 /thinkphpexercise/thinkphp3.2.3/admin/login/verify
INFO: [ app_init ] --START--
INFO: Run Behavior\BuildLiteBehavior [ RunTime:0.000028s ]
INFO: [ app_init ] --END-- [ RunTime:0.000642s ]
INFO: [ app_begin ] --START--
INFO: Run Behavior\ReadHtmlCacheBehavior [ RunTime:0.000782s ]
INFO: [ app_begin ] --END-- [ RunTime:0.000935s ]

[ 2016-01-28T16:31:40+08:00 ] ::1 /thinkphpexercise/thinkphp3.2.3/admin/login/verify
INFO: [ app_init ] --START--
INFO: Run Behavior\BuildLiteBehavior [ RunTime:0.000033s ]
INFO: [ app_init ] --END-- [ RunTime:0.000709s ]
INFO: [ app_begin ] --START--
INFO: Run Behavior\ReadHtmlCacheBehavior [ RunTime:0.000912s ]
INFO: [ app_begin ] --END-- [ RunTime:0.001057s ]

[ 2016-01-28T16:31:41+08:00 ] ::1 /thinkphpexercise/thinkphp3.2.3/admin/login/verify
INFO: [ app_init ] --START--
INFO: Run Behavior\BuildLiteBehavior [ RunTime:0.000033s ]
INFO: [ app_init ] --END-- [ RunTime:0.000624s ]
INFO: [ app_begin ] --START--
INFO: Run Behavior\ReadHtmlCacheBehavior [ RunTime:0.000975s ]
INFO: [ app_begin ] --END-- [ RunTime:0.001138s ]

[ 2016-01-28T16:31:42+08:00 ] ::1 /thinkphpexercise/thinkphp3.2.3/admin/login/verify
INFO: [ app_init ] --START--
INFO: Run Behavior\BuildLiteBehavior [ RunTime:0.000034s ]
INFO: [ app_init ] --END-- [ RunTime:0.000640s ]
INFO: [ app_begin ] --START--
INFO: Run Behavior\ReadHtmlCacheBehavior [ RunTime:0.001026s ]
INFO: [ app_begin ] --END-- [ RunTime:0.001215s ]

[ 2016-01-28T16:33:46+08:00 ] ::1 /thinkphpexercise/thinkphp3.2.3/admin/login/verify
INFO: [ app_init ] --START--
INFO: Run Behavior\BuildLiteBehavior [ RunTime:0.000027s ]
INFO: [ app_init ] --END-- [ RunTime:0.000631s ]
INFO: [ app_begin ] --START--
INFO: Run Behavior\ReadHtmlCacheBehavior [ RunTime:0.000790s ]
INFO: [ app_begin ] --END-- [ RunTime:0.000914s ]

[ 2016-01-28T16:33:47+08:00 ] ::1 /thinkphpexercise/thinkphp3.2.3/admin/login/verify
INFO: [ app_init ] --START--
INFO: Run Behavior\BuildLiteBehavior [ RunTime:0.000033s ]
INFO: [ app_init ] --END-- [ RunTime:0.000602s ]
INFO: [ app_begin ] --START--
INFO: Run Behavior\ReadHtmlCacheBehavior [ RunTime:0.000837s ]
INFO: [ app_begin ] --END-- [ RunTime:0.000983s ]

[ 2016-01-28T16:33:48+08:00 ] ::1 /thinkphpexercise/thinkphp3.2.3/admin/login/verify
INFO: [ app_init ] --START--
INFO: Run Behavior\BuildLiteBehavior [ RunTime:0.000032s ]
INFO: [ app_init ] --END-- [ RunTime:0.000632s ]
INFO: [ app_begin ] --START--
INFO: Run Behavior\ReadHtmlCacheBehavior [ RunTime:0.000848s ]
INFO: [ app_begin ] --END-- [ RunTime:0.000991s ]

[ 2016-01-28T16:33:49+08:00 ] ::1 /thinkphpexercise/thinkphp3.2.3/admin/login/verify
INFO: [ app_init ] --START--
INFO: Run Behavior\BuildLiteBehavior [ RunTime:0.000034s ]
INFO: [ app_init ] --END-- [ RunTime:0.000638s ]
INFO: [ app_begin ] --START--
INFO: Run Behavior\ReadHtmlCacheBehavior [ RunTime:0.000927s ]
INFO: [ app_begin ] --END-- [ RunTime:0.001075s ]

[ 2016-01-28T16:34:03+08:00 ] ::1 /thinkphpexercise/thinkphp3.2.3/admin/login/verify
INFO: [ app_init ] --START--
INFO: Run Behavior\BuildLiteBehavior [ RunTime:0.000028s ]
INFO: [ app_init ] --END-- [ RunTime:0.000590s ]
INFO: [ app_begin ] --START--
INFO: Run Behavior\ReadHtmlCacheBehavior [ RunTime:0.000767s ]
INFO: [ app_begin ] --END-- [ RunTime:0.000890s ]
INFO: [ app_end ] --START--
INFO: Run Behavior\ShowPageTraceBehavior [ RunTime:0.000730s ]
INFO: [ app_end ] --END-- [ RunTime:0.000852s ]

[ 2016-01-28T16:34:04+08:00 ] ::1 /thinkphpexercise/thinkphp3.2.3/admin/login/verify
INFO: [ app_init ] --START--
INFO: Run Behavior\BuildLiteBehavior [ RunTime:0.000058s ]
INFO: [ app_init ] --END-- [ RunTime:0.000990s ]
INFO: [ app_begin ] --START--
INFO: Run Behavior\ReadHtmlCacheBehavior [ RunTime:0.000943s ]
INFO: [ app_begin ] --END-- [ RunTime:0.001097s ]
INFO: [ app_end ] --START--
INFO: Run Behavior\ShowPageTraceBehavior [ RunTime:0.000771s ]
INFO: [ app_end ] --END-- [ RunTime:0.000918s ]

[ 2016-01-28T16:34:32+08:00 ] ::1 /thinkphpexercise/thinkphp3.2.3/admin/login/verify
INFO: [ app_init ] --START--
INFO: Run Behavior\BuildLiteBehavior [ RunTime:0.000053s ]
INFO: [ app_init ] --END-- [ RunTime:0.001284s ]
INFO: [ app_begin ] --START--
INFO: Run Behavior\ReadHtmlCacheBehavior [ RunTime:0.000919s ]
INFO: [ app_begin ] --END-- [ RunTime:0.001085s ]

[ 2016-01-28T16:34:33+08:00 ] ::1 /thinkphpexercise/thinkphp3.2.3/admin/login/verify
INFO: [ app_init ] --START--
INFO: Run Behavior\BuildLiteBehavior [ RunTime:0.000032s ]
INFO: [ app_init ] --END-- [ RunTime:0.000675s ]
INFO: [ app_begin ] --START--
INFO: Run Behavior\ReadHtmlCacheBehavior [ RunTime:0.000967s ]
INFO: [ app_begin ] --END-- [ RunTime:0.001134s ]

[ 2016-01-28T16:34:47+08:00 ] ::1 /thinkphpexercise/thinkphp3.2.3/admin/login/verify
INFO: [ app_init ] --START--
INFO: Run Behavior\BuildLiteBehavior [ RunTime:0.000027s ]
INFO: [ app_init ] --END-- [ RunTime:0.000602s ]
INFO: [ app_begin ] --START--
INFO: Run Behavior\ReadHtmlCacheBehavior [ RunTime:0.000788s ]
INFO: [ app_begin ] --END-- [ RunTime:0.000912s ]

[ 2016-01-28T16:34:48+08:00 ] ::1 /thinkphpexercise/thinkphp3.2.3/admin/login/verify
INFO: [ app_init ] --START--
INFO: Run Behavior\BuildLiteBehavior [ RunTime:0.000032s ]
INFO: [ app_init ] --END-- [ RunTime:0.000668s ]
INFO: [ app_begin ] --START--
INFO: Run Behavior\ReadHtmlCacheBehavior [ RunTime:0.000902s ]
INFO: [ app_begin ] --END-- [ RunTime:0.001049s ]

[ 2016-01-28T16:34:55+08:00 ] ::1 /thinkphpexercise/thinkphp3.2.3/admin/login/verify
INFO: [ app_init ] --START--
INFO: Run Behavior\BuildLiteBehavior [ RunTime:0.000033s ]
INFO: [ app_init ] --END-- [ RunTime:0.000719s ]
INFO: [ app_begin ] --START--
INFO: Run Behavior\ReadHtmlCacheBehavior [ RunTime:0.001665s ]
INFO: [ app_begin ] --END-- [ RunTime:0.002059s ]

[ 2016-01-28T16:35:00+08:00 ] ::1 /thinkphpexercise/thinkphp3.2.3/admin/login/verify
INFO: [ app_init ] --START--
INFO: Run Behavior\BuildLiteBehavior [ RunTime:0.000028s ]
INFO: [ app_init ] --END-- [ RunTime:0.000614s ]
INFO: [ app_begin ] --START--
INFO: Run Behavior\ReadHtmlCacheBehavior [ RunTime:0.000795s ]
INFO: [ app_begin ] --END-- [ RunTime:0.000918s ]
INFO: [ app_end ] --START--
INFO: Run Behavior\ShowPageTraceBehavior [ RunTime:0.000691s ]
INFO: [ app_end ] --END-- [ RunTime:0.000816s ]

[ 2016-01-28T16:37:34+08:00 ] ::1 /thinkphpexercise/thinkphp3.2.3/admin/login/verify
INFO: [ app_init ] --START--
INFO: Run Behavior\BuildLiteBehavior [ RunTime:0.000048s ]
INFO: [ app_init ] --END-- [ RunTime:0.000983s ]
INFO: [ app_begin ] --START--
INFO: Run Behavior\ReadHtmlCacheBehavior [ RunTime:0.000954s ]
INFO: [ app_begin ] --END-- [ RunTime:0.001218s ]
INFO: [ app_end ] --START--
INFO: Run Behavior\ShowPageTraceBehavior [ RunTime:0.000851s ]
INFO: [ app_end ] --END-- [ RunTime:0.001030s ]

[ 2016-01-28T16:37:43+08:00 ] ::1 /thinkphpexercise/thinkphp3.2.3/admin/login/verify
INFO: [ app_init ] --START--
INFO: Run Behavior\BuildLiteBehavior [ RunTime:0.000027s ]
INFO: [ app_init ] --END-- [ RunTime:0.000507s ]
INFO: [ app_begin ] --START--
INFO: Run Behavior\ReadHtmlCacheBehavior [ RunTime:0.000712s ]
INFO: [ app_begin ] --END-- [ RunTime:0.000904s ]

[ 2016-01-28T16:37:44+08:00 ] ::1 /thinkphpexercise/thinkphp3.2.3/admin/login/verify
INFO: [ app_init ] --START--
INFO: Run Behavior\BuildLiteBehavior [ RunTime:0.000031s ]
INFO: [ app_init ] --END-- [ RunTime:0.000692s ]
INFO: [ app_begin ] --START--
INFO: Run Behavior\ReadHtmlCacheBehavior [ RunTime:0.000910s ]
INFO: [ app_begin ] --END-- [ RunTime:0.001057s ]

[ 2016-01-28T16:39:04+08:00 ] ::1 /thinkphpexercise/thinkphp3.2.3/admin/login/verify
INFO: [ app_init ] --START--
INFO: Run Behavior\BuildLiteBehavior [ RunTime:0.000035s ]
INFO: [ app_init ] --END-- [ RunTime:0.000894s ]
INFO: [ app_begin ] --START--
INFO: Run Behavior\ReadHtmlCacheBehavior [ RunTime:0.000904s ]
INFO: [ app_begin ] --END-- [ RunTime:0.001067s ]

[ 2016-01-28T16:39:05+08:00 ] ::1 /thinkphpexercise/thinkphp3.2.3/admin/login/verify
INFO: [ app_init ] --START--
INFO: Run Behavior\BuildLiteBehavior [ RunTime:0.000031s ]
INFO: [ app_init ] --END-- [ RunTime:0.000597s ]
INFO: [ app_begin ] --START--
INFO: Run Behavior\ReadHtmlCacheBehavior [ RunTime:0.000844s ]
INFO: [ app_begin ] --END-- [ RunTime:0.000987s ]

[ 2016-01-28T16:39:32+08:00 ] ::1 /thinkphpexercise/thinkphp3.2.3/admin/login/verify
INFO: [ app_init ] --START--
INFO: Run Behavior\BuildLiteBehavior [ RunTime:0.000033s ]
INFO: [ app_init ] --END-- [ RunTime:0.000676s ]
INFO: [ app_begin ] --START--
INFO: Run Behavior\ReadHtmlCacheBehavior [ RunTime:0.000921s ]
INFO: [ app_begin ] --END-- [ RunTime:0.001066s ]

[ 2016-01-28T16:39:33+08:00 ] ::1 /thinkphpexercise/thinkphp3.2.3/admin/login/verify
INFO: [ app_init ] --START--
INFO: Run Behavior\BuildLiteBehavior [ RunTime:0.000035s ]
INFO: [ app_init ] --END-- [ RunTime:0.000646s ]
INFO: [ app_begin ] --START--
INFO: Run Behavior\ReadHtmlCacheBehavior [ RunTime:0.000927s ]
INFO: [ app_begin ] --END-- [ RunTime:0.001127s ]

[ 2016-01-28T16:39:35+08:00 ] ::1 /thinkphpexercise/thinkphp3.2.3/admin/login/verify
INFO: [ app_init ] --START--
INFO: Run Behavior\BuildLiteBehavior [ RunTime:0.000028s ]
INFO: [ app_init ] --END-- [ RunTime:0.000694s ]
INFO: [ app_begin ] --START--
INFO: Run Behavior\ReadHtmlCacheBehavior [ RunTime:0.000851s ]
INFO: [ app_begin ] --END-- [ RunTime:0.000996s ]

[ 2016-01-28T16:39:48+08:00 ] ::1 /thinkphpexercise/thinkphp3.2.3/admin/login/verify
INFO: [ app_init ] --START--
INFO: Run Behavior\BuildLiteBehavior [ RunTime:0.000033s ]
INFO: [ app_init ] --END-- [ RunTime:0.000659s ]
INFO: [ app_begin ] --START--
INFO: Run Behavior\ReadHtmlCacheBehavior [ RunTime:0.000936s ]
INFO: [ app_begin ] --END-- [ RunTime:0.001090s ]

[ 2016-01-28T16:40:22+08:00 ] ::1 /thinkphpexercise/thinkphp3.2.3/admin/login/
INFO: [ app_init ] --START--
INFO: Run Behavior\BuildLiteBehavior [ RunTime:0.000055s ]
INFO: [ app_init ] --END-- [ RunTime:0.001082s ]
INFO: [ app_begin ] --START--
INFO: Run Behavior\ReadHtmlCacheBehavior [ RunTime:0.000875s ]
INFO: [ app_begin ] --END-- [ RunTime:0.001015s ]
INFO: [ view_parse ] --START--
INFO: [ template_filter ] --START--
INFO: Run Behavior\ContentReplaceBehavior [ RunTime:0.000154s ]
INFO: [ template_filter ] --END-- [ RunTime:0.000359s ]
NOTIC: [8] Use of undefined constant Login - assumed 'Login' F:\MDJR\wamp\www\thinkphpexercise\thinkphp3.2.3\APP\Runtime\Cache\Admin\5a0584567bc880b25cb5a24185484238.php 第 79 行.
NOTIC: [8] Use of undefined constant login - assumed 'login' F:\MDJR\wamp\www\thinkphpexercise\thinkphp3.2.3\APP\Runtime\Cache\Admin\5a0584567bc880b25cb5a24185484238.php 第 79 行.
NOTIC: [2] Division by zero F:\MDJR\wamp\www\thinkphpexercise\thinkphp3.2.3\APP\Runtime\Cache\Admin\5a0584567bc880b25cb5a24185484238.php 第 79 行.
INFO: Run Behavior\ParseTemplateBehavior [ RunTime:0.009755s ]
INFO: [ view_parse ] --END-- [ RunTime:0.009900s ]
INFO: [ view_filter ] --START--
INFO: Run Behavior\WriteHtmlCacheBehavior [ RunTime:0.000656s ]
INFO: [ view_filter ] --END-- [ RunTime:0.000832s ]
INFO: [ app_end ] --START--
INFO: Run Behavior\ShowPageTraceBehavior [ RunTime:0.000867s ]
INFO: [ app_end ] --END-- [ RunTime:0.001006s ]

[ 2016-01-28T16:40:22+08:00 ] ::1 /thinkphpexercise/thinkphp3.2.3/admin/login/js/prefixfree.min.js
INFO: [ app_init ] --START--
INFO: Run Behavior\BuildLiteBehavior [ RunTime:0.000026s ]
INFO: [ app_init ] --END-- [ RunTime:0.000583s ]
INFO: [ app_begin ] --START--
INFO: Run Behavior\ReadHtmlCacheBehavior [ RunTime:0.000777s ]
INFO: [ app_begin ] --END-- [ RunTime:0.000898s ]
ERR: 非法操作:js

[ 2016-01-28T16:40:22+08:00 ] ::1 /thinkphpexercise/thinkphp3.2.3/index.php/Admin/login/verify.html
INFO: [ app_init ] --START--
INFO: Run Behavior\BuildLiteBehavior [ RunTime:0.000028s ]
INFO: [ app_init ] --END-- [ RunTime:0.000706s ]
INFO: [ app_begin ] --START--
INFO: Run Behavior\ReadHtmlCacheBehavior [ RunTime:0.001176s ]
INFO: [ app_begin ] --END-- [ RunTime:0.001367s ]

[ 2016-01-28T16:42:25+08:00 ] ::1 /thinkphpexercise/thinkphp3.2.3/admin/login/verfiy
INFO: [ app_init ] --START--
INFO: Run Behavior\BuildLiteBehavior [ RunTime:0.000027s ]
INFO: [ app_init ] --END-- [ RunTime:0.000661s ]
INFO: [ app_begin ] --START--
INFO: Run Behavior\ReadHtmlCacheBehavior [ RunTime:0.001016s ]
INFO: [ app_begin ] --END-- [ RunTime:0.001130s ]
ERR: 非法操作:verfiy

[ 2016-01-28T16:42:31+08:00 ] ::1 /thinkphpexercise/thinkphp3.2.3/admin/login/verfiy
INFO: [ app_init ] --START--
INFO: Run Behavior\BuildLiteBehavior [ RunTime:0.000025s ]
INFO: [ app_init ] --END-- [ RunTime:0.000525s ]
INFO: [ app_begin ] --START--
INFO: Run Behavior\ReadHtmlCacheBehavior [ RunTime:0.000813s ]
INFO: [ app_begin ] --END-- [ RunTime:0.000917s ]
ERR: 非法操作:verfiy

[ 2016-01-28T16:42:34+08:00 ] ::1 /thinkphpexercise/thinkphp3.2.3/admin/login/verfiy
INFO: [ app_init ] --START--
INFO: Run Behavior\BuildLiteBehavior [ RunTime:0.000028s ]
INFO: [ app_init ] --END-- [ RunTime:0.000634s ]
INFO: [ app_begin ] --START--
INFO: Run Behavior\ReadHtmlCacheBehavior [ RunTime:0.000833s ]
INFO: [ app_begin ] --END-- [ RunTime:0.000947s ]
ERR: 非法操作:verfiy

[ 2016-01-28T16:42:35+08:00 ] ::1 /thinkphpexercise/thinkphp3.2.3/admin/login/verfiy
INFO: [ app_init ] --START--
INFO: Run Behavior\BuildLiteBehavior [ RunTime:0.000031s ]
INFO: [ app_init ] --END-- [ RunTime:0.000652s ]
INFO: [ app_begin ] --START--
INFO: Run Behavior\ReadHtmlCacheBehavior [ RunTime:0.001012s ]
INFO: [ app_begin ] --END-- [ RunTime:0.001137s ]
ERR: 非法操作:verfiy

[ 2016-01-28T16:42:45+08:00 ] ::1 /thinkphpexercise/thinkphp3.2.3/admin/login/verfiy
INFO: [ app_init ] --START--
INFO: Run Behavior\BuildLiteBehavior [ RunTime:0.000028s ]
INFO: [ app_init ] --END-- [ RunTime:0.000702s ]
INFO: [ app_begin ] --START--
INFO: Run Behavior\ReadHtmlCacheBehavior [ RunTime:0.001094s ]
INFO: [ app_begin ] --END-- [ RunTime:0.001236s ]
ERR: 非法操作:verfiy

[ 2016-01-28T16:42:51+08:00 ] ::1 /thinkphpexercise/thinkphp3.2.3/admin/login/verify
INFO: [ app_init ] --START--
INFO: Run Behavior\BuildLiteBehavior [ RunTime:0.000026s ]
INFO: [ app_init ] --END-- [ RunTime:0.000530s ]
INFO: [ app_begin ] --START--
INFO: Run Behavior\ReadHtmlCacheBehavior [ RunTime:0.001145s ]
INFO: [ app_begin ] --END-- [ RunTime:0.001315s ]
INFO: [ app_end ] --START--
INFO: Run Behavior\ShowPageTraceBehavior [ RunTime:0.000791s ]
INFO: [ app_end ] --END-- [ RunTime:0.000909s ]

[ 2016-01-28T16:42:53+08:00 ] ::1 /thinkphpexercise/thinkphp3.2.3/admin/login/verify
INFO: [ app_init ] --START--
INFO: Run Behavior\BuildLiteBehavior [ RunTime:0.000031s ]
INFO: [ app_init ] --END-- [ RunTime:0.000696s ]
INFO: [ app_begin ] --START--
INFO: Run Behavior\ReadHtmlCacheBehavior [ RunTime:0.001044s ]
INFO: [ app_begin ] --END-- [ RunTime:0.001171s ]
INFO: [ app_end ] --START--
INFO: Run Behavior\ShowPageTraceBehavior [ RunTime:0.001061s ]
INFO: [ app_end ] --END-- [ RunTime:0.001193s ]

[ 2016-01-28T16:42:58+08:00 ] ::1 /thinkphpexercise/thinkphp3.2.3/admin/login/verify
INFO: [ app_init ] --START--
INFO: Run Behavior\BuildLiteBehavior [ RunTime:0.000026s ]
INFO: [ app_init ] --END-- [ RunTime:0.000551s ]
INFO: [ app_begin ] --START--
INFO: Run Behavior\ReadHtmlCacheBehavior [ RunTime:0.000881s ]
INFO: [ app_begin ] --END-- [ RunTime:0.001007s ]

[ 2016-01-28T16:43:29+08:00 ] ::1 /thinkphpexercise/thinkphp3.2.3/admin/login/verify
INFO: [ app_init ] --START--
INFO: Run Behavior\BuildLiteBehavior [ RunTime:0.000027s ]
INFO: [ app_init ] --END-- [ RunTime:0.000685s ]
INFO: [ app_begin ] --START--
INFO: Run Behavior\ReadHtmlCacheBehavior [ RunTime:0.000879s ]
INFO: [ app_begin ] --END-- [ RunTime:0.000992s ]
INFO: [ app_end ] --START--
INFO: Run Behavior\ShowPageTraceBehavior [ RunTime:0.000805s ]
INFO: [ app_end ] --END-- [ RunTime:0.000917s ]

[ 2016-01-28T16:44:20+08:00 ] ::1 /thinkphpexercise/thinkphp3.2.3/admin/login/verify
INFO: [ app_init ] --START--
INFO: Run Behavior\BuildLiteBehavior [ RunTime:0.000054s ]
INFO: [ app_init ] --END-- [ RunTime:0.001861s ]
INFO: [ app_begin ] --START--
INFO: Run Behavior\ReadHtmlCacheBehavior [ RunTime:0.001010s ]
INFO: [ app_begin ] --END-- [ RunTime:0.001139s ]

[ 2016-01-28T16:44:21+08:00 ] ::1 /thinkphpexercise/thinkphp3.2.3/admin/login/verify
INFO: [ app_init ] --START--
INFO: Run Behavior\BuildLiteBehavior [ RunTime:0.000074s ]
INFO: [ app_init ] --END-- [ RunTime:0.001833s ]
INFO: [ app_begin ] --START--
INFO: Run Behavior\ReadHtmlCacheBehavior [ RunTime:0.001026s ]
INFO: [ app_begin ] --END-- [ RunTime:0.001162s ]

[ 2016-01-28T16:45:17+08:00 ] ::1 /thinkphpexercise/thinkphp3.2.3/admin/login/verify
INFO: [ app_init ] --START--
INFO: Run Behavior\BuildLiteBehavior [ RunTime:0.000028s ]
INFO: [ app_init ] --END-- [ RunTime:0.000699s ]
INFO: [ app_begin ] --START--
INFO: Run Behavior\ReadHtmlCacheBehavior [ RunTime:0.001002s ]
INFO: [ app_begin ] --END-- [ RunTime:0.001129s ]

[ 2016-01-28T16:45:23+08:00 ] ::1 /thinkphpexercise/thinkphp3.2.3/admin/login/verify
INFO: [ app_init ] --START--
INFO: Run Behavior\BuildLiteBehavior [ RunTime:0.000029s ]
INFO: [ app_init ] --END-- [ RunTime:0.000798s ]
INFO: [ app_begin ] --START--
INFO: Run Behavior\ReadHtmlCacheBehavior [ RunTime:0.002214s ]
INFO: [ app_begin ] --END-- [ RunTime:0.002404s ]
INFO: [ app_end ] --START--
INFO: Run Behavior\ShowPageTraceBehavior [ RunTime:0.001063s ]
INFO: [ app_end ] --END-- [ RunTime:0.001208s ]

[ 2016-01-28T16:46:07+08:00 ] ::1 /thinkphpexercise/thinkphp3.2.3/admin/login/
INFO: [ app_init ] --START--
INFO: Run Behavior\BuildLiteBehavior [ RunTime:0.000031s ]
INFO: [ app_init ] --END-- [ RunTime:0.000654s ]
INFO: [ app_begin ] --START--
INFO: Run Behavior\ReadHtmlCacheBehavior [ RunTime:0.000977s ]
INFO: [ app_begin ] --END-- [ RunTime:0.001145s ]
INFO: [ view_parse ] --START--
INFO: [ template_filter ] --START--
INFO: Run Behavior\ContentReplaceBehavior [ RunTime:0.000111s ]
INFO: [ template_filter ] --END-- [ RunTime:0.000247s ]
NOTIC: [8] Use of undefined constant Login - assumed 'Login' F:\MDJR\wamp\www\thinkphpexercise\thinkphp3.2.3\APP\Runtime\Cache\Admin\5a0584567bc880b25cb5a24185484238.php 第 79 行.
NOTIC: [8] Use of undefined constant login - assumed 'login' F:\MDJR\wamp\www\thinkphpexercise\thinkphp3.2.3\APP\Runtime\Cache\Admin\5a0584567bc880b25cb5a24185484238.php 第 79 行.
NOTIC: [2] Division by zero F:\MDJR\wamp\www\thinkphpexercise\thinkphp3.2.3\APP\Runtime\Cache\Admin\5a0584567bc880b25cb5a24185484238.php 第 79 行.
INFO: Run Behavior\ParseTemplateBehavior [ RunTime:0.011662s ]
INFO: [ view_parse ] --END-- [ RunTime:0.011814s ]
INFO: [ view_filter ] --START--
INFO: Run Behavior\WriteHtmlCacheBehavior [ RunTime:0.000707s ]
INFO: [ view_filter ] --END-- [ RunTime:0.000803s ]
INFO: [ app_end ] --START--
INFO: Run Behavior\ShowPageTraceBehavior [ RunTime:0.000890s ]
INFO: [ app_end ] --END-- [ RunTime:0.000993s ]

[ 2016-01-28T16:46:07+08:00 ] ::1 /thinkphpexercise/thinkphp3.2.3/admin/login/js/prefixfree.min.js
INFO: [ app_init ] --START--
INFO: Run Behavior\BuildLiteBehavior [ RunTime:0.000027s ]
INFO: [ app_init ] --END-- [ RunTime:0.000622s ]
INFO: [ app_begin ] --START--
INFO: Run Behavior\ReadHtmlCacheBehavior [ RunTime:0.001053s ]
INFO: [ app_begin ] --END-- [ RunTime:0.001221s ]
ERR: 非法操作:js

[ 2016-01-28T16:46:07+08:00 ] ::1 /thinkphpexercise/thinkphp3.2.3/index.php/Admin/login/verify.html
INFO: [ app_init ] --START--
INFO: Run Behavior\BuildLiteBehavior [ RunTime:0.000027s ]
INFO: [ app_init ] --END-- [ RunTime:0.000583s ]
INFO: [ app_begin ] --START--
INFO: Run Behavior\ReadHtmlCacheBehavior [ RunTime:0.001044s ]
INFO: [ app_begin ] --END-- [ RunTime:0.001257s ]
INFO: [ app_end ] --START--
INFO: Run Behavior\ShowPageTraceBehavior [ RunTime:0.000832s ]
INFO: [ app_end ] --END-- [ RunTime:0.000980s ]

[ 2016-01-28T16:46:12+08:00 ] ::1 /thinkphpexercise/thinkphp3.2.3/admin/login/verify
INFO: [ app_init ] --START--
INFO: Run Behavior\BuildLiteBehavior [ RunTime:0.000045s ]
INFO: [ app_init ] --END-- [ RunTime:0.000944s ]
INFO: [ app_begin ] --START--
INFO: Run Behavior\ReadHtmlCacheBehavior [ RunTime:0.000846s ]
INFO: [ app_begin ] --END-- [ RunTime:0.000972s ]
INFO: [ app_end ] --START--
INFO: Run Behavior\ShowPageTraceBehavior [ RunTime:0.000841s ]
INFO: [ app_end ] --END-- [ RunTime:0.000956s ]

[ 2016-01-28T16:47:18+08:00 ] ::1 /thinkphpexercise/thinkphp3.2.3/admin/login/verify
INFO: [ app_init ] --START--
INFO: Run Behavior\BuildLiteBehavior [ RunTime:0.000029s ]
INFO: [ app_init ] --END-- [ RunTime:0.000695s ]
INFO: [ app_begin ] --START--
INFO: Run Behavior\ReadHtmlCacheBehavior [ RunTime:0.000995s ]
INFO: [ app_begin ] --END-- [ RunTime:0.001121s ]

[ 2016-01-28T16:47:18+08:00 ] ::1 /thinkphpexercise/thinkphp3.2.3/admin/login/verify
INFO: [ app_init ] --START--
INFO: Run Behavior\BuildLiteBehavior [ RunTime:0.000030s ]
INFO: [ app_init ] --END-- [ RunTime:0.000733s ]
INFO: [ app_begin ] --START--
INFO: Run Behavior\ReadHtmlCacheBehavior [ RunTime:0.000998s ]
INFO: [ app_begin ] --END-- [ RunTime:0.001124s ]

[ 2016-01-28T16:47:19+08:00 ] ::1 /thinkphpexercise/thinkphp3.2.3/admin/login/verify
INFO: [ app_init ] --START--
INFO: Run Behavior\BuildLiteBehavior [ RunTime:0.000029s ]
INFO: [ app_init ] --END-- [ RunTime:0.000668s ]
INFO: [ app_begin ] --START--
INFO: Run Behavior\ReadHtmlCacheBehavior [ RunTime:0.000952s ]
INFO: [ app_begin ] --END-- [ RunTime:0.001074s ]

[ 2016-01-28T16:47:20+08:00 ] ::1 /thinkphpexercise/thinkphp3.2.3/admin/login/verify
INFO: [ app_init ] --START--
INFO: Run Behavior\BuildLiteBehavior [ RunTime:0.000025s ]
INFO: [ app_init ] --END-- [ RunTime:0.000601s ]
INFO: [ app_begin ] --START--
INFO: Run Behavior\ReadHtmlCacheBehavior [ RunTime:0.000874s ]
INFO: [ app_begin ] --END-- [ RunTime:0.000981s ]

[ 2016-01-28T16:52:56+08:00 ] ::1 /thinkphpexercise/thinkphp3.2.3/admin/login/verify
INFO: [ app_init ] --START--
INFO: Run Behavior\BuildLiteBehavior [ RunTime:0.000029s ]
INFO: [ app_init ] --END-- [ RunTime:0.000728s ]
INFO: [ app_begin ] --START--
INFO: Run Behavior\ReadHtmlCacheBehavior [ RunTime:0.000998s ]
INFO: [ app_begin ] --END-- [ RunTime:0.001125s ]

[ 2016-01-28T16:52:57+08:00 ] ::1 /thinkphpexercise/thinkphp3.2.3/admin/login/verify
INFO: [ app_init ] --START--
INFO: Run Behavior\BuildLiteBehavior [ RunTime:0.000030s ]
INFO: [ app_init ] --END-- [ RunTime:0.000774s ]
INFO: [ app_begin ] --START--
INFO: Run Behavior\ReadHtmlCacheBehavior [ RunTime:0.001051s ]
INFO: [ app_begin ] --END-- [ RunTime:0.001178s ]

[ 2016-01-28T16:53:15+08:00 ] ::1 /thinkphpexercise/thinkphp3.2.3/admin/login/verify
INFO: [ app_init ] --START--
INFO: Run Behavior\BuildLiteBehavior [ RunTime:0.000028s ]
INFO: [ app_init ] --END-- [ RunTime:0.000722s ]
INFO: [ app_begin ] --START--
INFO: Run Behavior\ReadHtmlCacheBehavior [ RunTime:0.000982s ]
INFO: [ app_begin ] --END-- [ RunTime:0.001104s ]

[ 2016-01-28T16:53:15+08:00 ] ::1 /thinkphpexercise/thinkphp3.2.3/admin/login/verify
INFO: [ app_init ] --START--
INFO: Run Behavior\BuildLiteBehavior [ RunTime:0.000030s ]
INFO: [ app_init ] --END-- [ RunTime:0.000739s ]
INFO: [ app_begin ] --START--
INFO: Run Behavior\ReadHtmlCacheBehavior [ RunTime:0.001038s ]
INFO: [ app_begin ] --END-- [ RunTime:0.001168s ]

[ 2016-01-28T16:53:57+08:00 ] ::1 /thinkphpexercise/thinkphp3.2.3/admin/login/verify
INFO: [ app_init ] --START--
INFO: Run Behavior\BuildLiteBehavior [ RunTime:0.000029s ]
INFO: [ app_init ] --END-- [ RunTime:0.000744s ]
INFO: [ app_begin ] --START--
INFO: Run Behavior\ReadHtmlCacheBehavior [ RunTime:0.001054s ]
INFO: [ app_begin ] --END-- [ RunTime:0.001178s ]

[ 2016-01-28T16:57:53+08:00 ] ::1 /thinkphpexercise/thinkphp3.2.3/admin/login/verify
INFO: [ app_init ] --START--
INFO: Run Behavior\BuildLiteBehavior [ RunTime:0.000053s ]
INFO: [ app_init ] --END-- [ RunTime:0.001196s ]
INFO: [ app_begin ] --START--
INFO: Run Behavior\ReadHtmlCacheBehavior [ RunTime:0.000928s ]
INFO: [ app_begin ] --END-- [ RunTime:0.001045s ]

[ 2016-01-28T16:57:54+08:00 ] ::1 /thinkphpexercise/thinkphp3.2.3/admin/login/verify
INFO: [ app_init ] --START--
INFO: Run Behavior\BuildLiteBehavior [ RunTime:0.000029s ]
INFO: [ app_init ] --END-- [ RunTime:0.000758s ]
INFO: [ app_begin ] --START--
INFO: Run Behavior\ReadHtmlCacheBehavior [ RunTime:0.001011s ]
INFO: [ app_begin ] --END-- [ RunTime:0.001151s ]

[ 2016-01-28T16:59:40+08:00 ] ::1 /thinkphpexercise/thinkphp3.2.3/admin/login/verify
INFO: [ app_init ] --START--
INFO: Run Behavior\BuildLiteBehavior [ RunTime:0.000212s ]
INFO: [ app_init ] --END-- [ RunTime:0.001498s ]
INFO: [ app_begin ] --START--
INFO: Run Behavior\ReadHtmlCacheBehavior [ RunTime:0.001113s ]
INFO: [ app_begin ] --END-- [ RunTime:0.001302s ]

[ 2016-01-28T17:01:47+08:00 ] ::1 /thinkphpexercise/thinkphp3.2.3/admin/login/verify
INFO: [ app_init ] --START--
INFO: Run Behavior\BuildLiteBehavior [ RunTime:0.000028s ]
INFO: [ app_init ] --END-- [ RunTime:0.000696s ]
INFO: [ app_begin ] --START--
INFO: Run Behavior\ReadHtmlCacheBehavior [ RunTime:0.001896s ]
INFO: [ app_begin ] --END-- [ RunTime:0.002225s ]

[ 2016-01-28T17:01:48+08:00 ] ::1 /thinkphpexercise/thinkphp3.2.3/admin/login/verify
INFO: [ app_init ] --START--
INFO: Run Behavior\BuildLiteBehavior [ RunTime:0.000049s ]
INFO: [ app_init ] --END-- [ RunTime:0.000807s ]
INFO: [ app_begin ] --START--
INFO: Run Behavior\ReadHtmlCacheBehavior [ RunTime:0.000923s ]
INFO: [ app_begin ] --END-- [ RunTime:0.001054s ]

[ 2016-01-28T17:02:14+08:00 ] ::1 /thinkphpexercise/thinkphp3.2.3/admin/login/verify
INFO: [ app_init ] --START--
INFO: Run Behavior\BuildLiteBehavior [ RunTime:0.000029s ]
INFO: [ app_init ] --END-- [ RunTime:0.000773s ]
INFO: [ app_begin ] --START--
INFO: Run Behavior\ReadHtmlCacheBehavior [ RunTime:0.001540s ]
INFO: [ app_begin ] --END-- [ RunTime:0.001875s ]

[ 2016-01-28T17:02:15+08:00 ] ::1 /thinkphpexercise/thinkphp3.2.3/admin/login/verify
INFO: [ app_init ] --START--
INFO: Run Behavior\BuildLiteBehavior [ RunTime:0.000029s ]
INFO: [ app_init ] --END-- [ RunTime:0.000680s ]
INFO: [ app_begin ] --START--
INFO: Run Behavior\ReadHtmlCacheBehavior [ RunTime:0.001330s ]
INFO: [ app_begin ] --END-- [ RunTime:0.001551s ]

[ 2016-01-28T17:02:16+08:00 ] ::1 /thinkphpexercise/thinkphp3.2.3/admin/login/verify
INFO: [ app_init ] --START--
INFO: Run Behavior\BuildLiteBehavior [ RunTime:0.000024s ]
INFO: [ app_init ] --END-- [ RunTime:0.000513s ]
INFO: [ app_begin ] --START--
INFO: Run Behavior\ReadHtmlCacheBehavior [ RunTime:0.000775s ]
INFO: [ app_begin ] --END-- [ RunTime:0.000878s ]

[ 2016-01-28T17:02:17+08:00 ] ::1 /thinkphpexercise/thinkphp3.2.3/admin/login/verify
INFO: [ app_init ] --START--
INFO: Run Behavior\BuildLiteBehavior [ RunTime:0.000025s ]
INFO: [ app_init ] --END-- [ RunTime:0.000562s ]
INFO: [ app_begin ] --START--
INFO: Run Behavior\ReadHtmlCacheBehavior [ RunTime:0.000934s ]
INFO: [ app_begin ] --END-- [ RunTime:0.001052s ]

[ 2016-01-28T17:03:06+08:00 ] ::1 /thinkphpexercise/thinkphp3.2.3/admin/login/verify
INFO: [ app_init ] --START--
INFO: Run Behavior\BuildLiteBehavior [ RunTime:0.000030s ]
INFO: [ app_init ] --END-- [ RunTime:0.000689s ]
INFO: [ app_begin ] --START--
INFO: Run Behavior\ReadHtmlCacheBehavior [ RunTime:0.001115s ]
INFO: [ app_begin ] --END-- [ RunTime:0.001257s ]
NOTIC: [8] Use of undefined constant __PUBLIC__ - assumed '__PUBLIC__' F:\MDJR\wamp\www\thinkphpexercise\thinkphp3.2.3\APP\Admin\extends\verify.class.php 第 16 行.
NOTIC: [2] imagettftext() [<a href='function.imagettftext'>function.imagettftext</a>]: Invalid font filename F:\MDJR\wamp\www\thinkphpexercise\thinkphp3.2.3\APP\Admin\extends\verify.class.php 第 36 行.
NOTIC: [2] imagettftext() [<a href='function.imagettftext'>function.imagettftext</a>]: Invalid font filename F:\MDJR\wamp\www\thinkphpexercise\thinkphp3.2.3\APP\Admin\extends\verify.class.php 第 36 行.
NOTIC: [2] imagettftext() [<a href='function.imagettftext'>function.imagettftext</a>]: Invalid font filename F:\MDJR\wamp\www\thinkphpexercise\thinkphp3.2.3\APP\Admin\extends\verify.class.php 第 36 行.
NOTIC: [2] imagettftext() [<a href='function.imagettftext'>function.imagettftext</a>]: Invalid font filename F:\MDJR\wamp\www\thinkphpexercise\thinkphp3.2.3\APP\Admin\extends\verify.class.php 第 36 行.
INFO: [ app_end ] --START--
INFO: Run Behavior\ShowPageTraceBehavior [ RunTime:0.001222s ]
INFO: [ app_end ] --END-- [ RunTime:0.001540s ]

[ 2016-01-28T17:03:07+08:00 ] ::1 /thinkphpexercise/thinkphp3.2.3/admin/login/verify
INFO: [ app_init ] --START--
INFO: Run Behavior\BuildLiteBehavior [ RunTime:0.000027s ]
INFO: [ app_init ] --END-- [ RunTime:0.000633s ]
INFO: [ app_begin ] --START--
INFO: Run Behavior\ReadHtmlCacheBehavior [ RunTime:0.000814s ]
INFO: [ app_begin ] --END-- [ RunTime:0.000915s ]
NOTIC: [8] Use of undefined constant __PUBLIC__ - assumed '__PUBLIC__' F:\MDJR\wamp\www\thinkphpexercise\thinkphp3.2.3\APP\Admin\extends\verify.class.php 第 16 行.
NOTIC: [2] imagettftext() [<a href='function.imagettftext'>function.imagettftext</a>]: Invalid font filename F:\MDJR\wamp\www\thinkphpexercise\thinkphp3.2.3\APP\Admin\extends\verify.class.php 第 36 行.
NOTIC: [2] imagettftext() [<a href='function.imagettftext'>function.imagettftext</a>]: Invalid font filename F:\MDJR\wamp\www\thinkphpexercise\thinkphp3.2.3\APP\Admin\extends\verify.class.php 第 36 行.
NOTIC: [2] imagettftext() [<a href='function.imagettftext'>function.imagettftext</a>]: Invalid font filename F:\MDJR\wamp\www\thinkphpexercise\thinkphp3.2.3\APP\Admin\extends\verify.class.php 第 36 行.
NOTIC: [2] imagettftext() [<a href='function.imagettftext'>function.imagettftext</a>]: Invalid font filename F:\MDJR\wamp\www\thinkphpexercise\thinkphp3.2.3\APP\Admin\extends\verify.class.php 第 36 行.
INFO: [ app_end ] --START--
INFO: Run Behavior\ShowPageTraceBehavior [ RunTime:0.001255s ]
INFO: [ app_end ] --END-- [ RunTime:0.001431s ]

[ 2016-01-28T17:03:08+08:00 ] ::1 /thinkphpexercise/thinkphp3.2.3/admin/login/verify
INFO: [ app_init ] --START--
INFO: Run Behavior\BuildLiteBehavior [ RunTime:0.000026s ]
INFO: [ app_init ] --END-- [ RunTime:0.000609s ]
INFO: [ app_begin ] --START--
INFO: Run Behavior\ReadHtmlCacheBehavior [ RunTime:0.000792s ]
INFO: [ app_begin ] --END-- [ RunTime:0.000895s ]
NOTIC: [8] Use of undefined constant __PUBLIC__ - assumed '__PUBLIC__' F:\MDJR\wamp\www\thinkphpexercise\thinkphp3.2.3\APP\Admin\extends\verify.class.php 第 16 行.
NOTIC: [2] imagettftext() [<a href='function.imagettftext'>function.imagettftext</a>]: Invalid font filename F:\MDJR\wamp\www\thinkphpexercise\thinkphp3.2.3\APP\Admin\extends\verify.class.php 第 36 行.
NOTIC: [2] imagettftext() [<a href='function.imagettftext'>function.imagettftext</a>]: Invalid font filename F:\MDJR\wamp\www\thinkphpexercise\thinkphp3.2.3\APP\Admin\extends\verify.class.php 第 36 行.
NOTIC: [2] imagettftext() [<a href='function.imagettftext'>function.imagettftext</a>]: Invalid font filename F:\MDJR\wamp\www\thinkphpexercise\thinkphp3.2.3\APP\Admin\extends\verify.class.php 第 36 行.
NOTIC: [2] imagettftext() [<a href='function.imagettftext'>function.imagettftext</a>]: Invalid font filename F:\MDJR\wamp\www\thinkphpexercise\thinkphp3.2.3\APP\Admin\extends\verify.class.php 第 36 行.
INFO: [ app_end ] --START--
INFO: Run Behavior\ShowPageTraceBehavior [ RunTime:0.000826s ]
INFO: [ app_end ] --END-- [ RunTime:0.000926s ]

[ 2016-01-28T17:03:10+08:00 ] ::1 /thinkphpexercise/thinkphp3.2.3/admin/login/verify
INFO: [ app_init ] --START--
INFO: Run Behavior\BuildLiteBehavior [ RunTime:0.000028s ]
INFO: [ app_init ] --END-- [ RunTime:0.000627s ]
INFO: [ app_begin ] --START--
INFO: Run Behavior\ReadHtmlCacheBehavior [ RunTime:0.000801s ]
INFO: [ app_begin ] --END-- [ RunTime:0.000900s ]
NOTIC: [8] Use of undefined constant __PUBLIC__ - assumed '__PUBLIC__' F:\MDJR\wamp\www\thinkphpexercise\thinkphp3.2.3\APP\Admin\extends\verify.class.php 第 16 行.
NOTIC: [2] imagettftext() [<a href='function.imagettftext'>function.imagettftext</a>]: Invalid font filename F:\MDJR\wamp\www\thinkphpexercise\thinkphp3.2.3\APP\Admin\extends\verify.class.php 第 36 行.
NOTIC: [2] imagettftext() [<a href='function.imagettftext'>function.imagettftext</a>]: Invalid font filename F:\MDJR\wamp\www\thinkphpexercise\thinkphp3.2.3\APP\Admin\extends\verify.class.php 第 36 行.
NOTIC: [2] imagettftext() [<a href='function.imagettftext'>function.imagettftext</a>]: Invalid font filename F:\MDJR\wamp\www\thinkphpexercise\thinkphp3.2.3\APP\Admin\extends\verify.class.php 第 36 行.
NOTIC: [2] imagettftext() [<a href='function.imagettftext'>function.imagettftext</a>]: Invalid font filename F:\MDJR\wamp\www\thinkphpexercise\thinkphp3.2.3\APP\Admin\extends\verify.class.php 第 36 行.
INFO: [ app_end ] --START--
INFO: Run Behavior\ShowPageTraceBehavior [ RunTime:0.000825s ]
INFO: [ app_end ] --END-- [ RunTime:0.000927s ]

[ 2016-01-28T17:03:49+08:00 ] ::1 /thinkphpexercise/thinkphp3.2.3/admin/login/verify
INFO: [ app_init ] --START--
INFO: Run Behavior\BuildLiteBehavior [ RunTime:0.000033s ]
INFO: [ app_init ] --END-- [ RunTime:0.000832s ]
INFO: [ app_begin ] --START--
INFO: Run Behavior\ReadHtmlCacheBehavior [ RunTime:0.000988s ]
INFO: [ app_begin ] --END-- [ RunTime:0.001126s ]
NOTIC: [8] Use of undefined constant __PUBLIC__ - assumed '__PUBLIC__' F:\MDJR\wamp\www\thinkphpexercise\thinkphp3.2.3\APP\Admin\extends\verify.class.php 第 17 行.
NOTIC: [2] imagettftext() [<a href='function.imagettftext'>function.imagettftext</a>]: Invalid font filename F:\MDJR\wamp\www\thinkphpexercise\thinkphp3.2.3\APP\Admin\extends\verify.class.php 第 37 行.
NOTIC: [2] imagettftext() [<a href='function.imagettftext'>function.imagettftext</a>]: Invalid font filename F:\MDJR\wamp\www\thinkphpexercise\thinkphp3.2.3\APP\Admin\extends\verify.class.php 第 37 行.
NOTIC: [2] imagettftext() [<a href='function.imagettftext'>function.imagettftext</a>]: Invalid font filename F:\MDJR\wamp\www\thinkphpexercise\thinkphp3.2.3\APP\Admin\extends\verify.class.php 第 37 行.
NOTIC: [2] imagettftext() [<a href='function.imagettftext'>function.imagettftext</a>]: Invalid font filename F:\MDJR\wamp\www\thinkphpexercise\thinkphp3.2.3\APP\Admin\extends\verify.class.php 第 37 行.
INFO: [ app_end ] --START--
INFO: Run Behavior\ShowPageTraceBehavior [ RunTime:0.001251s ]
INFO: [ app_end ] --END-- [ RunTime:0.001386s ]

[ 2016-01-28T17:03:50+08:00 ] ::1 /thinkphpexercise/thinkphp3.2.3/admin/login/verify
INFO: [ app_init ] --START--
INFO: Run Behavior\BuildLiteBehavior [ RunTime:0.000029s ]
INFO: [ app_init ] --END-- [ RunTime:0.000720s ]
INFO: [ app_begin ] --START--
INFO: Run Behavior\ReadHtmlCacheBehavior [ RunTime:0.001139s ]
INFO: [ app_begin ] --END-- [ RunTime:0.001304s ]
NOTIC: [8] Use of undefined constant __PUBLIC__ - assumed '__PUBLIC__' F:\MDJR\wamp\www\thinkphpexercise\thinkphp3.2.3\APP\Admin\extends\verify.class.php 第 17 行.
NOTIC: [2] imagettftext() [<a href='function.imagettftext'>function.imagettftext</a>]: Invalid font filename F:\MDJR\wamp\www\thinkphpexercise\thinkphp3.2.3\APP\Admin\extends\verify.class.php 第 37 行.
NOTIC: [2] imagettftext() [<a href='function.imagettftext'>function.imagettftext</a>]: Invalid font filename F:\MDJR\wamp\www\thinkphpexercise\thinkphp3.2.3\APP\Admin\extends\verify.class.php 第 37 行.
NOTIC: [2] imagettftext() [<a href='function.imagettftext'>function.imagettftext</a>]: Invalid font filename F:\MDJR\wamp\www\thinkphpexercise\thinkphp3.2.3\APP\Admin\extends\verify.class.php 第 37 行.
NOTIC: [2] imagettftext() [<a href='function.imagettftext'>function.imagettftext</a>]: Invalid font filename F:\MDJR\wamp\www\thinkphpexercise\thinkphp3.2.3\APP\Admin\extends\verify.class.php 第 37 行.
INFO: [ app_end ] --START--
INFO: Run Behavior\ShowPageTraceBehavior [ RunTime:0.000871s ]
INFO: [ app_end ] --END-- [ RunTime:0.000973s ]

[ 2016-01-28T17:03:51+08:00 ] ::1 /thinkphpexercise/thinkphp3.2.3/admin/login/verify
INFO: [ app_init ] --START--
INFO: Run Behavior\BuildLiteBehavior [ RunTime:0.000024s ]
INFO: [ app_init ] --END-- [ RunTime:0.000545s ]
INFO: [ app_begin ] --START--
INFO: Run Behavior\ReadHtmlCacheBehavior [ RunTime:0.000777s ]
INFO: [ app_begin ] --END-- [ RunTime:0.000888s ]
NOTIC: [8] Use of undefined constant __PUBLIC__ - assumed '__PUBLIC__' F:\MDJR\wamp\www\thinkphpexercise\thinkphp3.2.3\APP\Admin\extends\verify.class.php 第 17 行.
NOTIC: [2] imagettftext() [<a href='function.imagettftext'>function.imagettftext</a>]: Invalid font filename F:\MDJR\wamp\www\thinkphpexercise\thinkphp3.2.3\APP\Admin\extends\verify.class.php 第 37 行.
NOTIC: [2] imagettftext() [<a href='function.imagettftext'>function.imagettftext</a>]: Invalid font filename F:\MDJR\wamp\www\thinkphpexercise\thinkphp3.2.3\APP\Admin\extends\verify.class.php 第 37 行.
NOTIC: [2] imagettftext() [<a href='function.imagettftext'>function.imagettftext</a>]: Invalid font filename F:\MDJR\wamp\www\thinkphpexercise\thinkphp3.2.3\APP\Admin\extends\verify.class.php 第 37 行.
NOTIC: [2] imagettftext() [<a href='function.imagettftext'>function.imagettftext</a>]: Invalid font filename F:\MDJR\wamp\www\thinkphpexercise\thinkphp3.2.3\APP\Admin\extends\verify.class.php 第 37 行.
INFO: [ app_end ] --START--
INFO: Run Behavior\ShowPageTraceBehavior [ RunTime:0.001020s ]
INFO: [ app_end ] --END-- [ RunTime:0.001164s ]

[ 2016-01-28T17:03:52+08:00 ] ::1 /thinkphpexercise/thinkphp3.2.3/admin/login/verify
INFO: [ app_init ] --START--
INFO: Run Behavior\BuildLiteBehavior [ RunTime:0.000049s ]
INFO: [ app_init ] --END-- [ RunTime:0.001039s ]
INFO: [ app_begin ] --START--
INFO: Run Behavior\ReadHtmlCacheBehavior [ RunTime:0.000950s ]
INFO: [ app_begin ] --END-- [ RunTime:0.001083s ]
NOTIC: [8] Use of undefined constant __PUBLIC__ - assumed '__PUBLIC__' F:\MDJR\wamp\www\thinkphpexercise\thinkphp3.2.3\APP\Admin\extends\verify.class.php 第 17 行.
NOTIC: [2] imagettftext() [<a href='function.imagettftext'>function.imagettftext</a>]: Invalid font filename F:\MDJR\wamp\www\thinkphpexercise\thinkphp3.2.3\APP\Admin\extends\verify.class.php 第 37 行.
NOTIC: [2] imagettftext() [<a href='function.imagettftext'>function.imagettftext</a>]: Invalid font filename F:\MDJR\wamp\www\thinkphpexercise\thinkphp3.2.3\APP\Admin\extends\verify.class.php 第 37 行.
NOTIC: [2] imagettftext() [<a href='function.imagettftext'>function.imagettftext</a>]: Invalid font filename F:\MDJR\wamp\www\thinkphpexercise\thinkphp3.2.3\APP\Admin\extends\verify.class.php 第 37 行.
NOTIC: [2] imagettftext() [<a href='function.imagettftext'>function.imagettftext</a>]: Invalid font filename F:\MDJR\wamp\www\thinkphpexercise\thinkphp3.2.3\APP\Admin\extends\verify.class.php 第 37 行.
INFO: [ app_end ] --START--
INFO: Run Behavior\ShowPageTraceBehavior [ RunTime:0.002080s ]
INFO: [ app_end ] --END-- [ RunTime:0.002495s ]

[ 2016-01-28T17:03:58+08:00 ] ::1 /thinkphpexercise/thinkphp3.2.3/admin/login/verify
INFO: [ app_init ] --START--
INFO: Run Behavior\BuildLiteBehavior [ RunTime:0.000031s ]
INFO: [ app_init ] --END-- [ RunTime:0.000637s ]
INFO: [ app_begin ] --START--
INFO: Run Behavior\ReadHtmlCacheBehavior [ RunTime:0.000854s ]
INFO: [ app_begin ] --END-- [ RunTime:0.000977s ]
NOTIC: [8] Use of undefined constant __PUBLIC__ - assumed '__PUBLIC__' F:\MDJR\wamp\www\thinkphpexercise\thinkphp3.2.3\APP\Admin\extends\verify.class.php 第 17 行.
NOTIC: [2] imagettftext() [<a href='function.imagettftext'>function.imagettftext</a>]: Invalid font filename F:\MDJR\wamp\www\thinkphpexercise\thinkphp3.2.3\APP\Admin\extends\verify.class.php 第 37 行.
NOTIC: [2] imagettftext() [<a href='function.imagettftext'>function.imagettftext</a>]: Invalid font filename F:\MDJR\wamp\www\thinkphpexercise\thinkphp3.2.3\APP\Admin\extends\verify.class.php 第 37 行.
NOTIC: [2] imagettftext() [<a href='function.imagettftext'>function.imagettftext</a>]: Invalid font filename F:\MDJR\wamp\www\thinkphpexercise\thinkphp3.2.3\APP\Admin\extends\verify.class.php 第 37 行.
NOTIC: [2] imagettftext() [<a href='function.imagettftext'>function.imagettftext</a>]: Invalid font filename F:\MDJR\wamp\www\thinkphpexercise\thinkphp3.2.3\APP\Admin\extends\verify.class.php 第 37 行.
INFO: [ app_end ] --START--
INFO: Run Behavior\ShowPageTraceBehavior [ RunTime:0.000886s ]
INFO: [ app_end ] --END-- [ RunTime:0.000990s ]

[ 2016-01-28T17:04:21+08:00 ] ::1 /thinkphpexercise/thinkphp3.2.3/admin/login/verify
INFO: [ app_init ] --START--
INFO: Run Behavior\BuildLiteBehavior [ RunTime:0.000031s ]
INFO: [ app_init ] --END-- [ RunTime:0.000700s ]
INFO: [ app_begin ] --START--
INFO: Run Behavior\ReadHtmlCacheBehavior [ RunTime:0.001031s ]
INFO: [ app_begin ] --END-- [ RunTime:0.001167s ]
NOTIC: [8] Use of undefined constant __PUBLIC__ - assumed '__PUBLIC__' F:\MDJR\wamp\www\thinkphpexercise\thinkphp3.2.3\APP\Admin\extends\verify.class.php 第 17 行.
NOTIC: [2] imagettftext() [<a href='function.imagettftext'>function.imagettftext</a>]: Invalid font filename F:\MDJR\wamp\www\thinkphpexercise\thinkphp3.2.3\APP\Admin\extends\verify.class.php 第 37 行.
NOTIC: [2] imagettftext() [<a href='function.imagettftext'>function.imagettftext</a>]: Invalid font filename F:\MDJR\wamp\www\thinkphpexercise\thinkphp3.2.3\APP\Admin\extends\verify.class.php 第 37 行.
NOTIC: [2] imagettftext() [<a href='function.imagettftext'>function.imagettftext</a>]: Invalid font filename F:\MDJR\wamp\www\thinkphpexercise\thinkphp3.2.3\APP\Admin\extends\verify.class.php 第 37 行.
NOTIC: [2] imagettftext() [<a href='function.imagettftext'>function.imagettftext</a>]: Invalid font filename F:\MDJR\wamp\www\thinkphpexercise\thinkphp3.2.3\APP\Admin\extends\verify.class.php 第 37 行.
INFO: [ app_end ] --START--
INFO: Run Behavior\ShowPageTraceBehavior [ RunTime:0.000957s ]
INFO: [ app_end ] --END-- [ RunTime:0.001064s ]

[ 2016-01-28T17:04:23+08:00 ] ::1 /thinkphpexercise/thinkphp3.2.3/admin/login/verify
INFO: [ app_init ] --START--
INFO: Run Behavior\BuildLiteBehavior [ RunTime:0.000028s ]
INFO: [ app_init ] --END-- [ RunTime:0.000718s ]
INFO: [ app_begin ] --START--
INFO: Run Behavior\ReadHtmlCacheBehavior [ RunTime:0.000934s ]
INFO: [ app_begin ] --END-- [ RunTime:0.001050s ]
NOTIC: [8] Use of undefined constant __PUBLIC__ - assumed '__PUBLIC__' F:\MDJR\wamp\www\thinkphpexercise\thinkphp3.2.3\APP\Admin\extends\verify.class.php 第 17 行.
NOTIC: [2] imagettftext() [<a href='function.imagettftext'>function.imagettftext</a>]: Invalid font filename F:\MDJR\wamp\www\thinkphpexercise\thinkphp3.2.3\APP\Admin\extends\verify.class.php 第 37 行.
NOTIC: [2] imagettftext() [<a href='function.imagettftext'>function.imagettftext</a>]: Invalid font filename F:\MDJR\wamp\www\thinkphpexercise\thinkphp3.2.3\APP\Admin\extends\verify.class.php 第 37 行.
NOTIC: [2] imagettftext() [<a href='function.imagettftext'>function.imagettftext</a>]: Invalid font filename F:\MDJR\wamp\www\thinkphpexercise\thinkphp3.2.3\APP\Admin\extends\verify.class.php 第 37 行.
NOTIC: [2] imagettftext() [<a href='function.imagettftext'>function.imagettftext</a>]: Invalid font filename F:\MDJR\wamp\www\thinkphpexercise\thinkphp3.2.3\APP\Admin\extends\verify.class.php 第 37 行.
INFO: [ app_end ] --START--
INFO: Run Behavior\ShowPageTraceBehavior [ RunTime:0.001310s ]
INFO: [ app_end ] --END-- [ RunTime:0.001483s ]

[ 2016-01-28T17:05:19+08:00 ] ::1 /thinkphpexercise/thinkphp3.2.3/admin/login/verify
INFO: [ app_init ] --START--
INFO: Run Behavior\BuildLiteBehavior [ RunTime:0.000030s ]
INFO: [ app_init ] --END-- [ RunTime:0.000715s ]
INFO: [ app_begin ] --START--
INFO: Run Behavior\ReadHtmlCacheBehavior [ RunTime:0.001002s ]
INFO: [ app_begin ] --END-- [ RunTime:0.001128s ]
NOTIC: [8] A session had already been started - ignoring session_start() F:\MDJR\wamp\www\thinkphpexercise\thinkphp3.2.3\APP\Admin\Controller\LoginController.class.php 第 58 行.
NOTIC: [8] Use of undefined constant __PUBLIC__ - assumed '__PUBLIC__' F:\MDJR\wamp\www\thinkphpexercise\thinkphp3.2.3\APP\Admin\extends\verify.class.php 第 17 行.
NOTIC: [2] imagettftext() [<a href='function.imagettftext'>function.imagettftext</a>]: Invalid font filename F:\MDJR\wamp\www\thinkphpexercise\thinkphp3.2.3\APP\Admin\extends\verify.class.php 第 37 行.
NOTIC: [2] imagettftext() [<a href='function.imagettftext'>function.imagettftext</a>]: Invalid font filename F:\MDJR\wamp\www\thinkphpexercise\thinkphp3.2.3\APP\Admin\extends\verify.class.php 第 37 行.
NOTIC: [2] imagettftext() [<a href='function.imagettftext'>function.imagettftext</a>]: Invalid font filename F:\MDJR\wamp\www\thinkphpexercise\thinkphp3.2.3\APP\Admin\extends\verify.class.php 第 37 行.
NOTIC: [2] imagettftext() [<a href='function.imagettftext'>function.imagettftext</a>]: Invalid font filename F:\MDJR\wamp\www\thinkphpexercise\thinkphp3.2.3\APP\Admin\extends\verify.class.php 第 37 行.
INFO: [ app_end ] --START--
INFO: Run Behavior\ShowPageTraceBehavior [ RunTime:0.001030s ]
INFO: [ app_end ] --END-- [ RunTime:0.001145s ]

[ 2016-01-28T17:09:20+08:00 ] ::1 /thinkphpexercise/thinkphp3.2.3/admin/login/verify
INFO: [ app_init ] --START--
INFO: Run Behavior\BuildLiteBehavior [ RunTime:0.000025s ]
INFO: [ app_init ] --END-- [ RunTime:0.000600s ]
INFO: [ app_begin ] --START--
INFO: Run Behavior\ReadHtmlCacheBehavior [ RunTime:0.000813s ]
INFO: [ app_begin ] --END-- [ RunTime:0.000916s ]
NOTIC: [8] A session had already been started - ignoring session_start() F:\MDJR\wamp\www\thinkphpexercise\thinkphp3.2.3\APP\Admin\Controller\LoginController.class.php 第 58 行.
NOTIC: [8] Use of undefined constant __PUBLIC__ - assumed '__PUBLIC__' F:\MDJR\wamp\www\thinkphpexercise\thinkphp3.2.3\APP\Admin\extends\verify.class.php 第 18 行.
NOTIC: [2] imagettftext() [<a href='function.imagettftext'>function.imagettftext</a>]: Invalid font filename F:\MDJR\wamp\www\thinkphpexercise\thinkphp3.2.3\APP\Admin\extends\verify.class.php 第 38 行.
NOTIC: [2] imagettftext() [<a href='function.imagettftext'>function.imagettftext</a>]: Invalid font filename F:\MDJR\wamp\www\thinkphpexercise\thinkphp3.2.3\APP\Admin\extends\verify.class.php 第 38 行.
NOTIC: [2] imagettftext() [<a href='function.imagettftext'>function.imagettftext</a>]: Invalid font filename F:\MDJR\wamp\www\thinkphpexercise\thinkphp3.2.3\APP\Admin\extends\verify.class.php 第 38 行.
NOTIC: [2] imagettftext() [<a href='function.imagettftext'>function.imagettftext</a>]: Invalid font filename F:\MDJR\wamp\www\thinkphpexercise\thinkphp3.2.3\APP\Admin\extends\verify.class.php 第 38 行.
INFO: [ app_end ] --START--
INFO: Run Behavior\ShowPageTraceBehavior [ RunTime:0.001046s ]
INFO: [ app_end ] --END-- [ RunTime:0.001169s ]

[ 2016-01-28T17:09:21+08:00 ] ::1 /thinkphpexercise/thinkphp3.2.3/admin/login/verify
INFO: [ app_init ] --START--
INFO: Run Behavior\BuildLiteBehavior [ RunTime:0.000025s ]
INFO: [ app_init ] --END-- [ RunTime:0.000550s ]
INFO: [ app_begin ] --START--
INFO: Run Behavior\ReadHtmlCacheBehavior [ RunTime:0.000819s ]
INFO: [ app_begin ] --END-- [ RunTime:0.000934s ]
NOTIC: [8] A session had already been started - ignoring session_start() F:\MDJR\wamp\www\thinkphpexercise\thinkphp3.2.3\APP\Admin\Controller\LoginController.class.php 第 58 行.
NOTIC: [8] Use of undefined constant __PUBLIC__ - assumed '__PUBLIC__' F:\MDJR\wamp\www\thinkphpexercise\thinkphp3.2.3\APP\Admin\extends\verify.class.php 第 18 行.
NOTIC: [2] imagettftext() [<a href='function.imagettftext'>function.imagettftext</a>]: Invalid font filename F:\MDJR\wamp\www\thinkphpexercise\thinkphp3.2.3\APP\Admin\extends\verify.class.php 第 38 行.
NOTIC: [2] imagettftext() [<a href='function.imagettftext'>function.imagettftext</a>]: Invalid font filename F:\MDJR\wamp\www\thinkphpexercise\thinkphp3.2.3\APP\Admin\extends\verify.class.php 第 38 行.
NOTIC: [2] imagettftext() [<a href='function.imagettftext'>function.imagettftext</a>]: Invalid font filename F:\MDJR\wamp\www\thinkphpexercise\thinkphp3.2.3\APP\Admin\extends\verify.class.php 第 38 行.
NOTIC: [2] imagettftext() [<a href='function.imagettftext'>function.imagettftext</a>]: Invalid font filename F:\MDJR\wamp\www\thinkphpexercise\thinkphp3.2.3\APP\Admin\extends\verify.class.php 第 38 行.
INFO: [ app_end ] --START--
INFO: Run Behavior\ShowPageTraceBehavior [ RunTime:0.000918s ]
INFO: [ app_end ] --END-- [ RunTime:0.001104s ]

[ 2016-01-28T17:09:27+08:00 ] ::1 /thinkphpexercise/thinkphp3.2.3/admin/login/verify
INFO: [ app_init ] --START--
INFO: Run Behavior\BuildLiteBehavior [ RunTime:0.000029s ]
INFO: [ app_init ] --END-- [ RunTime:0.000761s ]
INFO: [ app_begin ] --START--
INFO: Run Behavior\ReadHtmlCacheBehavior [ RunTime:0.001026s ]
INFO: [ app_begin ] --END-- [ RunTime:0.001152s ]
NOTIC: [8] A session had already been started - ignoring session_start() F:\MDJR\wamp\www\thinkphpexercise\thinkphp3.2.3\APP\Admin\Controller\LoginController.class.php 第 58 行.
NOTIC: [8] Use of undefined constant __PUBLIC__ - assumed '__PUBLIC__' F:\MDJR\wamp\www\thinkphpexercise\thinkphp3.2.3\APP\Admin\extends\verify.class.php 第 18 行.
NOTIC: [2] imagettftext() [<a href='function.imagettftext'>function.imagettftext</a>]: Invalid font filename F:\MDJR\wamp\www\thinkphpexercise\thinkphp3.2.3\APP\Admin\extends\verify.class.php 第 38 行.
NOTIC: [2] imagettftext() [<a href='function.imagettftext'>function.imagettftext</a>]: Invalid font filename F:\MDJR\wamp\www\thinkphpexercise\thinkphp3.2.3\APP\Admin\extends\verify.class.php 第 38 行.
NOTIC: [2] imagettftext() [<a href='function.imagettftext'>function.imagettftext</a>]: Invalid font filename F:\MDJR\wamp\www\thinkphpexercise\thinkphp3.2.3\APP\Admin\extends\verify.class.php 第 38 行.
NOTIC: [2] imagettftext() [<a href='function.imagettftext'>function.imagettftext</a>]: Invalid font filename F:\MDJR\wamp\www\thinkphpexercise\thinkphp3.2.3\APP\Admin\extends\verify.class.php 第 38 行.
INFO: [ app_end ] --START--
INFO: Run Behavior\ShowPageTraceBehavior [ RunTime:0.001229s ]
INFO: [ app_end ] --END-- [ RunTime:0.001387s ]

[ 2016-01-28T17:10:17+08:00 ] ::1 /thinkphpexercise/thinkphp3.2.3/admin/login/verify
INFO: [ app_init ] --START--
INFO: Run Behavior\BuildLiteBehavior [ RunTime:0.000024s ]
INFO: [ app_init ] --END-- [ RunTime:0.000562s ]
INFO: [ app_begin ] --START--
INFO: Run Behavior\ReadHtmlCacheBehavior [ RunTime:0.000816s ]
INFO: [ app_begin ] --END-- [ RunTime:0.000919s ]
NOTIC: [8] A session had already been started - ignoring session_start() F:\MDJR\wamp\www\thinkphpexercise\thinkphp3.2.3\APP\Admin\Controller\LoginController.class.php 第 58 行.
NOTIC: [8] Use of undefined constant __PUBLIC__ - assumed '__PUBLIC__' F:\MDJR\wamp\www\thinkphpexercise\thinkphp3.2.3\APP\Admin\extends\verify.class.php 第 18 行.
NOTIC: [2] imagettftext() [<a href='function.imagettftext'>function.imagettftext</a>]: Invalid font filename F:\MDJR\wamp\www\thinkphpexercise\thinkphp3.2.3\APP\Admin\extends\verify.class.php 第 39 行.
NOTIC: [2] imagettftext() [<a href='function.imagettftext'>function.imagettftext</a>]: Invalid font filename F:\MDJR\wamp\www\thinkphpexercise\thinkphp3.2.3\APP\Admin\extends\verify.class.php 第 39 行.
NOTIC: [2] imagettftext() [<a href='function.imagettftext'>function.imagettftext</a>]: Invalid font filename F:\MDJR\wamp\www\thinkphpexercise\thinkphp3.2.3\APP\Admin\extends\verify.class.php 第 39 行.
NOTIC: [2] imagettftext() [<a href='function.imagettftext'>function.imagettftext</a>]: Invalid font filename F:\MDJR\wamp\www\thinkphpexercise\thinkphp3.2.3\APP\Admin\extends\verify.class.php 第 39 行.
INFO: [ app_end ] --START--
INFO: Run Behavior\ShowPageTraceBehavior [ RunTime:0.001193s ]
INFO: [ app_end ] --END-- [ RunTime:0.001366s ]

[ 2016-01-28T17:10:17+08:00 ] ::1 /thinkphpexercise/thinkphp3.2.3/admin/login/verify
INFO: [ app_init ] --START--
INFO: Run Behavior\BuildLiteBehavior [ RunTime:0.000028s ]
INFO: [ app_init ] --END-- [ RunTime:0.000721s ]
INFO: [ app_begin ] --START--
INFO: Run Behavior\ReadHtmlCacheBehavior [ RunTime:0.000976s ]
INFO: [ app_begin ] --END-- [ RunTime:0.001112s ]
NOTIC: [8] A session had already been started - ignoring session_start() F:\MDJR\wamp\www\thinkphpexercise\thinkphp3.2.3\APP\Admin\Controller\LoginController.class.php 第 58 行.
NOTIC: [8] Use of undefined constant __PUBLIC__ - assumed '__PUBLIC__' F:\MDJR\wamp\www\thinkphpexercise\thinkphp3.2.3\APP\Admin\extends\verify.class.php 第 18 行.
NOTIC: [2] imagettftext() [<a href='function.imagettftext'>function.imagettftext</a>]: Invalid font filename F:\MDJR\wamp\www\thinkphpexercise\thinkphp3.2.3\APP\Admin\extends\verify.class.php 第 39 行.
NOTIC: [2] imagettftext() [<a href='function.imagettftext'>function.imagettftext</a>]: Invalid font filename F:\MDJR\wamp\www\thinkphpexercise\thinkphp3.2.3\APP\Admin\extends\verify.class.php 第 39 行.
NOTIC: [2] imagettftext() [<a href='function.imagettftext'>function.imagettftext</a>]: Invalid font filename F:\MDJR\wamp\www\thinkphpexercise\thinkphp3.2.3\APP\Admin\extends\verify.class.php 第 39 行.
NOTIC: [2] imagettftext() [<a href='function.imagettftext'>function.imagettftext</a>]: Invalid font filename F:\MDJR\wamp\www\thinkphpexercise\thinkphp3.2.3\APP\Admin\extends\verify.class.php 第 39 行.
INFO: [ app_end ] --START--
INFO: Run Behavior\ShowPageTraceBehavior [ RunTime:0.001214s ]
INFO: [ app_end ] --END-- [ RunTime:0.001348s ]

[ 2016-01-28T17:11:13+08:00 ] ::1 /thinkphpexercise/thinkphp3.2.3/admin/login/verify
INFO: [ app_init ] --START--
INFO: Run Behavior\BuildLiteBehavior [ RunTime:0.000026s ]
INFO: [ app_init ] --END-- [ RunTime:0.000542s ]
INFO: [ app_begin ] --START--
INFO: Run Behavior\ReadHtmlCacheBehavior [ RunTime:0.000785s ]
INFO: [ app_begin ] --END-- [ RunTime:0.000892s ]
NOTIC: [8] A session had already been started - ignoring session_start() F:\MDJR\wamp\www\thinkphpexercise\thinkphp3.2.3\APP\Admin\Controller\LoginController.class.php 第 60 行.
NOTIC: [8] Use of undefined constant __PUBLIC__ - assumed '__PUBLIC__' F:\MDJR\wamp\www\thinkphpexercise\thinkphp3.2.3\APP\Admin\extends\verify.class.php 第 18 行.
NOTIC: [2] imagettftext() [<a href='function.imagettftext'>function.imagettftext</a>]: Invalid font filename F:\MDJR\wamp\www\thinkphpexercise\thinkphp3.2.3\APP\Admin\extends\verify.class.php 第 38 行.
NOTIC: [2] imagettftext() [<a href='function.imagettftext'>function.imagettftext</a>]: Invalid font filename F:\MDJR\wamp\www\thinkphpexercise\thinkphp3.2.3\APP\Admin\extends\verify.class.php 第 38 行.
NOTIC: [2] imagettftext() [<a href='function.imagettftext'>function.imagettftext</a>]: Invalid font filename F:\MDJR\wamp\www\thinkphpexercise\thinkphp3.2.3\APP\Admin\extends\verify.class.php 第 38 行.
NOTIC: [2] imagettftext() [<a href='function.imagettftext'>function.imagettftext</a>]: Invalid font filename F:\MDJR\wamp\www\thinkphpexercise\thinkphp3.2.3\APP\Admin\extends\verify.class.php 第 38 行.

[ 2016-01-28T17:11:14+08:00 ] ::1 /thinkphpexercise/thinkphp3.2.3/admin/login/verify
INFO: [ app_init ] --START--
INFO: Run Behavior\BuildLiteBehavior [ RunTime:0.000030s ]
INFO: [ app_init ] --END-- [ RunTime:0.000635s ]
INFO: [ app_begin ] --START--
INFO: Run Behavior\ReadHtmlCacheBehavior [ RunTime:0.001024s ]
INFO: [ app_begin ] --END-- [ RunTime:0.001150s ]
NOTIC: [8] A session had already been started - ignoring session_start() F:\MDJR\wamp\www\thinkphpexercise\thinkphp3.2.3\APP\Admin\Controller\LoginController.class.php 第 60 行.
NOTIC: [8] Use of undefined constant __PUBLIC__ - assumed '__PUBLIC__' F:\MDJR\wamp\www\thinkphpexercise\thinkphp3.2.3\APP\Admin\extends\verify.class.php 第 18 行.
NOTIC: [2] imagettftext() [<a href='function.imagettftext'>function.imagettftext</a>]: Invalid font filename F:\MDJR\wamp\www\thinkphpexercise\thinkphp3.2.3\APP\Admin\extends\verify.class.php 第 38 行.
NOTIC: [2] imagettftext() [<a href='function.imagettftext'>function.imagettftext</a>]: Invalid font filename F:\MDJR\wamp\www\thinkphpexercise\thinkphp3.2.3\APP\Admin\extends\verify.class.php 第 38 行.
NOTIC: [2] imagettftext() [<a href='function.imagettftext'>function.imagettftext</a>]: Invalid font filename F:\MDJR\wamp\www\thinkphpexercise\thinkphp3.2.3\APP\Admin\extends\verify.class.php 第 38 行.
NOTIC: [2] imagettftext() [<a href='function.imagettftext'>function.imagettftext</a>]: Invalid font filename F:\MDJR\wamp\www\thinkphpexercise\thinkphp3.2.3\APP\Admin\extends\verify.class.php 第 38 行.

[ 2016-01-28T17:11:15+08:00 ] ::1 /thinkphpexercise/thinkphp3.2.3/admin/login/verify
INFO: [ app_init ] --START--
INFO: Run Behavior\BuildLiteBehavior [ RunTime:0.000033s ]
INFO: [ app_init ] --END-- [ RunTime:0.000824s ]
INFO: [ app_begin ] --START--
INFO: Run Behavior\ReadHtmlCacheBehavior [ RunTime:0.000973s ]
INFO: [ app_begin ] --END-- [ RunTime:0.001111s ]
NOTIC: [8] A session had already been started - ignoring session_start() F:\MDJR\wamp\www\thinkphpexercise\thinkphp3.2.3\APP\Admin\Controller\LoginController.class.php 第 60 行.
NOTIC: [8] Use of undefined constant __PUBLIC__ - assumed '__PUBLIC__' F:\MDJR\wamp\www\thinkphpexercise\thinkphp3.2.3\APP\Admin\extends\verify.class.php 第 18 行.
NOTIC: [2] imagettftext() [<a href='function.imagettftext'>function.imagettftext</a>]: Invalid font filename F:\MDJR\wamp\www\thinkphpexercise\thinkphp3.2.3\APP\Admin\extends\verify.class.php 第 38 行.
NOTIC: [2] imagettftext() [<a href='function.imagettftext'>function.imagettftext</a>]: Invalid font filename F:\MDJR\wamp\www\thinkphpexercise\thinkphp3.2.3\APP\Admin\extends\verify.class.php 第 38 行.
NOTIC: [2] imagettftext() [<a href='function.imagettftext'>function.imagettftext</a>]: Invalid font filename F:\MDJR\wamp\www\thinkphpexercise\thinkphp3.2.3\APP\Admin\extends\verify.class.php 第 38 行.
NOTIC: [2] imagettftext() [<a href='function.imagettftext'>function.imagettftext</a>]: Invalid font filename F:\MDJR\wamp\www\thinkphpexercise\thinkphp3.2.3\APP\Admin\extends\verify.class.php 第 38 行.

[ 2016-01-28T17:11:23+08:00 ] ::1 /thinkphpexercise/thinkphp3.2.3/admin/login/verify
INFO: [ app_init ] --START--
INFO: Run Behavior\BuildLiteBehavior [ RunTime:0.000026s ]
INFO: [ app_init ] --END-- [ RunTime:0.000580s ]
INFO: [ app_begin ] --START--
INFO: Run Behavior\ReadHtmlCacheBehavior [ RunTime:0.000828s ]
INFO: [ app_begin ] --END-- [ RunTime:0.000948s ]
NOTIC: [8] A session had already been started - ignoring session_start() F:\MDJR\wamp\www\thinkphpexercise\thinkphp3.2.3\APP\Admin\Controller\LoginController.class.php 第 60 行.
NOTIC: [8] Use of undefined constant __PUBLIC__ - assumed '__PUBLIC__' F:\MDJR\wamp\www\thinkphpexercise\thinkphp3.2.3\APP\Admin\extends\verify.class.php 第 18 行.

[ 2016-01-28T17:11:24+08:00 ] ::1 /thinkphpexercise/thinkphp3.2.3/admin/login/verify
INFO: [ app_init ] --START--
INFO: Run Behavior\BuildLiteBehavior [ RunTime:0.000030s ]
INFO: [ app_init ] --END-- [ RunTime:0.000739s ]
INFO: [ app_begin ] --START--
INFO: Run Behavior\ReadHtmlCacheBehavior [ RunTime:0.001023s ]
INFO: [ app_begin ] --END-- [ RunTime:0.001149s ]
NOTIC: [8] A session had already been started - ignoring session_start() F:\MDJR\wamp\www\thinkphpexercise\thinkphp3.2.3\APP\Admin\Controller\LoginController.class.php 第 60 行.
NOTIC: [8] Use of undefined constant __PUBLIC__ - assumed '__PUBLIC__' F:\MDJR\wamp\www\thinkphpexercise\thinkphp3.2.3\APP\Admin\extends\verify.class.php 第 18 行.

[ 2016-01-28T17:11:47+08:00 ] ::1 /thinkphpexercise/thinkphp3.2.3/admin/login/verify
INFO: [ app_init ] --START--
INFO: Run Behavior\BuildLiteBehavior [ RunTime:0.000028s ]
INFO: [ app_init ] --END-- [ RunTime:0.000717s ]
INFO: [ app_begin ] --START--
INFO: Run Behavior\ReadHtmlCacheBehavior [ RunTime:0.001003s ]
INFO: [ app_begin ] --END-- [ RunTime:0.001131s ]
NOTIC: [8] A session had already been started - ignoring session_start() F:\MDJR\wamp\www\thinkphpexercise\thinkphp3.2.3\APP\Admin\Controller\LoginController.class.php 第 60 行.
NOTIC: [8] Use of undefined constant __PUBLIC__ - assumed '__PUBLIC__' F:\MDJR\wamp\www\thinkphpexercise\thinkphp3.2.3\APP\Admin\extends\verify.class.php 第 18 行.
INFO: [ app_end ] --START--
INFO: Run Behavior\ShowPageTraceBehavior [ RunTime:0.001403s ]
INFO: [ app_end ] --END-- [ RunTime:0.001566s ]

[ 2016-01-28T17:12:22+08:00 ] ::1 /thinkphpexercise/thinkphp3.2.3/admin/login/verify
INFO: [ app_init ] --START--
INFO: Run Behavior\BuildLiteBehavior [ RunTime:0.000026s ]
INFO: [ app_init ] --END-- [ RunTime:0.000549s ]
INFO: [ app_begin ] --START--
INFO: Run Behavior\ReadHtmlCacheBehavior [ RunTime:0.000862s ]
INFO: [ app_begin ] --END-- [ RunTime:0.000980s ]
NOTIC: [8] A session had already been started - ignoring session_start() F:\MDJR\wamp\www\thinkphpexercise\thinkphp3.2.3\APP\Admin\Controller\LoginController.class.php 第 59 行.
NOTIC: [8] Use of undefined constant __PUBLIC__ - assumed '__PUBLIC__' F:\MDJR\wamp\www\thinkphpexercise\thinkphp3.2.3\APP\Admin\extends\verify.class.php 第 18 行.
INFO: [ app_end ] --START--
INFO: Run Behavior\ShowPageTraceBehavior [ RunTime:0.000881s ]
INFO: [ app_end ] --END-- [ RunTime:0.000979s ]

[ 2016-01-28T17:12:38+08:00 ] ::1 /thinkphpexercise/thinkphp3.2.3/admin/login/verify
INFO: [ app_init ] --START--
INFO: Run Behavior\BuildLiteBehavior [ RunTime:0.000028s ]
INFO: [ app_init ] --END-- [ RunTime:0.000646s ]
INFO: [ app_begin ] --START--
INFO: Run Behavior\ReadHtmlCacheBehavior [ RunTime:0.001206s ]
INFO: [ app_begin ] --END-- [ RunTime:0.001380s ]
NOTIC: [8] A session had already been started - ignoring session_start() F:\MDJR\wamp\www\thinkphpexercise\thinkphp3.2.3\APP\Admin\Controller\LoginController.class.php 第 59 行.
NOTIC: [8] Use of undefined constant __PUBLIC__ - assumed '__PUBLIC__' F:\MDJR\wamp\www\thinkphpexercise\thinkphp3.2.3\APP\Admin\extends\verify.class.php 第 18 行.
INFO: [ app_end ] --START--
INFO: Run Behavior\ShowPageTraceBehavior [ RunTime:0.001235s ]
INFO: [ app_end ] --END-- [ RunTime:0.001356s ]

[ 2016-01-28T17:12:39+08:00 ] ::1 /thinkphpexercise/thinkphp3.2.3/admin/login/verify
INFO: [ app_init ] --START--
INFO: Run Behavior\BuildLiteBehavior [ RunTime:0.000025s ]
INFO: [ app_init ] --END-- [ RunTime:0.000628s ]
INFO: [ app_begin ] --START--
INFO: Run Behavior\ReadHtmlCacheBehavior [ RunTime:0.001183s ]
INFO: [ app_begin ] --END-- [ RunTime:0.001341s ]
NOTIC: [8] A session had already been started - ignoring session_start() F:\MDJR\wamp\www\thinkphpexercise\thinkphp3.2.3\APP\Admin\Controller\LoginController.class.php 第 59 行.
NOTIC: [8] Use of undefined constant __PUBLIC__ - assumed '__PUBLIC__' F:\MDJR\wamp\www\thinkphpexercise\thinkphp3.2.3\APP\Admin\extends\verify.class.php 第 18 行.
INFO: [ app_end ] --START--
INFO: Run Behavior\ShowPageTraceBehavior [ RunTime:0.000861s ]
INFO: [ app_end ] --END-- [ RunTime:0.000960s ]

[ 2016-01-28T17:12:40+08:00 ] ::1 /thinkphpexercise/thinkphp3.2.3/admin/login/verify
INFO: [ app_init ] --START--
INFO: Run Behavior\BuildLiteBehavior [ RunTime:0.000028s ]
INFO: [ app_init ] --END-- [ RunTime:0.000677s ]
INFO: [ app_begin ] --START--
INFO: Run Behavior\ReadHtmlCacheBehavior [ RunTime:0.000898s ]
INFO: [ app_begin ] --END-- [ RunTime:0.001021s ]
NOTIC: [8] A session had already been started - ignoring session_start() F:\MDJR\wamp\www\thinkphpexercise\thinkphp3.2.3\APP\Admin\Controller\LoginController.class.php 第 59 行.
NOTIC: [8] Use of undefined constant __PUBLIC__ - assumed '__PUBLIC__' F:\MDJR\wamp\www\thinkphpexercise\thinkphp3.2.3\APP\Admin\extends\verify.class.php 第 18 行.
INFO: [ app_end ] --START--
INFO: Run Behavior\ShowPageTraceBehavior [ RunTime:0.000788s ]
INFO: [ app_end ] --END-- [ RunTime:0.000885s ]

