[ 2016-01-25T14:54:41+08:00 ] ::1 /thinkphpexercise/thinkphp3.2.3/admin
INFO: [ app_init ] --START--
INFO: Run Behavior\BuildLiteBehavior [ RunTime:0.000028s ]
INFO: [ app_init ] --END-- [ RunTime:0.000928s ]
INFO: [ app_begin ] --START--
INFO: Run Behavior\ReadHtmlCacheBehavior [ RunTime:0.000926s ]
INFO: [ app_begin ] --END-- [ RunTime:0.001046s ]
ERR: 无法加载控制器:Index

[ 2016-01-25T14:54:50+08:00 ] ::1 /thinkphpexercise/thinkphp3.2.3/admin
INFO: [ app_init ] --START--
INFO: Run Behavior\BuildLiteBehavior [ RunTime:0.000027s ]
INFO: [ app_init ] --END-- [ RunTime:0.000756s ]
INFO: [ app_begin ] --START--
INFO: Run Behavior\ReadHtmlCacheBehavior [ RunTime:0.000923s ]
INFO: [ app_begin ] --END-- [ RunTime:0.001082s ]
ERR: 无法加载控制器:Index

[ 2016-01-25T14:55:09+08:00 ] ::1 /thinkphpexercise/thinkphp3.2.3/admin
INFO: [ app_init ] --START--
INFO: Run Behavior\BuildLiteBehavior [ RunTime:0.000074s ]
INFO: [ app_init ] --END-- [ RunTime:0.000753s ]
INFO: [ app_begin ] --START--
INFO: Run Behavior\ReadHtmlCacheBehavior [ RunTime:0.000969s ]
INFO: [ app_begin ] --END-- [ RunTime:0.001111s ]
INFO: [ view_parse ] --START--
INFO: [ template_filter ] --START--
INFO: Run Behavior\ContentReplaceBehavior [ RunTime:0.000074s ]
INFO: [ template_filter ] --END-- [ RunTime:0.000209s ]
INFO: Run Behavior\ParseTemplateBehavior [ RunTime:0.070515s ]
INFO: [ view_parse ] --END-- [ RunTime:0.070653s ]
INFO: [ view_filter ] --START--
INFO: Run Behavior\WriteHtmlCacheBehavior [ RunTime:0.000801s ]
INFO: [ view_filter ] --END-- [ RunTime:0.000918s ]
INFO: [ app_end ] --START--
INFO: Run Behavior\ShowPageTraceBehavior [ RunTime:0.001085s ]
INFO: [ app_end ] --END-- [ RunTime:0.001206s ]

[ 2016-01-25T14:55:32+08:00 ] ::1 /thinkphpexercise/thinkphp3.2.3/admin
INFO: [ app_init ] --START--
INFO: Run Behavior\BuildLiteBehavior [ RunTime:0.000034s ]
INFO: [ app_init ] --END-- [ RunTime:0.001274s ]
INFO: [ app_begin ] --START--
INFO: Run Behavior\ReadHtmlCacheBehavior [ RunTime:0.001036s ]
INFO: [ app_begin ] --END-- [ RunTime:0.001173s ]
INFO: [ app_end ] --START--
INFO: Run Behavior\ShowPageTraceBehavior [ RunTime:0.001054s ]
INFO: [ app_end ] --END-- [ RunTime:0.001180s ]

[ 2016-01-25T14:57:05+08:00 ] ::1 /thinkphpexercise/thinkphp3.2.3/admin
INFO: [ app_init ] --START--
INFO: Run Behavior\BuildLiteBehavior [ RunTime:0.000030s ]
INFO: [ app_init ] --END-- [ RunTime:0.000640s ]
INFO: [ app_begin ] --START--
INFO: Run Behavior\ReadHtmlCacheBehavior [ RunTime:0.001063s ]
INFO: [ app_begin ] --END-- [ RunTime:0.001278s ]
INFO: [ app_end ] --START--
INFO: Run Behavior\ShowPageTraceBehavior [ RunTime:0.001158s ]
INFO: [ app_end ] --END-- [ RunTime:0.001306s ]

[ 2016-01-25T15:22:42+08:00 ] ::1 /thinkphpexercise/thinkphp3.2.3/admin
INFO: [ app_init ] --START--
INFO: Run Behavior\BuildLiteBehavior [ RunTime:0.000028s ]
INFO: [ app_init ] --END-- [ RunTime:0.000768s ]
INFO: [ app_begin ] --START--
INFO: Run Behavior\ReadHtmlCacheBehavior [ RunTime:0.001015s ]
INFO: [ app_begin ] --END-- [ RunTime:0.001156s ]
INFO: [ app_end ] --START--
INFO: Run Behavior\ShowPageTraceBehavior [ RunTime:0.001407s ]
INFO: [ app_end ] --END-- [ RunTime:0.001581s ]

[ 2016-01-25T15:23:08+08:00 ] ::1 /thinkphpexercise/thinkphp3.2.3/admin
INFO: [ app_init ] --START--
INFO: Run Behavior\BuildLiteBehavior [ RunTime:0.000030s ]
INFO: [ app_init ] --END-- [ RunTime:0.000765s ]
INFO: [ app_begin ] --START--
INFO: Run Behavior\ReadHtmlCacheBehavior [ RunTime:0.001078s ]
INFO: [ app_begin ] --END-- [ RunTime:0.001212s ]
ERR: 模板不存在:./APP/Admin/View/Index/index.html

[ 2016-01-25T15:25:17+08:00 ] ::1 /thinkphpexercise/thinkphp3.2.3/admin
INFO: [ app_init ] --START--
INFO: Run Behavior\BuildLiteBehavior [ RunTime:0.000109s ]
INFO: [ app_init ] --END-- [ RunTime:0.001914s ]

[ 2016-01-25T15:25:27+08:00 ] ::1 /thinkphpexercise/thinkphp3.2.3/admin
INFO: [ app_init ] --START--
INFO: Run Behavior\BuildLiteBehavior [ RunTime:0.000031s ]
INFO: [ app_init ] --END-- [ RunTime:0.000660s ]

[ 2016-01-25T15:25:48+08:00 ] ::1 /thinkphpexercise/thinkphp3.2.3/admin
INFO: [ app_init ] --START--
INFO: Run Behavior\BuildLiteBehavior [ RunTime:0.000031s ]
INFO: [ app_init ] --END-- [ RunTime:0.000746s ]

[ 2016-01-25T15:26:22+08:00 ] ::1 /thinkphpexercise/thinkphp3.2.3/admin
INFO: [ app_init ] --START--
INFO: Run Behavior\BuildLiteBehavior [ RunTime:0.000035s ]
INFO: [ app_init ] --END-- [ RunTime:0.000704s ]

[ 2016-01-25T15:26:44+08:00 ] ::1 /thinkphpexercise/thinkphp3.2.3/admin
INFO: [ app_init ] --START--
INFO: Run Behavior\BuildLiteBehavior [ RunTime:0.000039s ]
INFO: [ app_init ] --END-- [ RunTime:0.000779s ]
INFO: [ app_begin ] --START--
INFO: Run Behavior\ReadHtmlCacheBehavior [ RunTime:0.000836s ]
INFO: [ app_begin ] --END-- [ RunTime:0.000945s ]
INFO: [ view_parse ] --START--
INFO: [ template_filter ] --START--
INFO: Run Behavior\ContentReplaceBehavior [ RunTime:0.000111s ]
INFO: [ template_filter ] --END-- [ RunTime:0.000234s ]
INFO: Run Behavior\ParseTemplateBehavior [ RunTime:0.010154s ]
INFO: [ view_parse ] --END-- [ RunTime:0.010341s ]
INFO: [ view_filter ] --START--
INFO: Run Behavior\WriteHtmlCacheBehavior [ RunTime:0.000736s ]
INFO: [ view_filter ] --END-- [ RunTime:0.000837s ]
INFO: [ app_end ] --START--
INFO: Run Behavior\ShowPageTraceBehavior [ RunTime:0.000937s ]
INFO: [ app_end ] --END-- [ RunTime:0.001044s ]

[ 2016-01-25T15:36:33+08:00 ] ::1 /thinkphpexercise/thinkphp3.2.3/admin
INFO: [ app_init ] --START--
INFO: Run Behavior\BuildLiteBehavior [ RunTime:0.000031s ]
INFO: [ app_init ] --END-- [ RunTime:0.000756s ]

[ 2016-01-25T15:36:52+08:00 ] ::1 /thinkphpexercise/thinkphp3.2.3/admin
INFO: [ app_init ] --START--
INFO: Run Behavior\BuildLiteBehavior [ RunTime:0.000032s ]
INFO: [ app_init ] --END-- [ RunTime:0.000767s ]
NOTIC: [8] Use of undefined constant APP_NAME - assumed 'APP_NAME' F:\MDJR\wamp\www\thinkphpexercise\thinkphp3.2.3\APP\Admin\Conf\config.php 第 5 行.
INFO: [ app_begin ] --START--
INFO: Run Behavior\ReadHtmlCacheBehavior [ RunTime:0.001022s ]
INFO: [ app_begin ] --END-- [ RunTime:0.001163s ]
INFO: [ view_parse ] --START--
INFO: [ template_filter ] --START--
INFO: Run Behavior\ContentReplaceBehavior [ RunTime:0.000097s ]
INFO: [ template_filter ] --END-- [ RunTime:0.000255s ]
INFO: Run Behavior\ParseTemplateBehavior [ RunTime:0.011998s ]
INFO: [ view_parse ] --END-- [ RunTime:0.012160s ]
INFO: [ view_filter ] --START--
INFO: Run Behavior\WriteHtmlCacheBehavior [ RunTime:0.000868s ]
INFO: [ view_filter ] --END-- [ RunTime:0.001000s ]
INFO: [ app_end ] --START--
INFO: Run Behavior\ShowPageTraceBehavior [ RunTime:0.001070s ]
INFO: [ app_end ] --END-- [ RunTime:0.001190s ]

[ 2016-01-25T15:37:39+08:00 ] ::1 /thinkphpexercise/thinkphp3.2.3/admin
INFO: [ app_init ] --START--
INFO: Run Behavior\BuildLiteBehavior [ RunTime:0.000025s ]
INFO: [ app_init ] --END-- [ RunTime:0.000547s ]
NOTIC: [8] Use of undefined constant APP_NAME - assumed 'APP_NAME' F:\MDJR\wamp\www\thinkphpexercise\thinkphp3.2.3\APP\Admin\Conf\config.php 第 5 行.
INFO: [ app_begin ] --START--
INFO: Run Behavior\ReadHtmlCacheBehavior [ RunTime:0.000950s ]
INFO: [ app_begin ] --END-- [ RunTime:0.001059s ]
INFO: [ view_parse ] --START--
INFO: [ template_filter ] --START--
INFO: Run Behavior\ContentReplaceBehavior [ RunTime:0.000138s ]
INFO: [ template_filter ] --END-- [ RunTime:0.000364s ]
INFO: Run Behavior\ParseTemplateBehavior [ RunTime:0.012465s ]
INFO: [ view_parse ] --END-- [ RunTime:0.012611s ]
INFO: [ view_filter ] --START--
INFO: Run Behavior\WriteHtmlCacheBehavior [ RunTime:0.000864s ]
INFO: [ view_filter ] --END-- [ RunTime:0.001142s ]
INFO: [ app_end ] --START--
INFO: Run Behavior\ShowPageTraceBehavior [ RunTime:0.002205s ]
INFO: [ app_end ] --END-- [ RunTime:0.002390s ]

[ 2016-01-25T15:37:41+08:00 ] ::1 /thinkphpexercise/thinkphp3.2.3/admin
INFO: [ app_init ] --START--
INFO: Run Behavior\BuildLiteBehavior [ RunTime:0.000045s ]
INFO: [ app_init ] --END-- [ RunTime:0.000907s ]
NOTIC: [8] Use of undefined constant APP_NAME - assumed 'APP_NAME' F:\MDJR\wamp\www\thinkphpexercise\thinkphp3.2.3\APP\Admin\Conf\config.php 第 5 行.
INFO: [ app_begin ] --START--
INFO: Run Behavior\ReadHtmlCacheBehavior [ RunTime:0.001243s ]
INFO: [ app_begin ] --END-- [ RunTime:0.001428s ]
INFO: [ view_parse ] --START--
INFO: [ template_filter ] --START--
INFO: Run Behavior\ContentReplaceBehavior [ RunTime:0.000093s ]
INFO: [ template_filter ] --END-- [ RunTime:0.000232s ]
INFO: Run Behavior\ParseTemplateBehavior [ RunTime:0.011908s ]
INFO: [ view_parse ] --END-- [ RunTime:0.012167s ]
INFO: [ view_filter ] --START--
INFO: Run Behavior\WriteHtmlCacheBehavior [ RunTime:0.000780s ]
INFO: [ view_filter ] --END-- [ RunTime:0.000904s ]
INFO: [ app_end ] --START--
INFO: Run Behavior\ShowPageTraceBehavior [ RunTime:0.000892s ]
INFO: [ app_end ] --END-- [ RunTime:0.000992s ]

[ 2016-01-25T15:38:00+08:00 ] ::1 /thinkphpexercise/thinkphp3.2.3/admin
INFO: [ app_init ] --START--
INFO: Run Behavior\BuildLiteBehavior [ RunTime:0.000037s ]
INFO: [ app_init ] --END-- [ RunTime:0.000636s ]
NOTIC: [8] Use of undefined constant APP_NAME - assumed 'APP_NAME' F:\MDJR\wamp\www\thinkphpexercise\thinkphp3.2.3\APP\Admin\Conf\config.php 第 5 行.
INFO: [ app_begin ] --START--
INFO: Run Behavior\ReadHtmlCacheBehavior [ RunTime:0.000907s ]
INFO: [ app_begin ] --END-- [ RunTime:0.001046s ]
INFO: [ view_parse ] --START--
INFO: [ template_filter ] --START--
INFO: Run Behavior\ContentReplaceBehavior [ RunTime:0.000102s ]
INFO: [ template_filter ] --END-- [ RunTime:0.000306s ]
INFO: Run Behavior\ParseTemplateBehavior [ RunTime:0.009882s ]
INFO: [ view_parse ] --END-- [ RunTime:0.010011s ]
INFO: [ view_filter ] --START--
INFO: Run Behavior\WriteHtmlCacheBehavior [ RunTime:0.000679s ]
INFO: [ view_filter ] --END-- [ RunTime:0.000779s ]
INFO: [ app_end ] --START--
INFO: Run Behavior\ShowPageTraceBehavior [ RunTime:0.000881s ]
INFO: [ app_end ] --END-- [ RunTime:0.000994s ]

[ 2016-01-25T15:38:02+08:00 ] ::1 /thinkphpexercise/thinkphp3.2.3/admin
INFO: [ app_init ] --START--
INFO: Run Behavior\BuildLiteBehavior [ RunTime:0.000025s ]
INFO: [ app_init ] --END-- [ RunTime:0.000568s ]
NOTIC: [8] Use of undefined constant APP_NAME - assumed 'APP_NAME' F:\MDJR\wamp\www\thinkphpexercise\thinkphp3.2.3\APP\Admin\Conf\config.php 第 5 行.
INFO: [ app_begin ] --START--
INFO: Run Behavior\ReadHtmlCacheBehavior [ RunTime:0.001118s ]
INFO: [ app_begin ] --END-- [ RunTime:0.001426s ]
INFO: [ view_parse ] --START--
INFO: [ template_filter ] --START--
INFO: Run Behavior\ContentReplaceBehavior [ RunTime:0.000076s ]
INFO: [ template_filter ] --END-- [ RunTime:0.000189s ]
INFO: Run Behavior\ParseTemplateBehavior [ RunTime:0.008253s ]
INFO: [ view_parse ] --END-- [ RunTime:0.008369s ]
INFO: [ view_filter ] --START--
INFO: Run Behavior\WriteHtmlCacheBehavior [ RunTime:0.000672s ]
INFO: [ view_filter ] --END-- [ RunTime:0.000763s ]
INFO: [ app_end ] --START--
INFO: Run Behavior\ShowPageTraceBehavior [ RunTime:0.000871s ]
INFO: [ app_end ] --END-- [ RunTime:0.000970s ]

[ 2016-01-25T15:38:04+08:00 ] ::1 /thinkphpexercise/thinkphp3.2.3/admin
INFO: [ app_init ] --START--
INFO: Run Behavior\BuildLiteBehavior [ RunTime:0.000033s ]
INFO: [ app_init ] --END-- [ RunTime:0.000777s ]
NOTIC: [8] Use of undefined constant APP_NAME - assumed 'APP_NAME' F:\MDJR\wamp\www\thinkphpexercise\thinkphp3.2.3\APP\Admin\Conf\config.php 第 5 行.
INFO: [ app_begin ] --START--
INFO: Run Behavior\ReadHtmlCacheBehavior [ RunTime:0.001010s ]
INFO: [ app_begin ] --END-- [ RunTime:0.001142s ]
INFO: [ view_parse ] --START--
INFO: [ template_filter ] --START--
INFO: Run Behavior\ContentReplaceBehavior [ RunTime:0.000082s ]
INFO: [ template_filter ] --END-- [ RunTime:0.000208s ]
INFO: Run Behavior\ParseTemplateBehavior [ RunTime:0.011181s ]
INFO: [ view_parse ] --END-- [ RunTime:0.011350s ]
INFO: [ view_filter ] --START--
INFO: Run Behavior\WriteHtmlCacheBehavior [ RunTime:0.000593s ]
INFO: [ view_filter ] --END-- [ RunTime:0.000692s ]
INFO: [ app_end ] --START--
INFO: Run Behavior\ShowPageTraceBehavior [ RunTime:0.000850s ]
INFO: [ app_end ] --END-- [ RunTime:0.000980s ]

[ 2016-01-25T15:40:14+08:00 ] ::1 /thinkphpexercise/thinkphp3.2.3/admin
INFO: [ app_init ] --START--
INFO: Run Behavior\BuildLiteBehavior [ RunTime:0.000026s ]
INFO: [ app_init ] --END-- [ RunTime:0.000593s ]
NOTIC: [8] Use of undefined constant APP_NAME - assumed 'APP_NAME' F:\MDJR\wamp\www\thinkphpexercise\thinkphp3.2.3\APP\Admin\Conf\config.php 第 5 行.
NOTIC: [8] Use of undefined constant GROUP_NAME - assumed 'GROUP_NAME' F:\MDJR\wamp\www\thinkphpexercise\thinkphp3.2.3\APP\Admin\Conf\config.php 第 5 行.
INFO: [ app_begin ] --START--
INFO: Run Behavior\ReadHtmlCacheBehavior [ RunTime:0.000928s ]
INFO: [ app_begin ] --END-- [ RunTime:0.001038s ]
INFO: [ view_parse ] --START--
INFO: [ template_filter ] --START--
INFO: Run Behavior\ContentReplaceBehavior [ RunTime:0.000075s ]
INFO: [ template_filter ] --END-- [ RunTime:0.000187s ]
INFO: Run Behavior\ParseTemplateBehavior [ RunTime:0.010354s ]
INFO: [ view_parse ] --END-- [ RunTime:0.010472s ]
INFO: [ view_filter ] --START--
INFO: Run Behavior\WriteHtmlCacheBehavior [ RunTime:0.000576s ]
INFO: [ view_filter ] --END-- [ RunTime:0.000668s ]
INFO: [ app_end ] --START--
INFO: Run Behavior\ShowPageTraceBehavior [ RunTime:0.000790s ]
INFO: [ app_end ] --END-- [ RunTime:0.000887s ]

[ 2016-01-25T15:40:16+08:00 ] ::1 /thinkphpexercise/thinkphp3.2.3/admin
INFO: [ app_init ] --START--
INFO: Run Behavior\BuildLiteBehavior [ RunTime:0.000027s ]
INFO: [ app_init ] --END-- [ RunTime:0.000719s ]
NOTIC: [8] Use of undefined constant APP_NAME - assumed 'APP_NAME' F:\MDJR\wamp\www\thinkphpexercise\thinkphp3.2.3\APP\Admin\Conf\config.php 第 5 行.
NOTIC: [8] Use of undefined constant GROUP_NAME - assumed 'GROUP_NAME' F:\MDJR\wamp\www\thinkphpexercise\thinkphp3.2.3\APP\Admin\Conf\config.php 第 5 行.
INFO: [ app_begin ] --START--
INFO: Run Behavior\ReadHtmlCacheBehavior [ RunTime:0.001139s ]
INFO: [ app_begin ] --END-- [ RunTime:0.001300s ]
INFO: [ view_parse ] --START--
INFO: [ template_filter ] --START--
INFO: Run Behavior\ContentReplaceBehavior [ RunTime:0.000103s ]
INFO: [ template_filter ] --END-- [ RunTime:0.000295s ]
INFO: Run Behavior\ParseTemplateBehavior [ RunTime:0.009168s ]
INFO: [ view_parse ] --END-- [ RunTime:0.009292s ]
INFO: [ view_filter ] --START--
INFO: Run Behavior\WriteHtmlCacheBehavior [ RunTime:0.000616s ]
INFO: [ view_filter ] --END-- [ RunTime:0.000712s ]
INFO: [ app_end ] --START--
INFO: Run Behavior\ShowPageTraceBehavior [ RunTime:0.000810s ]
INFO: [ app_end ] --END-- [ RunTime:0.000909s ]

[ 2016-01-25T15:40:25+08:00 ] ::1 /thinkphpexercise/thinkphp3.2.3/admin
INFO: [ app_init ] --START--
INFO: Run Behavior\BuildLiteBehavior [ RunTime:0.000027s ]
INFO: [ app_init ] --END-- [ RunTime:0.000791s ]
NOTIC: [8] Use of undefined constant APP_NAME - assumed 'APP_NAME' F:\MDJR\wamp\www\thinkphpexercise\thinkphp3.2.3\APP\Admin\Conf\config.php 第 5 行.
NOTIC: [8] Use of undefined constant GROUP_NAME - assumed 'GROUP_NAME' F:\MDJR\wamp\www\thinkphpexercise\thinkphp3.2.3\APP\Admin\Conf\config.php 第 5 行.
INFO: [ app_begin ] --START--
INFO: Run Behavior\ReadHtmlCacheBehavior [ RunTime:0.002096s ]
INFO: [ app_begin ] --END-- [ RunTime:0.002263s ]
INFO: [ view_parse ] --START--
INFO: [ template_filter ] --START--
INFO: Run Behavior\ContentReplaceBehavior [ RunTime:0.000168s ]
INFO: [ template_filter ] --END-- [ RunTime:0.000405s ]
INFO: Run Behavior\ParseTemplateBehavior [ RunTime:0.008203s ]
INFO: [ view_parse ] --END-- [ RunTime:0.008311s ]
INFO: [ view_filter ] --START--
INFO: Run Behavior\WriteHtmlCacheBehavior [ RunTime:0.000647s ]
INFO: [ view_filter ] --END-- [ RunTime:0.000740s ]
INFO: [ app_end ] --START--
INFO: Run Behavior\ShowPageTraceBehavior [ RunTime:0.000840s ]
INFO: [ app_end ] --END-- [ RunTime:0.000936s ]

[ 2016-01-25T15:41:46+08:00 ] ::1 /thinkphpexercise/thinkphp3.2.3/admin
INFO: [ app_init ] --START--
INFO: Run Behavior\BuildLiteBehavior [ RunTime:0.000028s ]
INFO: [ app_init ] --END-- [ RunTime:0.000649s ]
NOTIC: [8] Use of undefined constant APP_NAME - assumed 'APP_NAME' F:\MDJR\wamp\www\thinkphpexercise\thinkphp3.2.3\APP\Admin\Conf\config.php 第 5 行.
NOTIC: [8] Use of undefined constant GROUP_NAME - assumed 'GROUP_NAME' F:\MDJR\wamp\www\thinkphpexercise\thinkphp3.2.3\APP\Admin\Conf\config.php 第 5 行.
INFO: [ app_begin ] --START--
INFO: Run Behavior\ReadHtmlCacheBehavior [ RunTime:0.001070s ]
INFO: [ app_begin ] --END-- [ RunTime:0.001303s ]
INFO: [ view_parse ] --START--
INFO: [ template_filter ] --START--
INFO: Run Behavior\ContentReplaceBehavior [ RunTime:0.000122s ]
INFO: [ template_filter ] --END-- [ RunTime:0.000253s ]
INFO: Run Behavior\ParseTemplateBehavior [ RunTime:0.008546s ]
INFO: [ view_parse ] --END-- [ RunTime:0.008759s ]
INFO: [ view_filter ] --START--
INFO: Run Behavior\WriteHtmlCacheBehavior [ RunTime:0.001069s ]
INFO: [ view_filter ] --END-- [ RunTime:0.001703s ]
INFO: [ app_end ] --START--
INFO: Run Behavior\ShowPageTraceBehavior [ RunTime:0.001471s ]
INFO: [ app_end ] --END-- [ RunTime:0.001705s ]

[ 2016-01-25T15:42:41+08:00 ] ::1 /thinkphpexercise/thinkphp3.2.3/admin
INFO: [ app_init ] --START--
INFO: Run Behavior\BuildLiteBehavior [ RunTime:0.000030s ]
INFO: [ app_init ] --END-- [ RunTime:0.000646s ]
NOTIC: [8] Use of undefined constant GROUP_NAME - assumed 'GROUP_NAME' F:\MDJR\wamp\www\thinkphpexercise\thinkphp3.2.3\APP\Admin\Conf\config.php 第 5 行.
INFO: [ app_begin ] --START--
INFO: Run Behavior\ReadHtmlCacheBehavior [ RunTime:0.000773s ]
INFO: [ app_begin ] --END-- [ RunTime:0.000901s ]
INFO: [ view_parse ] --START--
INFO: [ template_filter ] --START--
INFO: Run Behavior\ContentReplaceBehavior [ RunTime:0.000098s ]
INFO: [ template_filter ] --END-- [ RunTime:0.000243s ]
INFO: Run Behavior\ParseTemplateBehavior [ RunTime:0.009060s ]
INFO: [ view_parse ] --END-- [ RunTime:0.009208s ]
INFO: [ view_filter ] --START--
INFO: Run Behavior\WriteHtmlCacheBehavior [ RunTime:0.000522s ]
INFO: [ view_filter ] --END-- [ RunTime:0.000686s ]
INFO: [ app_end ] --START--
INFO: Run Behavior\ShowPageTraceBehavior [ RunTime:0.002857s ]
INFO: [ app_end ] --END-- [ RunTime:0.003029s ]

[ 2016-01-25T15:42:44+08:00 ] ::1 /thinkphpexercise/thinkphp3.2.3/admin
INFO: [ app_init ] --START--
INFO: Run Behavior\BuildLiteBehavior [ RunTime:0.000027s ]
INFO: [ app_init ] --END-- [ RunTime:0.000584s ]
NOTIC: [8] Use of undefined constant GROUP_NAME - assumed 'GROUP_NAME' F:\MDJR\wamp\www\thinkphpexercise\thinkphp3.2.3\APP\Admin\Conf\config.php 第 5 行.
INFO: [ app_begin ] --START--
INFO: Run Behavior\ReadHtmlCacheBehavior [ RunTime:0.000612s ]
INFO: [ app_begin ] --END-- [ RunTime:0.000732s ]
INFO: [ view_parse ] --START--
INFO: [ template_filter ] --START--
INFO: Run Behavior\ContentReplaceBehavior [ RunTime:0.000180s ]
INFO: [ template_filter ] --END-- [ RunTime:0.000468s ]
INFO: Run Behavior\ParseTemplateBehavior [ RunTime:0.010018s ]
INFO: [ view_parse ] --END-- [ RunTime:0.010205s ]
INFO: [ view_filter ] --START--
INFO: Run Behavior\WriteHtmlCacheBehavior [ RunTime:0.000539s ]
INFO: [ view_filter ] --END-- [ RunTime:0.000671s ]
INFO: [ app_end ] --START--
INFO: Run Behavior\ShowPageTraceBehavior [ RunTime:0.001828s ]
INFO: [ app_end ] --END-- [ RunTime:0.002054s ]

[ 2016-01-25T15:43:27+08:00 ] ::1 /thinkphpexercise/thinkphp3.2.3/admin
INFO: [ app_init ] --START--
INFO: Run Behavior\BuildLiteBehavior [ RunTime:0.000027s ]
INFO: [ app_init ] --END-- [ RunTime:0.000580s ]
NOTIC: [8] Use of undefined constant GROUP_NAME - assumed 'GROUP_NAME' F:\MDJR\wamp\www\thinkphpexercise\thinkphp3.2.3\APP\Admin\Conf\config.php 第 5 行.
INFO: [ app_begin ] --START--
INFO: Run Behavior\ReadHtmlCacheBehavior [ RunTime:0.000647s ]
INFO: [ app_begin ] --END-- [ RunTime:0.000784s ]
INFO: [ view_parse ] --START--
INFO: [ template_filter ] --START--
INFO: Run Behavior\ContentReplaceBehavior [ RunTime:0.000103s ]
INFO: [ template_filter ] --END-- [ RunTime:0.000245s ]
INFO: Run Behavior\ParseTemplateBehavior [ RunTime:0.007694s ]
INFO: [ view_parse ] --END-- [ RunTime:0.007837s ]
INFO: [ view_filter ] --START--
INFO: Run Behavior\WriteHtmlCacheBehavior [ RunTime:0.000378s ]
INFO: [ view_filter ] --END-- [ RunTime:0.000482s ]
INFO: [ app_end ] --START--
INFO: Run Behavior\ShowPageTraceBehavior [ RunTime:0.000625s ]
INFO: [ app_end ] --END-- [ RunTime:0.000750s ]

[ 2016-01-25T15:43:29+08:00 ] ::1 /thinkphpexercise/thinkphp3.2.3/admin
INFO: [ app_init ] --START--
INFO: Run Behavior\BuildLiteBehavior [ RunTime:0.000026s ]
INFO: [ app_init ] --END-- [ RunTime:0.000548s ]
NOTIC: [8] Use of undefined constant GROUP_NAME - assumed 'GROUP_NAME' F:\MDJR\wamp\www\thinkphpexercise\thinkphp3.2.3\APP\Admin\Conf\config.php 第 5 行.
INFO: [ app_begin ] --START--
INFO: Run Behavior\ReadHtmlCacheBehavior [ RunTime:0.000606s ]
INFO: [ app_begin ] --END-- [ RunTime:0.000742s ]
INFO: [ view_parse ] --START--
INFO: [ template_filter ] --START--
INFO: Run Behavior\ContentReplaceBehavior [ RunTime:0.000153s ]
INFO: [ template_filter ] --END-- [ RunTime:0.000424s ]
INFO: Run Behavior\ParseTemplateBehavior [ RunTime:0.012065s ]
INFO: [ view_parse ] --END-- [ RunTime:0.012299s ]
INFO: [ view_filter ] --START--
INFO: Run Behavior\WriteHtmlCacheBehavior [ RunTime:0.000638s ]
INFO: [ view_filter ] --END-- [ RunTime:0.000853s ]
INFO: [ app_end ] --START--
INFO: Run Behavior\ShowPageTraceBehavior [ RunTime:0.002084s ]
INFO: [ app_end ] --END-- [ RunTime:0.002452s ]

[ 2016-01-25T15:46:21+08:00 ] ::1 /thinkphpexercise/thinkphp3.2.3/admin
INFO: [ app_init ] --START--
INFO: Run Behavior\BuildLiteBehavior [ RunTime:0.000035s ]
INFO: [ app_init ] --END-- [ RunTime:0.000842s ]
NOTIC: [8] Use of undefined constant GROUP_NAME - assumed 'GROUP_NAME' F:\MDJR\wamp\www\thinkphpexercise\thinkphp3.2.3\APP\Admin\Conf\config.php 第 5 行.
INFO: [ app_begin ] --START--
INFO: Run Behavior\ReadHtmlCacheBehavior [ RunTime:0.000786s ]
INFO: [ app_begin ] --END-- [ RunTime:0.000934s ]
INFO: [ view_parse ] --START--
INFO: [ template_filter ] --START--
INFO: Run Behavior\ContentReplaceBehavior [ RunTime:0.000094s ]
INFO: [ template_filter ] --END-- [ RunTime:0.000220s ]
INFO: Run Behavior\ParseTemplateBehavior [ RunTime:0.009739s ]
INFO: [ view_parse ] --END-- [ RunTime:0.009874s ]
INFO: [ view_filter ] --START--
INFO: Run Behavior\WriteHtmlCacheBehavior [ RunTime:0.000753s ]
INFO: [ view_filter ] --END-- [ RunTime:0.000868s ]
INFO: [ app_end ] --START--
INFO: Run Behavior\ShowPageTraceBehavior [ RunTime:0.001146s ]
INFO: [ app_end ] --END-- [ RunTime:0.001298s ]

[ 2016-01-25T15:46:23+08:00 ] ::1 /thinkphpexercise/thinkphp3.2.3/admin
INFO: [ app_init ] --START--
INFO: Run Behavior\BuildLiteBehavior [ RunTime:0.000042s ]
INFO: [ app_init ] --END-- [ RunTime:0.000636s ]
NOTIC: [8] Use of undefined constant GROUP_NAME - assumed 'GROUP_NAME' F:\MDJR\wamp\www\thinkphpexercise\thinkphp3.2.3\APP\Admin\Conf\config.php 第 5 行.
INFO: [ app_begin ] --START--
INFO: Run Behavior\ReadHtmlCacheBehavior [ RunTime:0.000664s ]
INFO: [ app_begin ] --END-- [ RunTime:0.000802s ]
INFO: [ view_parse ] --START--
INFO: [ template_filter ] --START--
INFO: Run Behavior\ContentReplaceBehavior [ RunTime:0.000099s ]
INFO: [ template_filter ] --END-- [ RunTime:0.000245s ]
INFO: Run Behavior\ParseTemplateBehavior [ RunTime:0.009156s ]
INFO: [ view_parse ] --END-- [ RunTime:0.009311s ]
INFO: [ view_filter ] --START--
INFO: Run Behavior\WriteHtmlCacheBehavior [ RunTime:0.000366s ]
INFO: [ view_filter ] --END-- [ RunTime:0.000466s ]
INFO: [ app_end ] --START--
INFO: Run Behavior\ShowPageTraceBehavior [ RunTime:0.000605s ]
INFO: [ app_end ] --END-- [ RunTime:0.000713s ]

[ 2016-01-25T15:49:42+08:00 ] ::1 /thinkphpexercise/thinkphp3.2.3/admin
INFO: [ app_init ] --START--
INFO: Run Behavior\BuildLiteBehavior [ RunTime:0.000027s ]
INFO: [ app_init ] --END-- [ RunTime:0.000575s ]
NOTIC: [8] Use of undefined constant GROUP_NAME - assumed 'GROUP_NAME' F:\MDJR\wamp\www\thinkphpexercise\thinkphp3.2.3\APP\Admin\Conf\config.php 第 5 行.
INFO: [ app_begin ] --START--
INFO: Run Behavior\ReadHtmlCacheBehavior [ RunTime:0.000737s ]
INFO: [ app_begin ] --END-- [ RunTime:0.000866s ]
INFO: [ view_parse ] --START--
INFO: [ template_filter ] --START--
INFO: Run Behavior\ContentReplaceBehavior [ RunTime:0.000096s ]
INFO: [ template_filter ] --END-- [ RunTime:0.000220s ]
INFO: Run Behavior\ParseTemplateBehavior [ RunTime:0.009988s ]
INFO: [ view_parse ] --END-- [ RunTime:0.010341s ]
INFO: [ view_filter ] --START--
INFO: Run Behavior\WriteHtmlCacheBehavior [ RunTime:0.000523s ]
INFO: [ view_filter ] --END-- [ RunTime:0.000626s ]
INFO: [ app_end ] --START--
INFO: Run Behavior\ShowPageTraceBehavior [ RunTime:0.000660s ]
INFO: [ app_end ] --END-- [ RunTime:0.000765s ]

[ 2016-01-25T15:53:56+08:00 ] ::1 /thinkphpexercise/thinkphp3.2.3/admin
INFO: [ app_init ] --START--
INFO: Run Behavior\BuildLiteBehavior [ RunTime:0.000031s ]
INFO: [ app_init ] --END-- [ RunTime:0.000638s ]

[ 2016-01-25T15:54:03+08:00 ] ::1 /thinkphpexercise/thinkphp3.2.3/admin
INFO: [ app_init ] --START--
INFO: Run Behavior\BuildLiteBehavior [ RunTime:0.000029s ]
INFO: [ app_init ] --END-- [ RunTime:0.000582s ]
INFO: [ app_begin ] --START--
INFO: Run Behavior\ReadHtmlCacheBehavior [ RunTime:0.000962s ]
INFO: [ app_begin ] --END-- [ RunTime:0.001115s ]
INFO: [ view_parse ] --START--
INFO: [ template_filter ] --START--
INFO: Run Behavior\ContentReplaceBehavior [ RunTime:0.000107s ]
INFO: [ template_filter ] --END-- [ RunTime:0.000242s ]
INFO: Run Behavior\ParseTemplateBehavior [ RunTime:0.010355s ]
INFO: [ view_parse ] --END-- [ RunTime:0.010523s ]
INFO: [ view_filter ] --START--
INFO: Run Behavior\WriteHtmlCacheBehavior [ RunTime:0.000530s ]
INFO: [ view_filter ] --END-- [ RunTime:0.000635s ]
INFO: [ app_end ] --START--
INFO: Run Behavior\ShowPageTraceBehavior [ RunTime:0.000766s ]
INFO: [ app_end ] --END-- [ RunTime:0.000877s ]

[ 2016-01-25T15:54:10+08:00 ] ::1 /thinkphpexercise/thinkphp3.2.3/admin
INFO: [ app_init ] --START--
INFO: Run Behavior\BuildLiteBehavior [ RunTime:0.000030s ]
INFO: [ app_init ] --END-- [ RunTime:0.001602s ]
INFO: [ app_begin ] --START--
INFO: Run Behavior\ReadHtmlCacheBehavior [ RunTime:0.000899s ]
INFO: [ app_begin ] --END-- [ RunTime:0.001038s ]
INFO: [ view_parse ] --START--
INFO: [ template_filter ] --START--
INFO: Run Behavior\ContentReplaceBehavior [ RunTime:0.000089s ]
INFO: [ template_filter ] --END-- [ RunTime:0.000208s ]
INFO: Run Behavior\ParseTemplateBehavior [ RunTime:0.009028s ]
INFO: [ view_parse ] --END-- [ RunTime:0.009155s ]
INFO: [ view_filter ] --START--
INFO: Run Behavior\WriteHtmlCacheBehavior [ RunTime:0.000689s ]
INFO: [ view_filter ] --END-- [ RunTime:0.000809s ]
INFO: [ app_end ] --START--
INFO: Run Behavior\ShowPageTraceBehavior [ RunTime:0.000947s ]
INFO: [ app_end ] --END-- [ RunTime:0.001046s ]

[ 2016-01-25T15:54:11+08:00 ] ::1 /thinkphpexercise/thinkphp3.2.3/admin
INFO: [ app_init ] --START--
INFO: Run Behavior\BuildLiteBehavior [ RunTime:0.000045s ]
INFO: [ app_init ] --END-- [ RunTime:0.000955s ]
INFO: [ app_begin ] --START--
INFO: Run Behavior\ReadHtmlCacheBehavior [ RunTime:0.001065s ]
INFO: [ app_begin ] --END-- [ RunTime:0.001227s ]
INFO: [ view_parse ] --START--
INFO: [ template_filter ] --START--
INFO: Run Behavior\ContentReplaceBehavior [ RunTime:0.000165s ]
INFO: [ template_filter ] --END-- [ RunTime:0.000505s ]
INFO: Run Behavior\ParseTemplateBehavior [ RunTime:0.012495s ]
INFO: [ view_parse ] --END-- [ RunTime:0.012817s ]
INFO: [ view_filter ] --START--
INFO: Run Behavior\WriteHtmlCacheBehavior [ RunTime:0.000630s ]
INFO: [ view_filter ] --END-- [ RunTime:0.000750s ]
INFO: [ app_end ] --START--
INFO: Run Behavior\ShowPageTraceBehavior [ RunTime:0.000777s ]
INFO: [ app_end ] --END-- [ RunTime:0.000895s ]

[ 2016-01-25T15:57:25+08:00 ] ::1 /thinkphpexercise/thinkphp3.2.3/admin
INFO: [ app_init ] --START--
INFO: Run Behavior\BuildLiteBehavior [ RunTime:0.000024s ]
INFO: [ app_init ] --END-- [ RunTime:0.000565s ]
INFO: [ app_begin ] --START--
INFO: Run Behavior\ReadHtmlCacheBehavior [ RunTime:0.000827s ]
INFO: [ app_begin ] --END-- [ RunTime:0.000941s ]
INFO: [ view_parse ] --START--
INFO: [ template_filter ] --START--
INFO: Run Behavior\ContentReplaceBehavior [ RunTime:0.000094s ]
INFO: [ template_filter ] --END-- [ RunTime:0.000214s ]
INFO: Run Behavior\ParseTemplateBehavior [ RunTime:0.009035s ]
INFO: [ view_parse ] --END-- [ RunTime:0.009312s ]
INFO: [ view_filter ] --START--
INFO: Run Behavior\WriteHtmlCacheBehavior [ RunTime:0.000579s ]
INFO: [ view_filter ] --END-- [ RunTime:0.000674s ]
INFO: [ app_end ] --START--
INFO: Run Behavior\ShowPageTraceBehavior [ RunTime:0.000771s ]
INFO: [ app_end ] --END-- [ RunTime:0.000866s ]

[ 2016-01-25T15:58:00+08:00 ] ::1 /thinkphpexercise/thinkphp3.2.3/admin
INFO: [ app_init ] --START--
INFO: Run Behavior\BuildLiteBehavior [ RunTime:0.000024s ]
INFO: [ app_init ] --END-- [ RunTime:0.000630s ]
INFO: [ app_begin ] --START--
INFO: Run Behavior\ReadHtmlCacheBehavior [ RunTime:0.000847s ]
INFO: [ app_begin ] --END-- [ RunTime:0.000945s ]
INFO: [ view_parse ] --START--
INFO: [ template_filter ] --START--
INFO: Run Behavior\ContentReplaceBehavior [ RunTime:0.000088s ]
INFO: [ template_filter ] --END-- [ RunTime:0.000200s ]
INFO: Run Behavior\ParseTemplateBehavior [ RunTime:0.010301s ]
INFO: [ view_parse ] --END-- [ RunTime:0.010406s ]
INFO: [ view_filter ] --START--
INFO: Run Behavior\WriteHtmlCacheBehavior [ RunTime:0.000675s ]
INFO: [ view_filter ] --END-- [ RunTime:0.000767s ]
INFO: [ app_end ] --START--
INFO: Run Behavior\ShowPageTraceBehavior [ RunTime:0.000848s ]
INFO: [ app_end ] --END-- [ RunTime:0.000942s ]

[ 2016-01-25T15:58:07+08:00 ] ::1 /thinkphpexercise/thinkphp3.2.3/admin
INFO: [ app_init ] --START--
INFO: Run Behavior\BuildLiteBehavior [ RunTime:0.000029s ]
INFO: [ app_init ] --END-- [ RunTime:0.000611s ]
INFO: [ app_begin ] --START--
INFO: Run Behavior\ReadHtmlCacheBehavior [ RunTime:0.001697s ]
INFO: [ app_begin ] --END-- [ RunTime:0.001914s ]
INFO: [ view_parse ] --START--
INFO: [ template_filter ] --START--
INFO: Run Behavior\ContentReplaceBehavior [ RunTime:0.000108s ]
INFO: [ template_filter ] --END-- [ RunTime:0.000241s ]
INFO: Run Behavior\ParseTemplateBehavior [ RunTime:0.009971s ]
INFO: [ view_parse ] --END-- [ RunTime:0.010147s ]
INFO: [ view_filter ] --START--
INFO: Run Behavior\WriteHtmlCacheBehavior [ RunTime:0.000776s ]
INFO: [ view_filter ] --END-- [ RunTime:0.000893s ]
INFO: [ app_end ] --START--
INFO: Run Behavior\ShowPageTraceBehavior [ RunTime:0.001358s ]
INFO: [ app_end ] --END-- [ RunTime:0.001493s ]

[ 2016-01-25T15:58:08+08:00 ] ::1 /thinkphpexercise/thinkphp3.2.3/admin
INFO: [ app_init ] --START--
INFO: Run Behavior\BuildLiteBehavior [ RunTime:0.000028s ]
INFO: [ app_init ] --END-- [ RunTime:0.000721s ]
INFO: [ app_begin ] --START--
INFO: Run Behavior\ReadHtmlCacheBehavior [ RunTime:0.000951s ]
INFO: [ app_begin ] --END-- [ RunTime:0.001073s ]
INFO: [ view_parse ] --START--
INFO: [ template_filter ] --START--
INFO: Run Behavior\ContentReplaceBehavior [ RunTime:0.000113s ]
INFO: [ template_filter ] --END-- [ RunTime:0.000283s ]
INFO: Run Behavior\ParseTemplateBehavior [ RunTime:0.011246s ]
INFO: [ view_parse ] --END-- [ RunTime:0.011381s ]
INFO: [ view_filter ] --START--
INFO: Run Behavior\WriteHtmlCacheBehavior [ RunTime:0.000693s ]
INFO: [ view_filter ] --END-- [ RunTime:0.000806s ]
INFO: [ app_end ] --START--
INFO: Run Behavior\ShowPageTraceBehavior [ RunTime:0.000978s ]
INFO: [ app_end ] --END-- [ RunTime:0.001095s ]

[ 2016-01-25T16:06:34+08:00 ] ::1 /thinkphpexercise/thinkphp3.2.3/admin
INFO: [ app_init ] --START--
INFO: Run Behavior\BuildLiteBehavior [ RunTime:0.000032s ]
INFO: [ app_init ] --END-- [ RunTime:0.001550s ]
INFO: [ app_begin ] --START--
INFO: Run Behavior\ReadHtmlCacheBehavior [ RunTime:0.001064s ]
INFO: [ app_begin ] --END-- [ RunTime:0.001194s ]
INFO: [ view_parse ] --START--
INFO: [ template_filter ] --START--
INFO: Run Behavior\ContentReplaceBehavior [ RunTime:0.000090s ]
INFO: [ template_filter ] --END-- [ RunTime:0.000207s ]
INFO: Run Behavior\ParseTemplateBehavior [ RunTime:0.009659s ]
INFO: [ view_parse ] --END-- [ RunTime:0.009782s ]
INFO: [ view_filter ] --START--
INFO: Run Behavior\WriteHtmlCacheBehavior [ RunTime:0.000707s ]
INFO: [ view_filter ] --END-- [ RunTime:0.000800s ]
INFO: [ app_end ] --START--
INFO: Run Behavior\ShowPageTraceBehavior [ RunTime:0.000842s ]
INFO: [ app_end ] --END-- [ RunTime:0.000947s ]

[ 2016-01-25T16:06:40+08:00 ] ::1 /thinkphpexercise/thinkphp3.2.3/admin/login
INFO: [ app_init ] --START--
INFO: Run Behavior\BuildLiteBehavior [ RunTime:0.000046s ]
INFO: [ app_init ] --END-- [ RunTime:0.000722s ]
INFO: [ app_begin ] --START--
INFO: Run Behavior\ReadHtmlCacheBehavior [ RunTime:0.000980s ]
INFO: [ app_begin ] --END-- [ RunTime:0.001118s ]
ERR: 无法加载控制器:Login

[ 2016-01-25T16:07:17+08:00 ] ::1 /thinkphpexercise/thinkphp3.2.3/admin/login
INFO: [ app_init ] --START--
INFO: Run Behavior\BuildLiteBehavior [ RunTime:0.000025s ]
INFO: [ app_init ] --END-- [ RunTime:0.000547s ]
INFO: [ app_begin ] --START--
INFO: Run Behavior\ReadHtmlCacheBehavior [ RunTime:0.001354s ]
INFO: [ app_begin ] --END-- [ RunTime:0.001526s ]
ERR: 无法加载控制器:Login

[ 2016-01-25T16:07:53+08:00 ] ::1 /thinkphpexercise/thinkphp3.2.3/admin/
INFO: [ app_init ] --START--
INFO: Run Behavior\BuildLiteBehavior [ RunTime:0.000046s ]
INFO: [ app_init ] --END-- [ RunTime:0.000940s ]
INFO: [ app_begin ] --START--
INFO: Run Behavior\ReadHtmlCacheBehavior [ RunTime:0.000916s ]
INFO: [ app_begin ] --END-- [ RunTime:0.001041s ]
INFO: [ view_parse ] --START--
INFO: [ template_filter ] --START--
INFO: Run Behavior\ContentReplaceBehavior [ RunTime:0.000096s ]
INFO: [ template_filter ] --END-- [ RunTime:0.000225s ]
INFO: Run Behavior\ParseTemplateBehavior [ RunTime:0.011209s ]
INFO: [ view_parse ] --END-- [ RunTime:0.011396s ]
INFO: [ view_filter ] --START--
INFO: Run Behavior\WriteHtmlCacheBehavior [ RunTime:0.001650s ]
INFO: [ view_filter ] --END-- [ RunTime:0.001933s ]
INFO: [ app_end ] --START--
INFO: Run Behavior\ShowPageTraceBehavior [ RunTime:0.001145s ]
INFO: [ app_end ] --END-- [ RunTime:0.001324s ]

[ 2016-01-25T16:07:58+08:00 ] ::1 /thinkphpexercise/thinkphp3.2.3/admin/login
INFO: [ app_init ] --START--
INFO: Run Behavior\BuildLiteBehavior [ RunTime:0.000026s ]
INFO: [ app_init ] --END-- [ RunTime:0.000567s ]
INFO: [ app_begin ] --START--
INFO: Run Behavior\ReadHtmlCacheBehavior [ RunTime:0.000843s ]
INFO: [ app_begin ] --END-- [ RunTime:0.000961s ]
ERR: 无法加载控制器:Login

[ 2016-01-25T16:08:01+08:00 ] ::1 /thinkphpexercise/thinkphp3.2.3/admin/login/
INFO: [ app_init ] --START--
INFO: Run Behavior\BuildLiteBehavior [ RunTime:0.000026s ]
INFO: [ app_init ] --END-- [ RunTime:0.000553s ]
INFO: [ app_begin ] --START--
INFO: Run Behavior\ReadHtmlCacheBehavior [ RunTime:0.000859s ]
INFO: [ app_begin ] --END-- [ RunTime:0.000982s ]
ERR: 无法加载控制器:Login

[ 2016-01-25T16:08:16+08:00 ] ::1 /thinkphpexercise/thinkphp3.2.3/admin/login/
INFO: [ app_init ] --START--
INFO: Run Behavior\BuildLiteBehavior [ RunTime:0.000042s ]
INFO: [ app_init ] --END-- [ RunTime:0.000827s ]
INFO: [ app_begin ] --START--
INFO: Run Behavior\ReadHtmlCacheBehavior [ RunTime:0.000885s ]
INFO: [ app_begin ] --END-- [ RunTime:0.001008s ]
ERR: 无法加载控制器:Login

[ 2016-01-25T16:08:17+08:00 ] ::1 /thinkphpexercise/thinkphp3.2.3/admin/login/
INFO: [ app_init ] --START--
INFO: Run Behavior\BuildLiteBehavior [ RunTime:0.000046s ]
INFO: [ app_init ] --END-- [ RunTime:0.000667s ]
INFO: [ app_begin ] --START--
INFO: Run Behavior\ReadHtmlCacheBehavior [ RunTime:0.001202s ]
INFO: [ app_begin ] --END-- [ RunTime:0.001396s ]
ERR: 无法加载控制器:Login

[ 2016-01-25T16:08:18+08:00 ] ::1 /thinkphpexercise/thinkphp3.2.3/admin/login/
INFO: [ app_init ] --START--
INFO: Run Behavior\BuildLiteBehavior [ RunTime:0.000026s ]
INFO: [ app_init ] --END-- [ RunTime:0.000548s ]
INFO: [ app_begin ] --START--
INFO: Run Behavior\ReadHtmlCacheBehavior [ RunTime:0.000926s ]
INFO: [ app_begin ] --END-- [ RunTime:0.001032s ]
ERR: 无法加载控制器:Login

[ 2016-01-25T16:08:19+08:00 ] ::1 /thinkphpexercise/thinkphp3.2.3/admin/login/
INFO: [ app_init ] --START--
INFO: Run Behavior\BuildLiteBehavior [ RunTime:0.000025s ]
INFO: [ app_init ] --END-- [ RunTime:0.000537s ]
INFO: [ app_begin ] --START--
INFO: Run Behavior\ReadHtmlCacheBehavior [ RunTime:0.000816s ]
INFO: [ app_begin ] --END-- [ RunTime:0.000927s ]
ERR: 无法加载控制器:Login

[ 2016-01-25T16:08:56+08:00 ] ::1 /thinkphpexercise/thinkphp3.2.3/admin/login
INFO: [ app_init ] --START--
INFO: Run Behavior\BuildLiteBehavior [ RunTime:0.000025s ]
INFO: [ app_init ] --END-- [ RunTime:0.000536s ]
INFO: [ app_begin ] --START--
INFO: Run Behavior\ReadHtmlCacheBehavior [ RunTime:0.000842s ]
INFO: [ app_begin ] --END-- [ RunTime:0.000960s ]
ERR: 无法加载控制器:Login

[ 2016-01-25T16:08:57+08:00 ] ::1 /thinkphpexercise/thinkphp3.2.3/admin/login
INFO: [ app_init ] --START--
INFO: Run Behavior\BuildLiteBehavior [ RunTime:0.000030s ]
INFO: [ app_init ] --END-- [ RunTime:0.000645s ]
INFO: [ app_begin ] --START--
INFO: Run Behavior\ReadHtmlCacheBehavior [ RunTime:0.001025s ]
INFO: [ app_begin ] --END-- [ RunTime:0.001153s ]
ERR: 无法加载控制器:Login

[ 2016-01-25T16:08:58+08:00 ] ::1 /thinkphpexercise/thinkphp3.2.3/admin/login
INFO: [ app_init ] --START--
INFO: Run Behavior\BuildLiteBehavior [ RunTime:0.000029s ]
INFO: [ app_init ] --END-- [ RunTime:0.000701s ]
INFO: [ app_begin ] --START--
INFO: Run Behavior\ReadHtmlCacheBehavior [ RunTime:0.001062s ]
INFO: [ app_begin ] --END-- [ RunTime:0.001199s ]
ERR: 无法加载控制器:Login

[ 2016-01-25T16:09:31+08:00 ] ::1 /thinkphpexercise/thinkphp3.2.3/admin
INFO: [ app_init ] --START--
INFO: Run Behavior\BuildLiteBehavior [ RunTime:0.000026s ]
INFO: [ app_init ] --END-- [ RunTime:0.000564s ]
INFO: [ app_begin ] --START--
INFO: Run Behavior\ReadHtmlCacheBehavior [ RunTime:0.000970s ]
INFO: [ app_begin ] --END-- [ RunTime:0.001094s ]
INFO: [ view_parse ] --START--
INFO: [ template_filter ] --START--
INFO: Run Behavior\ContentReplaceBehavior [ RunTime:0.000097s ]
INFO: [ template_filter ] --END-- [ RunTime:0.000221s ]
INFO: Run Behavior\ParseTemplateBehavior [ RunTime:0.010923s ]
INFO: [ view_parse ] --END-- [ RunTime:0.011055s ]
INFO: [ view_filter ] --START--
INFO: Run Behavior\WriteHtmlCacheBehavior [ RunTime:0.000713s ]
INFO: [ view_filter ] --END-- [ RunTime:0.000858s ]
INFO: [ app_end ] --START--
INFO: Run Behavior\ShowPageTraceBehavior [ RunTime:0.000995s ]
INFO: [ app_end ] --END-- [ RunTime:0.001108s ]

[ 2016-01-25T16:09:42+08:00 ] ::1 /thinkphpexercise/thinkphp3.2.3/admin
INFO: [ app_init ] --START--
INFO: Run Behavior\BuildLiteBehavior [ RunTime:0.000025s ]
INFO: [ app_init ] --END-- [ RunTime:0.000538s ]
INFO: [ app_begin ] --START--
INFO: Run Behavior\ReadHtmlCacheBehavior [ RunTime:0.001321s ]
INFO: [ app_begin ] --END-- [ RunTime:0.001525s ]
INFO: [ view_parse ] --START--
INFO: [ template_filter ] --START--
INFO: Run Behavior\ContentReplaceBehavior [ RunTime:0.000092s ]
INFO: [ template_filter ] --END-- [ RunTime:0.000205s ]
INFO: Run Behavior\ParseTemplateBehavior [ RunTime:0.008686s ]
INFO: [ view_parse ] --END-- [ RunTime:0.008846s ]
INFO: [ view_filter ] --START--
INFO: Run Behavior\WriteHtmlCacheBehavior [ RunTime:0.000648s ]
INFO: [ view_filter ] --END-- [ RunTime:0.000740s ]
INFO: [ app_end ] --START--
INFO: Run Behavior\ShowPageTraceBehavior [ RunTime:0.000928s ]
INFO: [ app_end ] --END-- [ RunTime:0.001033s ]

[ 2016-01-25T16:09:46+08:00 ] ::1 /thinkphpexercise/thinkphp3.2.3/admin/index
INFO: [ app_init ] --START--
INFO: Run Behavior\BuildLiteBehavior [ RunTime:0.000026s ]
INFO: [ app_init ] --END-- [ RunTime:0.000539s ]
INFO: [ app_begin ] --START--
INFO: Run Behavior\ReadHtmlCacheBehavior [ RunTime:0.000865s ]
INFO: [ app_begin ] --END-- [ RunTime:0.000985s ]
INFO: [ view_parse ] --START--
INFO: [ template_filter ] --START--
INFO: Run Behavior\ContentReplaceBehavior [ RunTime:0.000103s ]
INFO: [ template_filter ] --END-- [ RunTime:0.000251s ]
INFO: Run Behavior\ParseTemplateBehavior [ RunTime:0.010164s ]
INFO: [ view_parse ] --END-- [ RunTime:0.010312s ]
INFO: [ view_filter ] --START--
INFO: Run Behavior\WriteHtmlCacheBehavior [ RunTime:0.000620s ]
INFO: [ view_filter ] --END-- [ RunTime:0.000711s ]
INFO: [ app_end ] --START--
INFO: Run Behavior\ShowPageTraceBehavior [ RunTime:0.000872s ]
INFO: [ app_end ] --END-- [ RunTime:0.000975s ]

[ 2016-01-25T16:09:49+08:00 ] ::1 /thinkphpexercise/thinkphp3.2.3/admin/login
INFO: [ app_init ] --START--
INFO: Run Behavior\BuildLiteBehavior [ RunTime:0.000044s ]
INFO: [ app_init ] --END-- [ RunTime:0.000937s ]
INFO: [ app_begin ] --START--
INFO: Run Behavior\ReadHtmlCacheBehavior [ RunTime:0.000915s ]
INFO: [ app_begin ] --END-- [ RunTime:0.001053s ]
ERR: 无法加载控制器:Login

[ 2016-01-25T16:10:04+08:00 ] ::1 /thinkphpexercise/thinkphp3.2.3/admin/login
INFO: [ app_init ] --START--
INFO: Run Behavior\BuildLiteBehavior [ RunTime:0.000027s ]
INFO: [ app_init ] --END-- [ RunTime:0.000707s ]
INFO: [ app_begin ] --START--
INFO: Run Behavior\ReadHtmlCacheBehavior [ RunTime:0.001075s ]
INFO: [ app_begin ] --END-- [ RunTime:0.001306s ]
ERR: 无法加载控制器:Login

[ 2016-01-25T16:10:05+08:00 ] ::1 /thinkphpexercise/thinkphp3.2.3/admin/login
INFO: [ app_init ] --START--
INFO: Run Behavior\BuildLiteBehavior [ RunTime:0.000030s ]
INFO: [ app_init ] --END-- [ RunTime:0.000795s ]
INFO: [ app_begin ] --START--
INFO: Run Behavior\ReadHtmlCacheBehavior [ RunTime:0.001145s ]
INFO: [ app_begin ] --END-- [ RunTime:0.001291s ]
ERR: 无法加载控制器:Login

[ 2016-01-25T16:10:12+08:00 ] ::1 /thinkphpexercise/thinkphp3.2.3/admin/login
INFO: [ app_init ] --START--
INFO: Run Behavior\BuildLiteBehavior [ RunTime:0.000164s ]
INFO: [ app_init ] --END-- [ RunTime:0.001460s ]
INFO: [ app_begin ] --START--
INFO: Run Behavior\ReadHtmlCacheBehavior [ RunTime:0.001362s ]
INFO: [ app_begin ] --END-- [ RunTime:0.001551s ]
ERR: 模板不存在:./APP/Admin/View/Login_index.html

[ 2016-01-25T16:10:13+08:00 ] ::1 /thinkphpexercise/thinkphp3.2.3/admin/login
INFO: [ app_init ] --START--
INFO: Run Behavior\BuildLiteBehavior [ RunTime:0.000025s ]
INFO: [ app_init ] --END-- [ RunTime:0.000593s ]
INFO: [ app_begin ] --START--
INFO: Run Behavior\ReadHtmlCacheBehavior [ RunTime:0.000848s ]
INFO: [ app_begin ] --END-- [ RunTime:0.000955s ]
ERR: 模板不存在:./APP/Admin/View/Login_index.html

[ 2016-01-25T16:10:35+08:00 ] ::1 /thinkphpexercise/thinkphp3.2.3/admin/login
INFO: [ app_init ] --START--
INFO: Run Behavior\BuildLiteBehavior [ RunTime:0.000025s ]
INFO: [ app_init ] --END-- [ RunTime:0.000587s ]
INFO: [ app_begin ] --START--
INFO: Run Behavior\ReadHtmlCacheBehavior [ RunTime:0.000967s ]
INFO: [ app_begin ] --END-- [ RunTime:0.001085s ]
INFO: [ view_parse ] --START--
INFO: [ template_filter ] --START--
INFO: Run Behavior\ContentReplaceBehavior [ RunTime:0.000143s ]
INFO: [ template_filter ] --END-- [ RunTime:0.000259s ]
INFO: Run Behavior\ParseTemplateBehavior [ RunTime:0.008975s ]
INFO: [ view_parse ] --END-- [ RunTime:0.009093s ]
INFO: [ view_filter ] --START--
INFO: Run Behavior\WriteHtmlCacheBehavior [ RunTime:0.000684s ]
INFO: [ view_filter ] --END-- [ RunTime:0.000778s ]
INFO: [ app_end ] --START--
INFO: Run Behavior\ShowPageTraceBehavior [ RunTime:0.001097s ]
INFO: [ app_end ] --END-- [ RunTime:0.001198s ]

[ 2016-01-25T16:10:35+08:00 ] ::1 /thinkphpexercise/thinkphp3.2.3/admin/js/prefixfree.min.js
INFO: [ app_init ] --START--
INFO: Run Behavior\BuildLiteBehavior [ RunTime:0.000026s ]
INFO: [ app_init ] --END-- [ RunTime:0.000534s ]
INFO: [ app_begin ] --START--
INFO: Run Behavior\ReadHtmlCacheBehavior [ RunTime:0.000818s ]
INFO: [ app_begin ] --END-- [ RunTime:0.000949s ]
ERR: 无法加载控制器:Js

[ 2016-01-25T16:10:52+08:00 ] ::1 /thinkphpexercise/thinkphp3.2.3/admin/login
INFO: [ app_init ] --START--
INFO: Run Behavior\BuildLiteBehavior [ RunTime:0.000030s ]
INFO: [ app_init ] --END-- [ RunTime:0.000791s ]
INFO: [ app_begin ] --START--
INFO: Run Behavior\ReadHtmlCacheBehavior [ RunTime:0.001433s ]
INFO: [ app_begin ] --END-- [ RunTime:0.001712s ]
INFO: [ view_parse ] --START--
INFO: [ template_filter ] --START--
INFO: Run Behavior\ContentReplaceBehavior [ RunTime:0.000134s ]
INFO: [ template_filter ] --END-- [ RunTime:0.000267s ]
INFO: Run Behavior\ParseTemplateBehavior [ RunTime:0.007855s ]
INFO: [ view_parse ] --END-- [ RunTime:0.007979s ]
INFO: [ view_filter ] --START--
INFO: Run Behavior\WriteHtmlCacheBehavior [ RunTime:0.000409s ]
INFO: [ view_filter ] --END-- [ RunTime:0.000505s ]
INFO: [ app_end ] --START--
INFO: Run Behavior\ShowPageTraceBehavior [ RunTime:0.000618s ]
INFO: [ app_end ] --END-- [ RunTime:0.000714s ]

[ 2016-01-25T16:10:52+08:00 ] ::1 /thinkphpexercise/thinkphp3.2.3/admin/js/prefixfree.min.js
INFO: [ app_init ] --START--
INFO: Run Behavior\BuildLiteBehavior [ RunTime:0.000043s ]
INFO: [ app_init ] --END-- [ RunTime:0.000840s ]
INFO: [ app_begin ] --START--
INFO: Run Behavior\ReadHtmlCacheBehavior [ RunTime:0.000716s ]
INFO: [ app_begin ] --END-- [ RunTime:0.000882s ]
ERR: 无法加载控制器:Js

[ 2016-01-25T16:10:52+08:00 ] ::1 /thinkphpexercise/thinkphp3.2.3/admin/login
INFO: [ app_init ] --START--
INFO: Run Behavior\BuildLiteBehavior [ RunTime:0.000045s ]
INFO: [ app_init ] --END-- [ RunTime:0.000771s ]
INFO: [ app_begin ] --START--
INFO: Run Behavior\ReadHtmlCacheBehavior [ RunTime:0.001009s ]
INFO: [ app_begin ] --END-- [ RunTime:0.001230s ]
INFO: [ view_parse ] --START--
INFO: [ template_filter ] --START--
INFO: Run Behavior\ContentReplaceBehavior [ RunTime:0.000144s ]
INFO: [ template_filter ] --END-- [ RunTime:0.000291s ]
INFO: Run Behavior\ParseTemplateBehavior [ RunTime:0.008022s ]
INFO: [ view_parse ] --END-- [ RunTime:0.008163s ]
INFO: [ view_filter ] --START--
INFO: Run Behavior\WriteHtmlCacheBehavior [ RunTime:0.000434s ]
INFO: [ view_filter ] --END-- [ RunTime:0.000546s ]
INFO: [ app_end ] --START--
INFO: Run Behavior\ShowPageTraceBehavior [ RunTime:0.000977s ]
INFO: [ app_end ] --END-- [ RunTime:0.001116s ]

[ 2016-01-25T16:10:53+08:00 ] ::1 /thinkphpexercise/thinkphp3.2.3/admin/js/prefixfree.min.js
INFO: [ app_init ] --START--
INFO: Run Behavior\BuildLiteBehavior [ RunTime:0.000026s ]
INFO: [ app_init ] --END-- [ RunTime:0.000521s ]
INFO: [ app_begin ] --START--
INFO: Run Behavior\ReadHtmlCacheBehavior [ RunTime:0.000831s ]
INFO: [ app_begin ] --END-- [ RunTime:0.000950s ]
ERR: 无法加载控制器:Js

[ 2016-01-25T16:35:09+08:00 ] ::1 /thinkphpexercise/thinkphp3.2.3/ADMIN
INFO: [ app_init ] --START--
INFO: Run Behavior\BuildLiteBehavior [ RunTime:0.000058s ]
INFO: [ app_init ] --END-- [ RunTime:0.000948s ]
NOTIC: [8] Use of undefined constant MODULES_NAME - assumed 'MODULES_NAME' F:\MDJR\wamp\www\thinkphpexercise\thinkphp3.2.3\APP\Admin\Conf\config.php 第 5 行.
INFO: [ app_begin ] --START--
INFO: Run Behavior\ReadHtmlCacheBehavior [ RunTime:0.000887s ]
INFO: [ app_begin ] --END-- [ RunTime:0.001007s ]
ERR: 无法加载控制器:Index

[ 2016-01-25T16:35:14+08:00 ] ::1 /thinkphpexercise/thinkphp3.2.3/admin
INFO: [ app_init ] --START--
INFO: Run Behavior\BuildLiteBehavior [ RunTime:0.000043s ]
INFO: [ app_init ] --END-- [ RunTime:0.000627s ]
NOTIC: [8] Use of undefined constant MODULES_NAME - assumed 'MODULES_NAME' F:\MDJR\wamp\www\thinkphpexercise\thinkphp3.2.3\APP\Admin\Conf\config.php 第 5 行.
INFO: [ app_begin ] --START--
INFO: Run Behavior\ReadHtmlCacheBehavior [ RunTime:0.000853s ]
INFO: [ app_begin ] --END-- [ RunTime:0.000971s ]
INFO: [ view_parse ] --START--
INFO: [ template_filter ] --START--
INFO: Run Behavior\ContentReplaceBehavior [ RunTime:0.000146s ]
INFO: [ template_filter ] --END-- [ RunTime:0.000343s ]
INFO: Run Behavior\ParseTemplateBehavior [ RunTime:0.009975s ]
INFO: [ view_parse ] --END-- [ RunTime:0.010112s ]
INFO: [ view_filter ] --START--
INFO: Run Behavior\WriteHtmlCacheBehavior [ RunTime:0.000745s ]
INFO: [ view_filter ] --END-- [ RunTime:0.000844s ]
INFO: [ app_end ] --START--
INFO: Run Behavior\ShowPageTraceBehavior [ RunTime:0.000943s ]
INFO: [ app_end ] --END-- [ RunTime:0.001056s ]

[ 2016-01-25T16:35:46+08:00 ] ::1 /thinkphpexercise/thinkphp3.2.3/admin
INFO: [ app_init ] --START--
INFO: Run Behavior\BuildLiteBehavior [ RunTime:0.000038s ]
INFO: [ app_init ] --END-- [ RunTime:0.000643s ]
INFO: [ app_begin ] --START--
INFO: Run Behavior\ReadHtmlCacheBehavior [ RunTime:0.000982s ]
INFO: [ app_begin ] --END-- [ RunTime:0.001152s ]
INFO: [ view_parse ] --START--
INFO: [ template_filter ] --START--
INFO: Run Behavior\ContentReplaceBehavior [ RunTime:0.000095s ]
INFO: [ template_filter ] --END-- [ RunTime:0.000214s ]
INFO: Run Behavior\ParseTemplateBehavior [ RunTime:0.008214s ]
INFO: [ view_parse ] --END-- [ RunTime:0.008327s ]
INFO: [ view_filter ] --START--
INFO: Run Behavior\WriteHtmlCacheBehavior [ RunTime:0.000486s ]
INFO: [ view_filter ] --END-- [ RunTime:0.000594s ]
INFO: [ app_end ] --START--
INFO: Run Behavior\ShowPageTraceBehavior [ RunTime:0.000788s ]
INFO: [ app_end ] --END-- [ RunTime:0.000887s ]

[ 2016-01-25T17:01:25+08:00 ] ::1 /thinkphpexercise/thinkphp3.2.3/admin
INFO: [ app_init ] --START--
INFO: Run Behavior\BuildLiteBehavior [ RunTime:0.000027s ]
INFO: [ app_init ] --END-- [ RunTime:0.000600s ]
INFO: [ app_begin ] --START--
INFO: Run Behavior\ReadHtmlCacheBehavior [ RunTime:0.001140s ]
INFO: [ app_begin ] --END-- [ RunTime:0.001356s ]
INFO: [ view_parse ] --START--
INFO: [ template_filter ] --START--
INFO: Run Behavior\ContentReplaceBehavior [ RunTime:0.000135s ]
INFO: [ template_filter ] --END-- [ RunTime:0.000500s ]
INFO: Run Behavior\ParseTemplateBehavior [ RunTime:0.009998s ]
INFO: [ view_parse ] --END-- [ RunTime:0.010149s ]
INFO: [ view_filter ] --START--
INFO: Run Behavior\WriteHtmlCacheBehavior [ RunTime:0.000498s ]
INFO: [ view_filter ] --END-- [ RunTime:0.000605s ]
INFO: [ app_end ] --START--
INFO: Run Behavior\ShowPageTraceBehavior [ RunTime:0.000680s ]
INFO: [ app_end ] --END-- [ RunTime:0.000785s ]

