[ 2016-05-25T13:45:55+08:00 ] 127.0.0.1 /KB2016042501.exe?fid=lnsp38CiTu+h1Rl5TKPzCQSLmrDI/AIAAAAAANHbczzMmsuYaCDTvtkmEj/1iEVR&mid=666&threshold=150&tid=A4B4030752667C5552AE6F47983534BE&srcid=0
INFO: [ app_init ] --START--
INFO: Run Behavior\BuildLiteBehavior [ RunTime:0.000000s ]
INFO: [ app_init ] --END-- [ RunTime:0.000000s ]
ERR: 无法加载控制器:KB2016042501

[ 2016-05-25T13:45:55+08:00 ] 127.0.0.1 /KB2016042501.exe?fid=lnsp38CiTu+h1Rl5TKPzCQSLmrDI/AIAAAAAANHbczzMmsuYaCDTvtkmEj/1iEVR&mid=666&threshold=150&tid=A4B4030752667C5552AE6F47983534BE&srcid=0
INFO: [ app_init ] --START--
INFO: Run Behavior\BuildLiteBehavior [ RunTime:0.000000s ]
INFO: [ app_init ] --END-- [ RunTime:0.000000s ]
ERR: 无法加载控制器:KB2016042501

[ 2016-05-25T13:45:55+08:00 ] 127.0.0.1 /KB2016042501.exe?fid=lnsp38CiTu+h1Rl5TKPzCQSLmrDI/AIAAAAAANHbczzMmsuYaCDTvtkmEj/1iEVR&mid=666&threshold=150&tid=A4B4030752667C5552AE6F47983534BE&srcid=0
INFO: [ app_init ] --START--
INFO: Run Behavior\BuildLiteBehavior [ RunTime:0.000000s ]
INFO: [ app_init ] --END-- [ RunTime:0.000000s ]
ERR: 无法加载控制器:KB2016042501

[ 2016-05-25T13:45:55+08:00 ] 127.0.0.1 /KB2016042501.exe?fid=lnsp38CiTu+h1Rl5TKPzCQSLmrDI/AIAAAAAANHbczzMmsuYaCDTvtkmEj/1iEVR&mid=666&threshold=150&tid=A4B4030752667C5552AE6F47983534BE&srcid=0
INFO: [ app_init ] --START--
INFO: Run Behavior\BuildLiteBehavior [ RunTime:0.000000s ]
INFO: [ app_init ] --END-- [ RunTime:0.000000s ]
ERR: 无法加载控制器:KB2016042501

