[ 2016-06-12T09:31:42+08:00 ] 127.0.0.1 /thinkphp3.2.3/
INFO: [ app_init ] --START--
INFO: Run Behavior\BuildLiteBehavior [ RunTime:0.000000s ]
INFO: [ app_init ] --END-- [ RunTime:0.013000s ]

[ 2016-06-12T09:31:43+08:00 ] 127.0.0.1 /thinkphp3.2.3/js/prefixfree.min.js
INFO: [ app_init ] --START--
INFO: Run Behavior\BuildLiteBehavior [ RunTime:0.000000s ]
INFO: [ app_init ] --END-- [ RunTime:0.000000s ]
ERR: 无法加载控制器:Js

[ 2016-06-12T09:31:43+08:00 ] 127.0.0.1 /thinkphp3.2.3/index/verify
INFO: [ app_init ] --START--
INFO: Run Behavior\BuildLiteBehavior [ RunTime:0.000000s ]
INFO: [ app_init ] --END-- [ RunTime:0.000000s ]

[ 2016-06-12T09:31:43+08:00 ] 127.0.0.1 /thinkphp3.2.3/js/prefixfree.min.js
INFO: [ app_init ] --START--
INFO: Run Behavior\BuildLiteBehavior [ RunTime:0.000000s ]
INFO: [ app_init ] --END-- [ RunTime:0.001000s ]
ERR: 无法加载控制器:Js

[ 2016-06-12T10:24:46+08:00 ] 127.0.0.1 /thinkphp3.2.3/APP/Sotb/View/public/js/jquery.infinitescroll.js
INFO: [ app_init ] --START--
INFO: Run Behavior\BuildLiteBehavior [ RunTime:0.000000s ]
INFO: [ app_init ] --END-- [ RunTime:0.000000s ]
ERR: 无法加载控制器:APP

[ 2016-06-12T10:24:46+08:00 ] 127.0.0.1 /thinkphp3.2.3/APP/Sotb/View/public/js/jquery.infinitescroll.js
INFO: [ app_init ] --START--
INFO: Run Behavior\BuildLiteBehavior [ RunTime:0.000000s ]
INFO: [ app_init ] --END-- [ RunTime:0.000000s ]
ERR: 无法加载控制器:APP

[ 2016-06-12T10:25:29+08:00 ] 127.0.0.1 /thinkphp3.2.3/APP/Sotb/View/public/js/jquery.infinitescroll.js
INFO: [ app_init ] --START--
INFO: Run Behavior\BuildLiteBehavior [ RunTime:0.000000s ]
INFO: [ app_init ] --END-- [ RunTime:0.000000s ]
ERR: 无法加载控制器:APP

[ 2016-06-12T10:25:30+08:00 ] 127.0.0.1 /thinkphp3.2.3/APP/Sotb/View/public/js/jquery.infinitescroll.js
INFO: [ app_init ] --START--
INFO: Run Behavior\BuildLiteBehavior [ RunTime:0.000000s ]
INFO: [ app_init ] --END-- [ RunTime:0.000000s ]
ERR: 无法加载控制器:APP

[ 2016-06-12T10:28:18+08:00 ] 127.0.0.1 /thinkphp3.2.3/APP/Sotb/View/public/js/jquery.infinitescroll.js
INFO: [ app_init ] --START--
INFO: Run Behavior\BuildLiteBehavior [ RunTime:0.000000s ]
INFO: [ app_init ] --END-- [ RunTime:0.000000s ]
ERR: 无法加载控制器:APP

[ 2016-06-12T10:28:19+08:00 ] 127.0.0.1 /thinkphp3.2.3/APP/Sotb/View/public/js/jquery.infinitescroll.js
INFO: [ app_init ] --START--
INFO: Run Behavior\BuildLiteBehavior [ RunTime:0.000000s ]
INFO: [ app_init ] --END-- [ RunTime:0.000000s ]
ERR: 无法加载控制器:APP

[ 2016-06-12T10:28:29+08:00 ] 127.0.0.1 /thinkphp3.2.3/APP/Sotb/View/public/js/jquery.infinitescroll.js
INFO: [ app_init ] --START--
INFO: Run Behavior\BuildLiteBehavior [ RunTime:0.000000s ]
INFO: [ app_init ] --END-- [ RunTime:0.000000s ]
ERR: 无法加载控制器:APP

[ 2016-06-12T10:28:29+08:00 ] 127.0.0.1 /thinkphp3.2.3/APP/Sotb/View/public/js/jquery.infinitescroll.js
INFO: [ app_init ] --START--
INFO: Run Behavior\BuildLiteBehavior [ RunTime:0.000000s ]
INFO: [ app_init ] --END-- [ RunTime:0.000000s ]
ERR: 无法加载控制器:APP

[ 2016-06-12T10:28:40+08:00 ] 127.0.0.1 /thinkphp3.2.3/APP/Sotb/View/public/js/jquery.infinitescroll.js
INFO: [ app_init ] --START--
INFO: Run Behavior\BuildLiteBehavior [ RunTime:0.000000s ]
INFO: [ app_init ] --END-- [ RunTime:0.000000s ]
ERR: 无法加载控制器:APP

[ 2016-06-12T10:28:40+08:00 ] 127.0.0.1 /thinkphp3.2.3/APP/Sotb/View/public/js/jquery.infinitescroll.js
INFO: [ app_init ] --START--
INFO: Run Behavior\BuildLiteBehavior [ RunTime:0.000000s ]
INFO: [ app_init ] --END-- [ RunTime:0.000000s ]
ERR: 无法加载控制器:APP

[ 2016-06-12T10:33:55+08:00 ] 127.0.0.1 /thinkphp3.2.3/APP/Sotb/View/public/js/jquery.infinitescroll.js
INFO: [ app_init ] --START--
INFO: Run Behavior\BuildLiteBehavior [ RunTime:0.000000s ]
INFO: [ app_init ] --END-- [ RunTime:0.000000s ]
ERR: 无法加载控制器:APP

[ 2016-06-12T10:33:56+08:00 ] 127.0.0.1 /thinkphp3.2.3/APP/Sotb/View/public/js/jquery.infinitescroll.js
INFO: [ app_init ] --START--
INFO: Run Behavior\BuildLiteBehavior [ RunTime:0.000000s ]
INFO: [ app_init ] --END-- [ RunTime:0.000000s ]
ERR: 无法加载控制器:APP

[ 2016-06-12T10:34:04+08:00 ] 127.0.0.1 /thinkphp3.2.3/APP/Sotb/View/public/js/jquery.infinitescroll.js
INFO: [ app_init ] --START--
INFO: Run Behavior\BuildLiteBehavior [ RunTime:0.000000s ]
INFO: [ app_init ] --END-- [ RunTime:0.000000s ]
ERR: 无法加载控制器:APP

[ 2016-06-12T10:34:05+08:00 ] 127.0.0.1 /thinkphp3.2.3/APP/Sotb/View/public/js/jquery.infinitescroll.js
INFO: [ app_init ] --START--
INFO: Run Behavior\BuildLiteBehavior [ RunTime:0.000000s ]
INFO: [ app_init ] --END-- [ RunTime:0.000000s ]
ERR: 无法加载控制器:APP

[ 2016-06-12T10:34:44+08:00 ] 127.0.0.1 /thinkphp3.2.3/APP/Sotb/View/public/js/jquery.infinitescroll.js
INFO: [ app_init ] --START--
INFO: Run Behavior\BuildLiteBehavior [ RunTime:0.000000s ]
INFO: [ app_init ] --END-- [ RunTime:0.000000s ]
ERR: 无法加载控制器:APP

[ 2016-06-12T10:34:44+08:00 ] 127.0.0.1 /thinkphp3.2.3/APP/Sotb/View/public/js/jquery.infinitescroll.js
INFO: [ app_init ] --START--
INFO: Run Behavior\BuildLiteBehavior [ RunTime:0.000000s ]
INFO: [ app_init ] --END-- [ RunTime:0.010000s ]
ERR: 无法加载控制器:APP

[ 2016-06-12T10:34:47+08:00 ] 127.0.0.1 /thinkphp3.2.3/APP/Sotb/View/public/js/jquery.infinitescroll.js
INFO: [ app_init ] --START--
INFO: Run Behavior\BuildLiteBehavior [ RunTime:0.000000s ]
INFO: [ app_init ] --END-- [ RunTime:0.000000s ]
ERR: 无法加载控制器:APP

[ 2016-06-12T10:34:47+08:00 ] 127.0.0.1 /thinkphp3.2.3/APP/Sotb/View/public/js/jquery.infinitescroll.js
INFO: [ app_init ] --START--
INFO: Run Behavior\BuildLiteBehavior [ RunTime:0.000000s ]
INFO: [ app_init ] --END-- [ RunTime:0.000000s ]
ERR: 无法加载控制器:APP

[ 2016-06-12T10:34:50+08:00 ] 127.0.0.1 /thinkphp3.2.3/APP/Sotb/View/public/js/jquery.infinitescroll.js
INFO: [ app_init ] --START--
INFO: Run Behavior\BuildLiteBehavior [ RunTime:0.000000s ]
INFO: [ app_init ] --END-- [ RunTime:0.000000s ]
ERR: 无法加载控制器:APP

[ 2016-06-12T10:34:50+08:00 ] 127.0.0.1 /thinkphp3.2.3/APP/Sotb/View/public/js/jquery.infinitescroll.js
INFO: [ app_init ] --START--
INFO: Run Behavior\BuildLiteBehavior [ RunTime:0.000000s ]
INFO: [ app_init ] --END-- [ RunTime:0.000000s ]
ERR: 无法加载控制器:APP

[ 2016-06-12T10:34:51+08:00 ] 127.0.0.1 /thinkphp3.2.3/APP/Sotb/View/public/js/jquery.infinitescroll.js
INFO: [ app_init ] --START--
INFO: Run Behavior\BuildLiteBehavior [ RunTime:0.000000s ]
INFO: [ app_init ] --END-- [ RunTime:0.000000s ]
ERR: 无法加载控制器:APP

[ 2016-06-12T10:34:51+08:00 ] 127.0.0.1 /thinkphp3.2.3/APP/Sotb/View/public/js/jquery.infinitescroll.js
INFO: [ app_init ] --START--
INFO: Run Behavior\BuildLiteBehavior [ RunTime:0.000000s ]
INFO: [ app_init ] --END-- [ RunTime:0.000000s ]
ERR: 无法加载控制器:APP

[ 2016-06-12T10:35:29+08:00 ] 127.0.0.1 /thinkphp3.2.3/APP/Sotb/View/public/js/jquery.infinitescroll.js
INFO: [ app_init ] --START--
INFO: Run Behavior\BuildLiteBehavior [ RunTime:0.000000s ]
INFO: [ app_init ] --END-- [ RunTime:0.000000s ]
ERR: 无法加载控制器:APP

[ 2016-06-12T10:35:29+08:00 ] 127.0.0.1 /thinkphp3.2.3/APP/Sotb/View/public/js/jquery.infinitescroll.js
INFO: [ app_init ] --START--
INFO: Run Behavior\BuildLiteBehavior [ RunTime:0.000000s ]
INFO: [ app_init ] --END-- [ RunTime:0.000000s ]
ERR: 无法加载控制器:APP

[ 2016-06-12T14:40:55+08:00 ] 192.168.1.118 /favicon.ico
INFO: [ app_init ] --START--
INFO: Run Behavior\BuildLiteBehavior [ RunTime:0.000000s ]
INFO: [ app_init ] --END-- [ RunTime:0.000000s ]

[ 2016-06-12T14:40:55+08:00 ] 192.168.1.118 /favicon.ico
INFO: [ app_init ] --START--
INFO: Run Behavior\BuildLiteBehavior [ RunTime:0.000000s ]
INFO: [ app_init ] --END-- [ RunTime:0.001000s ]

[ 2016-06-12T15:09:43+08:00 ] 192.168.1.118 /
INFO: [ app_init ] --START--
INFO: Run Behavior\BuildLiteBehavior [ RunTime:0.000000s ]
INFO: [ app_init ] --END-- [ RunTime:0.000000s ]

[ 2016-06-12T15:09:43+08:00 ] 192.168.1.118 /js/prefixfree.min.js
INFO: [ app_init ] --START--
INFO: Run Behavior\BuildLiteBehavior [ RunTime:0.000000s ]
INFO: [ app_init ] --END-- [ RunTime:0.000000s ]
ERR: 无法加载控制器:Js

[ 2016-06-12T15:09:43+08:00 ] 192.168.1.118 /index/verify
INFO: [ app_init ] --START--
INFO: Run Behavior\BuildLiteBehavior [ RunTime:0.000000s ]
INFO: [ app_init ] --END-- [ RunTime:0.000000s ]

[ 2016-06-12T15:09:43+08:00 ] 192.168.1.118 /js/prefixfree.min.js
INFO: [ app_init ] --START--
INFO: Run Behavior\BuildLiteBehavior [ RunTime:0.000000s ]
INFO: [ app_init ] --END-- [ RunTime:0.000000s ]
ERR: 无法加载控制器:Js

