[ 2016-02-22T12:59:57+08:00 ] ::1 /thinkphpexercise/thinkphp3.2.3/admin/
INFO: [ app_init ] --START--
INFO: Run Behavior\BuildLiteBehavior [ RunTime:0.000027s ]
INFO: [ app_init ] --END-- [ RunTime:0.000545s ]
INFO: [ app_begin ] --START--
INFO: Run Behavior\ReadHtmlCacheBehavior [ RunTime:0.000588s ]
INFO: [ app_begin ] --END-- [ RunTime:0.000713s ]
INFO: [ view_parse ] --START--
INFO: [ template_filter ] --START--
INFO: Run Behavior\ContentReplaceBehavior [ RunTime:0.000106s ]
INFO: [ template_filter ] --END-- [ RunTime:0.000248s ]
INFO: Run Behavior\ParseTemplateBehavior [ RunTime:0.055769s ]
INFO: [ view_parse ] --END-- [ RunTime:0.055909s ]
INFO: [ view_filter ] --START--
INFO: Run Behavior\WriteHtmlCacheBehavior [ RunTime:0.000518s ]
INFO: [ view_filter ] --END-- [ RunTime:0.000666s ]
INFO: [ app_end ] --START--
INFO: Run Behavior\ShowPageTraceBehavior [ RunTime:0.000632s ]
INFO: [ app_end ] --END-- [ RunTime:0.000724s ]

[ 2016-02-22T12:59:57+08:00 ] ::1 /thinkphpexercise/thinkphp3.2.3/admin/js/prefixfree.min.js
INFO: [ app_init ] --START--
INFO: Run Behavior\BuildLiteBehavior [ RunTime:0.000024s ]
INFO: [ app_init ] --END-- [ RunTime:0.000481s ]
INFO: [ app_begin ] --START--
INFO: Run Behavior\ReadHtmlCacheBehavior [ RunTime:0.000567s ]
INFO: [ app_begin ] --END-- [ RunTime:0.000682s ]
ERR: 无法加载控制器:Js

[ 2016-02-22T12:59:58+08:00 ] ::1 /thinkphpexercise/thinkphp3.2.3/index.php/Admin/index/verify
INFO: [ app_init ] --START--
INFO: Run Behavior\BuildLiteBehavior [ RunTime:0.000026s ]
INFO: [ app_init ] --END-- [ RunTime:0.000554s ]
INFO: [ app_begin ] --START--
INFO: Run Behavior\ReadHtmlCacheBehavior [ RunTime:0.000738s ]
INFO: [ app_begin ] --END-- [ RunTime:0.000867s ]
NOTIC: [2048] Non-static method Admin\Controller\ValidateCode::createCode() should not be called statically, assuming $this from incompatible context F:\MDJR\wamp\www\thinkphpexercise\thinkphp3.2.3\APP\Admin\Controller\IndexController.class.php 第 57 行.
NOTIC: [8] Undefined variable: code F:\MDJR\wamp\www\thinkphpexercise\thinkphp3.2.3\APP\Admin\extends\ValidateCode.class.php 第 28 行.
NOTIC: [2] imagettftext() [<a href='function.imagettftext'>function.imagettftext</a>]: Could not find/open font F:\MDJR\wamp\www\thinkphpexercise\thinkphp3.2.3\APP\Admin\extends\ValidateCode.class.php 第 40 行.
NOTIC: [2] imagettftext() [<a href='function.imagettftext'>function.imagettftext</a>]: Could not find/open font F:\MDJR\wamp\www\thinkphpexercise\thinkphp3.2.3\APP\Admin\extends\ValidateCode.class.php 第 40 行.
NOTIC: [2] imagettftext() [<a href='function.imagettftext'>function.imagettftext</a>]: Could not find/open font F:\MDJR\wamp\www\thinkphpexercise\thinkphp3.2.3\APP\Admin\extends\ValidateCode.class.php 第 40 行.
NOTIC: [2] imagettftext() [<a href='function.imagettftext'>function.imagettftext</a>]: Could not find/open font F:\MDJR\wamp\www\thinkphpexercise\thinkphp3.2.3\APP\Admin\extends\ValidateCode.class.php 第 40 行.
NOTIC: [2] imagettftext() [<a href='function.imagettftext'>function.imagettftext</a>]: Could not find/open font F:\MDJR\wamp\www\thinkphpexercise\thinkphp3.2.3\APP\Admin\extends\ValidateCode.class.php 第 40 行.
INFO: [ app_end ] --START--
INFO: Run Behavior\ShowPageTraceBehavior [ RunTime:0.000876s ]
INFO: [ app_end ] --END-- [ RunTime:0.000991s ]

[ 2016-02-22T12:59:58+08:00 ] ::1 /thinkphpexercise/thinkphp3.2.3/admin/js/prefixfree.min.js
INFO: [ app_init ] --START--
INFO: Run Behavior\BuildLiteBehavior [ RunTime:0.000027s ]
INFO: [ app_init ] --END-- [ RunTime:0.000490s ]
INFO: [ app_begin ] --START--
INFO: Run Behavior\ReadHtmlCacheBehavior [ RunTime:0.000713s ]
INFO: [ app_begin ] --END-- [ RunTime:0.000867s ]
ERR: 无法加载控制器:Js

[ 2016-02-22T13:00:04+08:00 ] ::1 /thinkphpexercise/thinkphp3.2.3/index.php/Admin/index/verify/0.12812890374533603
INFO: [ app_init ] --START--
INFO: Run Behavior\BuildLiteBehavior [ RunTime:0.000052s ]
INFO: [ app_init ] --END-- [ RunTime:0.001035s ]
INFO: [ app_begin ] --START--
INFO: Run Behavior\ReadHtmlCacheBehavior [ RunTime:0.000962s ]
INFO: [ app_begin ] --END-- [ RunTime:0.001163s ]
NOTIC: [2048] Non-static method Admin\Controller\ValidateCode::createCode() should not be called statically, assuming $this from incompatible context F:\MDJR\wamp\www\thinkphpexercise\thinkphp3.2.3\APP\Admin\Controller\IndexController.class.php 第 57 行.
NOTIC: [8] Undefined variable: code F:\MDJR\wamp\www\thinkphpexercise\thinkphp3.2.3\APP\Admin\extends\ValidateCode.class.php 第 28 行.
NOTIC: [2] imagettftext() [<a href='function.imagettftext'>function.imagettftext</a>]: Could not find/open font F:\MDJR\wamp\www\thinkphpexercise\thinkphp3.2.3\APP\Admin\extends\ValidateCode.class.php 第 40 行.
NOTIC: [2] imagettftext() [<a href='function.imagettftext'>function.imagettftext</a>]: Could not find/open font F:\MDJR\wamp\www\thinkphpexercise\thinkphp3.2.3\APP\Admin\extends\ValidateCode.class.php 第 40 行.
NOTIC: [2] imagettftext() [<a href='function.imagettftext'>function.imagettftext</a>]: Could not find/open font F:\MDJR\wamp\www\thinkphpexercise\thinkphp3.2.3\APP\Admin\extends\ValidateCode.class.php 第 40 行.
NOTIC: [2] imagettftext() [<a href='function.imagettftext'>function.imagettftext</a>]: Could not find/open font F:\MDJR\wamp\www\thinkphpexercise\thinkphp3.2.3\APP\Admin\extends\ValidateCode.class.php 第 40 行.
NOTIC: [2] imagettftext() [<a href='function.imagettftext'>function.imagettftext</a>]: Could not find/open font F:\MDJR\wamp\www\thinkphpexercise\thinkphp3.2.3\APP\Admin\extends\ValidateCode.class.php 第 40 行.
INFO: [ app_end ] --START--
INFO: Run Behavior\ShowPageTraceBehavior [ RunTime:0.000853s ]
INFO: [ app_end ] --END-- [ RunTime:0.000977s ]

[ 2016-02-22T13:04:14+08:00 ] ::1 /thinkphpexercise/thinkphp3.2.3/admin/
INFO: [ app_init ] --START--
INFO: Run Behavior\BuildLiteBehavior [ RunTime:0.000027s ]
INFO: [ app_init ] --END-- [ RunTime:0.000631s ]

[ 2016-02-22T13:04:15+08:00 ] ::1 /thinkphpexercise/thinkphp3.2.3/admin/
INFO: [ app_init ] --START--
INFO: Run Behavior\BuildLiteBehavior [ RunTime:0.000029s ]
INFO: [ app_init ] --END-- [ RunTime:0.000606s ]

[ 2016-02-22T13:06:12+08:00 ] ::1 /thinkphpexercise/thinkphp3.2.3/admin/
INFO: [ app_init ] --START--
INFO: Run Behavior\BuildLiteBehavior [ RunTime:0.000028s ]
INFO: [ app_init ] --END-- [ RunTime:0.000576s ]

[ 2016-02-22T17:17:46+08:00 ] ::1 /thinkphpexercise/thinkphp3.2.3/admin/
INFO: [ app_init ] --START--
INFO: Run Behavior\BuildLiteBehavior [ RunTime:0.000025s ]
INFO: [ app_init ] --END-- [ RunTime:0.000553s ]
INFO: [ app_begin ] --START--
INFO: Run Behavior\ReadHtmlCacheBehavior [ RunTime:0.000640s ]
INFO: [ app_begin ] --END-- [ RunTime:0.000757s ]
INFO: [ view_parse ] --START--
INFO: [ template_filter ] --START--
INFO: Run Behavior\ContentReplaceBehavior [ RunTime:0.000091s ]
INFO: [ template_filter ] --END-- [ RunTime:0.000205s ]
INFO: Run Behavior\ParseTemplateBehavior [ RunTime:0.008185s ]
INFO: [ view_parse ] --END-- [ RunTime:0.008312s ]
INFO: [ view_filter ] --START--
INFO: Run Behavior\WriteHtmlCacheBehavior [ RunTime:0.000459s ]
INFO: [ view_filter ] --END-- [ RunTime:0.000555s ]
INFO: [ app_end ] --START--
INFO: Run Behavior\ShowPageTraceBehavior [ RunTime:0.000672s ]
INFO: [ app_end ] --END-- [ RunTime:0.000766s ]

[ 2016-02-22T17:17:46+08:00 ] ::1 /thinkphpexercise/thinkphp3.2.3/admin/js/prefixfree.min.js
INFO: [ app_init ] --START--
INFO: Run Behavior\BuildLiteBehavior [ RunTime:0.000030s ]
INFO: [ app_init ] --END-- [ RunTime:0.000511s ]
INFO: [ app_begin ] --START--
INFO: Run Behavior\ReadHtmlCacheBehavior [ RunTime:0.000613s ]
INFO: [ app_begin ] --END-- [ RunTime:0.000755s ]
ERR: 无法加载控制器:Js

[ 2016-02-22T17:17:46+08:00 ] ::1 /thinkphpexercise/thinkphp3.2.3/index.php/Admin/index/verify
INFO: [ app_init ] --START--
INFO: Run Behavior\BuildLiteBehavior [ RunTime:0.000028s ]
INFO: [ app_init ] --END-- [ RunTime:0.000647s ]
INFO: [ app_begin ] --START--
INFO: Run Behavior\ReadHtmlCacheBehavior [ RunTime:0.000671s ]
INFO: [ app_begin ] --END-- [ RunTime:0.000797s ]
NOTIC: [2048] Non-static method Admin\Controller\ValidateCode::createCode() should not be called statically, assuming $this from incompatible context F:\MDJR\wamp\www\thinkphpexercise\thinkphp3.2.3\APP\Admin\Controller\IndexController.class.php 第 57 行.
NOTIC: [8] Undefined variable: code F:\MDJR\wamp\www\thinkphpexercise\thinkphp3.2.3\APP\Admin\extends\ValidateCode.class.php 第 28 行.
INFO: [ app_end ] --START--
INFO: Run Behavior\ShowPageTraceBehavior [ RunTime:0.000835s ]
INFO: [ app_end ] --END-- [ RunTime:0.000966s ]

[ 2016-02-22T17:17:47+08:00 ] ::1 /thinkphpexercise/thinkphp3.2.3/index.php/Admin/index/verify/0.6768249862513415
INFO: [ app_init ] --START--
INFO: Run Behavior\BuildLiteBehavior [ RunTime:0.000029s ]
INFO: [ app_init ] --END-- [ RunTime:0.000683s ]
INFO: [ app_begin ] --START--
INFO: Run Behavior\ReadHtmlCacheBehavior [ RunTime:0.000843s ]
INFO: [ app_begin ] --END-- [ RunTime:0.001046s ]
NOTIC: [2048] Non-static method Admin\Controller\ValidateCode::createCode() should not be called statically, assuming $this from incompatible context F:\MDJR\wamp\www\thinkphpexercise\thinkphp3.2.3\APP\Admin\Controller\IndexController.class.php 第 57 行.
NOTIC: [8] Undefined variable: code F:\MDJR\wamp\www\thinkphpexercise\thinkphp3.2.3\APP\Admin\extends\ValidateCode.class.php 第 28 行.
INFO: [ app_end ] --START--
INFO: Run Behavior\ShowPageTraceBehavior [ RunTime:0.000840s ]
INFO: [ app_end ] --END-- [ RunTime:0.001002s ]

[ 2016-02-22T17:17:48+08:00 ] ::1 /thinkphpexercise/thinkphp3.2.3/index.php/Admin/index/verify/0.6711835064083326
INFO: [ app_init ] --START--
INFO: Run Behavior\BuildLiteBehavior [ RunTime:0.000026s ]
INFO: [ app_init ] --END-- [ RunTime:0.000552s ]
INFO: [ app_begin ] --START--
INFO: Run Behavior\ReadHtmlCacheBehavior [ RunTime:0.000587s ]
INFO: [ app_begin ] --END-- [ RunTime:0.000706s ]
NOTIC: [2048] Non-static method Admin\Controller\ValidateCode::createCode() should not be called statically, assuming $this from incompatible context F:\MDJR\wamp\www\thinkphpexercise\thinkphp3.2.3\APP\Admin\Controller\IndexController.class.php 第 57 行.
NOTIC: [8] Undefined variable: code F:\MDJR\wamp\www\thinkphpexercise\thinkphp3.2.3\APP\Admin\extends\ValidateCode.class.php 第 28 行.
INFO: [ app_end ] --START--
INFO: Run Behavior\ShowPageTraceBehavior [ RunTime:0.000636s ]
INFO: [ app_end ] --END-- [ RunTime:0.000759s ]

[ 2016-02-22T17:17:48+08:00 ] ::1 /thinkphpexercise/thinkphp3.2.3/index.php/Admin/index/verify/0.9830769096794315
INFO: [ app_init ] --START--
INFO: Run Behavior\BuildLiteBehavior [ RunTime:0.000028s ]
INFO: [ app_init ] --END-- [ RunTime:0.000574s ]
INFO: [ app_begin ] --START--
INFO: Run Behavior\ReadHtmlCacheBehavior [ RunTime:0.000660s ]
INFO: [ app_begin ] --END-- [ RunTime:0.000786s ]
NOTIC: [2048] Non-static method Admin\Controller\ValidateCode::createCode() should not be called statically, assuming $this from incompatible context F:\MDJR\wamp\www\thinkphpexercise\thinkphp3.2.3\APP\Admin\Controller\IndexController.class.php 第 57 行.
NOTIC: [8] Undefined variable: code F:\MDJR\wamp\www\thinkphpexercise\thinkphp3.2.3\APP\Admin\extends\ValidateCode.class.php 第 28 行.
INFO: [ app_end ] --START--
INFO: Run Behavior\ShowPageTraceBehavior [ RunTime:0.000801s ]
INFO: [ app_end ] --END-- [ RunTime:0.000947s ]

[ 2016-02-22T17:19:41+08:00 ] ::1 /thinkphpexercise/thinkphp3.2.3/index.php/Admin/index/login
INFO: [ app_init ] --START--
INFO: Run Behavior\BuildLiteBehavior [ RunTime:0.000028s ]
INFO: [ app_init ] --END-- [ RunTime:0.000534s ]
INFO: [ app_begin ] --START--
INFO: Run Behavior\ReadHtmlCacheBehavior [ RunTime:0.000582s ]
INFO: [ app_begin ] --END-- [ RunTime:0.000755s ]
SQL: SELECT * FROM `md_member` WHERE `username` = 'admin' AND `password` = 'e10adc3949ba59abbe56e057f20f883e' LIMIT 1   [ RunTime:0.0516s ]
SQL: UPDATE `md_member` SET `update_at`='1456132781',`login_ip`='0.0.0.0' WHERE `id` = 1 [ RunTime:0.0711s ]
INFO: [ view_parse ] --START--
INFO: [ template_filter ] --START--
INFO: Run Behavior\ContentReplaceBehavior [ RunTime:0.000087s ]
INFO: [ template_filter ] --END-- [ RunTime:0.000229s ]
INFO: Run Behavior\ParseTemplateBehavior [ RunTime:0.017984s ]
INFO: [ view_parse ] --END-- [ RunTime:0.018147s ]
INFO: [ view_filter ] --START--
INFO: Run Behavior\WriteHtmlCacheBehavior [ RunTime:0.000342s ]
INFO: [ view_filter ] --END-- [ RunTime:0.000453s ]
INFO: [ app_end ] --START--
INFO: Run Behavior\ShowPageTraceBehavior [ RunTime:0.000552s ]
INFO: [ app_end ] --END-- [ RunTime:0.000647s ]

[ 2016-02-22T17:19:42+08:00 ] ::1 /thinkphpexercise/thinkphp3.2.3/index.php/Admin/Main/index
INFO: [ app_init ] --START--
INFO: Run Behavior\BuildLiteBehavior [ RunTime:0.000068s ]
INFO: [ app_init ] --END-- [ RunTime:0.000954s ]
INFO: [ app_begin ] --START--
INFO: Run Behavior\ReadHtmlCacheBehavior [ RunTime:0.000750s ]
INFO: [ app_begin ] --END-- [ RunTime:0.000896s ]
INFO: [ view_parse ] --START--
INFO: [ template_filter ] --START--
INFO: Run Behavior\ContentReplaceBehavior [ RunTime:0.000095s ]
INFO: [ template_filter ] --END-- [ RunTime:0.000220s ]
INFO: Run Behavior\ParseTemplateBehavior [ RunTime:0.025369s ]
INFO: [ view_parse ] --END-- [ RunTime:0.025506s ]
INFO: [ view_filter ] --START--
INFO: Run Behavior\WriteHtmlCacheBehavior [ RunTime:0.000373s ]
INFO: [ view_filter ] --END-- [ RunTime:0.000474s ]
INFO: [ app_end ] --START--
INFO: Run Behavior\ShowPageTraceBehavior [ RunTime:0.000535s ]
INFO: [ app_end ] --END-- [ RunTime:0.000631s ]

[ 2016-02-22T17:19:46+08:00 ] ::1 /thinkphpexercise/thinkphp3.2.3/index.php/Admin/system/verify
INFO: [ app_init ] --START--
INFO: Run Behavior\BuildLiteBehavior [ RunTime:0.000026s ]
INFO: [ app_init ] --END-- [ RunTime:0.000645s ]
INFO: [ app_begin ] --START--
INFO: Run Behavior\ReadHtmlCacheBehavior [ RunTime:0.000536s ]
INFO: [ app_begin ] --END-- [ RunTime:0.000648s ]
INFO: [ view_parse ] --START--
INFO: [ template_filter ] --START--
INFO: Run Behavior\ContentReplaceBehavior [ RunTime:0.000085s ]
INFO: [ template_filter ] --END-- [ RunTime:0.000212s ]
INFO: Run Behavior\ParseTemplateBehavior [ RunTime:0.008108s ]
INFO: [ view_parse ] --END-- [ RunTime:0.008285s ]
INFO: [ view_filter ] --START--
INFO: Run Behavior\WriteHtmlCacheBehavior [ RunTime:0.000522s ]
INFO: [ view_filter ] --END-- [ RunTime:0.000666s ]
INFO: [ app_end ] --START--
INFO: Run Behavior\ShowPageTraceBehavior [ RunTime:0.000591s ]
INFO: [ app_end ] --END-- [ RunTime:0.000692s ]

[ 2016-02-22T17:20:50+08:00 ] ::1 /thinkphpexercise/thinkphp3.2.3/index.php/Admin/Main/index
INFO: [ app_init ] --START--
INFO: Run Behavior\BuildLiteBehavior [ RunTime:0.000030s ]
INFO: [ app_init ] --END-- [ RunTime:0.000670s ]
INFO: [ app_begin ] --START--
INFO: Run Behavior\ReadHtmlCacheBehavior [ RunTime:0.000879s ]
INFO: [ app_begin ] --END-- [ RunTime:0.001037s ]
INFO: [ view_parse ] --START--
INFO: [ template_filter ] --START--
INFO: Run Behavior\ContentReplaceBehavior [ RunTime:0.000095s ]
INFO: [ template_filter ] --END-- [ RunTime:0.000221s ]
INFO: Run Behavior\ParseTemplateBehavior [ RunTime:0.010628s ]
INFO: [ view_parse ] --END-- [ RunTime:0.010776s ]
INFO: [ view_filter ] --START--
INFO: Run Behavior\WriteHtmlCacheBehavior [ RunTime:0.000495s ]
INFO: [ view_filter ] --END-- [ RunTime:0.000594s ]
INFO: [ app_end ] --START--
INFO: Run Behavior\ShowPageTraceBehavior [ RunTime:0.000802s ]
INFO: [ app_end ] --END-- [ RunTime:0.000901s ]

[ 2016-02-22T17:21:05+08:00 ] ::1 /thinkphpexercise/thinkphp3.2.3/index.php/Admin/Main/index
INFO: [ app_init ] --START--
INFO: Run Behavior\BuildLiteBehavior [ RunTime:0.000047s ]
INFO: [ app_init ] --END-- [ RunTime:0.001033s ]
INFO: [ app_begin ] --START--
INFO: Run Behavior\ReadHtmlCacheBehavior [ RunTime:0.000862s ]
INFO: [ app_begin ] --END-- [ RunTime:0.000999s ]
INFO: [ view_parse ] --START--
INFO: [ template_filter ] --START--
INFO: Run Behavior\ContentReplaceBehavior [ RunTime:0.000104s ]
INFO: [ template_filter ] --END-- [ RunTime:0.000236s ]
INFO: Run Behavior\ParseTemplateBehavior [ RunTime:0.010551s ]
INFO: [ view_parse ] --END-- [ RunTime:0.010692s ]
INFO: [ view_filter ] --START--
INFO: Run Behavior\WriteHtmlCacheBehavior [ RunTime:0.001530s ]
INFO: [ view_filter ] --END-- [ RunTime:0.001657s ]
INFO: [ app_end ] --START--
INFO: Run Behavior\ShowPageTraceBehavior [ RunTime:0.000866s ]
INFO: [ app_end ] --END-- [ RunTime:0.000970s ]

[ 2016-02-22T17:21:08+08:00 ] ::1 /thinkphpexercise/thinkphp3.2.3/index.php/Admin/system/verify
INFO: [ app_init ] --START--
INFO: Run Behavior\BuildLiteBehavior [ RunTime:0.000030s ]
INFO: [ app_init ] --END-- [ RunTime:0.000574s ]
INFO: [ app_begin ] --START--
INFO: Run Behavior\ReadHtmlCacheBehavior [ RunTime:0.001017s ]
INFO: [ app_begin ] --END-- [ RunTime:0.001240s ]
INFO: [ view_parse ] --START--
INFO: [ template_filter ] --START--
INFO: Run Behavior\ContentReplaceBehavior [ RunTime:0.000163s ]
INFO: [ template_filter ] --END-- [ RunTime:0.000386s ]
INFO: Run Behavior\ParseTemplateBehavior [ RunTime:0.008956s ]
INFO: [ view_parse ] --END-- [ RunTime:0.009098s ]
INFO: [ view_filter ] --START--
INFO: Run Behavior\WriteHtmlCacheBehavior [ RunTime:0.000385s ]
INFO: [ view_filter ] --END-- [ RunTime:0.000518s ]
INFO: [ app_end ] --START--
INFO: Run Behavior\ShowPageTraceBehavior [ RunTime:0.000689s ]
INFO: [ app_end ] --END-- [ RunTime:0.000813s ]

[ 2016-02-22T17:22:28+08:00 ] ::1 /thinkphpexercise/thinkphp3.2.3/index.php/Admin/system/verify
INFO: [ app_init ] --START--
INFO: Run Behavior\BuildLiteBehavior [ RunTime:0.000028s ]
INFO: [ app_init ] --END-- [ RunTime:0.000583s ]
INFO: [ app_begin ] --START--
INFO: Run Behavior\ReadHtmlCacheBehavior [ RunTime:0.001254s ]
INFO: [ app_begin ] --END-- [ RunTime:0.001498s ]
INFO: [ view_parse ] --START--
INFO: [ template_filter ] --START--
INFO: Run Behavior\ContentReplaceBehavior [ RunTime:0.000082s ]
INFO: [ template_filter ] --END-- [ RunTime:0.000195s ]
INFO: Run Behavior\ParseTemplateBehavior [ RunTime:0.006798s ]
INFO: [ view_parse ] --END-- [ RunTime:0.006911s ]
INFO: [ view_filter ] --START--
INFO: Run Behavior\WriteHtmlCacheBehavior [ RunTime:0.000333s ]
INFO: [ view_filter ] --END-- [ RunTime:0.000427s ]
INFO: [ app_end ] --START--
INFO: Run Behavior\ShowPageTraceBehavior [ RunTime:0.000590s ]
INFO: [ app_end ] --END-- [ RunTime:0.000683s ]

[ 2016-02-22T17:23:20+08:00 ] ::1 /thinkphpexercise/thinkphp3.2.3/index.php/Admin/system/verify
INFO: [ app_init ] --START--
INFO: Run Behavior\BuildLiteBehavior [ RunTime:0.000024s ]
INFO: [ app_init ] --END-- [ RunTime:0.000566s ]
INFO: [ app_begin ] --START--
INFO: Run Behavior\ReadHtmlCacheBehavior [ RunTime:0.000661s ]
INFO: [ app_begin ] --END-- [ RunTime:0.000770s ]
INFO: [ view_parse ] --START--
INFO: [ template_filter ] --START--
INFO: Run Behavior\ContentReplaceBehavior [ RunTime:0.000082s ]
INFO: [ template_filter ] --END-- [ RunTime:0.000198s ]
INFO: Run Behavior\ParseTemplateBehavior [ RunTime:0.008251s ]
INFO: [ view_parse ] --END-- [ RunTime:0.008359s ]
INFO: [ view_filter ] --START--
INFO: Run Behavior\WriteHtmlCacheBehavior [ RunTime:0.000436s ]
INFO: [ view_filter ] --END-- [ RunTime:0.000528s ]
INFO: [ app_end ] --START--
INFO: Run Behavior\ShowPageTraceBehavior [ RunTime:0.000635s ]
INFO: [ app_end ] --END-- [ RunTime:0.000726s ]

[ 2016-02-22T17:23:47+08:00 ] ::1 /thinkphpexercise/thinkphp3.2.3/index.php/Admin/system/verify
INFO: [ app_init ] --START--
INFO: Run Behavior\BuildLiteBehavior [ RunTime:0.000028s ]
INFO: [ app_init ] --END-- [ RunTime:0.000646s ]
INFO: [ app_begin ] --START--
INFO: Run Behavior\ReadHtmlCacheBehavior [ RunTime:0.000795s ]
INFO: [ app_begin ] --END-- [ RunTime:0.000938s ]
INFO: [ view_parse ] --START--
INFO: [ template_filter ] --START--
INFO: Run Behavior\ContentReplaceBehavior [ RunTime:0.000090s ]
INFO: [ template_filter ] --END-- [ RunTime:0.000253s ]
INFO: Run Behavior\ParseTemplateBehavior [ RunTime:0.009433s ]
INFO: [ view_parse ] --END-- [ RunTime:0.009569s ]
INFO: [ view_filter ] --START--
INFO: Run Behavior\WriteHtmlCacheBehavior [ RunTime:0.000392s ]
INFO: [ view_filter ] --END-- [ RunTime:0.000486s ]
INFO: [ app_end ] --START--
INFO: Run Behavior\ShowPageTraceBehavior [ RunTime:0.000606s ]
INFO: [ app_end ] --END-- [ RunTime:0.000710s ]

[ 2016-02-22T17:24:00+08:00 ] ::1 /thinkphpexercise/thinkphp3.2.3/index.php/Admin/system/verify
INFO: [ app_init ] --START--
INFO: Run Behavior\BuildLiteBehavior [ RunTime:0.000030s ]
INFO: [ app_init ] --END-- [ RunTime:0.000693s ]
INFO: [ app_begin ] --START--
INFO: Run Behavior\ReadHtmlCacheBehavior [ RunTime:0.000662s ]
INFO: [ app_begin ] --END-- [ RunTime:0.000788s ]
INFO: [ view_parse ] --START--
INFO: [ template_filter ] --START--
INFO: Run Behavior\ContentReplaceBehavior [ RunTime:0.000083s ]
INFO: [ template_filter ] --END-- [ RunTime:0.000205s ]
INFO: Run Behavior\ParseTemplateBehavior [ RunTime:0.008340s ]
INFO: [ view_parse ] --END-- [ RunTime:0.008470s ]
INFO: [ view_filter ] --START--
INFO: Run Behavior\WriteHtmlCacheBehavior [ RunTime:0.000332s ]
INFO: [ view_filter ] --END-- [ RunTime:0.000450s ]
INFO: [ app_end ] --START--
INFO: Run Behavior\ShowPageTraceBehavior [ RunTime:0.000617s ]
INFO: [ app_end ] --END-- [ RunTime:0.000717s ]

[ 2016-02-22T17:24:01+08:00 ] ::1 /thinkphpexercise/thinkphp3.2.3/index.php/Admin/system/updateverify
INFO: [ app_init ] --START--
INFO: Run Behavior\BuildLiteBehavior [ RunTime:0.000026s ]
INFO: [ app_init ] --END-- [ RunTime:0.000519s ]
INFO: [ app_begin ] --START--
INFO: Run Behavior\ReadHtmlCacheBehavior [ RunTime:0.000565s ]
INFO: [ app_begin ] --END-- [ RunTime:0.000682s ]
INFO: [ app_end ] --START--
INFO: Run Behavior\ShowPageTraceBehavior [ RunTime:0.000588s ]
INFO: [ app_end ] --END-- [ RunTime:0.000695s ]

[ 2016-02-22T17:28:44+08:00 ] ::1 /thinkphpexercise/thinkphp3.2.3/index.php/Admin/system/verify
INFO: [ app_init ] --START--
INFO: Run Behavior\BuildLiteBehavior [ RunTime:0.000028s ]
INFO: [ app_init ] --END-- [ RunTime:0.000707s ]
INFO: [ app_begin ] --START--
INFO: Run Behavior\ReadHtmlCacheBehavior [ RunTime:0.000876s ]
INFO: [ app_begin ] --END-- [ RunTime:0.001017s ]
INFO: [ view_parse ] --START--
INFO: [ template_filter ] --START--
INFO: Run Behavior\ContentReplaceBehavior [ RunTime:0.000096s ]
INFO: [ template_filter ] --END-- [ RunTime:0.000228s ]
INFO: Run Behavior\ParseTemplateBehavior [ RunTime:0.010391s ]
INFO: [ view_parse ] --END-- [ RunTime:0.010518s ]
INFO: [ view_filter ] --START--
INFO: Run Behavior\WriteHtmlCacheBehavior [ RunTime:0.000743s ]
INFO: [ view_filter ] --END-- [ RunTime:0.000930s ]
INFO: [ app_end ] --START--
INFO: Run Behavior\ShowPageTraceBehavior [ RunTime:0.000739s ]
INFO: [ app_end ] --END-- [ RunTime:0.000852s ]

[ 2016-02-22T17:28:45+08:00 ] ::1 /thinkphpexercise/thinkphp3.2.3/index.php/Admin/system/updateverify
INFO: [ app_init ] --START--
INFO: Run Behavior\BuildLiteBehavior [ RunTime:0.000024s ]
INFO: [ app_init ] --END-- [ RunTime:0.000533s ]
INFO: [ app_begin ] --START--
INFO: Run Behavior\ReadHtmlCacheBehavior [ RunTime:0.000653s ]
INFO: [ app_begin ] --END-- [ RunTime:0.000823s ]
INFO: [ app_end ] --START--
INFO: Run Behavior\ShowPageTraceBehavior [ RunTime:0.000579s ]
INFO: [ app_end ] --END-- [ RunTime:0.000701s ]

[ 2016-02-22T17:28:46+08:00 ] ::1 /thinkphpexercise/thinkphp3.2.3/index.php/Admin/system/verify
INFO: [ app_init ] --START--
INFO: Run Behavior\BuildLiteBehavior [ RunTime:0.000028s ]
INFO: [ app_init ] --END-- [ RunTime:0.000592s ]
INFO: [ app_begin ] --START--
INFO: Run Behavior\ReadHtmlCacheBehavior [ RunTime:0.000745s ]
INFO: [ app_begin ] --END-- [ RunTime:0.000883s ]
INFO: [ view_parse ] --START--
INFO: [ template_filter ] --START--
INFO: Run Behavior\ContentReplaceBehavior [ RunTime:0.000096s ]
INFO: [ template_filter ] --END-- [ RunTime:0.000234s ]
INFO: Run Behavior\ParseTemplateBehavior [ RunTime:0.008697s ]
INFO: [ view_parse ] --END-- [ RunTime:0.008854s ]
INFO: [ view_filter ] --START--
INFO: Run Behavior\WriteHtmlCacheBehavior [ RunTime:0.000506s ]
INFO: [ view_filter ] --END-- [ RunTime:0.000622s ]
INFO: [ app_end ] --START--
INFO: Run Behavior\ShowPageTraceBehavior [ RunTime:0.000780s ]
INFO: [ app_end ] --END-- [ RunTime:0.000900s ]

[ 2016-02-22T17:28:55+08:00 ] ::1 /thinkphpexercise/thinkphp3.2.3/index.php/Admin/system/verify
INFO: [ app_init ] --START--
INFO: Run Behavior\BuildLiteBehavior [ RunTime:0.000028s ]
INFO: [ app_init ] --END-- [ RunTime:0.000577s ]
INFO: [ app_begin ] --START--
INFO: Run Behavior\ReadHtmlCacheBehavior [ RunTime:0.000763s ]
INFO: [ app_begin ] --END-- [ RunTime:0.000904s ]
INFO: [ view_parse ] --START--
INFO: [ template_filter ] --START--
INFO: Run Behavior\ContentReplaceBehavior [ RunTime:0.000134s ]
INFO: [ template_filter ] --END-- [ RunTime:0.000340s ]
INFO: Run Behavior\ParseTemplateBehavior [ RunTime:0.008798s ]
INFO: [ view_parse ] --END-- [ RunTime:0.008929s ]
INFO: [ view_filter ] --START--
INFO: Run Behavior\WriteHtmlCacheBehavior [ RunTime:0.000347s ]
INFO: [ view_filter ] --END-- [ RunTime:0.000437s ]
INFO: [ app_end ] --START--
INFO: Run Behavior\ShowPageTraceBehavior [ RunTime:0.000591s ]
INFO: [ app_end ] --END-- [ RunTime:0.000685s ]

[ 2016-02-22T17:28:56+08:00 ] ::1 /thinkphpexercise/thinkphp3.2.3/index.php/Admin/system/updateverify
INFO: [ app_init ] --START--
INFO: Run Behavior\BuildLiteBehavior [ RunTime:0.000039s ]
INFO: [ app_init ] --END-- [ RunTime:0.000649s ]
INFO: [ app_begin ] --START--
INFO: Run Behavior\ReadHtmlCacheBehavior [ RunTime:0.000887s ]
INFO: [ app_begin ] --END-- [ RunTime:0.001052s ]
INFO: [ app_end ] --START--
INFO: Run Behavior\ShowPageTraceBehavior [ RunTime:0.001013s ]
INFO: [ app_end ] --END-- [ RunTime:0.001177s ]

[ 2016-02-22T17:30:00+08:00 ] ::1 /thinkphpexercise/thinkphp3.2.3/index.php/Admin/system/verify
INFO: [ app_init ] --START--
INFO: Run Behavior\BuildLiteBehavior [ RunTime:0.000024s ]
INFO: [ app_init ] --END-- [ RunTime:0.000474s ]
INFO: [ app_begin ] --START--
INFO: Run Behavior\ReadHtmlCacheBehavior [ RunTime:0.000576s ]
INFO: [ app_begin ] --END-- [ RunTime:0.000705s ]
INFO: [ view_parse ] --START--
INFO: [ template_filter ] --START--
INFO: Run Behavior\ContentReplaceBehavior [ RunTime:0.000080s ]
INFO: [ template_filter ] --END-- [ RunTime:0.000190s ]
INFO: Run Behavior\ParseTemplateBehavior [ RunTime:0.007047s ]
INFO: [ view_parse ] --END-- [ RunTime:0.007180s ]
INFO: [ view_filter ] --START--
INFO: Run Behavior\WriteHtmlCacheBehavior [ RunTime:0.000319s ]
INFO: [ view_filter ] --END-- [ RunTime:0.000414s ]
INFO: [ app_end ] --START--
INFO: Run Behavior\ShowPageTraceBehavior [ RunTime:0.000575s ]
INFO: [ app_end ] --END-- [ RunTime:0.000667s ]

[ 2016-02-22T17:30:01+08:00 ] ::1 /thinkphpexercise/thinkphp3.2.3/index.php/Admin/system/updateverify
INFO: [ app_init ] --START--
INFO: Run Behavior\BuildLiteBehavior [ RunTime:0.000035s ]
INFO: [ app_init ] --END-- [ RunTime:0.000615s ]
INFO: [ app_begin ] --START--
INFO: Run Behavior\ReadHtmlCacheBehavior [ RunTime:0.000538s ]
INFO: [ app_begin ] --END-- [ RunTime:0.000658s ]
INFO: [ app_end ] --START--
INFO: Run Behavior\ShowPageTraceBehavior [ RunTime:0.000804s ]
INFO: [ app_end ] --END-- [ RunTime:0.000998s ]

[ 2016-02-22T17:30:02+08:00 ] ::1 /thinkphpexercise/thinkphp3.2.3/index.php/Admin/system/verify
INFO: [ app_init ] --START--
INFO: Run Behavior\BuildLiteBehavior [ RunTime:0.000028s ]
INFO: [ app_init ] --END-- [ RunTime:0.000549s ]
INFO: [ app_begin ] --START--
INFO: Run Behavior\ReadHtmlCacheBehavior [ RunTime:0.000660s ]
INFO: [ app_begin ] --END-- [ RunTime:0.000789s ]
INFO: [ view_parse ] --START--
INFO: [ template_filter ] --START--
INFO: Run Behavior\ContentReplaceBehavior [ RunTime:0.000098s ]
INFO: [ template_filter ] --END-- [ RunTime:0.000246s ]
INFO: Run Behavior\ParseTemplateBehavior [ RunTime:0.009793s ]
INFO: [ view_parse ] --END-- [ RunTime:0.009977s ]
INFO: [ view_filter ] --START--
INFO: Run Behavior\WriteHtmlCacheBehavior [ RunTime:0.000469s ]
INFO: [ view_filter ] --END-- [ RunTime:0.000587s ]
INFO: [ app_end ] --START--
INFO: Run Behavior\ShowPageTraceBehavior [ RunTime:0.000686s ]
INFO: [ app_end ] --END-- [ RunTime:0.000818s ]

[ 2016-02-22T17:31:34+08:00 ] ::1 /thinkphpexercise/thinkphp3.2.3/index.php/Admin/system/verify
INFO: [ app_init ] --START--
INFO: Run Behavior\BuildLiteBehavior [ RunTime:0.000037s ]
INFO: [ app_init ] --END-- [ RunTime:0.001036s ]
INFO: [ app_begin ] --START--
INFO: Run Behavior\ReadHtmlCacheBehavior [ RunTime:0.000742s ]
INFO: [ app_begin ] --END-- [ RunTime:0.000855s ]
INFO: [ view_parse ] --START--
INFO: [ template_filter ] --START--
INFO: Run Behavior\ContentReplaceBehavior [ RunTime:0.000081s ]
INFO: [ template_filter ] --END-- [ RunTime:0.000196s ]
INFO: Run Behavior\ParseTemplateBehavior [ RunTime:0.007339s ]
INFO: [ view_parse ] --END-- [ RunTime:0.007466s ]
INFO: [ view_filter ] --START--
INFO: Run Behavior\WriteHtmlCacheBehavior [ RunTime:0.000381s ]
INFO: [ view_filter ] --END-- [ RunTime:0.000478s ]
INFO: [ app_end ] --START--
INFO: Run Behavior\ShowPageTraceBehavior [ RunTime:0.000663s ]
INFO: [ app_end ] --END-- [ RunTime:0.000765s ]

[ 2016-02-22T17:31:35+08:00 ] ::1 /thinkphpexercise/thinkphp3.2.3/index.php/Admin/system/updateverify
INFO: [ app_init ] --START--
INFO: Run Behavior\BuildLiteBehavior [ RunTime:0.000042s ]
INFO: [ app_init ] --END-- [ RunTime:0.000887s ]
INFO: [ app_begin ] --START--
INFO: Run Behavior\ReadHtmlCacheBehavior [ RunTime:0.000720s ]
INFO: [ app_begin ] --END-- [ RunTime:0.000871s ]
INFO: [ app_end ] --START--
INFO: Run Behavior\ShowPageTraceBehavior [ RunTime:0.000648s ]
INFO: [ app_end ] --END-- [ RunTime:0.000786s ]

[ 2016-02-22T17:32:39+08:00 ] ::1 /thinkphpexercise/thinkphp3.2.3/index.php/Admin/system/verify
INFO: [ app_init ] --START--
INFO: Run Behavior\BuildLiteBehavior [ RunTime:0.000047s ]
INFO: [ app_init ] --END-- [ RunTime:0.000936s ]
INFO: [ app_begin ] --START--
INFO: Run Behavior\ReadHtmlCacheBehavior [ RunTime:0.000731s ]
INFO: [ app_begin ] --END-- [ RunTime:0.000878s ]
INFO: [ view_parse ] --START--
INFO: [ template_filter ] --START--
INFO: Run Behavior\ContentReplaceBehavior [ RunTime:0.000095s ]
INFO: [ template_filter ] --END-- [ RunTime:0.000249s ]
INFO: Run Behavior\ParseTemplateBehavior [ RunTime:0.008109s ]
INFO: [ view_parse ] --END-- [ RunTime:0.008246s ]
INFO: [ view_filter ] --START--
INFO: Run Behavior\WriteHtmlCacheBehavior [ RunTime:0.000405s ]
INFO: [ view_filter ] --END-- [ RunTime:0.000517s ]
INFO: [ app_end ] --START--
INFO: Run Behavior\ShowPageTraceBehavior [ RunTime:0.000736s ]
INFO: [ app_end ] --END-- [ RunTime:0.000852s ]

[ 2016-02-22T17:32:40+08:00 ] ::1 /thinkphpexercise/thinkphp3.2.3/index.php/Admin/system/updateverify
INFO: [ app_init ] --START--
INFO: Run Behavior\BuildLiteBehavior [ RunTime:0.000028s ]
INFO: [ app_init ] --END-- [ RunTime:0.000593s ]
INFO: [ app_begin ] --START--
INFO: Run Behavior\ReadHtmlCacheBehavior [ RunTime:0.000653s ]
INFO: [ app_begin ] --END-- [ RunTime:0.000803s ]
NOTIC: [8] Use of undefined constant MODULES - assumed 'MODULES' F:\MDJR\wamp\www\thinkphpexercise\thinkphp3.2.3\APP\Admin\Controller\SystemController.class.php 第 13 行.
INFO: [ app_end ] --START--
INFO: Run Behavior\ShowPageTraceBehavior [ RunTime:0.001125s ]
INFO: [ app_end ] --END-- [ RunTime:0.001617s ]

