[ 2016-01-29T10:28:29+08:00 ] ::1 /thinkphpexercise/thinkphp3.2.3/admin
INFO: [ app_init ] --START--
INFO: Run Behavior\BuildLiteBehavior [ RunTime:0.000025s ]
INFO: [ app_init ] --END-- [ RunTime:0.000549s ]
INFO: [ app_begin ] --START--
INFO: Run Behavior\ReadHtmlCacheBehavior [ RunTime:0.000580s ]
INFO: [ app_begin ] --END-- [ RunTime:0.000712s ]
INFO: [ view_parse ] --START--
INFO: [ template_filter ] --START--
INFO: Run Behavior\ContentReplaceBehavior [ RunTime:0.000092s ]
INFO: [ template_filter ] --END-- [ RunTime:0.000203s ]
INFO: Run Behavior\ParseTemplateBehavior [ RunTime:0.007960s ]
INFO: [ view_parse ] --END-- [ RunTime:0.008129s ]
INFO: [ view_filter ] --START--
INFO: Run Behavior\WriteHtmlCacheBehavior [ RunTime:0.000385s ]
INFO: [ view_filter ] --END-- [ RunTime:0.000480s ]
INFO: [ app_end ] --START--
INFO: Run Behavior\ShowPageTraceBehavior [ RunTime:0.001005s ]
INFO: [ app_end ] --END-- [ RunTime:0.001280s ]

[ 2016-01-29T10:28:36+08:00 ] ::1 /thinkphpexercise/thinkphp3.2.3/admin/login/verify
INFO: [ app_init ] --START--
INFO: Run Behavior\BuildLiteBehavior [ RunTime:0.000025s ]
INFO: [ app_init ] --END-- [ RunTime:0.000608s ]
INFO: [ app_begin ] --START--
INFO: Run Behavior\ReadHtmlCacheBehavior [ RunTime:0.000801s ]
INFO: [ app_begin ] --END-- [ RunTime:0.000978s ]
NOTIC: [8] A session had already been started - ignoring session_start() F:\MDJR\wamp\www\thinkphpexercise\thinkphp3.2.3\APP\Admin\Controller\LoginController.class.php 第 59 行.
INFO: [ app_end ] --START--
INFO: Run Behavior\ShowPageTraceBehavior [ RunTime:0.000609s ]
INFO: [ app_end ] --END-- [ RunTime:0.000725s ]

[ 2016-01-29T10:29:03+08:00 ] ::1 /thinkphpexercise/thinkphp3.2.3/admin/login/verify
INFO: [ app_init ] --START--
INFO: Run Behavior\BuildLiteBehavior [ RunTime:0.000029s ]
INFO: [ app_init ] --END-- [ RunTime:0.000630s ]
INFO: [ app_begin ] --START--
INFO: Run Behavior\ReadHtmlCacheBehavior [ RunTime:0.000661s ]
INFO: [ app_begin ] --END-- [ RunTime:0.000796s ]
NOTIC: [8] A session had already been started - ignoring session_start() F:\MDJR\wamp\www\thinkphpexercise\thinkphp3.2.3\APP\Admin\Controller\LoginController.class.php 第 59 行.
INFO: [ app_end ] --START--
INFO: Run Behavior\ShowPageTraceBehavior [ RunTime:0.000687s ]
INFO: [ app_end ] --END-- [ RunTime:0.000810s ]

[ 2016-01-29T10:29:04+08:00 ] ::1 /thinkphpexercise/thinkphp3.2.3/admin/login/verify
INFO: [ app_init ] --START--
INFO: Run Behavior\BuildLiteBehavior [ RunTime:0.000024s ]
INFO: [ app_init ] --END-- [ RunTime:0.000572s ]
INFO: [ app_begin ] --START--
INFO: Run Behavior\ReadHtmlCacheBehavior [ RunTime:0.000561s ]
INFO: [ app_begin ] --END-- [ RunTime:0.000684s ]
NOTIC: [8] A session had already been started - ignoring session_start() F:\MDJR\wamp\www\thinkphpexercise\thinkphp3.2.3\APP\Admin\Controller\LoginController.class.php 第 59 行.
INFO: [ app_end ] --START--
INFO: Run Behavior\ShowPageTraceBehavior [ RunTime:0.000565s ]
INFO: [ app_end ] --END-- [ RunTime:0.000669s ]

[ 2016-01-29T10:29:05+08:00 ] ::1 /thinkphpexercise/thinkphp3.2.3/admin/login/verify
INFO: [ app_init ] --START--
INFO: Run Behavior\BuildLiteBehavior [ RunTime:0.000028s ]
INFO: [ app_init ] --END-- [ RunTime:0.000608s ]
INFO: [ app_begin ] --START--
INFO: Run Behavior\ReadHtmlCacheBehavior [ RunTime:0.000762s ]
INFO: [ app_begin ] --END-- [ RunTime:0.000913s ]
NOTIC: [8] A session had already been started - ignoring session_start() F:\MDJR\wamp\www\thinkphpexercise\thinkphp3.2.3\APP\Admin\Controller\LoginController.class.php 第 59 行.
INFO: [ app_end ] --START--
INFO: Run Behavior\ShowPageTraceBehavior [ RunTime:0.000702s ]
INFO: [ app_end ] --END-- [ RunTime:0.000834s ]

[ 2016-01-29T10:29:15+08:00 ] ::1 /thinkphpexercise/thinkphp3.2.3/admin/login/verify
INFO: [ app_init ] --START--
INFO: Run Behavior\BuildLiteBehavior [ RunTime:0.000029s ]
INFO: [ app_init ] --END-- [ RunTime:0.000604s ]
INFO: [ app_begin ] --START--
INFO: Run Behavior\ReadHtmlCacheBehavior [ RunTime:0.000698s ]
INFO: [ app_begin ] --END-- [ RunTime:0.000835s ]
NOTIC: [8] A session had already been started - ignoring session_start() F:\MDJR\wamp\www\thinkphpexercise\thinkphp3.2.3\APP\Admin\Controller\LoginController.class.php 第 59 行.
INFO: [ app_end ] --START--
INFO: Run Behavior\ShowPageTraceBehavior [ RunTime:0.000679s ]
INFO: [ app_end ] --END-- [ RunTime:0.000803s ]

[ 2016-01-29T10:29:28+08:00 ] ::1 /thinkphpexercise/thinkphp3.2.3/admin/login/verify
INFO: [ app_init ] --START--
INFO: Run Behavior\BuildLiteBehavior [ RunTime:0.000024s ]
INFO: [ app_init ] --END-- [ RunTime:0.000487s ]
INFO: [ app_begin ] --START--
INFO: Run Behavior\ReadHtmlCacheBehavior [ RunTime:0.000552s ]
INFO: [ app_begin ] --END-- [ RunTime:0.000655s ]
NOTIC: [8] A session had already been started - ignoring session_start() F:\MDJR\wamp\www\thinkphpexercise\thinkphp3.2.3\APP\Admin\Controller\LoginController.class.php 第 59 行.
NOTIC: [2] imagettftext() [<a href='function.imagettftext'>function.imagettftext</a>]: Invalid font filename F:\MDJR\wamp\www\thinkphpexercise\thinkphp3.2.3\APP\Admin\extends\verify.class.php 第 38 行.
NOTIC: [2] imagettftext() [<a href='function.imagettftext'>function.imagettftext</a>]: Invalid font filename F:\MDJR\wamp\www\thinkphpexercise\thinkphp3.2.3\APP\Admin\extends\verify.class.php 第 38 行.
NOTIC: [2] imagettftext() [<a href='function.imagettftext'>function.imagettftext</a>]: Invalid font filename F:\MDJR\wamp\www\thinkphpexercise\thinkphp3.2.3\APP\Admin\extends\verify.class.php 第 38 行.
NOTIC: [2] imagettftext() [<a href='function.imagettftext'>function.imagettftext</a>]: Invalid font filename F:\MDJR\wamp\www\thinkphpexercise\thinkphp3.2.3\APP\Admin\extends\verify.class.php 第 38 行.
INFO: [ app_end ] --START--
INFO: Run Behavior\ShowPageTraceBehavior [ RunTime:0.001779s ]
INFO: [ app_end ] --END-- [ RunTime:0.002313s ]

[ 2016-01-29T10:29:28+08:00 ] ::1 /thinkphpexercise/thinkphp3.2.3/admin/login/verify
INFO: [ app_init ] --START--
INFO: Run Behavior\BuildLiteBehavior [ RunTime:0.000069s ]
INFO: [ app_init ] --END-- [ RunTime:0.001570s ]
INFO: [ app_begin ] --START--
INFO: Run Behavior\ReadHtmlCacheBehavior [ RunTime:0.000824s ]
INFO: [ app_begin ] --END-- [ RunTime:0.000990s ]
NOTIC: [8] A session had already been started - ignoring session_start() F:\MDJR\wamp\www\thinkphpexercise\thinkphp3.2.3\APP\Admin\Controller\LoginController.class.php 第 59 行.
NOTIC: [2] imagettftext() [<a href='function.imagettftext'>function.imagettftext</a>]: Invalid font filename F:\MDJR\wamp\www\thinkphpexercise\thinkphp3.2.3\APP\Admin\extends\verify.class.php 第 38 行.
NOTIC: [2] imagettftext() [<a href='function.imagettftext'>function.imagettftext</a>]: Invalid font filename F:\MDJR\wamp\www\thinkphpexercise\thinkphp3.2.3\APP\Admin\extends\verify.class.php 第 38 行.
NOTIC: [2] imagettftext() [<a href='function.imagettftext'>function.imagettftext</a>]: Invalid font filename F:\MDJR\wamp\www\thinkphpexercise\thinkphp3.2.3\APP\Admin\extends\verify.class.php 第 38 行.
NOTIC: [2] imagettftext() [<a href='function.imagettftext'>function.imagettftext</a>]: Invalid font filename F:\MDJR\wamp\www\thinkphpexercise\thinkphp3.2.3\APP\Admin\extends\verify.class.php 第 38 行.
INFO: [ app_end ] --START--
INFO: Run Behavior\ShowPageTraceBehavior [ RunTime:0.000727s ]
INFO: [ app_end ] --END-- [ RunTime:0.000847s ]

[ 2016-01-29T10:29:29+08:00 ] ::1 /thinkphpexercise/thinkphp3.2.3/admin/login/verify
INFO: [ app_init ] --START--
INFO: Run Behavior\BuildLiteBehavior [ RunTime:0.000028s ]
INFO: [ app_init ] --END-- [ RunTime:0.000596s ]
INFO: [ app_begin ] --START--
INFO: Run Behavior\ReadHtmlCacheBehavior [ RunTime:0.000667s ]
INFO: [ app_begin ] --END-- [ RunTime:0.000789s ]
NOTIC: [8] A session had already been started - ignoring session_start() F:\MDJR\wamp\www\thinkphpexercise\thinkphp3.2.3\APP\Admin\Controller\LoginController.class.php 第 59 行.
NOTIC: [2] imagettftext() [<a href='function.imagettftext'>function.imagettftext</a>]: Invalid font filename F:\MDJR\wamp\www\thinkphpexercise\thinkphp3.2.3\APP\Admin\extends\verify.class.php 第 38 行.
NOTIC: [2] imagettftext() [<a href='function.imagettftext'>function.imagettftext</a>]: Invalid font filename F:\MDJR\wamp\www\thinkphpexercise\thinkphp3.2.3\APP\Admin\extends\verify.class.php 第 38 行.
NOTIC: [2] imagettftext() [<a href='function.imagettftext'>function.imagettftext</a>]: Invalid font filename F:\MDJR\wamp\www\thinkphpexercise\thinkphp3.2.3\APP\Admin\extends\verify.class.php 第 38 行.
NOTIC: [2] imagettftext() [<a href='function.imagettftext'>function.imagettftext</a>]: Invalid font filename F:\MDJR\wamp\www\thinkphpexercise\thinkphp3.2.3\APP\Admin\extends\verify.class.php 第 38 行.
INFO: [ app_end ] --START--
INFO: Run Behavior\ShowPageTraceBehavior [ RunTime:0.000864s ]
INFO: [ app_end ] --END-- [ RunTime:0.001002s ]

[ 2016-01-29T10:29:29+08:00 ] ::1 /thinkphpexercise/thinkphp3.2.3/admin/login/verify
INFO: [ app_init ] --START--
INFO: Run Behavior\BuildLiteBehavior [ RunTime:0.000024s ]
INFO: [ app_init ] --END-- [ RunTime:0.000465s ]
INFO: [ app_begin ] --START--
INFO: Run Behavior\ReadHtmlCacheBehavior [ RunTime:0.000735s ]
INFO: [ app_begin ] --END-- [ RunTime:0.000857s ]
NOTIC: [8] A session had already been started - ignoring session_start() F:\MDJR\wamp\www\thinkphpexercise\thinkphp3.2.3\APP\Admin\Controller\LoginController.class.php 第 59 行.
NOTIC: [2] imagettftext() [<a href='function.imagettftext'>function.imagettftext</a>]: Invalid font filename F:\MDJR\wamp\www\thinkphpexercise\thinkphp3.2.3\APP\Admin\extends\verify.class.php 第 38 行.
NOTIC: [2] imagettftext() [<a href='function.imagettftext'>function.imagettftext</a>]: Invalid font filename F:\MDJR\wamp\www\thinkphpexercise\thinkphp3.2.3\APP\Admin\extends\verify.class.php 第 38 行.
NOTIC: [2] imagettftext() [<a href='function.imagettftext'>function.imagettftext</a>]: Invalid font filename F:\MDJR\wamp\www\thinkphpexercise\thinkphp3.2.3\APP\Admin\extends\verify.class.php 第 38 行.
NOTIC: [2] imagettftext() [<a href='function.imagettftext'>function.imagettftext</a>]: Invalid font filename F:\MDJR\wamp\www\thinkphpexercise\thinkphp3.2.3\APP\Admin\extends\verify.class.php 第 38 行.
INFO: [ app_end ] --START--
INFO: Run Behavior\ShowPageTraceBehavior [ RunTime:0.000808s ]
INFO: [ app_end ] --END-- [ RunTime:0.000945s ]

[ 2016-01-29T10:29:30+08:00 ] ::1 /thinkphpexercise/thinkphp3.2.3/admin/login/verify
INFO: [ app_init ] --START--
INFO: Run Behavior\BuildLiteBehavior [ RunTime:0.000030s ]
INFO: [ app_init ] --END-- [ RunTime:0.000553s ]
INFO: [ app_begin ] --START--
INFO: Run Behavior\ReadHtmlCacheBehavior [ RunTime:0.000663s ]
INFO: [ app_begin ] --END-- [ RunTime:0.000800s ]
NOTIC: [8] A session had already been started - ignoring session_start() F:\MDJR\wamp\www\thinkphpexercise\thinkphp3.2.3\APP\Admin\Controller\LoginController.class.php 第 59 行.
NOTIC: [2] imagettftext() [<a href='function.imagettftext'>function.imagettftext</a>]: Invalid font filename F:\MDJR\wamp\www\thinkphpexercise\thinkphp3.2.3\APP\Admin\extends\verify.class.php 第 38 行.
NOTIC: [2] imagettftext() [<a href='function.imagettftext'>function.imagettftext</a>]: Invalid font filename F:\MDJR\wamp\www\thinkphpexercise\thinkphp3.2.3\APP\Admin\extends\verify.class.php 第 38 行.
NOTIC: [2] imagettftext() [<a href='function.imagettftext'>function.imagettftext</a>]: Invalid font filename F:\MDJR\wamp\www\thinkphpexercise\thinkphp3.2.3\APP\Admin\extends\verify.class.php 第 38 行.
NOTIC: [2] imagettftext() [<a href='function.imagettftext'>function.imagettftext</a>]: Invalid font filename F:\MDJR\wamp\www\thinkphpexercise\thinkphp3.2.3\APP\Admin\extends\verify.class.php 第 38 行.
INFO: [ app_end ] --START--
INFO: Run Behavior\ShowPageTraceBehavior [ RunTime:0.000837s ]
INFO: [ app_end ] --END-- [ RunTime:0.000970s ]

[ 2016-01-29T10:29:31+08:00 ] ::1 /thinkphpexercise/thinkphp3.2.3/admin/login/verify
INFO: [ app_init ] --START--
INFO: Run Behavior\BuildLiteBehavior [ RunTime:0.000023s ]
INFO: [ app_init ] --END-- [ RunTime:0.000463s ]
INFO: [ app_begin ] --START--
INFO: Run Behavior\ReadHtmlCacheBehavior [ RunTime:0.000551s ]
INFO: [ app_begin ] --END-- [ RunTime:0.000656s ]
NOTIC: [8] A session had already been started - ignoring session_start() F:\MDJR\wamp\www\thinkphpexercise\thinkphp3.2.3\APP\Admin\Controller\LoginController.class.php 第 59 行.
NOTIC: [2] imagettftext() [<a href='function.imagettftext'>function.imagettftext</a>]: Invalid font filename F:\MDJR\wamp\www\thinkphpexercise\thinkphp3.2.3\APP\Admin\extends\verify.class.php 第 38 行.
NOTIC: [2] imagettftext() [<a href='function.imagettftext'>function.imagettftext</a>]: Invalid font filename F:\MDJR\wamp\www\thinkphpexercise\thinkphp3.2.3\APP\Admin\extends\verify.class.php 第 38 行.
NOTIC: [2] imagettftext() [<a href='function.imagettftext'>function.imagettftext</a>]: Invalid font filename F:\MDJR\wamp\www\thinkphpexercise\thinkphp3.2.3\APP\Admin\extends\verify.class.php 第 38 行.
NOTIC: [2] imagettftext() [<a href='function.imagettftext'>function.imagettftext</a>]: Invalid font filename F:\MDJR\wamp\www\thinkphpexercise\thinkphp3.2.3\APP\Admin\extends\verify.class.php 第 38 行.
INFO: [ app_end ] --START--
INFO: Run Behavior\ShowPageTraceBehavior [ RunTime:0.002507s ]
INFO: [ app_end ] --END-- [ RunTime:0.002780s ]

[ 2016-01-29T10:29:32+08:00 ] ::1 /thinkphpexercise/thinkphp3.2.3/admin/login/verify
INFO: [ app_init ] --START--
INFO: Run Behavior\BuildLiteBehavior [ RunTime:0.000029s ]
INFO: [ app_init ] --END-- [ RunTime:0.000592s ]
INFO: [ app_begin ] --START--
INFO: Run Behavior\ReadHtmlCacheBehavior [ RunTime:0.000670s ]
INFO: [ app_begin ] --END-- [ RunTime:0.000792s ]
NOTIC: [8] A session had already been started - ignoring session_start() F:\MDJR\wamp\www\thinkphpexercise\thinkphp3.2.3\APP\Admin\Controller\LoginController.class.php 第 59 行.
NOTIC: [2] imagettftext() [<a href='function.imagettftext'>function.imagettftext</a>]: Invalid font filename F:\MDJR\wamp\www\thinkphpexercise\thinkphp3.2.3\APP\Admin\extends\verify.class.php 第 38 行.
NOTIC: [2] imagettftext() [<a href='function.imagettftext'>function.imagettftext</a>]: Invalid font filename F:\MDJR\wamp\www\thinkphpexercise\thinkphp3.2.3\APP\Admin\extends\verify.class.php 第 38 行.
NOTIC: [2] imagettftext() [<a href='function.imagettftext'>function.imagettftext</a>]: Invalid font filename F:\MDJR\wamp\www\thinkphpexercise\thinkphp3.2.3\APP\Admin\extends\verify.class.php 第 38 行.
NOTIC: [2] imagettftext() [<a href='function.imagettftext'>function.imagettftext</a>]: Invalid font filename F:\MDJR\wamp\www\thinkphpexercise\thinkphp3.2.3\APP\Admin\extends\verify.class.php 第 38 行.
INFO: [ app_end ] --START--
INFO: Run Behavior\ShowPageTraceBehavior [ RunTime:0.000618s ]
INFO: [ app_end ] --END-- [ RunTime:0.000742s ]

[ 2016-01-29T10:29:32+08:00 ] ::1 /thinkphpexercise/thinkphp3.2.3/admin/login/verify
INFO: [ app_init ] --START--
INFO: Run Behavior\BuildLiteBehavior [ RunTime:0.000026s ]
INFO: [ app_init ] --END-- [ RunTime:0.000527s ]
INFO: [ app_begin ] --START--
INFO: Run Behavior\ReadHtmlCacheBehavior [ RunTime:0.000809s ]
INFO: [ app_begin ] --END-- [ RunTime:0.000980s ]
NOTIC: [8] A session had already been started - ignoring session_start() F:\MDJR\wamp\www\thinkphpexercise\thinkphp3.2.3\APP\Admin\Controller\LoginController.class.php 第 59 行.
NOTIC: [2] imagettftext() [<a href='function.imagettftext'>function.imagettftext</a>]: Invalid font filename F:\MDJR\wamp\www\thinkphpexercise\thinkphp3.2.3\APP\Admin\extends\verify.class.php 第 38 行.
NOTIC: [2] imagettftext() [<a href='function.imagettftext'>function.imagettftext</a>]: Invalid font filename F:\MDJR\wamp\www\thinkphpexercise\thinkphp3.2.3\APP\Admin\extends\verify.class.php 第 38 行.
NOTIC: [2] imagettftext() [<a href='function.imagettftext'>function.imagettftext</a>]: Invalid font filename F:\MDJR\wamp\www\thinkphpexercise\thinkphp3.2.3\APP\Admin\extends\verify.class.php 第 38 行.
NOTIC: [2] imagettftext() [<a href='function.imagettftext'>function.imagettftext</a>]: Invalid font filename F:\MDJR\wamp\www\thinkphpexercise\thinkphp3.2.3\APP\Admin\extends\verify.class.php 第 38 行.
INFO: [ app_end ] --START--
INFO: Run Behavior\ShowPageTraceBehavior [ RunTime:0.000779s ]
INFO: [ app_end ] --END-- [ RunTime:0.000893s ]

[ 2016-01-29T10:29:32+08:00 ] ::1 /thinkphpexercise/thinkphp3.2.3/admin/login/verify
INFO: [ app_init ] --START--
INFO: Run Behavior\BuildLiteBehavior [ RunTime:0.000027s ]
INFO: [ app_init ] --END-- [ RunTime:0.000601s ]
INFO: [ app_begin ] --START--
INFO: Run Behavior\ReadHtmlCacheBehavior [ RunTime:0.000696s ]
INFO: [ app_begin ] --END-- [ RunTime:0.000825s ]
NOTIC: [8] A session had already been started - ignoring session_start() F:\MDJR\wamp\www\thinkphpexercise\thinkphp3.2.3\APP\Admin\Controller\LoginController.class.php 第 59 行.
NOTIC: [2] imagettftext() [<a href='function.imagettftext'>function.imagettftext</a>]: Invalid font filename F:\MDJR\wamp\www\thinkphpexercise\thinkphp3.2.3\APP\Admin\extends\verify.class.php 第 38 行.
NOTIC: [2] imagettftext() [<a href='function.imagettftext'>function.imagettftext</a>]: Invalid font filename F:\MDJR\wamp\www\thinkphpexercise\thinkphp3.2.3\APP\Admin\extends\verify.class.php 第 38 行.
NOTIC: [2] imagettftext() [<a href='function.imagettftext'>function.imagettftext</a>]: Invalid font filename F:\MDJR\wamp\www\thinkphpexercise\thinkphp3.2.3\APP\Admin\extends\verify.class.php 第 38 行.
NOTIC: [2] imagettftext() [<a href='function.imagettftext'>function.imagettftext</a>]: Invalid font filename F:\MDJR\wamp\www\thinkphpexercise\thinkphp3.2.3\APP\Admin\extends\verify.class.php 第 38 行.
INFO: [ app_end ] --START--
INFO: Run Behavior\ShowPageTraceBehavior [ RunTime:0.000833s ]
INFO: [ app_end ] --END-- [ RunTime:0.000989s ]

[ 2016-01-29T10:29:33+08:00 ] ::1 /thinkphpexercise/thinkphp3.2.3/admin/login/verify
INFO: [ app_init ] --START--
INFO: Run Behavior\BuildLiteBehavior [ RunTime:0.000024s ]
INFO: [ app_init ] --END-- [ RunTime:0.000516s ]
INFO: [ app_begin ] --START--
INFO: Run Behavior\ReadHtmlCacheBehavior [ RunTime:0.000603s ]
INFO: [ app_begin ] --END-- [ RunTime:0.000710s ]
NOTIC: [8] A session had already been started - ignoring session_start() F:\MDJR\wamp\www\thinkphpexercise\thinkphp3.2.3\APP\Admin\Controller\LoginController.class.php 第 59 行.
NOTIC: [2] imagettftext() [<a href='function.imagettftext'>function.imagettftext</a>]: Invalid font filename F:\MDJR\wamp\www\thinkphpexercise\thinkphp3.2.3\APP\Admin\extends\verify.class.php 第 38 行.
NOTIC: [2] imagettftext() [<a href='function.imagettftext'>function.imagettftext</a>]: Invalid font filename F:\MDJR\wamp\www\thinkphpexercise\thinkphp3.2.3\APP\Admin\extends\verify.class.php 第 38 行.
NOTIC: [2] imagettftext() [<a href='function.imagettftext'>function.imagettftext</a>]: Invalid font filename F:\MDJR\wamp\www\thinkphpexercise\thinkphp3.2.3\APP\Admin\extends\verify.class.php 第 38 行.
NOTIC: [2] imagettftext() [<a href='function.imagettftext'>function.imagettftext</a>]: Invalid font filename F:\MDJR\wamp\www\thinkphpexercise\thinkphp3.2.3\APP\Admin\extends\verify.class.php 第 38 行.
INFO: [ app_end ] --START--
INFO: Run Behavior\ShowPageTraceBehavior [ RunTime:0.000745s ]
INFO: [ app_end ] --END-- [ RunTime:0.000859s ]

[ 2016-01-29T10:29:33+08:00 ] ::1 /thinkphpexercise/thinkphp3.2.3/admin/login/verify
INFO: [ app_init ] --START--
INFO: Run Behavior\BuildLiteBehavior [ RunTime:0.000043s ]
INFO: [ app_init ] --END-- [ RunTime:0.000743s ]
INFO: [ app_begin ] --START--
INFO: Run Behavior\ReadHtmlCacheBehavior [ RunTime:0.000776s ]
INFO: [ app_begin ] --END-- [ RunTime:0.000915s ]
NOTIC: [8] A session had already been started - ignoring session_start() F:\MDJR\wamp\www\thinkphpexercise\thinkphp3.2.3\APP\Admin\Controller\LoginController.class.php 第 59 行.
NOTIC: [2] imagettftext() [<a href='function.imagettftext'>function.imagettftext</a>]: Invalid font filename F:\MDJR\wamp\www\thinkphpexercise\thinkphp3.2.3\APP\Admin\extends\verify.class.php 第 38 行.
NOTIC: [2] imagettftext() [<a href='function.imagettftext'>function.imagettftext</a>]: Invalid font filename F:\MDJR\wamp\www\thinkphpexercise\thinkphp3.2.3\APP\Admin\extends\verify.class.php 第 38 行.
NOTIC: [2] imagettftext() [<a href='function.imagettftext'>function.imagettftext</a>]: Invalid font filename F:\MDJR\wamp\www\thinkphpexercise\thinkphp3.2.3\APP\Admin\extends\verify.class.php 第 38 行.
NOTIC: [2] imagettftext() [<a href='function.imagettftext'>function.imagettftext</a>]: Invalid font filename F:\MDJR\wamp\www\thinkphpexercise\thinkphp3.2.3\APP\Admin\extends\verify.class.php 第 38 行.
INFO: [ app_end ] --START--
INFO: Run Behavior\ShowPageTraceBehavior [ RunTime:0.000733s ]
INFO: [ app_end ] --END-- [ RunTime:0.000864s ]

[ 2016-01-29T10:29:33+08:00 ] ::1 /thinkphpexercise/thinkphp3.2.3/admin/login/verify
INFO: [ app_init ] --START--
INFO: Run Behavior\BuildLiteBehavior [ RunTime:0.000025s ]
INFO: [ app_init ] --END-- [ RunTime:0.000505s ]
INFO: [ app_begin ] --START--
INFO: Run Behavior\ReadHtmlCacheBehavior [ RunTime:0.000563s ]
INFO: [ app_begin ] --END-- [ RunTime:0.000676s ]
NOTIC: [8] A session had already been started - ignoring session_start() F:\MDJR\wamp\www\thinkphpexercise\thinkphp3.2.3\APP\Admin\Controller\LoginController.class.php 第 59 行.
NOTIC: [2] imagettftext() [<a href='function.imagettftext'>function.imagettftext</a>]: Invalid font filename F:\MDJR\wamp\www\thinkphpexercise\thinkphp3.2.3\APP\Admin\extends\verify.class.php 第 38 行.
NOTIC: [2] imagettftext() [<a href='function.imagettftext'>function.imagettftext</a>]: Invalid font filename F:\MDJR\wamp\www\thinkphpexercise\thinkphp3.2.3\APP\Admin\extends\verify.class.php 第 38 行.
NOTIC: [2] imagettftext() [<a href='function.imagettftext'>function.imagettftext</a>]: Invalid font filename F:\MDJR\wamp\www\thinkphpexercise\thinkphp3.2.3\APP\Admin\extends\verify.class.php 第 38 行.
NOTIC: [2] imagettftext() [<a href='function.imagettftext'>function.imagettftext</a>]: Invalid font filename F:\MDJR\wamp\www\thinkphpexercise\thinkphp3.2.3\APP\Admin\extends\verify.class.php 第 38 行.
INFO: [ app_end ] --START--
INFO: Run Behavior\ShowPageTraceBehavior [ RunTime:0.000594s ]
INFO: [ app_end ] --END-- [ RunTime:0.000700s ]

[ 2016-01-29T10:29:34+08:00 ] ::1 /thinkphpexercise/thinkphp3.2.3/admin/login/verify
INFO: [ app_init ] --START--
INFO: Run Behavior\BuildLiteBehavior [ RunTime:0.000028s ]
INFO: [ app_init ] --END-- [ RunTime:0.000599s ]
INFO: [ app_begin ] --START--
INFO: Run Behavior\ReadHtmlCacheBehavior [ RunTime:0.000656s ]
INFO: [ app_begin ] --END-- [ RunTime:0.000780s ]
NOTIC: [8] A session had already been started - ignoring session_start() F:\MDJR\wamp\www\thinkphpexercise\thinkphp3.2.3\APP\Admin\Controller\LoginController.class.php 第 59 行.
NOTIC: [2] imagettftext() [<a href='function.imagettftext'>function.imagettftext</a>]: Invalid font filename F:\MDJR\wamp\www\thinkphpexercise\thinkphp3.2.3\APP\Admin\extends\verify.class.php 第 38 行.
NOTIC: [2] imagettftext() [<a href='function.imagettftext'>function.imagettftext</a>]: Invalid font filename F:\MDJR\wamp\www\thinkphpexercise\thinkphp3.2.3\APP\Admin\extends\verify.class.php 第 38 行.
NOTIC: [2] imagettftext() [<a href='function.imagettftext'>function.imagettftext</a>]: Invalid font filename F:\MDJR\wamp\www\thinkphpexercise\thinkphp3.2.3\APP\Admin\extends\verify.class.php 第 38 行.
NOTIC: [2] imagettftext() [<a href='function.imagettftext'>function.imagettftext</a>]: Invalid font filename F:\MDJR\wamp\www\thinkphpexercise\thinkphp3.2.3\APP\Admin\extends\verify.class.php 第 38 行.
INFO: [ app_end ] --START--
INFO: Run Behavior\ShowPageTraceBehavior [ RunTime:0.000832s ]
INFO: [ app_end ] --END-- [ RunTime:0.000964s ]

[ 2016-01-29T10:29:34+08:00 ] ::1 /thinkphpexercise/thinkphp3.2.3/admin/login/verify
INFO: [ app_init ] --START--
INFO: Run Behavior\BuildLiteBehavior [ RunTime:0.000039s ]
INFO: [ app_init ] --END-- [ RunTime:0.000602s ]
INFO: [ app_begin ] --START--
INFO: Run Behavior\ReadHtmlCacheBehavior [ RunTime:0.000631s ]
INFO: [ app_begin ] --END-- [ RunTime:0.000773s ]
NOTIC: [8] A session had already been started - ignoring session_start() F:\MDJR\wamp\www\thinkphpexercise\thinkphp3.2.3\APP\Admin\Controller\LoginController.class.php 第 59 行.
NOTIC: [2] imagettftext() [<a href='function.imagettftext'>function.imagettftext</a>]: Invalid font filename F:\MDJR\wamp\www\thinkphpexercise\thinkphp3.2.3\APP\Admin\extends\verify.class.php 第 38 行.
NOTIC: [2] imagettftext() [<a href='function.imagettftext'>function.imagettftext</a>]: Invalid font filename F:\MDJR\wamp\www\thinkphpexercise\thinkphp3.2.3\APP\Admin\extends\verify.class.php 第 38 行.
NOTIC: [2] imagettftext() [<a href='function.imagettftext'>function.imagettftext</a>]: Invalid font filename F:\MDJR\wamp\www\thinkphpexercise\thinkphp3.2.3\APP\Admin\extends\verify.class.php 第 38 行.
NOTIC: [2] imagettftext() [<a href='function.imagettftext'>function.imagettftext</a>]: Invalid font filename F:\MDJR\wamp\www\thinkphpexercise\thinkphp3.2.3\APP\Admin\extends\verify.class.php 第 38 行.
INFO: [ app_end ] --START--
INFO: Run Behavior\ShowPageTraceBehavior [ RunTime:0.000714s ]
INFO: [ app_end ] --END-- [ RunTime:0.000820s ]

[ 2016-01-29T10:29:35+08:00 ] ::1 /thinkphpexercise/thinkphp3.2.3/admin/login/verify
INFO: [ app_init ] --START--
INFO: Run Behavior\BuildLiteBehavior [ RunTime:0.000040s ]
INFO: [ app_init ] --END-- [ RunTime:0.000678s ]
INFO: [ app_begin ] --START--
INFO: Run Behavior\ReadHtmlCacheBehavior [ RunTime:0.001010s ]
INFO: [ app_begin ] --END-- [ RunTime:0.001218s ]
NOTIC: [8] A session had already been started - ignoring session_start() F:\MDJR\wamp\www\thinkphpexercise\thinkphp3.2.3\APP\Admin\Controller\LoginController.class.php 第 59 行.
NOTIC: [2] imagettftext() [<a href='function.imagettftext'>function.imagettftext</a>]: Invalid font filename F:\MDJR\wamp\www\thinkphpexercise\thinkphp3.2.3\APP\Admin\extends\verify.class.php 第 38 行.
NOTIC: [2] imagettftext() [<a href='function.imagettftext'>function.imagettftext</a>]: Invalid font filename F:\MDJR\wamp\www\thinkphpexercise\thinkphp3.2.3\APP\Admin\extends\verify.class.php 第 38 行.
NOTIC: [2] imagettftext() [<a href='function.imagettftext'>function.imagettftext</a>]: Invalid font filename F:\MDJR\wamp\www\thinkphpexercise\thinkphp3.2.3\APP\Admin\extends\verify.class.php 第 38 行.
NOTIC: [2] imagettftext() [<a href='function.imagettftext'>function.imagettftext</a>]: Invalid font filename F:\MDJR\wamp\www\thinkphpexercise\thinkphp3.2.3\APP\Admin\extends\verify.class.php 第 38 行.
INFO: [ app_end ] --START--
INFO: Run Behavior\ShowPageTraceBehavior [ RunTime:0.000749s ]
INFO: [ app_end ] --END-- [ RunTime:0.000902s ]

[ 2016-01-29T10:29:35+08:00 ] ::1 /thinkphpexercise/thinkphp3.2.3/admin/login/verify
INFO: [ app_init ] --START--
INFO: Run Behavior\BuildLiteBehavior [ RunTime:0.000024s ]
INFO: [ app_init ] --END-- [ RunTime:0.000459s ]
INFO: [ app_begin ] --START--
INFO: Run Behavior\ReadHtmlCacheBehavior [ RunTime:0.000561s ]
INFO: [ app_begin ] --END-- [ RunTime:0.000664s ]
NOTIC: [8] A session had already been started - ignoring session_start() F:\MDJR\wamp\www\thinkphpexercise\thinkphp3.2.3\APP\Admin\Controller\LoginController.class.php 第 59 行.
NOTIC: [2] imagettftext() [<a href='function.imagettftext'>function.imagettftext</a>]: Invalid font filename F:\MDJR\wamp\www\thinkphpexercise\thinkphp3.2.3\APP\Admin\extends\verify.class.php 第 38 行.
NOTIC: [2] imagettftext() [<a href='function.imagettftext'>function.imagettftext</a>]: Invalid font filename F:\MDJR\wamp\www\thinkphpexercise\thinkphp3.2.3\APP\Admin\extends\verify.class.php 第 38 行.
NOTIC: [2] imagettftext() [<a href='function.imagettftext'>function.imagettftext</a>]: Invalid font filename F:\MDJR\wamp\www\thinkphpexercise\thinkphp3.2.3\APP\Admin\extends\verify.class.php 第 38 行.
NOTIC: [2] imagettftext() [<a href='function.imagettftext'>function.imagettftext</a>]: Invalid font filename F:\MDJR\wamp\www\thinkphpexercise\thinkphp3.2.3\APP\Admin\extends\verify.class.php 第 38 行.
INFO: [ app_end ] --START--
INFO: Run Behavior\ShowPageTraceBehavior [ RunTime:0.000940s ]
INFO: [ app_end ] --END-- [ RunTime:0.001136s ]

[ 2016-01-29T10:31:07+08:00 ] ::1 /thinkphpexercise/thinkphp3.2.3/admin/login/verify
INFO: [ app_init ] --START--
INFO: Run Behavior\BuildLiteBehavior [ RunTime:0.000025s ]
INFO: [ app_init ] --END-- [ RunTime:0.000527s ]
INFO: [ app_begin ] --START--
INFO: Run Behavior\ReadHtmlCacheBehavior [ RunTime:0.000719s ]
INFO: [ app_begin ] --END-- [ RunTime:0.000837s ]
NOTIC: [8] A session had already been started - ignoring session_start() F:\MDJR\wamp\www\thinkphpexercise\thinkphp3.2.3\APP\Admin\Controller\LoginController.class.php 第 59 行.
NOTIC: [2] imagettftext() [<a href='function.imagettftext'>function.imagettftext</a>]: Invalid font filename F:\MDJR\wamp\www\thinkphpexercise\thinkphp3.2.3\APP\Admin\extends\verify.class.php 第 38 行.
NOTIC: [2] imagettftext() [<a href='function.imagettftext'>function.imagettftext</a>]: Invalid font filename F:\MDJR\wamp\www\thinkphpexercise\thinkphp3.2.3\APP\Admin\extends\verify.class.php 第 38 行.
NOTIC: [2] imagettftext() [<a href='function.imagettftext'>function.imagettftext</a>]: Invalid font filename F:\MDJR\wamp\www\thinkphpexercise\thinkphp3.2.3\APP\Admin\extends\verify.class.php 第 38 行.
NOTIC: [2] imagettftext() [<a href='function.imagettftext'>function.imagettftext</a>]: Invalid font filename F:\MDJR\wamp\www\thinkphpexercise\thinkphp3.2.3\APP\Admin\extends\verify.class.php 第 38 行.
INFO: [ app_end ] --START--
INFO: Run Behavior\ShowPageTraceBehavior [ RunTime:0.001408s ]
INFO: [ app_end ] --END-- [ RunTime:0.001643s ]

[ 2016-01-29T10:31:07+08:00 ] ::1 /thinkphpexercise/thinkphp3.2.3/admin/login/verify
INFO: [ app_init ] --START--
INFO: Run Behavior\BuildLiteBehavior [ RunTime:0.000023s ]
INFO: [ app_init ] --END-- [ RunTime:0.000547s ]
INFO: [ app_begin ] --START--
INFO: Run Behavior\ReadHtmlCacheBehavior [ RunTime:0.000577s ]
INFO: [ app_begin ] --END-- [ RunTime:0.000674s ]
NOTIC: [8] A session had already been started - ignoring session_start() F:\MDJR\wamp\www\thinkphpexercise\thinkphp3.2.3\APP\Admin\Controller\LoginController.class.php 第 59 行.
NOTIC: [2] imagettftext() [<a href='function.imagettftext'>function.imagettftext</a>]: Invalid font filename F:\MDJR\wamp\www\thinkphpexercise\thinkphp3.2.3\APP\Admin\extends\verify.class.php 第 38 行.
NOTIC: [2] imagettftext() [<a href='function.imagettftext'>function.imagettftext</a>]: Invalid font filename F:\MDJR\wamp\www\thinkphpexercise\thinkphp3.2.3\APP\Admin\extends\verify.class.php 第 38 行.
NOTIC: [2] imagettftext() [<a href='function.imagettftext'>function.imagettftext</a>]: Invalid font filename F:\MDJR\wamp\www\thinkphpexercise\thinkphp3.2.3\APP\Admin\extends\verify.class.php 第 38 行.
NOTIC: [2] imagettftext() [<a href='function.imagettftext'>function.imagettftext</a>]: Invalid font filename F:\MDJR\wamp\www\thinkphpexercise\thinkphp3.2.3\APP\Admin\extends\verify.class.php 第 38 行.
INFO: [ app_end ] --START--
INFO: Run Behavior\ShowPageTraceBehavior [ RunTime:0.000758s ]
INFO: [ app_end ] --END-- [ RunTime:0.000894s ]

[ 2016-01-29T10:36:12+08:00 ] ::1 /thinkphpexercise/thinkphp3.2.3/admin/login/verify
INFO: [ app_init ] --START--
INFO: Run Behavior\BuildLiteBehavior [ RunTime:0.000048s ]
INFO: [ app_init ] --END-- [ RunTime:0.000754s ]
INFO: [ app_begin ] --START--
INFO: Run Behavior\ReadHtmlCacheBehavior [ RunTime:0.000769s ]
INFO: [ app_begin ] --END-- [ RunTime:0.000902s ]
NOTIC: [8] A session had already been started - ignoring session_start() F:\MDJR\wamp\www\thinkphpexercise\thinkphp3.2.3\APP\Admin\Controller\LoginController.class.php 第 59 行.
INFO: [ app_end ] --START--
INFO: Run Behavior\ShowPageTraceBehavior [ RunTime:0.000738s ]
INFO: [ app_end ] --END-- [ RunTime:0.000885s ]

[ 2016-01-29T10:36:34+08:00 ] ::1 /thinkphpexercise/thinkphp3.2.3/admin/login/verify
INFO: [ app_init ] --START--
INFO: Run Behavior\BuildLiteBehavior [ RunTime:0.000032s ]
INFO: [ app_init ] --END-- [ RunTime:0.000726s ]
INFO: [ app_begin ] --START--
INFO: Run Behavior\ReadHtmlCacheBehavior [ RunTime:0.000817s ]
INFO: [ app_begin ] --END-- [ RunTime:0.001008s ]
NOTIC: [8] A session had already been started - ignoring session_start() F:\MDJR\wamp\www\thinkphpexercise\thinkphp3.2.3\APP\Admin\Controller\LoginController.class.php 第 59 行.
INFO: [ app_end ] --START--
INFO: Run Behavior\ShowPageTraceBehavior [ RunTime:0.000747s ]
INFO: [ app_end ] --END-- [ RunTime:0.000880s ]

[ 2016-01-29T10:36:35+08:00 ] ::1 /thinkphpexercise/thinkphp3.2.3/admin/login/verify
INFO: [ app_init ] --START--
INFO: Run Behavior\BuildLiteBehavior [ RunTime:0.000031s ]
INFO: [ app_init ] --END-- [ RunTime:0.000584s ]
INFO: [ app_begin ] --START--
INFO: Run Behavior\ReadHtmlCacheBehavior [ RunTime:0.000877s ]
INFO: [ app_begin ] --END-- [ RunTime:0.001024s ]
NOTIC: [8] A session had already been started - ignoring session_start() F:\MDJR\wamp\www\thinkphpexercise\thinkphp3.2.3\APP\Admin\Controller\LoginController.class.php 第 59 行.
INFO: [ app_end ] --START--
INFO: Run Behavior\ShowPageTraceBehavior [ RunTime:0.000668s ]
INFO: [ app_end ] --END-- [ RunTime:0.000796s ]

[ 2016-01-29T10:36:43+08:00 ] ::1 /thinkphpexercise/thinkphp3.2.3/admin/login/verify
INFO: [ app_init ] --START--
INFO: Run Behavior\BuildLiteBehavior [ RunTime:0.000031s ]
INFO: [ app_init ] --END-- [ RunTime:0.000766s ]
INFO: [ app_begin ] --START--
INFO: Run Behavior\ReadHtmlCacheBehavior [ RunTime:0.000685s ]
INFO: [ app_begin ] --END-- [ RunTime:0.000819s ]
NOTIC: [8] A session had already been started - ignoring session_start() F:\MDJR\wamp\www\thinkphpexercise\thinkphp3.2.3\APP\Admin\Controller\LoginController.class.php 第 59 行.
NOTIC: [2] imagettftext() [<a href='function.imagettftext'>function.imagettftext</a>]: Invalid font filename F:\MDJR\wamp\www\thinkphpexercise\thinkphp3.2.3\APP\Admin\extends\verify.class.php 第 38 行.
NOTIC: [2] imagettftext() [<a href='function.imagettftext'>function.imagettftext</a>]: Invalid font filename F:\MDJR\wamp\www\thinkphpexercise\thinkphp3.2.3\APP\Admin\extends\verify.class.php 第 38 行.
NOTIC: [2] imagettftext() [<a href='function.imagettftext'>function.imagettftext</a>]: Invalid font filename F:\MDJR\wamp\www\thinkphpexercise\thinkphp3.2.3\APP\Admin\extends\verify.class.php 第 38 行.
NOTIC: [2] imagettftext() [<a href='function.imagettftext'>function.imagettftext</a>]: Invalid font filename F:\MDJR\wamp\www\thinkphpexercise\thinkphp3.2.3\APP\Admin\extends\verify.class.php 第 38 行.
INFO: [ app_end ] --START--
INFO: Run Behavior\ShowPageTraceBehavior [ RunTime:0.000733s ]
INFO: [ app_end ] --END-- [ RunTime:0.000841s ]

[ 2016-01-29T10:36:43+08:00 ] ::1 /thinkphpexercise/thinkphp3.2.3/admin/login/verify
INFO: [ app_init ] --START--
INFO: Run Behavior\BuildLiteBehavior [ RunTime:0.000026s ]
INFO: [ app_init ] --END-- [ RunTime:0.000495s ]
INFO: [ app_begin ] --START--
INFO: Run Behavior\ReadHtmlCacheBehavior [ RunTime:0.000544s ]
INFO: [ app_begin ] --END-- [ RunTime:0.000649s ]
NOTIC: [8] A session had already been started - ignoring session_start() F:\MDJR\wamp\www\thinkphpexercise\thinkphp3.2.3\APP\Admin\Controller\LoginController.class.php 第 59 行.
NOTIC: [2] imagettftext() [<a href='function.imagettftext'>function.imagettftext</a>]: Invalid font filename F:\MDJR\wamp\www\thinkphpexercise\thinkphp3.2.3\APP\Admin\extends\verify.class.php 第 38 行.
NOTIC: [2] imagettftext() [<a href='function.imagettftext'>function.imagettftext</a>]: Invalid font filename F:\MDJR\wamp\www\thinkphpexercise\thinkphp3.2.3\APP\Admin\extends\verify.class.php 第 38 行.
NOTIC: [2] imagettftext() [<a href='function.imagettftext'>function.imagettftext</a>]: Invalid font filename F:\MDJR\wamp\www\thinkphpexercise\thinkphp3.2.3\APP\Admin\extends\verify.class.php 第 38 行.
NOTIC: [2] imagettftext() [<a href='function.imagettftext'>function.imagettftext</a>]: Invalid font filename F:\MDJR\wamp\www\thinkphpexercise\thinkphp3.2.3\APP\Admin\extends\verify.class.php 第 38 行.
INFO: [ app_end ] --START--
INFO: Run Behavior\ShowPageTraceBehavior [ RunTime:0.000696s ]
INFO: [ app_end ] --END-- [ RunTime:0.000808s ]

[ 2016-01-29T10:36:44+08:00 ] ::1 /thinkphpexercise/thinkphp3.2.3/admin/login/verify
INFO: [ app_init ] --START--
INFO: Run Behavior\BuildLiteBehavior [ RunTime:0.000031s ]
INFO: [ app_init ] --END-- [ RunTime:0.000623s ]
INFO: [ app_begin ] --START--
INFO: Run Behavior\ReadHtmlCacheBehavior [ RunTime:0.000780s ]
INFO: [ app_begin ] --END-- [ RunTime:0.000918s ]
NOTIC: [8] A session had already been started - ignoring session_start() F:\MDJR\wamp\www\thinkphpexercise\thinkphp3.2.3\APP\Admin\Controller\LoginController.class.php 第 59 行.
NOTIC: [2] imagettftext() [<a href='function.imagettftext'>function.imagettftext</a>]: Invalid font filename F:\MDJR\wamp\www\thinkphpexercise\thinkphp3.2.3\APP\Admin\extends\verify.class.php 第 38 行.
NOTIC: [2] imagettftext() [<a href='function.imagettftext'>function.imagettftext</a>]: Invalid font filename F:\MDJR\wamp\www\thinkphpexercise\thinkphp3.2.3\APP\Admin\extends\verify.class.php 第 38 行.
NOTIC: [2] imagettftext() [<a href='function.imagettftext'>function.imagettftext</a>]: Invalid font filename F:\MDJR\wamp\www\thinkphpexercise\thinkphp3.2.3\APP\Admin\extends\verify.class.php 第 38 行.
NOTIC: [2] imagettftext() [<a href='function.imagettftext'>function.imagettftext</a>]: Invalid font filename F:\MDJR\wamp\www\thinkphpexercise\thinkphp3.2.3\APP\Admin\extends\verify.class.php 第 38 行.
INFO: [ app_end ] --START--
INFO: Run Behavior\ShowPageTraceBehavior [ RunTime:0.000650s ]
INFO: [ app_end ] --END-- [ RunTime:0.000757s ]

[ 2016-01-29T10:36:44+08:00 ] ::1 /thinkphpexercise/thinkphp3.2.3/admin/login/verify
INFO: [ app_init ] --START--
INFO: Run Behavior\BuildLiteBehavior [ RunTime:0.000024s ]
INFO: [ app_init ] --END-- [ RunTime:0.000476s ]
INFO: [ app_begin ] --START--
INFO: Run Behavior\ReadHtmlCacheBehavior [ RunTime:0.000641s ]
INFO: [ app_begin ] --END-- [ RunTime:0.000793s ]
NOTIC: [8] A session had already been started - ignoring session_start() F:\MDJR\wamp\www\thinkphpexercise\thinkphp3.2.3\APP\Admin\Controller\LoginController.class.php 第 59 行.
NOTIC: [2] imagettftext() [<a href='function.imagettftext'>function.imagettftext</a>]: Invalid font filename F:\MDJR\wamp\www\thinkphpexercise\thinkphp3.2.3\APP\Admin\extends\verify.class.php 第 38 行.
NOTIC: [2] imagettftext() [<a href='function.imagettftext'>function.imagettftext</a>]: Invalid font filename F:\MDJR\wamp\www\thinkphpexercise\thinkphp3.2.3\APP\Admin\extends\verify.class.php 第 38 行.
NOTIC: [2] imagettftext() [<a href='function.imagettftext'>function.imagettftext</a>]: Invalid font filename F:\MDJR\wamp\www\thinkphpexercise\thinkphp3.2.3\APP\Admin\extends\verify.class.php 第 38 行.
NOTIC: [2] imagettftext() [<a href='function.imagettftext'>function.imagettftext</a>]: Invalid font filename F:\MDJR\wamp\www\thinkphpexercise\thinkphp3.2.3\APP\Admin\extends\verify.class.php 第 38 行.
INFO: [ app_end ] --START--
INFO: Run Behavior\ShowPageTraceBehavior [ RunTime:0.001026s ]
INFO: [ app_end ] --END-- [ RunTime:0.001207s ]

[ 2016-01-29T10:36:45+08:00 ] ::1 /thinkphpexercise/thinkphp3.2.3/admin/login/verify
INFO: [ app_init ] --START--
INFO: Run Behavior\BuildLiteBehavior [ RunTime:0.000030s ]
INFO: [ app_init ] --END-- [ RunTime:0.000701s ]
INFO: [ app_begin ] --START--
INFO: Run Behavior\ReadHtmlCacheBehavior [ RunTime:0.000831s ]
INFO: [ app_begin ] --END-- [ RunTime:0.000957s ]
NOTIC: [8] A session had already been started - ignoring session_start() F:\MDJR\wamp\www\thinkphpexercise\thinkphp3.2.3\APP\Admin\Controller\LoginController.class.php 第 59 行.
NOTIC: [2] imagettftext() [<a href='function.imagettftext'>function.imagettftext</a>]: Invalid font filename F:\MDJR\wamp\www\thinkphpexercise\thinkphp3.2.3\APP\Admin\extends\verify.class.php 第 38 行.
NOTIC: [2] imagettftext() [<a href='function.imagettftext'>function.imagettftext</a>]: Invalid font filename F:\MDJR\wamp\www\thinkphpexercise\thinkphp3.2.3\APP\Admin\extends\verify.class.php 第 38 行.
NOTIC: [2] imagettftext() [<a href='function.imagettftext'>function.imagettftext</a>]: Invalid font filename F:\MDJR\wamp\www\thinkphpexercise\thinkphp3.2.3\APP\Admin\extends\verify.class.php 第 38 行.
NOTIC: [2] imagettftext() [<a href='function.imagettftext'>function.imagettftext</a>]: Invalid font filename F:\MDJR\wamp\www\thinkphpexercise\thinkphp3.2.3\APP\Admin\extends\verify.class.php 第 38 行.
INFO: [ app_end ] --START--
INFO: Run Behavior\ShowPageTraceBehavior [ RunTime:0.000880s ]
INFO: [ app_end ] --END-- [ RunTime:0.001014s ]

[ 2016-01-29T10:36:45+08:00 ] ::1 /thinkphpexercise/thinkphp3.2.3/admin/login/verify
INFO: [ app_init ] --START--
INFO: Run Behavior\BuildLiteBehavior [ RunTime:0.000028s ]
INFO: [ app_init ] --END-- [ RunTime:0.000493s ]
INFO: [ app_begin ] --START--
INFO: Run Behavior\ReadHtmlCacheBehavior [ RunTime:0.000724s ]
INFO: [ app_begin ] --END-- [ RunTime:0.000850s ]
NOTIC: [8] A session had already been started - ignoring session_start() F:\MDJR\wamp\www\thinkphpexercise\thinkphp3.2.3\APP\Admin\Controller\LoginController.class.php 第 59 行.
NOTIC: [2] imagettftext() [<a href='function.imagettftext'>function.imagettftext</a>]: Invalid font filename F:\MDJR\wamp\www\thinkphpexercise\thinkphp3.2.3\APP\Admin\extends\verify.class.php 第 38 行.
NOTIC: [2] imagettftext() [<a href='function.imagettftext'>function.imagettftext</a>]: Invalid font filename F:\MDJR\wamp\www\thinkphpexercise\thinkphp3.2.3\APP\Admin\extends\verify.class.php 第 38 行.
NOTIC: [2] imagettftext() [<a href='function.imagettftext'>function.imagettftext</a>]: Invalid font filename F:\MDJR\wamp\www\thinkphpexercise\thinkphp3.2.3\APP\Admin\extends\verify.class.php 第 38 行.
NOTIC: [2] imagettftext() [<a href='function.imagettftext'>function.imagettftext</a>]: Invalid font filename F:\MDJR\wamp\www\thinkphpexercise\thinkphp3.2.3\APP\Admin\extends\verify.class.php 第 38 行.
INFO: [ app_end ] --START--
INFO: Run Behavior\ShowPageTraceBehavior [ RunTime:0.000883s ]
INFO: [ app_end ] --END-- [ RunTime:0.001210s ]

[ 2016-01-29T10:36:46+08:00 ] ::1 /thinkphpexercise/thinkphp3.2.3/admin/login/verify
INFO: [ app_init ] --START--
INFO: Run Behavior\BuildLiteBehavior [ RunTime:0.000040s ]
INFO: [ app_init ] --END-- [ RunTime:0.000842s ]
INFO: [ app_begin ] --START--
INFO: Run Behavior\ReadHtmlCacheBehavior [ RunTime:0.000967s ]
INFO: [ app_begin ] --END-- [ RunTime:0.001173s ]
NOTIC: [8] A session had already been started - ignoring session_start() F:\MDJR\wamp\www\thinkphpexercise\thinkphp3.2.3\APP\Admin\Controller\LoginController.class.php 第 59 行.
NOTIC: [2] imagettftext() [<a href='function.imagettftext'>function.imagettftext</a>]: Invalid font filename F:\MDJR\wamp\www\thinkphpexercise\thinkphp3.2.3\APP\Admin\extends\verify.class.php 第 38 行.
NOTIC: [2] imagettftext() [<a href='function.imagettftext'>function.imagettftext</a>]: Invalid font filename F:\MDJR\wamp\www\thinkphpexercise\thinkphp3.2.3\APP\Admin\extends\verify.class.php 第 38 行.
NOTIC: [2] imagettftext() [<a href='function.imagettftext'>function.imagettftext</a>]: Invalid font filename F:\MDJR\wamp\www\thinkphpexercise\thinkphp3.2.3\APP\Admin\extends\verify.class.php 第 38 行.
NOTIC: [2] imagettftext() [<a href='function.imagettftext'>function.imagettftext</a>]: Invalid font filename F:\MDJR\wamp\www\thinkphpexercise\thinkphp3.2.3\APP\Admin\extends\verify.class.php 第 38 行.
INFO: [ app_end ] --START--
INFO: Run Behavior\ShowPageTraceBehavior [ RunTime:0.000641s ]
INFO: [ app_end ] --END-- [ RunTime:0.000746s ]

[ 2016-01-29T10:36:46+08:00 ] ::1 /thinkphpexercise/thinkphp3.2.3/admin/login/verify
INFO: [ app_init ] --START--
INFO: Run Behavior\BuildLiteBehavior [ RunTime:0.000086s ]
INFO: [ app_init ] --END-- [ RunTime:0.001305s ]
INFO: [ app_begin ] --START--
INFO: Run Behavior\ReadHtmlCacheBehavior [ RunTime:0.000603s ]
INFO: [ app_begin ] --END-- [ RunTime:0.000724s ]
NOTIC: [8] A session had already been started - ignoring session_start() F:\MDJR\wamp\www\thinkphpexercise\thinkphp3.2.3\APP\Admin\Controller\LoginController.class.php 第 59 行.
NOTIC: [2] imagettftext() [<a href='function.imagettftext'>function.imagettftext</a>]: Invalid font filename F:\MDJR\wamp\www\thinkphpexercise\thinkphp3.2.3\APP\Admin\extends\verify.class.php 第 38 行.
NOTIC: [2] imagettftext() [<a href='function.imagettftext'>function.imagettftext</a>]: Invalid font filename F:\MDJR\wamp\www\thinkphpexercise\thinkphp3.2.3\APP\Admin\extends\verify.class.php 第 38 行.
NOTIC: [2] imagettftext() [<a href='function.imagettftext'>function.imagettftext</a>]: Invalid font filename F:\MDJR\wamp\www\thinkphpexercise\thinkphp3.2.3\APP\Admin\extends\verify.class.php 第 38 行.
NOTIC: [2] imagettftext() [<a href='function.imagettftext'>function.imagettftext</a>]: Invalid font filename F:\MDJR\wamp\www\thinkphpexercise\thinkphp3.2.3\APP\Admin\extends\verify.class.php 第 38 行.
INFO: [ app_end ] --START--
INFO: Run Behavior\ShowPageTraceBehavior [ RunTime:0.000839s ]
INFO: [ app_end ] --END-- [ RunTime:0.001008s ]

[ 2016-01-29T10:36:47+08:00 ] ::1 /thinkphpexercise/thinkphp3.2.3/admin/login/verify
INFO: [ app_init ] --START--
INFO: Run Behavior\BuildLiteBehavior [ RunTime:0.000028s ]
INFO: [ app_init ] --END-- [ RunTime:0.000579s ]
INFO: [ app_begin ] --START--
INFO: Run Behavior\ReadHtmlCacheBehavior [ RunTime:0.000664s ]
INFO: [ app_begin ] --END-- [ RunTime:0.000788s ]
NOTIC: [8] A session had already been started - ignoring session_start() F:\MDJR\wamp\www\thinkphpexercise\thinkphp3.2.3\APP\Admin\Controller\LoginController.class.php 第 59 行.
NOTIC: [2] imagettftext() [<a href='function.imagettftext'>function.imagettftext</a>]: Invalid font filename F:\MDJR\wamp\www\thinkphpexercise\thinkphp3.2.3\APP\Admin\extends\verify.class.php 第 38 行.
NOTIC: [2] imagettftext() [<a href='function.imagettftext'>function.imagettftext</a>]: Invalid font filename F:\MDJR\wamp\www\thinkphpexercise\thinkphp3.2.3\APP\Admin\extends\verify.class.php 第 38 行.
NOTIC: [2] imagettftext() [<a href='function.imagettftext'>function.imagettftext</a>]: Invalid font filename F:\MDJR\wamp\www\thinkphpexercise\thinkphp3.2.3\APP\Admin\extends\verify.class.php 第 38 行.
NOTIC: [2] imagettftext() [<a href='function.imagettftext'>function.imagettftext</a>]: Invalid font filename F:\MDJR\wamp\www\thinkphpexercise\thinkphp3.2.3\APP\Admin\extends\verify.class.php 第 38 行.
INFO: [ app_end ] --START--
INFO: Run Behavior\ShowPageTraceBehavior [ RunTime:0.000849s ]
INFO: [ app_end ] --END-- [ RunTime:0.000983s ]

[ 2016-01-29T10:36:47+08:00 ] ::1 /thinkphpexercise/thinkphp3.2.3/admin/login/verify
INFO: [ app_init ] --START--
INFO: Run Behavior\BuildLiteBehavior [ RunTime:0.000024s ]
INFO: [ app_init ] --END-- [ RunTime:0.000570s ]
INFO: [ app_begin ] --START--
INFO: Run Behavior\ReadHtmlCacheBehavior [ RunTime:0.000825s ]
INFO: [ app_begin ] --END-- [ RunTime:0.001088s ]
NOTIC: [8] A session had already been started - ignoring session_start() F:\MDJR\wamp\www\thinkphpexercise\thinkphp3.2.3\APP\Admin\Controller\LoginController.class.php 第 59 行.
NOTIC: [2] imagettftext() [<a href='function.imagettftext'>function.imagettftext</a>]: Invalid font filename F:\MDJR\wamp\www\thinkphpexercise\thinkphp3.2.3\APP\Admin\extends\verify.class.php 第 38 行.
NOTIC: [2] imagettftext() [<a href='function.imagettftext'>function.imagettftext</a>]: Invalid font filename F:\MDJR\wamp\www\thinkphpexercise\thinkphp3.2.3\APP\Admin\extends\verify.class.php 第 38 行.
NOTIC: [2] imagettftext() [<a href='function.imagettftext'>function.imagettftext</a>]: Invalid font filename F:\MDJR\wamp\www\thinkphpexercise\thinkphp3.2.3\APP\Admin\extends\verify.class.php 第 38 行.
NOTIC: [2] imagettftext() [<a href='function.imagettftext'>function.imagettftext</a>]: Invalid font filename F:\MDJR\wamp\www\thinkphpexercise\thinkphp3.2.3\APP\Admin\extends\verify.class.php 第 38 行.
INFO: [ app_end ] --START--
INFO: Run Behavior\ShowPageTraceBehavior [ RunTime:0.000742s ]
INFO: [ app_end ] --END-- [ RunTime:0.000850s ]

