[ 2016-06-02T16:47:44+08:00 ] 192.168.1.117 /demo
INFO: [ app_init ] --START--
INFO: Run Behavior\BuildLiteBehavior [ RunTime:0.000000s ]
INFO: [ app_init ] --END-- [ RunTime:0.000000s ]
INFO: [ app_begin ] --START--
INFO: Run Behavior\ReadHtmlCacheBehavior [ RunTime:0.001000s ]
INFO: [ app_begin ] --END-- [ RunTime:0.001000s ]

[ 2016-06-02T16:49:29+08:00 ] 192.168.1.117 /demo
INFO: [ app_init ] --START--
INFO: Run Behavior\BuildLiteBehavior [ RunTime:0.000000s ]
INFO: [ app_init ] --END-- [ RunTime:0.000000s ]
INFO: [ app_begin ] --START--
INFO: Run Behavior\ReadHtmlCacheBehavior [ RunTime:0.000000s ]
INFO: [ app_begin ] --END-- [ RunTime:0.000000s ]

[ 2016-06-02T16:49:30+08:00 ] 192.168.1.117 /demo
INFO: [ app_init ] --START--
INFO: Run Behavior\BuildLiteBehavior [ RunTime:0.000000s ]
INFO: [ app_init ] --END-- [ RunTime:0.000000s ]
INFO: [ app_begin ] --START--
INFO: Run Behavior\ReadHtmlCacheBehavior [ RunTime:0.000000s ]
INFO: [ app_begin ] --END-- [ RunTime:0.000000s ]

[ 2016-06-02T16:49:30+08:00 ] 192.168.1.117 /demo
INFO: [ app_init ] --START--
INFO: Run Behavior\BuildLiteBehavior [ RunTime:0.000000s ]
INFO: [ app_init ] --END-- [ RunTime:0.000000s ]
INFO: [ app_begin ] --START--
INFO: Run Behavior\ReadHtmlCacheBehavior [ RunTime:0.000000s ]
INFO: [ app_begin ] --END-- [ RunTime:0.000000s ]

[ 2016-06-02T16:49:31+08:00 ] 192.168.1.117 /demo
INFO: [ app_init ] --START--
INFO: Run Behavior\BuildLiteBehavior [ RunTime:0.000000s ]
INFO: [ app_init ] --END-- [ RunTime:0.000000s ]
INFO: [ app_begin ] --START--
INFO: Run Behavior\ReadHtmlCacheBehavior [ RunTime:0.000000s ]
INFO: [ app_begin ] --END-- [ RunTime:0.000000s ]

[ 2016-06-02T16:49:31+08:00 ] 192.168.1.117 /demo
INFO: [ app_init ] --START--
INFO: Run Behavior\BuildLiteBehavior [ RunTime:0.000000s ]
INFO: [ app_init ] --END-- [ RunTime:0.000000s ]
INFO: [ app_begin ] --START--
INFO: Run Behavior\ReadHtmlCacheBehavior [ RunTime:0.000000s ]
INFO: [ app_begin ] --END-- [ RunTime:0.000000s ]

[ 2016-06-02T16:49:31+08:00 ] 192.168.1.117 /demo
INFO: [ app_init ] --START--
INFO: Run Behavior\BuildLiteBehavior [ RunTime:0.000000s ]
INFO: [ app_init ] --END-- [ RunTime:0.000000s ]
INFO: [ app_begin ] --START--
INFO: Run Behavior\ReadHtmlCacheBehavior [ RunTime:0.000000s ]
INFO: [ app_begin ] --END-- [ RunTime:0.000000s ]

[ 2016-06-02T16:49:31+08:00 ] 192.168.1.117 /demo
INFO: [ app_init ] --START--
INFO: Run Behavior\BuildLiteBehavior [ RunTime:0.000000s ]
INFO: [ app_init ] --END-- [ RunTime:0.000000s ]
INFO: [ app_begin ] --START--
INFO: Run Behavior\ReadHtmlCacheBehavior [ RunTime:0.000000s ]
INFO: [ app_begin ] --END-- [ RunTime:0.000000s ]

[ 2016-06-02T16:49:32+08:00 ] 192.168.1.117 /demo
INFO: [ app_init ] --START--
INFO: Run Behavior\BuildLiteBehavior [ RunTime:0.000000s ]
INFO: [ app_init ] --END-- [ RunTime:0.000000s ]
INFO: [ app_begin ] --START--
INFO: Run Behavior\ReadHtmlCacheBehavior [ RunTime:0.000000s ]
INFO: [ app_begin ] --END-- [ RunTime:0.000000s ]

[ 2016-06-02T16:49:38+08:00 ] 192.168.1.117 /demo
INFO: [ app_init ] --START--
INFO: Run Behavior\BuildLiteBehavior [ RunTime:0.000000s ]
INFO: [ app_init ] --END-- [ RunTime:0.000000s ]
INFO: [ app_begin ] --START--
INFO: Run Behavior\ReadHtmlCacheBehavior [ RunTime:0.000000s ]
INFO: [ app_begin ] --END-- [ RunTime:0.000000s ]

[ 2016-06-02T16:49:38+08:00 ] 192.168.1.117 /demo
INFO: [ app_init ] --START--
INFO: Run Behavior\BuildLiteBehavior [ RunTime:0.000000s ]
INFO: [ app_init ] --END-- [ RunTime:0.000000s ]
INFO: [ app_begin ] --START--
INFO: Run Behavior\ReadHtmlCacheBehavior [ RunTime:0.015600s ]
INFO: [ app_begin ] --END-- [ RunTime:0.015600s ]

[ 2016-06-02T16:49:38+08:00 ] 192.168.1.117 /demo
INFO: [ app_init ] --START--
INFO: Run Behavior\BuildLiteBehavior [ RunTime:0.000000s ]
INFO: [ app_init ] --END-- [ RunTime:0.000000s ]
INFO: [ app_begin ] --START--
INFO: Run Behavior\ReadHtmlCacheBehavior [ RunTime:0.000000s ]
INFO: [ app_begin ] --END-- [ RunTime:0.000000s ]

[ 2016-06-02T16:49:39+08:00 ] 192.168.1.117 /demo
INFO: [ app_init ] --START--
INFO: Run Behavior\BuildLiteBehavior [ RunTime:0.000000s ]
INFO: [ app_init ] --END-- [ RunTime:0.000000s ]
INFO: [ app_begin ] --START--
INFO: Run Behavior\ReadHtmlCacheBehavior [ RunTime:0.000000s ]
INFO: [ app_begin ] --END-- [ RunTime:0.000000s ]

[ 2016-06-02T16:49:39+08:00 ] 192.168.1.117 /demo
INFO: [ app_init ] --START--
INFO: Run Behavior\BuildLiteBehavior [ RunTime:0.000000s ]
INFO: [ app_init ] --END-- [ RunTime:0.000000s ]
INFO: [ app_begin ] --START--
INFO: Run Behavior\ReadHtmlCacheBehavior [ RunTime:0.000000s ]
INFO: [ app_begin ] --END-- [ RunTime:0.000000s ]

[ 2016-06-02T16:49:48+08:00 ] 192.168.1.117 /demo
INFO: [ app_init ] --START--
INFO: Run Behavior\BuildLiteBehavior [ RunTime:0.000000s ]
INFO: [ app_init ] --END-- [ RunTime:0.000000s ]
INFO: [ app_begin ] --START--
INFO: Run Behavior\ReadHtmlCacheBehavior [ RunTime:0.000000s ]
INFO: [ app_begin ] --END-- [ RunTime:0.000000s ]
NOTIC: [2048] Declaration of Demo\Controller\IndexController::show() should be compatible with Think\Controller::show($content, $charset = '', $contentType = '', $prefix = '') W:\PHP\xamppWeb\thinkphp3.2.3\APP\Demo\Controller\IndexController.class.php Á¨¨ 7 Ë°å.

[ 2016-06-02T16:49:48+08:00 ] 192.168.1.117 /demo
INFO: [ app_init ] --START--
INFO: Run Behavior\BuildLiteBehavior [ RunTime:0.000000s ]
INFO: [ app_init ] --END-- [ RunTime:0.000000s ]
INFO: [ app_begin ] --START--
INFO: Run Behavior\ReadHtmlCacheBehavior [ RunTime:0.000000s ]
INFO: [ app_begin ] --END-- [ RunTime:0.000000s ]
NOTIC: [2048] Declaration of Demo\Controller\IndexController::show() should be compatible with Think\Controller::show($content, $charset = '', $contentType = '', $prefix = '') W:\PHP\xamppWeb\thinkphp3.2.3\APP\Demo\Controller\IndexController.class.php Á¨¨ 7 Ë°å.

[ 2016-06-02T16:49:48+08:00 ] 192.168.1.117 /demo
INFO: [ app_init ] --START--
INFO: Run Behavior\BuildLiteBehavior [ RunTime:0.000000s ]
INFO: [ app_init ] --END-- [ RunTime:0.000000s ]
INFO: [ app_begin ] --START--
INFO: Run Behavior\ReadHtmlCacheBehavior [ RunTime:0.000000s ]
INFO: [ app_begin ] --END-- [ RunTime:0.000000s ]
NOTIC: [2048] Declaration of Demo\Controller\IndexController::show() should be compatible with Think\Controller::show($content, $charset = '', $contentType = '', $prefix = '') W:\PHP\xamppWeb\thinkphp3.2.3\APP\Demo\Controller\IndexController.class.php Á¨¨ 7 Ë°å.

[ 2016-06-02T16:49:49+08:00 ] 192.168.1.117 /demo
INFO: [ app_init ] --START--
INFO: Run Behavior\BuildLiteBehavior [ RunTime:0.000000s ]
INFO: [ app_init ] --END-- [ RunTime:0.000000s ]
INFO: [ app_begin ] --START--
INFO: Run Behavior\ReadHtmlCacheBehavior [ RunTime:0.000000s ]
INFO: [ app_begin ] --END-- [ RunTime:0.000000s ]
NOTIC: [2048] Declaration of Demo\Controller\IndexController::show() should be compatible with Think\Controller::show($content, $charset = '', $contentType = '', $prefix = '') W:\PHP\xamppWeb\thinkphp3.2.3\APP\Demo\Controller\IndexController.class.php Á¨¨ 7 Ë°å.

[ 2016-06-02T16:49:49+08:00 ] 192.168.1.117 /demo
INFO: [ app_init ] --START--
INFO: Run Behavior\BuildLiteBehavior [ RunTime:0.000000s ]
INFO: [ app_init ] --END-- [ RunTime:0.000000s ]
INFO: [ app_begin ] --START--
INFO: Run Behavior\ReadHtmlCacheBehavior [ RunTime:0.000000s ]
INFO: [ app_begin ] --END-- [ RunTime:0.000000s ]
NOTIC: [2048] Declaration of Demo\Controller\IndexController::show() should be compatible with Think\Controller::show($content, $charset = '', $contentType = '', $prefix = '') W:\PHP\xamppWeb\thinkphp3.2.3\APP\Demo\Controller\IndexController.class.php Á¨¨ 7 Ë°å.

[ 2016-06-02T16:49:49+08:00 ] 192.168.1.117 /demo
INFO: [ app_init ] --START--
INFO: Run Behavior\BuildLiteBehavior [ RunTime:0.000000s ]
INFO: [ app_init ] --END-- [ RunTime:0.000000s ]
INFO: [ app_begin ] --START--
INFO: Run Behavior\ReadHtmlCacheBehavior [ RunTime:0.000000s ]
INFO: [ app_begin ] --END-- [ RunTime:0.000000s ]
NOTIC: [2048] Declaration of Demo\Controller\IndexController::show() should be compatible with Think\Controller::show($content, $charset = '', $contentType = '', $prefix = '') W:\PHP\xamppWeb\thinkphp3.2.3\APP\Demo\Controller\IndexController.class.php Á¨¨ 7 Ë°å.

[ 2016-06-02T16:50:10+08:00 ] 192.168.1.117 /demo/show
INFO: [ app_init ] --START--
INFO: Run Behavior\BuildLiteBehavior [ RunTime:0.000000s ]
INFO: [ app_init ] --END-- [ RunTime:0.000000s ]
INFO: [ app_begin ] --START--
INFO: Run Behavior\ReadHtmlCacheBehavior [ RunTime:0.000000s ]
INFO: [ app_begin ] --END-- [ RunTime:0.000000s ]
ERR: Êó†Ê≥ïÂä†ËΩΩÊéßÂà∂Âô®:Show

[ 2016-06-02T16:50:21+08:00 ] 192.168.1.117 /demo/
INFO: [ app_init ] --START--
INFO: Run Behavior\BuildLiteBehavior [ RunTime:0.000000s ]
INFO: [ app_init ] --END-- [ RunTime:0.000000s ]
INFO: [ app_begin ] --START--
INFO: Run Behavior\ReadHtmlCacheBehavior [ RunTime:0.000000s ]
INFO: [ app_begin ] --END-- [ RunTime:0.000000s ]
NOTIC: [2048] Declaration of Demo\Controller\IndexController::show() should be compatible with Think\Controller::show($content, $charset = '', $contentType = '', $prefix = '') W:\PHP\xamppWeb\thinkphp3.2.3\APP\Demo\Controller\IndexController.class.php Á¨¨ 7 Ë°å.

[ 2016-06-02T16:50:30+08:00 ] 192.168.1.117 /demo/
INFO: [ app_init ] --START--
INFO: Run Behavior\BuildLiteBehavior [ RunTime:0.000000s ]
INFO: [ app_init ] --END-- [ RunTime:0.000000s ]
INFO: [ app_begin ] --START--
INFO: Run Behavior\ReadHtmlCacheBehavior [ RunTime:0.000000s ]
INFO: [ app_begin ] --END-- [ RunTime:0.000000s ]
NOTIC: [2048] Declaration of Demo\Controller\IndexController::show() should be compatible with Think\Controller::show($content, $charset = '', $contentType = '', $prefix = '') W:\PHP\xamppWeb\thinkphp3.2.3\APP\Demo\Controller\IndexController.class.php Á¨¨ 7 Ë°å.
ERR: Ê®°Êùø‰∏çÂ≠òÂú®:./APP/Demo/View/mobile/Index_index.html

[ 2016-06-02T16:50:31+08:00 ] 192.168.1.117 /demo/
INFO: [ app_init ] --START--
INFO: Run Behavior\BuildLiteBehavior [ RunTime:0.000000s ]
INFO: [ app_init ] --END-- [ RunTime:0.000000s ]
INFO: [ app_begin ] --START--
INFO: Run Behavior\ReadHtmlCacheBehavior [ RunTime:0.000000s ]
INFO: [ app_begin ] --END-- [ RunTime:0.000000s ]
NOTIC: [2048] Declaration of Demo\Controller\IndexController::show() should be compatible with Think\Controller::show($content, $charset = '', $contentType = '', $prefix = '') W:\PHP\xamppWeb\thinkphp3.2.3\APP\Demo\Controller\IndexController.class.php Á¨¨ 7 Ë°å.
ERR: Ê®°Êùø‰∏çÂ≠òÂú®:./APP/Demo/View/mobile/Index_index.html

[ 2016-06-02T16:50:31+08:00 ] 192.168.1.117 /demo/
INFO: [ app_init ] --START--
INFO: Run Behavior\BuildLiteBehavior [ RunTime:0.000000s ]
INFO: [ app_init ] --END-- [ RunTime:0.000000s ]
INFO: [ app_begin ] --START--
INFO: Run Behavior\ReadHtmlCacheBehavior [ RunTime:0.000000s ]
INFO: [ app_begin ] --END-- [ RunTime:0.000000s ]
NOTIC: [2048] Declaration of Demo\Controller\IndexController::show() should be compatible with Think\Controller::show($content, $charset = '', $contentType = '', $prefix = '') W:\PHP\xamppWeb\thinkphp3.2.3\APP\Demo\Controller\IndexController.class.php Á¨¨ 7 Ë°å.
ERR: Ê®°Êùø‰∏çÂ≠òÂú®:./APP/Demo/View/mobile/Index_index.html

[ 2016-06-02T16:50:32+08:00 ] 192.168.1.117 /demo/
INFO: [ app_init ] --START--
INFO: Run Behavior\BuildLiteBehavior [ RunTime:0.000000s ]
INFO: [ app_init ] --END-- [ RunTime:0.000000s ]
INFO: [ app_begin ] --START--
INFO: Run Behavior\ReadHtmlCacheBehavior [ RunTime:0.000000s ]
INFO: [ app_begin ] --END-- [ RunTime:0.000000s ]
NOTIC: [2048] Declaration of Demo\Controller\IndexController::show() should be compatible with Think\Controller::show($content, $charset = '', $contentType = '', $prefix = '') W:\PHP\xamppWeb\thinkphp3.2.3\APP\Demo\Controller\IndexController.class.php Á¨¨ 7 Ë°å.
ERR: Ê®°Êùø‰∏çÂ≠òÂú®:./APP/Demo/View/mobile/Index_index.html

[ 2016-06-02T16:50:32+08:00 ] 192.168.1.117 /demo/
INFO: [ app_init ] --START--
INFO: Run Behavior\BuildLiteBehavior [ RunTime:0.000000s ]
INFO: [ app_init ] --END-- [ RunTime:0.000000s ]
INFO: [ app_begin ] --START--
INFO: Run Behavior\ReadHtmlCacheBehavior [ RunTime:0.000000s ]
INFO: [ app_begin ] --END-- [ RunTime:0.000000s ]
NOTIC: [2048] Declaration of Demo\Controller\IndexController::show() should be compatible with Think\Controller::show($content, $charset = '', $contentType = '', $prefix = '') W:\PHP\xamppWeb\thinkphp3.2.3\APP\Demo\Controller\IndexController.class.php Á¨¨ 7 Ë°å.
ERR: Ê®°Êùø‰∏çÂ≠òÂú®:./APP/Demo/View/mobile/Index_index.html

[ 2016-06-02T16:50:32+08:00 ] 192.168.1.117 /demo/
INFO: [ app_init ] --START--
INFO: Run Behavior\BuildLiteBehavior [ RunTime:0.000000s ]
INFO: [ app_init ] --END-- [ RunTime:0.000000s ]
INFO: [ app_begin ] --START--
INFO: Run Behavior\ReadHtmlCacheBehavior [ RunTime:0.000000s ]
INFO: [ app_begin ] --END-- [ RunTime:0.000000s ]
NOTIC: [2048] Declaration of Demo\Controller\IndexController::show() should be compatible with Think\Controller::show($content, $charset = '', $contentType = '', $prefix = '') W:\PHP\xamppWeb\thinkphp3.2.3\APP\Demo\Controller\IndexController.class.php Á¨¨ 7 Ë°å.
ERR: Ê®°Êùø‰∏çÂ≠òÂú®:./APP/Demo/View/mobile/Index_index.html

[ 2016-06-02T16:50:33+08:00 ] 192.168.1.117 /demo/
INFO: [ app_init ] --START--
INFO: Run Behavior\BuildLiteBehavior [ RunTime:0.000000s ]
INFO: [ app_init ] --END-- [ RunTime:0.000000s ]
INFO: [ app_begin ] --START--
INFO: Run Behavior\ReadHtmlCacheBehavior [ RunTime:0.000000s ]
INFO: [ app_begin ] --END-- [ RunTime:0.000000s ]
NOTIC: [2048] Declaration of Demo\Controller\IndexController::show() should be compatible with Think\Controller::show($content, $charset = '', $contentType = '', $prefix = '') W:\PHP\xamppWeb\thinkphp3.2.3\APP\Demo\Controller\IndexController.class.php Á¨¨ 7 Ë°å.
ERR: Ê®°Êùø‰∏çÂ≠òÂú®:./APP/Demo/View/mobile/Index_index.html

[ 2016-06-02T16:50:41+08:00 ] 192.168.1.117 /demo/
INFO: [ app_init ] --START--
INFO: Run Behavior\BuildLiteBehavior [ RunTime:0.000000s ]
INFO: [ app_init ] --END-- [ RunTime:0.000000s ]
INFO: [ app_begin ] --START--
INFO: Run Behavior\ReadHtmlCacheBehavior [ RunTime:0.000000s ]
INFO: [ app_begin ] --END-- [ RunTime:0.000000s ]
NOTIC: [2048] Declaration of Demo\Controller\IndexController::show() should be compatible with Think\Controller::show($content, $charset = '', $contentType = '', $prefix = '') W:\PHP\xamppWeb\thinkphp3.2.3\APP\Demo\Controller\IndexController.class.php Á¨¨ 7 Ë°å.
INFO: [ app_end ] --START--
INFO: Run Behavior\ShowPageTraceBehavior [ RunTime:0.000000s ]
INFO: [ app_end ] --END-- [ RunTime:0.000000s ]

[ 2016-06-02T16:50:42+08:00 ] 192.168.1.117 /demo/
INFO: [ app_init ] --START--
INFO: Run Behavior\BuildLiteBehavior [ RunTime:0.000000s ]
INFO: [ app_init ] --END-- [ RunTime:0.000000s ]
INFO: [ app_begin ] --START--
INFO: Run Behavior\ReadHtmlCacheBehavior [ RunTime:0.000000s ]
INFO: [ app_begin ] --END-- [ RunTime:0.000000s ]
NOTIC: [2048] Declaration of Demo\Controller\IndexController::show() should be compatible with Think\Controller::show($content, $charset = '', $contentType = '', $prefix = '') W:\PHP\xamppWeb\thinkphp3.2.3\APP\Demo\Controller\IndexController.class.php Á¨¨ 7 Ë°å.
INFO: [ app_end ] --START--
INFO: Run Behavior\ShowPageTraceBehavior [ RunTime:0.000000s ]
INFO: [ app_end ] --END-- [ RunTime:0.000000s ]

[ 2016-06-02T16:50:42+08:00 ] 192.168.1.117 /demo/
INFO: [ app_init ] --START--
INFO: Run Behavior\BuildLiteBehavior [ RunTime:0.000000s ]
INFO: [ app_init ] --END-- [ RunTime:0.000000s ]
INFO: [ app_begin ] --START--
INFO: Run Behavior\ReadHtmlCacheBehavior [ RunTime:0.000000s ]
INFO: [ app_begin ] --END-- [ RunTime:0.000000s ]
NOTIC: [2048] Declaration of Demo\Controller\IndexController::show() should be compatible with Think\Controller::show($content, $charset = '', $contentType = '', $prefix = '') W:\PHP\xamppWeb\thinkphp3.2.3\APP\Demo\Controller\IndexController.class.php Á¨¨ 7 Ë°å.
INFO: [ app_end ] --START--
INFO: Run Behavior\ShowPageTraceBehavior [ RunTime:0.000000s ]
INFO: [ app_end ] --END-- [ RunTime:0.000000s ]

[ 2016-06-02T16:50:51+08:00 ] 192.168.1.117 /demo/show
INFO: [ app_init ] --START--
INFO: Run Behavior\BuildLiteBehavior [ RunTime:0.000000s ]
INFO: [ app_init ] --END-- [ RunTime:0.000000s ]
INFO: [ app_begin ] --START--
INFO: Run Behavior\ReadHtmlCacheBehavior [ RunTime:0.000000s ]
INFO: [ app_begin ] --END-- [ RunTime:0.000000s ]
ERR: Êó†Ê≥ïÂä†ËΩΩÊéßÂà∂Âô®:Show

[ 2016-06-02T16:51:04+08:00 ] 192.168.1.117 /demo/inde/show
INFO: [ app_init ] --START--
INFO: Run Behavior\BuildLiteBehavior [ RunTime:0.000000s ]
INFO: [ app_init ] --END-- [ RunTime:0.000000s ]
INFO: [ app_begin ] --START--
INFO: Run Behavior\ReadHtmlCacheBehavior [ RunTime:0.000000s ]
INFO: [ app_begin ] --END-- [ RunTime:0.000000s ]
ERR: Êó†Ê≥ïÂä†ËΩΩÊéßÂà∂Âô®:Inde

[ 2016-06-02T16:51:09+08:00 ] 192.168.1.117 /demo/index/show
INFO: [ app_init ] --START--
INFO: Run Behavior\BuildLiteBehavior [ RunTime:0.000000s ]
INFO: [ app_init ] --END-- [ RunTime:0.000000s ]
INFO: [ app_begin ] --START--
INFO: Run Behavior\ReadHtmlCacheBehavior [ RunTime:0.000000s ]
INFO: [ app_begin ] --END-- [ RunTime:0.000000s ]
NOTIC: [2048] Declaration of Demo\Controller\IndexController::show() should be compatible with Think\Controller::show($content, $charset = '', $contentType = '', $prefix = '') W:\PHP\xamppWeb\thinkphp3.2.3\APP\Demo\Controller\IndexController.class.php Á¨¨ 7 Ë°å.

[ 2016-06-02T16:51:21+08:00 ] 192.168.1.117 /demo/weituo
INFO: [ app_init ] --START--
INFO: Run Behavior\BuildLiteBehavior [ RunTime:0.000000s ]
INFO: [ app_init ] --END-- [ RunTime:0.000000s ]
INFO: [ app_begin ] --START--
INFO: Run Behavior\ReadHtmlCacheBehavior [ RunTime:0.000000s ]
INFO: [ app_begin ] --END-- [ RunTime:0.000000s ]
ERR: SQLSTATE[HY000] [2002] ”…”⁄ƒø±Íº∆À„ª˙ª˝º´æ‹æ¯£¨Œﬁ∑®¡¨Ω”°£


[ 2016-06-02T16:52:16+08:00 ] 192.168.1.117 /demo/weituo
INFO: [ app_init ] --START--
INFO: Run Behavior\BuildLiteBehavior [ RunTime:0.000000s ]
INFO: [ app_init ] --END-- [ RunTime:0.000000s ]
INFO: [ app_begin ] --START--
INFO: Run Behavior\ReadHtmlCacheBehavior [ RunTime:0.000000s ]
INFO: [ app_begin ] --END-- [ RunTime:0.000000s ]
NOTIC: [8] Undefined variable: model W:\PHP\xamppWeb\thinkphp3.2.3\APP\Demo\Controller\WeituoController.class.php Á¨¨ 24 Ë°å.

[ 2016-06-02T16:52:17+08:00 ] 192.168.1.117 /demo/weituo
INFO: [ app_init ] --START--
INFO: Run Behavior\BuildLiteBehavior [ RunTime:0.000000s ]
INFO: [ app_init ] --END-- [ RunTime:0.000000s ]
INFO: [ app_begin ] --START--
INFO: Run Behavior\ReadHtmlCacheBehavior [ RunTime:0.000000s ]
INFO: [ app_begin ] --END-- [ RunTime:0.000000s ]
NOTIC: [8] Undefined variable: model W:\PHP\xamppWeb\thinkphp3.2.3\APP\Demo\Controller\WeituoController.class.php Á¨¨ 24 Ë°å.

[ 2016-06-02T16:52:17+08:00 ] 192.168.1.117 /demo/weituo
INFO: [ app_init ] --START--
INFO: Run Behavior\BuildLiteBehavior [ RunTime:0.000000s ]
INFO: [ app_init ] --END-- [ RunTime:0.000000s ]
INFO: [ app_begin ] --START--
INFO: Run Behavior\ReadHtmlCacheBehavior [ RunTime:0.000000s ]
INFO: [ app_begin ] --END-- [ RunTime:0.000000s ]
NOTIC: [8] Undefined variable: model W:\PHP\xamppWeb\thinkphp3.2.3\APP\Demo\Controller\WeituoController.class.php Á¨¨ 24 Ë°å.

[ 2016-06-02T16:52:27+08:00 ] 192.168.1.117 /demo/weituo
INFO: [ app_init ] --START--
INFO: Run Behavior\BuildLiteBehavior [ RunTime:0.000000s ]
INFO: [ app_init ] --END-- [ RunTime:0.000000s ]
INFO: [ app_begin ] --START--
INFO: Run Behavior\ReadHtmlCacheBehavior [ RunTime:0.000000s ]
INFO: [ app_begin ] --END-- [ RunTime:0.000000s ]
NOTIC: [8] Undefined variable: video_info W:\PHP\xamppWeb\thinkphp3.2.3\APP\Demo\Controller\WeituoController.class.php Á¨¨ 25 Ë°å.
NOTIC: [2] Invalid argument supplied for foreach() W:\PHP\xamppWeb\thinkphp3.2.3\APP\Demo\Controller\WeituoController.class.php Á¨¨ 25 Ë°å.
NOTIC: [8] Undefined variable: model W:\PHP\xamppWeb\thinkphp3.2.3\APP\Demo\Controller\WeituoController.class.php Á¨¨ 50 Ë°å.

[ 2016-06-02T16:52:27+08:00 ] 192.168.1.117 /demo/weituo
INFO: [ app_init ] --START--
INFO: Run Behavior\BuildLiteBehavior [ RunTime:0.000000s ]
INFO: [ app_init ] --END-- [ RunTime:0.000000s ]
INFO: [ app_begin ] --START--
INFO: Run Behavior\ReadHtmlCacheBehavior [ RunTime:0.000000s ]
INFO: [ app_begin ] --END-- [ RunTime:0.000000s ]
NOTIC: [8] Undefined variable: video_info W:\PHP\xamppWeb\thinkphp3.2.3\APP\Demo\Controller\WeituoController.class.php Á¨¨ 25 Ë°å.
NOTIC: [2] Invalid argument supplied for foreach() W:\PHP\xamppWeb\thinkphp3.2.3\APP\Demo\Controller\WeituoController.class.php Á¨¨ 25 Ë°å.
NOTIC: [8] Undefined variable: model W:\PHP\xamppWeb\thinkphp3.2.3\APP\Demo\Controller\WeituoController.class.php Á¨¨ 50 Ë°å.

[ 2016-06-02T16:52:28+08:00 ] 192.168.1.117 /demo/weituo
INFO: [ app_init ] --START--
INFO: Run Behavior\BuildLiteBehavior [ RunTime:0.000000s ]
INFO: [ app_init ] --END-- [ RunTime:0.000000s ]
INFO: [ app_begin ] --START--
INFO: Run Behavior\ReadHtmlCacheBehavior [ RunTime:0.000000s ]
INFO: [ app_begin ] --END-- [ RunTime:0.000000s ]
NOTIC: [8] Undefined variable: video_info W:\PHP\xamppWeb\thinkphp3.2.3\APP\Demo\Controller\WeituoController.class.php Á¨¨ 25 Ë°å.
NOTIC: [2] Invalid argument supplied for foreach() W:\PHP\xamppWeb\thinkphp3.2.3\APP\Demo\Controller\WeituoController.class.php Á¨¨ 25 Ë°å.
NOTIC: [8] Undefined variable: model W:\PHP\xamppWeb\thinkphp3.2.3\APP\Demo\Controller\WeituoController.class.php Á¨¨ 50 Ë°å.

[ 2016-06-02T16:52:44+08:00 ] 192.168.1.117 /demo/weituo
INFO: [ app_init ] --START--
INFO: Run Behavior\BuildLiteBehavior [ RunTime:0.000000s ]
INFO: [ app_init ] --END-- [ RunTime:0.000000s ]
INFO: [ app_begin ] --START--
INFO: Run Behavior\ReadHtmlCacheBehavior [ RunTime:0.000000s ]
INFO: [ app_begin ] --END-- [ RunTime:0.000000s ]
ERR: Ê®°Êùø‰∏çÂ≠òÂú®:./APP/Demo/View/mobile/Weituo_index.html

[ 2016-06-02T16:52:45+08:00 ] 192.168.1.117 /demo/weituo
INFO: [ app_init ] --START--
INFO: Run Behavior\BuildLiteBehavior [ RunTime:0.000000s ]
INFO: [ app_init ] --END-- [ RunTime:0.000000s ]
INFO: [ app_begin ] --START--
INFO: Run Behavior\ReadHtmlCacheBehavior [ RunTime:0.000000s ]
INFO: [ app_begin ] --END-- [ RunTime:0.000000s ]
ERR: Ê®°Êùø‰∏çÂ≠òÂú®:./APP/Demo/View/mobile/Weituo_index.html

[ 2016-06-02T16:52:45+08:00 ] 192.168.1.117 /demo/weituo
INFO: [ app_init ] --START--
INFO: Run Behavior\BuildLiteBehavior [ RunTime:0.000000s ]
INFO: [ app_init ] --END-- [ RunTime:0.000000s ]
INFO: [ app_begin ] --START--
INFO: Run Behavior\ReadHtmlCacheBehavior [ RunTime:0.000000s ]
INFO: [ app_begin ] --END-- [ RunTime:0.000000s ]
ERR: Ê®°Êùø‰∏çÂ≠òÂú®:./APP/Demo/View/mobile/Weituo_index.html

[ 2016-06-02T16:53:12+08:00 ] 192.168.1.117 /demo/weituo
INFO: [ app_init ] --START--
INFO: Run Behavior\BuildLiteBehavior [ RunTime:0.000000s ]
INFO: [ app_init ] --END-- [ RunTime:0.000000s ]
INFO: [ app_begin ] --START--
INFO: Run Behavior\ReadHtmlCacheBehavior [ RunTime:0.000000s ]
INFO: [ app_begin ] --END-- [ RunTime:0.000000s ]
ERR: Ê®°Êùø‰∏çÂ≠òÂú®:./APP/Demo/View/mobile/weituo_play.html

[ 2016-06-02T16:53:12+08:00 ] 192.168.1.117 /demo/weituo
INFO: [ app_init ] --START--
INFO: Run Behavior\BuildLiteBehavior [ RunTime:0.000000s ]
INFO: [ app_init ] --END-- [ RunTime:0.000000s ]
INFO: [ app_begin ] --START--
INFO: Run Behavior\ReadHtmlCacheBehavior [ RunTime:0.000000s ]
INFO: [ app_begin ] --END-- [ RunTime:0.000000s ]
ERR: Ê®°Êùø‰∏çÂ≠òÂú®:./APP/Demo/View/mobile/weituo_play.html

[ 2016-06-02T16:53:12+08:00 ] 192.168.1.117 /demo/weituo
INFO: [ app_init ] --START--
INFO: Run Behavior\BuildLiteBehavior [ RunTime:0.000000s ]
INFO: [ app_init ] --END-- [ RunTime:0.000000s ]
INFO: [ app_begin ] --START--
INFO: Run Behavior\ReadHtmlCacheBehavior [ RunTime:0.000000s ]
INFO: [ app_begin ] --END-- [ RunTime:0.000000s ]
ERR: Ê®°Êùø‰∏çÂ≠òÂú®:./APP/Demo/View/mobile/weituo_play.html

[ 2016-06-02T16:53:24+08:00 ] 192.168.1.117 /demo/weituo
INFO: [ app_init ] --START--
INFO: Run Behavior\BuildLiteBehavior [ RunTime:0.000000s ]
INFO: [ app_init ] --END-- [ RunTime:0.000000s ]
INFO: [ app_begin ] --START--
INFO: Run Behavior\ReadHtmlCacheBehavior [ RunTime:0.000000s ]
INFO: [ app_begin ] --END-- [ RunTime:0.000000s ]
ERR: Ê®°Êùø‰∏çÂ≠òÂú®:./APP/Demo/View/mobile/weituo_play.html

[ 2016-06-02T16:53:24+08:00 ] 192.168.1.117 /demo/weituo
INFO: [ app_init ] --START--
INFO: Run Behavior\BuildLiteBehavior [ RunTime:0.000000s ]
INFO: [ app_init ] --END-- [ RunTime:0.000000s ]
INFO: [ app_begin ] --START--
INFO: Run Behavior\ReadHtmlCacheBehavior [ RunTime:0.000000s ]
INFO: [ app_begin ] --END-- [ RunTime:0.000000s ]
ERR: Ê®°Êùø‰∏çÂ≠òÂú®:./APP/Demo/View/mobile/weituo_play.html

[ 2016-06-02T16:53:24+08:00 ] 192.168.1.117 /demo/weituo
INFO: [ app_init ] --START--
INFO: Run Behavior\BuildLiteBehavior [ RunTime:0.000000s ]
INFO: [ app_init ] --END-- [ RunTime:0.000000s ]
INFO: [ app_begin ] --START--
INFO: Run Behavior\ReadHtmlCacheBehavior [ RunTime:0.000000s ]
INFO: [ app_begin ] --END-- [ RunTime:0.000000s ]
ERR: Ê®°Êùø‰∏çÂ≠òÂú®:./APP/Demo/View/mobile/weituo_play.html

[ 2016-06-02T16:53:25+08:00 ] 192.168.1.117 /demo/weituo
INFO: [ app_init ] --START--
INFO: Run Behavior\BuildLiteBehavior [ RunTime:0.000000s ]
INFO: [ app_init ] --END-- [ RunTime:0.000000s ]
INFO: [ app_begin ] --START--
INFO: Run Behavior\ReadHtmlCacheBehavior [ RunTime:0.000000s ]
INFO: [ app_begin ] --END-- [ RunTime:0.000000s ]
ERR: Ê®°Êùø‰∏çÂ≠òÂú®:./APP/Demo/View/mobile/weituo_play.html

[ 2016-06-02T16:53:43+08:00 ] 192.168.1.117 /demo/weituo
INFO: [ app_init ] --START--
INFO: Run Behavior\BuildLiteBehavior [ RunTime:0.000000s ]
INFO: [ app_init ] --END-- [ RunTime:0.000000s ]
INFO: [ app_begin ] --START--
INFO: Run Behavior\ReadHtmlCacheBehavior [ RunTime:0.000000s ]
INFO: [ app_begin ] --END-- [ RunTime:0.000000s ]
INFO: [ view_parse ] --START--
INFO: [ template_filter ] --START--
INFO: Run Behavior\ContentReplaceBehavior [ RunTime:0.000000s ]
INFO: [ template_filter ] --END-- [ RunTime:0.000000s ]
NOTIC: [8] Undefined variable: list W:\PHP\xamppWeb\thinkphp3.2.3\APP\Runtime\Cache\Demo\6e7cac5c56c7da648a2ceb3ef9197e17.php Á¨¨ 20 Ë°å.
NOTIC: [8] Undefined variable: list W:\PHP\xamppWeb\thinkphp3.2.3\APP\Runtime\Cache\Demo\6e7cac5c56c7da648a2ceb3ef9197e17.php Á¨¨ 22 Ë°å.
NOTIC: [8] Undefined variable: list W:\PHP\xamppWeb\thinkphp3.2.3\APP\Runtime\Cache\Demo\6e7cac5c56c7da648a2ceb3ef9197e17.php Á¨¨ 36 Ë°å.
NOTIC: [8] Undefined variable: list W:\PHP\xamppWeb\thinkphp3.2.3\APP\Runtime\Cache\Demo\6e7cac5c56c7da648a2ceb3ef9197e17.php Á¨¨ 36 Ë°å.
NOTIC: [8] Undefined variable: list W:\PHP\xamppWeb\thinkphp3.2.3\APP\Runtime\Cache\Demo\6e7cac5c56c7da648a2ceb3ef9197e17.php Á¨¨ 38 Ë°å.
NOTIC: [8] Undefined variable: list W:\PHP\xamppWeb\thinkphp3.2.3\APP\Runtime\Cache\Demo\6e7cac5c56c7da648a2ceb3ef9197e17.php Á¨¨ 41 Ë°å.
NOTIC: [8] Undefined variable: list W:\PHP\xamppWeb\thinkphp3.2.3\APP\Runtime\Cache\Demo\6e7cac5c56c7da648a2ceb3ef9197e17.php Á¨¨ 42 Ë°å.
NOTIC: [8] Undefined variable: list W:\PHP\xamppWeb\thinkphp3.2.3\APP\Runtime\Cache\Demo\6e7cac5c56c7da648a2ceb3ef9197e17.php Á¨¨ 43 Ë°å.
NOTIC: [8] Undefined variable: list W:\PHP\xamppWeb\thinkphp3.2.3\APP\Runtime\Cache\Demo\6e7cac5c56c7da648a2ceb3ef9197e17.php Á¨¨ 44 Ë°å.
NOTIC: [8] Undefined variable: list W:\PHP\xamppWeb\thinkphp3.2.3\APP\Runtime\Cache\Demo\6e7cac5c56c7da648a2ceb3ef9197e17.php Á¨¨ 46 Ë°å.
NOTIC: [8] Undefined variable: head W:\PHP\xamppWeb\thinkphp3.2.3\APP\Runtime\Cache\Demo\6e7cac5c56c7da648a2ceb3ef9197e17.php Á¨¨ 50 Ë°å.
NOTIC: [8] Undefined variable: wt_info W:\PHP\xamppWeb\thinkphp3.2.3\APP\Runtime\Cache\Demo\6e7cac5c56c7da648a2ceb3ef9197e17.php Á¨¨ 59 Ë°å.
NOTIC: [8] Undefined variable: hx_info W:\PHP\xamppWeb\thinkphp3.2.3\APP\Runtime\Cache\Demo\6e7cac5c56c7da648a2ceb3ef9197e17.php Á¨¨ 82 Ë°å.
NOTIC: [8] Undefined variable: comment W:\PHP\xamppWeb\thinkphp3.2.3\APP\Runtime\Cache\Demo\6e7cac5c56c7da648a2ceb3ef9197e17.php Á¨¨ 110 Ë°å.
INFO: Run Behavior\ParseTemplateBehavior [ RunTime:0.015600s ]
INFO: [ view_parse ] --END-- [ RunTime:0.015600s ]
INFO: [ view_filter ] --START--
INFO: Run Behavior\WriteHtmlCacheBehavior [ RunTime:0.000000s ]
INFO: [ view_filter ] --END-- [ RunTime:0.000000s ]

[ 2016-06-02T16:53:43+08:00 ] 192.168.1.117 /demo/__CSS__/wwplay.css
INFO: [ app_init ] --START--
INFO: Run Behavior\BuildLiteBehavior [ RunTime:0.000000s ]
INFO: [ app_init ] --END-- [ RunTime:0.000000s ]
INFO: [ app_begin ] --START--
INFO: Run Behavior\ReadHtmlCacheBehavior [ RunTime:0.000000s ]
INFO: [ app_begin ] --END-- [ RunTime:0.000000s ]
ERR: Êó†Ê≥ïÂä†ËΩΩÊéßÂà∂Âô®:__CSS__

[ 2016-06-02T16:53:43+08:00 ] 192.168.1.117 /demo/__IMG__/sharejt.png
INFO: [ app_init ] --START--
INFO: Run Behavior\BuildLiteBehavior [ RunTime:0.000000s ]
INFO: [ app_init ] --END-- [ RunTime:0.000000s ]

[ 2016-06-02T16:53:43+08:00 ] 192.168.1.117 /demo/__IMG__/bfl.png
INFO: [ app_init ] --START--
INFO: Run Behavior\BuildLiteBehavior [ RunTime:0.000000s ]
INFO: [ app_init ] --END-- [ RunTime:0.000000s ]

[ 2016-06-02T16:53:43+08:00 ] 192.168.1.117 /demo/__IMG__/pl.png
INFO: [ app_init ] --START--
INFO: Run Behavior\BuildLiteBehavior [ RunTime:0.000000s ]
INFO: [ app_init ] --END-- [ RunTime:0.000000s ]

[ 2016-06-02T16:53:43+08:00 ] 192.168.1.117 /demo/__IMG__/share.png
INFO: [ app_init ] --START--
INFO: Run Behavior\BuildLiteBehavior [ RunTime:0.000000s ]
INFO: [ app_init ] --END-- [ RunTime:0.000000s ]

[ 2016-06-02T16:53:44+08:00 ] 192.168.1.117 /Demo/Weituo/is_score.html
INFO: [ app_init ] --START--
INFO: Run Behavior\BuildLiteBehavior [ RunTime:0.000000s ]
INFO: [ app_init ] --END-- [ RunTime:0.000000s ]
INFO: [ app_begin ] --START--
INFO: Run Behavior\ReadHtmlCacheBehavior [ RunTime:0.000000s ]
INFO: [ app_begin ] --END-- [ RunTime:0.000000s ]
INFO: [ app_end ] --START--
INFO: Run Behavior\ShowPageTraceBehavior [ RunTime:0.000000s ]
INFO: [ app_end ] --END-- [ RunTime:0.000000s ]

[ 2016-06-02T16:53:53+08:00 ] 192.168.1.117 /demo/weituo
INFO: [ app_init ] --START--
INFO: Run Behavior\BuildLiteBehavior [ RunTime:0.000000s ]
INFO: [ app_init ] --END-- [ RunTime:0.000000s ]
INFO: [ app_begin ] --START--
INFO: Run Behavior\ReadHtmlCacheBehavior [ RunTime:0.015600s ]
INFO: [ app_begin ] --END-- [ RunTime:0.015600s ]
INFO: [ view_parse ] --START--
INFO: [ template_filter ] --START--
INFO: Run Behavior\ContentReplaceBehavior [ RunTime:0.000000s ]
INFO: [ template_filter ] --END-- [ RunTime:0.000000s ]
NOTIC: [8] Undefined variable: list W:\PHP\xamppWeb\thinkphp3.2.3\APP\Runtime\Cache\Demo\6e7cac5c56c7da648a2ceb3ef9197e17.php Á¨¨ 20 Ë°å.
NOTIC: [8] Undefined variable: list W:\PHP\xamppWeb\thinkphp3.2.3\APP\Runtime\Cache\Demo\6e7cac5c56c7da648a2ceb3ef9197e17.php Á¨¨ 22 Ë°å.
NOTIC: [8] Undefined variable: list W:\PHP\xamppWeb\thinkphp3.2.3\APP\Runtime\Cache\Demo\6e7cac5c56c7da648a2ceb3ef9197e17.php Á¨¨ 36 Ë°å.
NOTIC: [8] Undefined variable: list W:\PHP\xamppWeb\thinkphp3.2.3\APP\Runtime\Cache\Demo\6e7cac5c56c7da648a2ceb3ef9197e17.php Á¨¨ 36 Ë°å.
NOTIC: [8] Undefined variable: list W:\PHP\xamppWeb\thinkphp3.2.3\APP\Runtime\Cache\Demo\6e7cac5c56c7da648a2ceb3ef9197e17.php Á¨¨ 38 Ë°å.
NOTIC: [8] Undefined variable: list W:\PHP\xamppWeb\thinkphp3.2.3\APP\Runtime\Cache\Demo\6e7cac5c56c7da648a2ceb3ef9197e17.php Á¨¨ 41 Ë°å.
NOTIC: [8] Undefined variable: list W:\PHP\xamppWeb\thinkphp3.2.3\APP\Runtime\Cache\Demo\6e7cac5c56c7da648a2ceb3ef9197e17.php Á¨¨ 42 Ë°å.
NOTIC: [8] Undefined variable: list W:\PHP\xamppWeb\thinkphp3.2.3\APP\Runtime\Cache\Demo\6e7cac5c56c7da648a2ceb3ef9197e17.php Á¨¨ 43 Ë°å.
NOTIC: [8] Undefined variable: list W:\PHP\xamppWeb\thinkphp3.2.3\APP\Runtime\Cache\Demo\6e7cac5c56c7da648a2ceb3ef9197e17.php Á¨¨ 44 Ë°å.
NOTIC: [8] Undefined variable: list W:\PHP\xamppWeb\thinkphp3.2.3\APP\Runtime\Cache\Demo\6e7cac5c56c7da648a2ceb3ef9197e17.php Á¨¨ 46 Ë°å.
NOTIC: [8] Undefined variable: head W:\PHP\xamppWeb\thinkphp3.2.3\APP\Runtime\Cache\Demo\6e7cac5c56c7da648a2ceb3ef9197e17.php Á¨¨ 50 Ë°å.
NOTIC: [8] Undefined variable: wt_info W:\PHP\xamppWeb\thinkphp3.2.3\APP\Runtime\Cache\Demo\6e7cac5c56c7da648a2ceb3ef9197e17.php Á¨¨ 59 Ë°å.
NOTIC: [8] Undefined variable: hx_info W:\PHP\xamppWeb\thinkphp3.2.3\APP\Runtime\Cache\Demo\6e7cac5c56c7da648a2ceb3ef9197e17.php Á¨¨ 82 Ë°å.
NOTIC: [8] Undefined variable: comment W:\PHP\xamppWeb\thinkphp3.2.3\APP\Runtime\Cache\Demo\6e7cac5c56c7da648a2ceb3ef9197e17.php Á¨¨ 110 Ë°å.
INFO: Run Behavior\ParseTemplateBehavior [ RunTime:0.011001s ]
INFO: [ view_parse ] --END-- [ RunTime:0.011001s ]
INFO: [ view_filter ] --START--
INFO: Run Behavior\WriteHtmlCacheBehavior [ RunTime:0.000000s ]
INFO: [ view_filter ] --END-- [ RunTime:0.000000s ]

[ 2016-06-02T16:53:53+08:00 ] 192.168.1.117 /demo/__CSS__/wwplay.css
INFO: [ app_init ] --START--
INFO: Run Behavior\BuildLiteBehavior [ RunTime:0.000000s ]
INFO: [ app_init ] --END-- [ RunTime:0.000000s ]
INFO: [ app_begin ] --START--
INFO: Run Behavior\ReadHtmlCacheBehavior [ RunTime:0.000000s ]
INFO: [ app_begin ] --END-- [ RunTime:0.000000s ]
ERR: Êó†Ê≥ïÂä†ËΩΩÊéßÂà∂Âô®:__CSS__

[ 2016-06-02T16:53:53+08:00 ] 192.168.1.117 /demo/__IMG__/sharejt.png
INFO: [ app_init ] --START--
INFO: Run Behavior\BuildLiteBehavior [ RunTime:0.000000s ]
INFO: [ app_init ] --END-- [ RunTime:0.000000s ]

[ 2016-06-02T16:53:53+08:00 ] 192.168.1.117 /demo/__IMG__/bfl.png
INFO: [ app_init ] --START--
INFO: Run Behavior\BuildLiteBehavior [ RunTime:0.000000s ]
INFO: [ app_init ] --END-- [ RunTime:0.000000s ]

[ 2016-06-02T16:53:53+08:00 ] 192.168.1.117 /demo/__IMG__/pl.png
INFO: [ app_init ] --START--
INFO: Run Behavior\BuildLiteBehavior [ RunTime:0.000000s ]
INFO: [ app_init ] --END-- [ RunTime:0.000000s ]

[ 2016-06-02T16:53:53+08:00 ] 192.168.1.117 /demo/__IMG__/share.png
INFO: [ app_init ] --START--
INFO: Run Behavior\BuildLiteBehavior [ RunTime:0.000000s ]
INFO: [ app_init ] --END-- [ RunTime:0.001000s ]

[ 2016-06-02T16:53:53+08:00 ] 192.168.1.117 /demo/weituo
INFO: [ app_init ] --START--
INFO: Run Behavior\BuildLiteBehavior [ RunTime:0.000000s ]
INFO: [ app_init ] --END-- [ RunTime:0.000000s ]
INFO: [ app_begin ] --START--
INFO: Run Behavior\ReadHtmlCacheBehavior [ RunTime:0.001000s ]
INFO: [ app_begin ] --END-- [ RunTime:0.001000s ]
INFO: [ view_parse ] --START--
INFO: [ template_filter ] --START--
INFO: Run Behavior\ContentReplaceBehavior [ RunTime:0.000000s ]
INFO: [ template_filter ] --END-- [ RunTime:0.000000s ]
NOTIC: [8] Undefined variable: list W:\PHP\xamppWeb\thinkphp3.2.3\APP\Runtime\Cache\Demo\6e7cac5c56c7da648a2ceb3ef9197e17.php Á¨¨ 20 Ë°å.
NOTIC: [8] Undefined variable: list W:\PHP\xamppWeb\thinkphp3.2.3\APP\Runtime\Cache\Demo\6e7cac5c56c7da648a2ceb3ef9197e17.php Á¨¨ 22 Ë°å.
NOTIC: [8] Undefined variable: list W:\PHP\xamppWeb\thinkphp3.2.3\APP\Runtime\Cache\Demo\6e7cac5c56c7da648a2ceb3ef9197e17.php Á¨¨ 36 Ë°å.
NOTIC: [8] Undefined variable: list W:\PHP\xamppWeb\thinkphp3.2.3\APP\Runtime\Cache\Demo\6e7cac5c56c7da648a2ceb3ef9197e17.php Á¨¨ 36 Ë°å.
NOTIC: [8] Undefined variable: list W:\PHP\xamppWeb\thinkphp3.2.3\APP\Runtime\Cache\Demo\6e7cac5c56c7da648a2ceb3ef9197e17.php Á¨¨ 38 Ë°å.
NOTIC: [8] Undefined variable: list W:\PHP\xamppWeb\thinkphp3.2.3\APP\Runtime\Cache\Demo\6e7cac5c56c7da648a2ceb3ef9197e17.php Á¨¨ 41 Ë°å.
NOTIC: [8] Undefined variable: list W:\PHP\xamppWeb\thinkphp3.2.3\APP\Runtime\Cache\Demo\6e7cac5c56c7da648a2ceb3ef9197e17.php Á¨¨ 42 Ë°å.
NOTIC: [8] Undefined variable: list W:\PHP\xamppWeb\thinkphp3.2.3\APP\Runtime\Cache\Demo\6e7cac5c56c7da648a2ceb3ef9197e17.php Á¨¨ 43 Ë°å.
NOTIC: [8] Undefined variable: list W:\PHP\xamppWeb\thinkphp3.2.3\APP\Runtime\Cache\Demo\6e7cac5c56c7da648a2ceb3ef9197e17.php Á¨¨ 44 Ë°å.
NOTIC: [8] Undefined variable: list W:\PHP\xamppWeb\thinkphp3.2.3\APP\Runtime\Cache\Demo\6e7cac5c56c7da648a2ceb3ef9197e17.php Á¨¨ 46 Ë°å.
NOTIC: [8] Undefined variable: head W:\PHP\xamppWeb\thinkphp3.2.3\APP\Runtime\Cache\Demo\6e7cac5c56c7da648a2ceb3ef9197e17.php Á¨¨ 50 Ë°å.
NOTIC: [8] Undefined variable: wt_info W:\PHP\xamppWeb\thinkphp3.2.3\APP\Runtime\Cache\Demo\6e7cac5c56c7da648a2ceb3ef9197e17.php Á¨¨ 59 Ë°å.
NOTIC: [8] Undefined variable: hx_info W:\PHP\xamppWeb\thinkphp3.2.3\APP\Runtime\Cache\Demo\6e7cac5c56c7da648a2ceb3ef9197e17.php Á¨¨ 82 Ë°å.
NOTIC: [8] Undefined variable: comment W:\PHP\xamppWeb\thinkphp3.2.3\APP\Runtime\Cache\Demo\6e7cac5c56c7da648a2ceb3ef9197e17.php Á¨¨ 110 Ë°å.
INFO: Run Behavior\ParseTemplateBehavior [ RunTime:0.008000s ]
INFO: [ view_parse ] --END-- [ RunTime:0.008000s ]
INFO: [ view_filter ] --START--
INFO: Run Behavior\WriteHtmlCacheBehavior [ RunTime:0.000000s ]
INFO: [ view_filter ] --END-- [ RunTime:0.000000s ]

[ 2016-06-02T16:53:53+08:00 ] 192.168.1.117 /Demo/Weituo/is_score.html
INFO: [ app_init ] --START--
INFO: Run Behavior\BuildLiteBehavior [ RunTime:0.000000s ]
INFO: [ app_init ] --END-- [ RunTime:0.000000s ]
INFO: [ app_begin ] --START--
INFO: Run Behavior\ReadHtmlCacheBehavior [ RunTime:0.000000s ]
INFO: [ app_begin ] --END-- [ RunTime:0.000000s ]
INFO: [ app_end ] --START--
INFO: Run Behavior\ShowPageTraceBehavior [ RunTime:0.001000s ]
INFO: [ app_end ] --END-- [ RunTime:0.001000s ]

[ 2016-06-02T16:54:33+08:00 ] 192.168.1.117 /demo/weituo
INFO: [ app_init ] --START--
INFO: Run Behavior\BuildLiteBehavior [ RunTime:0.000000s ]
INFO: [ app_init ] --END-- [ RunTime:0.000000s ]
INFO: [ app_begin ] --START--
INFO: Run Behavior\ReadHtmlCacheBehavior [ RunTime:0.000000s ]
INFO: [ app_begin ] --END-- [ RunTime:0.000000s ]
ERR: Ê®°Êùø‰∏çÂ≠òÂú®:./APP/Demo/View/mobile/Weituo_index.html

[ 2016-06-02T16:54:34+08:00 ] 192.168.1.117 /demo/weituo
INFO: [ app_init ] --START--
INFO: Run Behavior\BuildLiteBehavior [ RunTime:0.000000s ]
INFO: [ app_init ] --END-- [ RunTime:0.001000s ]
INFO: [ app_begin ] --START--
INFO: Run Behavior\ReadHtmlCacheBehavior [ RunTime:0.001000s ]
INFO: [ app_begin ] --END-- [ RunTime:0.001000s ]
ERR: Ê®°Êùø‰∏çÂ≠òÂú®:./APP/Demo/View/mobile/Weituo_index.html

[ 2016-06-02T16:54:34+08:00 ] 192.168.1.117 /demo/weituo
INFO: [ app_init ] --START--
INFO: Run Behavior\BuildLiteBehavior [ RunTime:0.000000s ]
INFO: [ app_init ] --END-- [ RunTime:0.000000s ]
INFO: [ app_begin ] --START--
INFO: Run Behavior\ReadHtmlCacheBehavior [ RunTime:0.000000s ]
INFO: [ app_begin ] --END-- [ RunTime:0.000000s ]
ERR: Ê®°Êùø‰∏çÂ≠òÂú®:./APP/Demo/View/mobile/Weituo_index.html

[ 2016-06-02T16:54:47+08:00 ] 192.168.1.117 /demo/weituo
INFO: [ app_init ] --START--
INFO: Run Behavior\BuildLiteBehavior [ RunTime:0.000000s ]
INFO: [ app_init ] --END-- [ RunTime:0.000000s ]
INFO: [ app_begin ] --START--
INFO: Run Behavior\ReadHtmlCacheBehavior [ RunTime:0.000000s ]
INFO: [ app_begin ] --END-- [ RunTime:0.000000s ]
INFO: [ view_parse ] --START--
INFO: [ template_filter ] --START--
INFO: Run Behavior\ContentReplaceBehavior [ RunTime:0.000000s ]
INFO: [ template_filter ] --END-- [ RunTime:0.000000s ]
NOTIC: [8] Undefined variable: time W:\PHP\xamppWeb\thinkphp3.2.3\APP\Runtime\Cache\Demo\58c116083ca0966d4831eefab1e6bde0.php Á¨¨ 67 Ë°å.
NOTIC: [8] Undefined variable: wt_list W:\PHP\xamppWeb\thinkphp3.2.3\APP\Runtime\Cache\Demo\58c116083ca0966d4831eefab1e6bde0.php Á¨¨ 83 Ë°å.
NOTIC: [8] Undefined variable: wx_list W:\PHP\xamppWeb\thinkphp3.2.3\APP\Runtime\Cache\Demo\58c116083ca0966d4831eefab1e6bde0.php Á¨¨ 108 Ë°å.
NOTIC: [8] Undefined variable: hx_list W:\PHP\xamppWeb\thinkphp3.2.3\APP\Runtime\Cache\Demo\58c116083ca0966d4831eefab1e6bde0.php Á¨¨ 133 Ë°å.
INFO: Run Behavior\ParseTemplateBehavior [ RunTime:0.035002s ]
INFO: [ view_parse ] --END-- [ RunTime:0.035002s ]
INFO: [ view_filter ] --START--
INFO: Run Behavior\WriteHtmlCacheBehavior [ RunTime:0.000000s ]
INFO: [ view_filter ] --END-- [ RunTime:0.000000s ]

[ 2016-06-02T16:54:47+08:00 ] 192.168.1.117 /demo/__CSS__/wwi.css
INFO: [ app_init ] --START--
INFO: Run Behavior\BuildLiteBehavior [ RunTime:0.000000s ]
INFO: [ app_init ] --END-- [ RunTime:0.000000s ]
INFO: [ app_begin ] --START--
INFO: Run Behavior\ReadHtmlCacheBehavior [ RunTime:0.000000s ]
INFO: [ app_begin ] --END-- [ RunTime:0.001000s ]
ERR: Êó†Ê≥ïÂä†ËΩΩÊéßÂà∂Âô®:__CSS__

[ 2016-06-02T16:54:47+08:00 ] 192.168.1.117 /demo/__IMG__/pic1.png
INFO: [ app_init ] --START--
INFO: Run Behavior\BuildLiteBehavior [ RunTime:0.000000s ]
INFO: [ app_init ] --END-- [ RunTime:0.001000s ]

[ 2016-06-02T16:54:47+08:00 ] 192.168.1.117 /demo/__IMG__/playbutton.png
INFO: [ app_init ] --START--
INFO: Run Behavior\BuildLiteBehavior [ RunTime:0.000000s ]
INFO: [ app_init ] --END-- [ RunTime:0.000000s ]

[ 2016-06-02T16:54:47+08:00 ] 192.168.1.117 /demo/__IMG__/wtwx.png
INFO: [ app_init ] --START--
INFO: Run Behavior\BuildLiteBehavior [ RunTime:0.000000s ]
INFO: [ app_init ] --END-- [ RunTime:0.000000s ]

[ 2016-06-02T16:54:47+08:00 ] 192.168.1.117 /demo/__IMG__/pic2.png
INFO: [ app_init ] --START--
INFO: Run Behavior\BuildLiteBehavior [ RunTime:0.000000s ]
INFO: [ app_init ] --END-- [ RunTime:0.001000s ]

[ 2016-06-02T16:54:58+08:00 ] 192.168.1.117 /demo/weituo
INFO: [ app_init ] --START--
INFO: Run Behavior\BuildLiteBehavior [ RunTime:0.000000s ]
INFO: [ app_init ] --END-- [ RunTime:0.000000s ]
INFO: [ app_begin ] --START--
INFO: Run Behavior\ReadHtmlCacheBehavior [ RunTime:0.001000s ]
INFO: [ app_begin ] --END-- [ RunTime:0.001000s ]
INFO: [ view_parse ] --START--
INFO: [ template_filter ] --START--
INFO: Run Behavior\ContentReplaceBehavior [ RunTime:0.000000s ]
INFO: [ template_filter ] --END-- [ RunTime:0.000000s ]
NOTIC: [8] Undefined variable: time W:\PHP\xamppWeb\thinkphp3.2.3\APP\Runtime\Cache\Demo\58c116083ca0966d4831eefab1e6bde0.php Á¨¨ 67 Ë°å.
NOTIC: [8] Undefined variable: wt_list W:\PHP\xamppWeb\thinkphp3.2.3\APP\Runtime\Cache\Demo\58c116083ca0966d4831eefab1e6bde0.php Á¨¨ 83 Ë°å.
NOTIC: [8] Undefined variable: wx_list W:\PHP\xamppWeb\thinkphp3.2.3\APP\Runtime\Cache\Demo\58c116083ca0966d4831eefab1e6bde0.php Á¨¨ 108 Ë°å.
NOTIC: [8] Undefined variable: hx_list W:\PHP\xamppWeb\thinkphp3.2.3\APP\Runtime\Cache\Demo\58c116083ca0966d4831eefab1e6bde0.php Á¨¨ 133 Ë°å.
INFO: Run Behavior\ParseTemplateBehavior [ RunTime:0.009001s ]
INFO: [ view_parse ] --END-- [ RunTime:0.009001s ]
INFO: [ view_filter ] --START--
INFO: Run Behavior\WriteHtmlCacheBehavior [ RunTime:0.001000s ]
INFO: [ view_filter ] --END-- [ RunTime:0.001000s ]

[ 2016-06-02T16:54:58+08:00 ] 192.168.1.117 /demo/__CSS__/wwi.css
INFO: [ app_init ] --START--
INFO: Run Behavior\BuildLiteBehavior [ RunTime:0.000000s ]
INFO: [ app_init ] --END-- [ RunTime:0.000000s ]
INFO: [ app_begin ] --START--
INFO: Run Behavior\ReadHtmlCacheBehavior [ RunTime:0.000000s ]
INFO: [ app_begin ] --END-- [ RunTime:0.000000s ]
ERR: Êó†Ê≥ïÂä†ËΩΩÊéßÂà∂Âô®:__CSS__

[ 2016-06-02T16:54:58+08:00 ] 192.168.1.117 /demo/__IMG__/playbutton.png
INFO: [ app_init ] --START--
INFO: Run Behavior\BuildLiteBehavior [ RunTime:0.000000s ]
INFO: [ app_init ] --END-- [ RunTime:0.000000s ]

[ 2016-06-02T16:54:58+08:00 ] 192.168.1.117 /demo/__IMG__/pic2.png
INFO: [ app_init ] --START--
INFO: Run Behavior\BuildLiteBehavior [ RunTime:0.000000s ]
INFO: [ app_init ] --END-- [ RunTime:0.000000s ]

[ 2016-06-02T16:54:58+08:00 ] 192.168.1.117 /demo/__IMG__/pic1.png
INFO: [ app_init ] --START--
INFO: Run Behavior\BuildLiteBehavior [ RunTime:0.000000s ]
INFO: [ app_init ] --END-- [ RunTime:0.000000s ]

[ 2016-06-02T16:54:58+08:00 ] 192.168.1.117 /demo/__IMG__/wtwx.png
INFO: [ app_init ] --START--
INFO: Run Behavior\BuildLiteBehavior [ RunTime:0.000000s ]
INFO: [ app_init ] --END-- [ RunTime:0.001000s ]

[ 2016-06-02T16:55:00+08:00 ] 192.168.1.117 /Demo/Salonroute/index
INFO: [ app_init ] --START--
INFO: Run Behavior\BuildLiteBehavior [ RunTime:0.000000s ]
INFO: [ app_init ] --END-- [ RunTime:0.000000s ]
INFO: [ app_begin ] --START--
INFO: Run Behavior\ReadHtmlCacheBehavior [ RunTime:0.000000s ]
INFO: [ app_begin ] --END-- [ RunTime:0.000000s ]
ERR: Êó†Ê≥ïÂä†ËΩΩÊéßÂà∂Âô®:Salonroute

[ 2016-06-02T16:55:02+08:00 ] 192.168.1.117 /demo/__CSS__/wwi.css
INFO: [ app_init ] --START--
INFO: Run Behavior\BuildLiteBehavior [ RunTime:0.000000s ]
INFO: [ app_init ] --END-- [ RunTime:0.000000s ]
INFO: [ app_begin ] --START--
INFO: Run Behavior\ReadHtmlCacheBehavior [ RunTime:0.000000s ]
INFO: [ app_begin ] --END-- [ RunTime:0.000000s ]
ERR: Êó†Ê≥ïÂä†ËΩΩÊéßÂà∂Âô®:__CSS__

