[ 2016-06-03T16:20:53+08:00 ] 127.0.0.1 /thinkphp3.2.3/demo
INFO: [ app_init ] --START--
INFO: Run Behavior\BuildLiteBehavior [ RunTime:0.000000s ]
INFO: [ app_init ] --END-- [ RunTime:0.001000s ]
INFO: [ app_begin ] --START--
INFO: Run Behavior\ReadHtmlCacheBehavior [ RunTime:0.001001s ]
INFO: [ app_begin ] --END-- [ RunTime:0.001001s ]
NOTIC: [2048] Declaration of Demo\Controller\IndexController::show() should be compatible with Think\Controller::show($content, $charset = '', $contentType = '', $prefix = '') W:\PHP\xamppWeb\thinkphp3.2.3\APP\Demo\Controller\IndexController.class.php 第 7 行.
INFO: [ app_end ] --START--
INFO: Run Behavior\ShowPageTraceBehavior [ RunTime:0.001000s ]
INFO: [ app_end ] --END-- [ RunTime:0.001000s ]

[ 2016-06-03T16:21:21+08:00 ] 127.0.0.1 /thinkphp3.2.3/demo/weituo
INFO: [ app_init ] --START--
INFO: Run Behavior\BuildLiteBehavior [ RunTime:0.000000s ]
INFO: [ app_init ] --END-- [ RunTime:0.000000s ]
INFO: [ app_begin ] --START--
INFO: Run Behavior\ReadHtmlCacheBehavior [ RunTime:0.000000s ]
INFO: [ app_begin ] --END-- [ RunTime:0.000000s ]
ERR: 模板不存在:./APP/Demo/View/mobile/Weituo_index.html

[ 2016-06-03T16:21:39+08:00 ] 127.0.0.1 /thinkphp3.2.3/demo/weituo
INFO: [ app_init ] --START--
INFO: Run Behavior\BuildLiteBehavior [ RunTime:0.000000s ]
INFO: [ app_init ] --END-- [ RunTime:0.000000s ]
INFO: [ app_begin ] --START--
INFO: Run Behavior\ReadHtmlCacheBehavior [ RunTime:0.000000s ]
INFO: [ app_begin ] --END-- [ RunTime:0.000000s ]
ERR: 模板不存在:./APP/Demo/View/mobile/Weituo_index.html

[ 2016-06-03T16:21:58+08:00 ] 127.0.0.1 /thinkphp3.2.3/demo/weituo
INFO: [ app_init ] --START--
INFO: Run Behavior\BuildLiteBehavior [ RunTime:0.000000s ]
INFO: [ app_init ] --END-- [ RunTime:0.001001s ]
INFO: [ app_begin ] --START--
INFO: Run Behavior\ReadHtmlCacheBehavior [ RunTime:0.001000s ]
INFO: [ app_begin ] --END-- [ RunTime:0.001000s ]
INFO: [ view_parse ] --START--
INFO: [ template_filter ] --START--
INFO: Run Behavior\ContentReplaceBehavior [ RunTime:0.000000s ]
INFO: [ template_filter ] --END-- [ RunTime:0.000000s ]
NOTIC: [8] Undefined variable: time W:\PHP\xamppWeb\thinkphp3.2.3\APP\Runtime\Cache\Demo\58c116083ca0966d4831eefab1e6bde0.php 第 67 行.
NOTIC: [8] Undefined variable: wt_list W:\PHP\xamppWeb\thinkphp3.2.3\APP\Runtime\Cache\Demo\58c116083ca0966d4831eefab1e6bde0.php 第 83 行.
NOTIC: [8] Undefined variable: wx_list W:\PHP\xamppWeb\thinkphp3.2.3\APP\Runtime\Cache\Demo\58c116083ca0966d4831eefab1e6bde0.php 第 108 行.
NOTIC: [8] Undefined variable: hx_list W:\PHP\xamppWeb\thinkphp3.2.3\APP\Runtime\Cache\Demo\58c116083ca0966d4831eefab1e6bde0.php 第 133 行.
INFO: Run Behavior\ParseTemplateBehavior [ RunTime:0.033000s ]
INFO: [ view_parse ] --END-- [ RunTime:0.033000s ]
INFO: [ view_filter ] --START--
INFO: Run Behavior\WriteHtmlCacheBehavior [ RunTime:0.000000s ]
INFO: [ view_filter ] --END-- [ RunTime:0.000000s ]

[ 2016-06-03T16:21:58+08:00 ] 127.0.0.1 /thinkphp3.2.3/demo/__CSS__/wwi.css
INFO: [ app_init ] --START--
INFO: Run Behavior\BuildLiteBehavior [ RunTime:0.000000s ]
INFO: [ app_init ] --END-- [ RunTime:0.000000s ]
INFO: [ app_begin ] --START--
INFO: Run Behavior\ReadHtmlCacheBehavior [ RunTime:0.000000s ]
INFO: [ app_begin ] --END-- [ RunTime:0.010000s ]
ERR: 无法加载控制器:__CSS__

[ 2016-06-03T16:21:58+08:00 ] 127.0.0.1 /thinkphp3.2.3/demo/__IMG__/pic1.png
INFO: [ app_init ] --START--
INFO: Run Behavior\BuildLiteBehavior [ RunTime:0.000000s ]
INFO: [ app_init ] --END-- [ RunTime:0.000000s ]

[ 2016-06-03T16:21:58+08:00 ] 127.0.0.1 /thinkphp3.2.3/demo/__IMG__/pic2.png
INFO: [ app_init ] --START--
INFO: Run Behavior\BuildLiteBehavior [ RunTime:0.000000s ]
INFO: [ app_init ] --END-- [ RunTime:0.000000s ]

[ 2016-06-03T16:21:58+08:00 ] 127.0.0.1 /thinkphp3.2.3/demo/__IMG__/playbutton.png
INFO: [ app_init ] --START--
INFO: Run Behavior\BuildLiteBehavior [ RunTime:0.000000s ]
INFO: [ app_init ] --END-- [ RunTime:0.000000s ]

[ 2016-06-03T16:21:58+08:00 ] 127.0.0.1 /thinkphp3.2.3/demo/__IMG__/wtwx.png
INFO: [ app_init ] --START--
INFO: Run Behavior\BuildLiteBehavior [ RunTime:0.000000s ]
INFO: [ app_init ] --END-- [ RunTime:0.010000s ]

[ 2016-06-03T16:22:04+08:00 ] 127.0.0.1 /thinkphp3.2.3/demo/weituo
INFO: [ app_init ] --START--
INFO: Run Behavior\BuildLiteBehavior [ RunTime:0.000000s ]
INFO: [ app_init ] --END-- [ RunTime:0.000000s ]
INFO: [ app_begin ] --START--
INFO: Run Behavior\ReadHtmlCacheBehavior [ RunTime:0.000000s ]
INFO: [ app_begin ] --END-- [ RunTime:0.000000s ]
INFO: [ view_parse ] --START--
INFO: [ template_filter ] --START--
INFO: Run Behavior\ContentReplaceBehavior [ RunTime:0.000000s ]
INFO: [ template_filter ] --END-- [ RunTime:0.000000s ]
NOTIC: [8] Undefined variable: time W:\PHP\xamppWeb\thinkphp3.2.3\APP\Runtime\Cache\Demo\58c116083ca0966d4831eefab1e6bde0.php 第 67 行.
NOTIC: [8] Undefined variable: wt_list W:\PHP\xamppWeb\thinkphp3.2.3\APP\Runtime\Cache\Demo\58c116083ca0966d4831eefab1e6bde0.php 第 83 行.
NOTIC: [8] Undefined variable: wx_list W:\PHP\xamppWeb\thinkphp3.2.3\APP\Runtime\Cache\Demo\58c116083ca0966d4831eefab1e6bde0.php 第 108 行.
NOTIC: [8] Undefined variable: hx_list W:\PHP\xamppWeb\thinkphp3.2.3\APP\Runtime\Cache\Demo\58c116083ca0966d4831eefab1e6bde0.php 第 133 行.
INFO: Run Behavior\ParseTemplateBehavior [ RunTime:0.000000s ]
INFO: [ view_parse ] --END-- [ RunTime:0.000000s ]
INFO: [ view_filter ] --START--
INFO: Run Behavior\WriteHtmlCacheBehavior [ RunTime:0.000000s ]
INFO: [ view_filter ] --END-- [ RunTime:0.000000s ]

[ 2016-06-03T16:22:04+08:00 ] 127.0.0.1 /thinkphp3.2.3/demo/__CSS__/wwi.css
INFO: [ app_init ] --START--
INFO: Run Behavior\BuildLiteBehavior [ RunTime:0.000000s ]
INFO: [ app_init ] --END-- [ RunTime:0.000000s ]
INFO: [ app_begin ] --START--
INFO: Run Behavior\ReadHtmlCacheBehavior [ RunTime:0.000000s ]
INFO: [ app_begin ] --END-- [ RunTime:0.000000s ]
ERR: 无法加载控制器:__CSS__

[ 2016-06-03T16:22:04+08:00 ] 127.0.0.1 /thinkphp3.2.3/demo/__IMG__/playbutton.png
INFO: [ app_init ] --START--
INFO: Run Behavior\BuildLiteBehavior [ RunTime:0.000000s ]
INFO: [ app_init ] --END-- [ RunTime:0.000000s ]

[ 2016-06-03T16:22:04+08:00 ] 127.0.0.1 /thinkphp3.2.3/demo/__IMG__/pic1.png
INFO: [ app_init ] --START--
INFO: Run Behavior\BuildLiteBehavior [ RunTime:0.000000s ]
INFO: [ app_init ] --END-- [ RunTime:0.000000s ]

[ 2016-06-03T16:22:04+08:00 ] 127.0.0.1 /thinkphp3.2.3/demo/__IMG__/wtwx.png
INFO: [ app_init ] --START--
INFO: Run Behavior\BuildLiteBehavior [ RunTime:0.000000s ]
INFO: [ app_init ] --END-- [ RunTime:0.000000s ]

[ 2016-06-03T16:22:04+08:00 ] 127.0.0.1 /thinkphp3.2.3/demo/__IMG__/pic2.png
INFO: [ app_init ] --START--
INFO: Run Behavior\BuildLiteBehavior [ RunTime:0.000000s ]
INFO: [ app_init ] --END-- [ RunTime:0.000000s ]

[ 2016-06-03T16:22:05+08:00 ] 127.0.0.1 /thinkphp3.2.3/demo/weituo
INFO: [ app_init ] --START--
INFO: Run Behavior\BuildLiteBehavior [ RunTime:0.000000s ]
INFO: [ app_init ] --END-- [ RunTime:0.000000s ]
INFO: [ app_begin ] --START--
INFO: Run Behavior\ReadHtmlCacheBehavior [ RunTime:0.000000s ]
INFO: [ app_begin ] --END-- [ RunTime:0.000000s ]
INFO: [ view_parse ] --START--
INFO: [ template_filter ] --START--
INFO: Run Behavior\ContentReplaceBehavior [ RunTime:0.000000s ]
INFO: [ template_filter ] --END-- [ RunTime:0.000000s ]
NOTIC: [8] Undefined variable: time W:\PHP\xamppWeb\thinkphp3.2.3\APP\Runtime\Cache\Demo\58c116083ca0966d4831eefab1e6bde0.php 第 67 行.
NOTIC: [8] Undefined variable: wt_list W:\PHP\xamppWeb\thinkphp3.2.3\APP\Runtime\Cache\Demo\58c116083ca0966d4831eefab1e6bde0.php 第 83 行.
NOTIC: [8] Undefined variable: wx_list W:\PHP\xamppWeb\thinkphp3.2.3\APP\Runtime\Cache\Demo\58c116083ca0966d4831eefab1e6bde0.php 第 108 行.
NOTIC: [8] Undefined variable: hx_list W:\PHP\xamppWeb\thinkphp3.2.3\APP\Runtime\Cache\Demo\58c116083ca0966d4831eefab1e6bde0.php 第 133 行.
INFO: Run Behavior\ParseTemplateBehavior [ RunTime:0.010000s ]
INFO: [ view_parse ] --END-- [ RunTime:0.010000s ]
INFO: [ view_filter ] --START--
INFO: Run Behavior\WriteHtmlCacheBehavior [ RunTime:0.000000s ]
INFO: [ view_filter ] --END-- [ RunTime:0.000000s ]

[ 2016-06-03T16:22:05+08:00 ] 127.0.0.1 /thinkphp3.2.3/demo/__CSS__/wwi.css
INFO: [ app_init ] --START--
INFO: Run Behavior\BuildLiteBehavior [ RunTime:0.000000s ]
INFO: [ app_init ] --END-- [ RunTime:0.000000s ]
INFO: [ app_begin ] --START--
INFO: Run Behavior\ReadHtmlCacheBehavior [ RunTime:0.000000s ]
INFO: [ app_begin ] --END-- [ RunTime:0.000000s ]
ERR: 无法加载控制器:__CSS__

[ 2016-06-03T16:22:05+08:00 ] 127.0.0.1 /thinkphp3.2.3/demo/__IMG__/pic1.png
INFO: [ app_init ] --START--
INFO: Run Behavior\BuildLiteBehavior [ RunTime:0.000000s ]
INFO: [ app_init ] --END-- [ RunTime:0.000000s ]

[ 2016-06-03T16:22:05+08:00 ] 127.0.0.1 /thinkphp3.2.3/demo/__IMG__/wtwx.png
INFO: [ app_init ] --START--
INFO: Run Behavior\BuildLiteBehavior [ RunTime:0.000000s ]
INFO: [ app_init ] --END-- [ RunTime:0.000000s ]

[ 2016-06-03T16:22:05+08:00 ] 127.0.0.1 /thinkphp3.2.3/demo/__IMG__/pic2.png
INFO: [ app_init ] --START--
INFO: Run Behavior\BuildLiteBehavior [ RunTime:0.000000s ]
INFO: [ app_init ] --END-- [ RunTime:0.000000s ]

[ 2016-06-03T16:22:05+08:00 ] 127.0.0.1 /thinkphp3.2.3/demo/__IMG__/playbutton.png
INFO: [ app_init ] --START--
INFO: Run Behavior\BuildLiteBehavior [ RunTime:0.000000s ]
INFO: [ app_init ] --END-- [ RunTime:0.000000s ]

[ 2016-06-03T16:22:06+08:00 ] 127.0.0.1 /thinkphp3.2.3/Demo/Salonroute/index
INFO: [ app_init ] --START--
INFO: Run Behavior\BuildLiteBehavior [ RunTime:0.000000s ]
INFO: [ app_init ] --END-- [ RunTime:0.000000s ]
INFO: [ app_begin ] --START--
INFO: Run Behavior\ReadHtmlCacheBehavior [ RunTime:0.000000s ]
INFO: [ app_begin ] --END-- [ RunTime:0.000000s ]
ERR: 无法加载控制器:Salonroute

[ 2016-06-03T16:22:08+08:00 ] 127.0.0.1 /thinkphp3.2.3/demo/__CSS__/wwi.css
INFO: [ app_init ] --START--
INFO: Run Behavior\BuildLiteBehavior [ RunTime:0.000000s ]
INFO: [ app_init ] --END-- [ RunTime:0.000000s ]
INFO: [ app_begin ] --START--
INFO: Run Behavior\ReadHtmlCacheBehavior [ RunTime:0.000000s ]
INFO: [ app_begin ] --END-- [ RunTime:0.000000s ]
ERR: 无法加载控制器:__CSS__

[ 2016-06-03T16:22:56+08:00 ] 127.0.0.1 /thinkphp3.2.3/demo/weituo
INFO: [ app_init ] --START--
INFO: Run Behavior\BuildLiteBehavior [ RunTime:0.000000s ]
INFO: [ app_init ] --END-- [ RunTime:0.000000s ]
INFO: [ app_begin ] --START--
INFO: Run Behavior\ReadHtmlCacheBehavior [ RunTime:0.000000s ]
INFO: [ app_begin ] --END-- [ RunTime:0.000000s ]
ERR: 模板不存在:./APP/Demo/View/mobile/Weituo_index.html

