[ 2016-01-25T15:26:44+08:00 ] ::1 /thinkphpexercise/thinkphp3.2.3/js/menu.js
INFO: [ app_init ] --START--
INFO: Run Behavior\BuildLiteBehavior [ RunTime:0.000043s ]
INFO: [ app_init ] --END-- [ RunTime:0.000826s ]
ERR: Êó†Ê≥ïÂä†ËΩΩÊ®°Âùó:Js



ó:Js

[ 2016-01-25T15:26:44+08:00 ] ::1 /thinkphpexercise/thinkphp3.2.3/images/home.png
INFO: [ app_init ] --START--
INFO: Run Behavior\BuildLiteBehavior [ RunTime:0.000048s ]
INFO: [ app_init ] --END-- [ RunTime:0.000988s ]
ERR: Êó†Ê≥ïÂä†ËΩΩÊ®°Âùó:Images

[ 2016-01-25T15:26:44+08:00 ] ::1 /thinkphpexercise/thinkphp3.2.3/js/menu.js
INFO: [ app_init ] --START--
INFO: Run Behavior\BuildLiteBehavior [ RunTime:0.000024s ]
INFO: [ app_init ] --END-- [ RunTime:0.000461s ]
ERR: Êó†Ê≥ïÂä†ËΩΩÊ®°Âùó:Js

[ 2016-01-25T15:26:44+08:00 ] ::1 /thinkphpexercise/thinkphp3.2.3/images/home.png
INFO: [ app_init ] --START--
INFO: Run Behavior\BuildLiteBehavior [ RunTime:0.000028s ]
INFO: [ app_init ] --END-- [ RunTime:0.000538s ]
ERR: Êó†Ê≥ïÂä†ËΩΩÊ®°Âùó:Images

[ 2016-01-25T15:36:52+08:00 ] ::1 /thinkphpexercise/thinkphp3.2.3/css/style.css
INFO: [ app_init ] --START--
INFO: Run Behavior\BuildLiteBehavior [ RunTime:0.000044s ]
INFO: [ app_init ] --END-- [ RunTime:0.000839s ]
ERR: Êó†Ê≥ïÂä†ËΩΩÊ®°Âùó:Css

[ 2016-01-25T15:36:52+08:00 ] ::1 /thinkphpexercise/thinkphp3.2.3/js/menu.js
INFO: [ app_init ] --START--
INFO: Run Behavior\BuildLiteBehavior [ RunTime:0.000046s ]
INFO: [ app_init ] --END-- [ RunTime:0.001153s ]
ERR: Êó†Ê≥ïÂä†ËΩΩÊ®°Âùó:Js

[ 2016-01-25T15:36:52+08:00 ] ::1 /thinkphpexercise/thinkphp3.2.3/js/jquery-1.8.3.min.js
INFO: [ app_init ] --START--
INFO: Run Behavior\BuildLiteBehavior [ RunTime:0.000029s ]
INFO: [ app_init ] --END-- [ RunTime:0.000734s ]
ERR: Êó†Ê≥ïÂä†ËΩΩÊ®°Âùó:Js

[ 2016-01-25T15:36:52+08:00 ] ::1 /thinkphpexercise/thinkphp3.2.3/images/home.png
INFO: [ app_init ] --START--
INFO: Run Behavior\BuildLiteBehavior [ RunTime:0.000043s ]
INFO: [ app_init ] --END-- [ RunTime:0.000882s ]
ERR: Êó†Ê≥ïÂä†ËΩΩÊ®°Âùó:Images

[ 2016-01-25T15:36:52+08:00 ] ::1 /thinkphpexercise/thinkphp3.2.3/js/menu.js
INFO: [ app_init ] --START--
INFO: Run Behavior\BuildLiteBehavior [ RunTime:0.000046s ]
INFO: [ app_init ] --END-- [ RunTime:0.000714s ]
ERR: Êó†Ê≥ïÂä†ËΩΩÊ®°Âùó:Js

[ 2016-01-25T15:36:52+08:00 ] ::1 /thinkphpexercise/thinkphp3.2.3/images/home.png
INFO: [ app_init ] --START--
INFO: Run Behavior\BuildLiteBehavior [ RunTime:0.000026s ]
INFO: [ app_init ] --END-- [ RunTime:0.000573s ]
ERR: Êó†Ê≥ïÂä†ËΩΩÊ®°Âùó:Images

[ 2016-01-25T15:37:39+08:00 ] ::1 /thinkphpexercise/thinkphp3.2.3/Public/js/jquery-1.8.3.min.js
INFO: [ app_init ] --START--
INFO: Run Behavior\BuildLiteBehavior [ RunTime:0.000045s ]
INFO: [ app_init ] --END-- [ RunTime:0.000776s ]
ERR: Êó†Ê≥ïÂä†ËΩΩÊ®°Âùó:Public

[ 2016-01-25T15:37:39+08:00 ] ::1 /thinkphpexercise/thinkphp3.2.3/Public/style.css
INFO: [ app_init ] --START--
INFO: Run Behavior\BuildLiteBehavior [ RunTime:0.000042s ]
INFO: [ app_init ] --END-- [ RunTime:0.000964s ]
ERR: Êó†Ê≥ïÂä†ËΩΩÊ®°Âùó:Public

[ 2016-01-25T15:37:39+08:00 ] ::1 /thinkphpexercise/thinkphp3.2.3/Public/js/menu.js
INFO: [ app_init ] --START--
INFO: Run Behavior\BuildLiteBehavior [ RunTime:0.000056s ]
INFO: [ app_init ] --END-- [ RunTime:0.001157s ]
ERR: Êó†Ê≥ïÂä†ËΩΩÊ®°Âùó:Public

[ 2016-01-25T15:37:39+08:00 ] ::1 /thinkphpexercise/thinkphp3.2.3/images/home.png
INFO: [ app_init ] --START--
INFO: Run Behavior\BuildLiteBehavior [ RunTime:0.000042s ]
INFO: [ app_init ] --END-- [ RunTime:0.000832s ]
ERR: Êó†Ê≥ïÂä†ËΩΩÊ®°Âùó:Images

[ 2016-01-25T15:37:41+08:00 ] ::1 /thinkphpexercise/thinkphp3.2.3/Public/js/jquery-1.8.3.min.js
INFO: [ app_init ] --START--
INFO: Run Behavior\BuildLiteBehavior [ RunTime:0.000040s ]
INFO: [ app_init ] --END-- [ RunTime:0.000724s ]
ERR: Êó†Ê≥ïÂä†ËΩΩÊ®°Âùó:Public

[ 2016-01-25T15:37:41+08:00 ] ::1 /thinkphpexercise/thinkphp3.2.3/Public/style.css
INFO: [ app_init ] --START--
INFO: Run Behavior\BuildLiteBehavior [ RunTime:0.000045s ]
INFO: [ app_init ] --END-- [ RunTime:0.001239s ]
ERR: Êó†Ê≥ïÂä†ËΩΩÊ®°Âùó:Public

[ 2016-01-25T15:37:41+08:00 ] ::1 /thinkphpexercise/thinkphp3.2.3/Public/js/menu.js
INFO: [ app_init ] --START--
INFO: Run Behavior\BuildLiteBehavior [ RunTime:0.000042s ]
INFO: [ app_init ] --END-- [ RunTime:0.000893s ]
ERR: Êó†Ê≥ïÂä†ËΩΩÊ®°Âùó:Public

[ 2016-01-25T15:37:41+08:00 ] ::1 /thinkphpexercise/thinkphp3.2.3/images/home.png
INFO: [ app_init ] --START--
INFO: Run Behavior\BuildLiteBehavior [ RunTime:0.000025s ]
INFO: [ app_init ] --END-- [ RunTime:0.000524s ]
ERR: Êó†Ê≥ïÂä†ËΩΩÊ®°Âùó:Images

[ 2016-01-25T15:38:00+08:00 ] ::1 /thinkphpexercise/thinkphp3.2.3/Public/css/style.css
INFO: [ app_init ] --START--
INFO: Run Behavior\BuildLiteBehavior [ RunTime:0.000043s ]
INFO: [ app_init ] --END-- [ RunTime:0.000911s ]
ERR: Êó†Ê≥ïÂä†ËΩΩÊ®°Âùó:Public

[ 2016-01-25T15:38:00+08:00 ] ::1 /thinkphpexercise/thinkphp3.2.3/Public/js/jquery-1.8.3.min.js
INFO: [ app_init ] --START--
INFO: Run Behavior\BuildLiteBehavior [ RunTime:0.000117s ]
INFO: [ app_init ] --END-- [ RunTime:0.001106s ]
ERR: Êó†Ê≥ïÂä†ËΩΩÊ®°Âùó:Public

[ 2016-01-25T15:38:00+08:00 ] ::1 /thinkphpexercise/thinkphp3.2.3/Public/js/menu.js
INFO: [ app_init ] --START--
INFO: Run Behavior\BuildLiteBehavior [ RunTime:0.000044s ]
INFO: [ app_init ] --END-- [ RunTime:0.000863s ]
ERR: Êó†Ê≥ïÂä†ËΩΩÊ®°Âùó:Public

[ 2016-01-25T15:38:00+08:00 ] ::1 /thinkphpexercise/thinkphp3.2.3/images/home.png
INFO: [ app_init ] --START--
INFO: Run Behavior\BuildLiteBehavior [ RunTime:0.000025s ]
INFO: [ app_init ] --END-- [ RunTime:0.000554s ]
ERR: Êó†Ê≥ïÂä†ËΩΩÊ®°Âùó:Images

[ 2016-01-25T15:38:00+08:00 ] ::1 /thinkphpexercise/thinkphp3.2.3/Public/js/menu.js
INFO: [ app_init ] --START--
INFO: Run Behavior\BuildLiteBehavior [ RunTime:0.000027s ]
INFO: [ app_init ] --END-- [ RunTime:0.000574s ]
ERR: Êó†Ê≥ïÂä†ËΩΩÊ®°Âùó:Public

[ 2016-01-25T15:38:00+08:00 ] ::1 /thinkphpexercise/thinkphp3.2.3/images/home.png
INFO: [ app_init ] --START--
INFO: Run Behavior\BuildLiteBehavior [ RunTime:0.000040s ]
INFO: [ app_init ] --END-- [ RunTime:0.000672s ]
ERR: Êó†Ê≥ïÂä†ËΩΩÊ®°Âùó:Images

[ 2016-01-25T15:38:02+08:00 ] ::1 /thinkphpexercise/thinkphp3.2.3/Public/js/jquery-1.8.3.min.js
INFO: [ app_init ] --START--
INFO: Run Behavior\BuildLiteBehavior [ RunTime:0.000044s ]
INFO: [ app_init ] --END-- [ RunTime:0.000762s ]
ERR: Êó†Ê≥ïÂä†ËΩΩÊ®°Âùó:Public

[ 2016-01-25T15:38:02+08:00 ] ::1 /thinkphpexercise/thinkphp3.2.3/Public/css/style.css
INFO: [ app_init ] --START--
INFO: Run Behavior\BuildLiteBehavior [ RunTime:0.000023s ]
INFO: [ app_init ] --END-- [ RunTime:0.000548s ]
ERR: Êó†Ê≥ïÂä†ËΩΩÊ®°Âùó:Public

[ 2016-01-25T15:38:02+08:00 ] ::1 /thinkphpexercise/thinkphp3.2.3/Public/js/menu.js
INFO: [ app_init ] --START--
INFO: Run Behavior\BuildLiteBehavior [ RunTime:0.000051s ]
INFO: [ app_init ] --END-- [ RunTime:0.000966s ]
ERR: Êó†Ê≥ïÂä†ËΩΩÊ®°Âùó:Public

[ 2016-01-25T15:38:02+08:00 ] ::1 /thinkphpexercise/thinkphp3.2.3/images/home.png
INFO: [ app_init ] --START--
INFO: Run Behavior\BuildLiteBehavior [ RunTime:0.000025s ]
INFO: [ app_init ] --END-- [ RunTime:0.000563s ]
ERR: Êó†Ê≥ïÂä†ËΩΩÊ®°Âùó:Images

[ 2016-01-25T15:38:04+08:00 ] ::1 /thinkphpexercise/thinkphp3.2.3/Public/js/jquery-1.8.3.min.js
INFO: [ app_init ] --START--
INFO: Run Behavior\BuildLiteBehavior [ RunTime:0.000043s ]
INFO: [ app_init ] --END-- [ RunTime:0.000813s ]
ERR: Êó†Ê≥ïÂä†ËΩΩÊ®°Âùó:Public

[ 2016-01-25T15:38:04+08:00 ] ::1 /thinkphpexercise/thinkphp3.2.3/Public/css/style.css
INFO: [ app_init ] --START--
INFO: Run Behavior\BuildLiteBehavior [ RunTime:0.000039s ]
INFO: [ app_init ] --END-- [ RunTime:0.000972s ]
ERR: Êó†Ê≥ïÂä†ËΩΩÊ®°Âùó:Public

[ 2016-01-25T15:38:04+08:00 ] ::1 /thinkphpexercise/thinkphp3.2.3/Public/js/menu.js
INFO: [ app_init ] --START--
INFO: Run Behavior\BuildLiteBehavior [ RunTime:0.000053s ]
INFO: [ app_init ] --END-- [ RunTime:0.000978s ]
ERR: Êó†Ê≥ïÂä†ËΩΩÊ®°Âùó:Public

[ 2016-01-25T15:38:04+08:00 ] ::1 /thinkphpexercise/thinkphp3.2.3/images/home.png
INFO: [ app_init ] --START--
INFO: Run Behavior\BuildLiteBehavior [ RunTime:0.000040s ]
INFO: [ app_init ] --END-- [ RunTime:0.000716s ]
ERR: Êó†Ê≥ïÂä†ËΩΩÊ®°Âùó:Images

[ 2016-01-25T15:38:04+08:00 ] ::1 /thinkphpexercise/thinkphp3.2.3/Public/js/menu.js
INFO: [ app_init ] --START--
INFO: Run Behavior\BuildLiteBehavior [ RunTime:0.000023s ]
INFO: [ app_init ] --END-- [ RunTime:0.000499s ]
ERR: Êó†Ê≥ïÂä†ËΩΩÊ®°Âùó:Public

[ 2016-01-25T15:38:04+08:00 ] ::1 /thinkphpexercise/thinkphp3.2.3/images/home.png
INFO: [ app_init ] --START--
INFO: Run Behavior\BuildLiteBehavior [ RunTime:0.000027s ]
INFO: [ app_init ] --END-- [ RunTime:0.000541s ]
ERR: Êó†Ê≥ïÂä†ËΩΩÊ®°Âùó:Images

[ 2016-01-25T15:40:14+08:00 ] ::1 /thinkphpexercise/thinkphp3.2.3/Public/css/style.css
INFO: [ app_init ] --START--
INFO: Run Behavior\BuildLiteBehavior [ RunTime:0.000043s ]
INFO: [ app_init ] --END-- [ RunTime:0.000943s ]
ERR: Êó†Ê≥ïÂä†ËΩΩÊ®°Âùó:Public

[ 2016-01-25T15:40:14+08:00 ] ::1 /thinkphpexercise/thinkphp3.2.3/Public/js/menu.js
INFO: [ app_init ] --START--
INFO: Run Behavior\BuildLiteBehavior [ RunTime:0.000038s ]
INFO: [ app_init ] --END-- [ RunTime:0.000773s ]
ERR: Êó†Ê≥ïÂä†ËΩΩÊ®°Âùó:Public

[ 2016-01-25T15:40:14+08:00 ] ::1 /thinkphpexercise/thinkphp3.2.3/Public/js/jquery-1.8.3.min.js
INFO: [ app_init ] --START--
INFO: Run Behavior\BuildLiteBehavior [ RunTime:0.000048s ]
INFO: [ app_init ] --END-- [ RunTime:0.000892s ]
ERR: Êó†Ê≥ïÂä†ËΩΩÊ®°Âùó:Public

[ 2016-01-25T15:40:14+08:00 ] ::1 /thinkphpexercise/thinkphp3.2.3/images/home.png
INFO: [ app_init ] --START--
INFO: Run Behavior\BuildLiteBehavior [ RunTime:0.000023s ]
INFO: [ app_init ] --END-- [ RunTime:0.000532s ]
ERR: Êó†Ê≥ïÂä†ËΩΩÊ®°Âùó:Images

[ 2016-01-25T15:40:14+08:00 ] ::1 /thinkphpexercise/thinkphp3.2.3/Public/js/menu.js
INFO: [ app_init ] --START--
INFO: Run Behavior\BuildLiteBehavior [ RunTime:0.000026s ]
INFO: [ app_init ] --END-- [ RunTime:0.000541s ]
ERR: Êó†Ê≥ïÂä†ËΩΩÊ®°Âùó:Public

[ 2016-01-25T15:40:15+08:00 ] ::1 /thinkphpexercise/thinkphp3.2.3/images/home.png
INFO: [ app_init ] --START--
INFO: Run Behavior\BuildLiteBehavior [ RunTime:0.000024s ]
INFO: [ app_init ] --END-- [ RunTime:0.000552s ]
ERR: Êó†Ê≥ïÂä†ËΩΩÊ®°Âùó:Images

[ 2016-01-25T15:40:16+08:00 ] ::1 /thinkphpexercise/thinkphp3.2.3/Public/js/menu.js
INFO: [ app_init ] --START--
INFO: Run Behavior\BuildLiteBehavior [ RunTime:0.000029s ]
INFO: [ app_init ] --END-- [ RunTime:0.000522s ]
ERR: Êó†Ê≥ïÂä†ËΩΩÊ®°Âùó:Public

[ 2016-01-25T15:40:16+08:00 ] ::1 /thinkphpexercise/thinkphp3.2.3/Public/css/style.css
INFO: [ app_init ] --START--
INFO: Run Behavior\BuildLiteBehavior [ RunTime:0.000042s ]
INFO: [ app_init ] --END-- [ RunTime:0.000780s ]
ERR: Êó†Ê≥ïÂä†ËΩΩÊ®°Âùó:Public

[ 2016-01-25T15:40:16+08:00 ] ::1 /thinkphpexercise/thinkphp3.2.3/Public/js/jquery-1.8.3.min.js
INFO: [ app_init ] --START--
INFO: Run Behavior\BuildLiteBehavior [ RunTime:0.000049s ]
INFO: [ app_init ] --END-- [ RunTime:0.000881s ]
ERR: Êó†Ê≥ïÂä†ËΩΩÊ®°Âùó:Public

[ 2016-01-25T15:40:16+08:00 ] ::1 /thinkphpexercise/thinkphp3.2.3/images/home.png
INFO: [ app_init ] --START--
INFO: Run Behavior\BuildLiteBehavior [ RunTime:0.000025s ]
INFO: [ app_init ] --END-- [ RunTime:0.000527s ]
ERR: Êó†Ê≥ïÂä†ËΩΩÊ®°Âùó:Images

[ 2016-01-25T15:40:16+08:00 ] ::1 /thinkphpexercise/thinkphp3.2.3/Public/js/menu.js
INFO: [ app_init ] --START--
INFO: Run Behavior\BuildLiteBehavior [ RunTime:0.000030s ]
INFO: [ app_init ] --END-- [ RunTime:0.000589s ]
ERR: Êó†Ê≥ïÂä†ËΩΩÊ®°Âùó:Public

[ 2016-01-25T15:40:16+08:00 ] ::1 /thinkphpexercise/thinkphp3.2.3/images/home.png
INFO: [ app_init ] --START--
INFO: Run Behavior\BuildLiteBehavior [ RunTime:0.000026s ]
INFO: [ app_init ] --END-- [ RunTime:0.000546s ]
ERR: Êó†Ê≥ïÂä†ËΩΩÊ®°Âùó:Images

[ 2016-01-25T15:40:25+08:00 ] ::1 /thinkphpexercise/thinkphp3.2.3/Public/js/jquery-1.8.3.min.js
INFO: [ app_init ] --START--
INFO: Run Behavior\BuildLiteBehavior [ RunTime:0.000046s ]
INFO: [ app_init ] --END-- [ RunTime:0.000895s ]
ERR: Êó†Ê≥ïÂä†ËΩΩÊ®°Âùó:Public

[ 2016-01-25T15:40:25+08:00 ] ::1 /thinkphpexercise/thinkphp3.2.3/Public/css/style.css
INFO: [ app_init ] --START--
INFO: Run Behavior\BuildLiteBehavior [ RunTime:0.000036s ]
INFO: [ app_init ] --END-- [ RunTime:0.000777s ]
ERR: Êó†Ê≥ïÂä†ËΩΩÊ®°Âùó:Public

[ 2016-01-25T15:40:25+08:00 ] ::1 /thinkphpexercise/thinkphp3.2.3/Public/js/menu.js
INFO: [ app_init ] --START--
INFO: Run Behavior\BuildLiteBehavior [ RunTime:0.000030s ]
INFO: [ app_init ] --END-- [ RunTime:0.000635s ]
ERR: Êó†Ê≥ïÂä†ËΩΩÊ®°Âùó:Public

[ 2016-01-25T15:40:25+08:00 ] ::1 /thinkphpexercise/thinkphp3.2.3/images/home.png
INFO: [ app_init ] --START--
INFO: Run Behavior\BuildLiteBehavior [ RunTime:0.000029s ]
INFO: [ app_init ] --END-- [ RunTime:0.000764s ]
ERR: Êó†Ê≥ïÂä†ËΩΩÊ®°Âùó:Images

[ 2016-01-25T15:41:46+08:00 ] ::1 /thinkphpexercise/thinkphp3.2.3/APP_NAME/GROUP_NAME/View/public/css/style.css
INFO: [ app_init ] --START--
INFO: Run Behavior\BuildLiteBehavior [ RunTime:0.000045s ]
INFO: [ app_init ] --END-- [ RunTime:0.000754s ]
ERR: Êó†Ê≥ïÂä†ËΩΩÊ®°Âùó:APP_NAME

[ 2016-01-25T15:41:46+08:00 ] ::1 /thinkphpexercise/thinkphp3.2.3/APP_NAME/GROUP_NAME/View/public/js/menu.js
INFO: [ app_init ] --START--
INFO: Run Behavior\BuildLiteBehavior [ RunTime:0.000032s ]
INFO: [ app_init ] --END-- [ RunTime:0.000783s ]
ERR: Êó†Ê≥ïÂä†ËΩΩÊ®°Âùó:APP_NAME

[ 2016-01-25T15:41:46+08:00 ] ::1 /thinkphpexercise/thinkphp3.2.3/APP_NAME/GROUP_NAME/View/public/js/jquery-1.8.3.min.js
INFO: [ app_init ] --START--
INFO: Run Behavior\BuildLiteBehavior [ RunTime:0.000042s ]
INFO: [ app_init ] --END-- [ RunTime:0.000829s ]
ERR: Êó†Ê≥ïÂä†ËΩΩÊ®°Âùó:APP_NAME

[ 2016-01-25T15:41:46+08:00 ] ::1 /thinkphpexercise/thinkphp3.2.3/images/home.png
INFO: [ app_init ] --START--
INFO: Run Behavior\BuildLiteBehavior [ RunTime:0.000055s ]
INFO: [ app_init ] --END-- [ RunTime:0.000763s ]
ERR: Êó†Ê≥ïÂä†ËΩΩÊ®°Âùó:Images

[ 2016-01-25T15:41:46+08:00 ] ::1 /thinkphpexercise/thinkphp3.2.3/APP_NAME/GROUP_NAME/View/public/js/menu.js
INFO: [ app_init ] --START--
INFO: Run Behavior\BuildLiteBehavior [ RunTime:0.000030s ]
INFO: [ app_init ] --END-- [ RunTime:0.000626s ]
ERR: Êó†Ê≥ïÂä†ËΩΩÊ®°Âùó:APP_NAME

[ 2016-01-25T15:41:46+08:00 ] ::1 /thinkphpexercise/thinkphp3.2.3/images/home.png
INFO: [ app_init ] --START--
INFO: Run Behavior\BuildLiteBehavior [ RunTime:0.000027s ]
INFO: [ app_init ] --END-- [ RunTime:0.000527s ]
ERR: Êó†Ê≥ïÂä†ËΩΩÊ®°Âùó:Images

[ 2016-01-25T15:42:41+08:00 ] ::1 /thinkphpexercise/thinkphp3.2.3/APP//GROUP_NAME/View/public/css/style.css
INFO: [ app_init ] --START--
INFO: Run Behavior\BuildLiteBehavior [ RunTime:0.000044s ]
INFO: [ app_init ] --END-- [ RunTime:0.000765s ]
ERR: Êó†Ê≥ïÂä†ËΩΩÊ®°Âùó:APP

[ 2016-01-25T15:42:41+08:00 ] ::1 /thinkphpexercise/thinkphp3.2.3/APP//GROUP_NAME/View/public/js/menu.js
INFO: [ app_init ] --START--
INFO: Run Behavior\BuildLiteBehavior [ RunTime:0.000047s ]
INFO: [ app_init ] --END-- [ RunTime:0.000816s ]
ERR: Êó†Ê≥ïÂä†ËΩΩÊ®°Âùó:APP

[ 2016-01-25T15:42:41+08:00 ] ::1 /thinkphpexercise/thinkphp3.2.3/APP//GROUP_NAME/View/public/js/jquery-1.8.3.min.js
INFO: [ app_init ] --START--
INFO: Run Behavior\BuildLiteBehavior [ RunTime:0.000042s ]
INFO: [ app_init ] --END-- [ RunTime:0.000910s ]
ERR: Êó†Ê≥ïÂä†ËΩΩÊ®°Âùó:APP

[ 2016-01-25T15:42:41+08:00 ] ::1 /thinkphpexercise/thinkphp3.2.3/images/home.png
INFO: [ app_init ] --START--
INFO: Run Behavior\BuildLiteBehavior [ RunTime:0.000026s ]
INFO: [ app_init ] --END-- [ RunTime:0.000512s ]
ERR: Êó†Ê≥ïÂä†ËΩΩÊ®°Âùó:Images

[ 2016-01-25T15:42:41+08:00 ] ::1 /thinkphpexercise/thinkphp3.2.3/APP//GROUP_NAME/View/public/js/menu.js
INFO: [ app_init ] --START--
INFO: Run Behavior\BuildLiteBehavior [ RunTime:0.000028s ]
INFO: [ app_init ] --END-- [ RunTime:0.000548s ]
ERR: Êó†Ê≥ïÂä†ËΩΩÊ®°Âùó:APP

[ 2016-01-25T15:42:41+08:00 ] ::1 /thinkphpexercise/thinkphp3.2.3/images/home.png
INFO: [ app_init ] --START--
INFO: Run Behavior\BuildLiteBehavior [ RunTime:0.000027s ]
INFO: [ app_init ] --END-- [ RunTime:0.000535s ]
ERR: Êó†Ê≥ïÂä†ËΩΩÊ®°Âùó:Images

[ 2016-01-25T15:42:44+08:00 ] ::1 /thinkphpexercise/thinkphp3.2.3/APP//GROUP_NAME/View/public/css/style.css
INFO: [ app_init ] --START--
INFO: Run Behavior\BuildLiteBehavior [ RunTime:0.000044s ]
INFO: [ app_init ] --END-- [ RunTime:0.000799s ]
ERR: Êó†Ê≥ïÂä†ËΩΩÊ®°Âùó:APP

[ 2016-01-25T15:42:44+08:00 ] ::1 /thinkphpexercise/thinkphp3.2.3/APP//GROUP_NAME/View/public/js/jquery-1.8.3.min.js
INFO: [ app_init ] --START--
INFO: Run Behavior\BuildLiteBehavior [ RunTime:0.000043s ]
INFO: [ app_init ] --END-- [ RunTime:0.000720s ]
ERR: Êó†Ê≥ïÂä†ËΩΩÊ®°Âùó:APP

[ 2016-01-25T15:42:44+08:00 ] ::1 /thinkphpexercise/thinkphp3.2.3/APP//GROUP_NAME/View/public/js/menu.js
INFO: [ app_init ] --START--
INFO: Run Behavior\BuildLiteBehavior [ RunTime:0.000042s ]
INFO: [ app_init ] --END-- [ RunTime:0.000757s ]
ERR: Êó†Ê≥ïÂä†ËΩΩÊ®°Âùó:APP

[ 2016-01-25T15:42:45+08:00 ] ::1 /thinkphpexercise/thinkphp3.2.3/images/home.png
INFO: [ app_init ] --START--
INFO: Run Behavior\BuildLiteBehavior [ RunTime:0.000027s ]
INFO: [ app_init ] --END-- [ RunTime:0.000575s ]
ERR: Êó†Ê≥ïÂä†ËΩΩÊ®°Âùó:Images

[ 2016-01-25T15:42:45+08:00 ] ::1 /thinkphpexercise/thinkphp3.2.3/APP//GROUP_NAME/View/public/js/menu.js
INFO: [ app_init ] --START--
INFO: Run Behavior\BuildLiteBehavior [ RunTime:0.000027s ]
INFO: [ app_init ] --END-- [ RunTime:0.000590s ]
ERR: Êó†Ê≥ïÂä†ËΩΩÊ®°Âùó:APP

[ 2016-01-25T15:42:45+08:00 ] ::1 /thinkphpexercise/thinkphp3.2.3/images/home.png
INFO: [ app_init ] --START--
INFO: Run Behavior\BuildLiteBehavior [ RunTime:0.000026s ]
INFO: [ app_init ] --END-- [ RunTime:0.000512s ]
ERR: Êó†Ê≥ïÂä†ËΩΩÊ®°Âùó:Images

[ 2016-01-25T15:43:27+08:00 ] ::1 /thinkphpexercise/thinkphp3.2.3/APP/GROUP_NAME/View/public/css/style.css
INFO: [ app_init ] --START--
INFO: Run Behavior\BuildLiteBehavior [ RunTime:0.000047s ]
INFO: [ app_init ] --END-- [ RunTime:0.000778s ]
ERR: Êó†Ê≥ïÂä†ËΩΩÊ®°Âùó:APP

[ 2016-01-25T15:43:27+08:00 ] ::1 /thinkphpexercise/thinkphp3.2.3/APP/GROUP_NAME/View/public/js/jquery-1.8.3.min.js
INFO: [ app_init ] --START--
INFO: Run Behavior\BuildLiteBehavior [ RunTime:0.000042s ]
INFO: [ app_init ] --END-- [ RunTime:0.000734s ]
ERR: Êó†Ê≥ïÂä†ËΩΩÊ®°Âùó:APP

[ 2016-01-25T15:43:27+08:00 ] ::1 /thinkphpexercise/thinkphp3.2.3/APP/GROUP_NAME/View/public/js/menu.js
INFO: [ app_init ] --START--
INFO: Run Behavior\BuildLiteBehavior [ RunTime:0.000027s ]
INFO: [ app_init ] --END-- [ RunTime:0.000557s ]
ERR: Êó†Ê≥ïÂä†ËΩΩÊ®°Âùó:APP

[ 2016-01-25T15:43:27+08:00 ] ::1 /thinkphpexercise/thinkphp3.2.3/images/home.png
INFO: [ app_init ] --START--
INFO: Run Behavior\BuildLiteBehavior [ RunTime:0.000052s ]
INFO: [ app_init ] --END-- [ RunTime:0.000917s ]
ERR: Êó†Ê≥ïÂä†ËΩΩÊ®°Âùó:Images

[ 2016-01-25T15:43:27+08:00 ] ::1 /thinkphpexercise/thinkphp3.2.3/APP/GROUP_NAME/View/public/js/menu.js
INFO: [ app_init ] --START--
INFO: Run Behavior\BuildLiteBehavior [ RunTime:0.000028s ]
INFO: [ app_init ] --END-- [ RunTime:0.000628s ]
ERR: Êó†Ê≥ïÂä†ËΩΩÊ®°Âùó:APP

[ 2016-01-25T15:43:27+08:00 ] ::1 /thinkphpexercise/thinkphp3.2.3/images/home.png
INFO: [ app_init ] --START--
INFO: Run Behavior\BuildLiteBehavior [ RunTime:0.000028s ]
INFO: [ app_init ] --END-- [ RunTime:0.000576s ]
ERR: Êó†Ê≥ïÂä†ËΩΩÊ®°Âùó:Images

[ 2016-01-25T15:43:29+08:00 ] ::1 /thinkphpexercise/thinkphp3.2.3/APP/GROUP_NAME/View/public/js/jquery-1.8.3.min.js
INFO: [ app_init ] --START--
INFO: Run Behavior\BuildLiteBehavior [ RunTime:0.000038s ]
INFO: [ app_init ] --END-- [ RunTime:0.000739s ]
ERR: Êó†Ê≥ïÂä†ËΩΩÊ®°Âùó:APP

[ 2016-01-25T15:43:29+08:00 ] ::1 /thinkphpexercise/thinkphp3.2.3/APP/GROUP_NAME/View/public/js/menu.js
INFO: [ app_init ] --START--
INFO: Run Behavior\BuildLiteBehavior [ RunTime:0.000039s ]
INFO: [ app_init ] --END-- [ RunTime:0.000731s ]
ERR: Êó†Ê≥ïÂä†ËΩΩÊ®°Âùó:APP

[ 2016-01-25T15:43:29+08:00 ] ::1 /thinkphpexercise/thinkphp3.2.3/images/home.png
INFO: [ app_init ] --START--
INFO: Run Behavior\BuildLiteBehavior [ RunTime:0.000046s ]
INFO: [ app_init ] --END-- [ RunTime:0.000766s ]
ERR: Êó†Ê≥ïÂä†ËΩΩÊ®°Âùó:Images

[ 2016-01-25T15:43:29+08:00 ] ::1 /thinkphpexercise/thinkphp3.2.3/APP/GROUP_NAME/View/public/js/menu.js
INFO: [ app_init ] --START--
INFO: Run Behavior\BuildLiteBehavior [ RunTime:0.000025s ]
INFO: [ app_init ] --END-- [ RunTime:0.000496s ]
ERR: Êó†Ê≥ïÂä†ËΩΩÊ®°Âùó:APP

[ 2016-01-25T15:43:29+08:00 ] ::1 /thinkphpexercise/thinkphp3.2.3/images/home.png
INFO: [ app_init ] --START--
INFO: Run Behavior\BuildLiteBehavior [ RunTime:0.000025s ]
INFO: [ app_init ] --END-- [ RunTime:0.000499s ]
ERR: Êó†Ê≥ïÂä†ËΩΩÊ®°Âùó:Images

[ 2016-01-25T15:46:21+08:00 ] ::1 /thinkphpexercise/thinkphp3.2.3/APP/GROUP_NAME/View/public/css/style.css
INFO: [ app_init ] --START--
INFO: Run Behavior\BuildLiteBehavior [ RunTime:0.000047s ]
INFO: [ app_init ] --END-- [ RunTime:0.000769s ]
ERR: Êó†Ê≥ïÂä†ËΩΩÊ®°Âùó:APP

[ 2016-01-25T15:46:21+08:00 ] ::1 /thinkphpexercise/thinkphp3.2.3/APP/GROUP_NAME/View/public/js/menu.js
INFO: [ app_init ] --START--
INFO: Run Behavior\BuildLiteBehavior [ RunTime:0.000045s ]
INFO: [ app_init ] --END-- [ RunTime:0.001124s ]
ERR: Êó†Ê≥ïÂä†ËΩΩÊ®°Âùó:APP

[ 2016-01-25T15:46:21+08:00 ] ::1 /thinkphpexercise/thinkphp3.2.3/APP/GROUP_NAME/View/public/js/jquery-1.8.3.min.js
INFO: [ app_init ] --START--
INFO: Run Behavior\BuildLiteBehavior [ RunTime:0.000047s ]
INFO: [ app_init ] --END-- [ RunTime:0.001225s ]
ERR: Êó†Ê≥ïÂä†ËΩΩÊ®°Âùó:APP

[ 2016-01-25T15:46:21+08:00 ] ::1 /thinkphpexercise/thinkphp3.2.3/images/home.png
INFO: [ app_init ] --START--
INFO: Run Behavior\BuildLiteBehavior [ RunTime:0.000065s ]
INFO: [ app_init ] --END-- [ RunTime:0.001518s ]
ERR: Êó†Ê≥ïÂä†ËΩΩÊ®°Âùó:Images

[ 2016-01-25T15:46:21+08:00 ] ::1 /thinkphpexercise/thinkphp3.2.3/APP/GROUP_NAME/View/public/js/menu.js
INFO: [ app_init ] --START--
INFO: Run Behavior\BuildLiteBehavior [ RunTime:0.000027s ]
INFO: [ app_init ] --END-- [ RunTime:0.000551s ]
ERR: Êó†Ê≥ïÂä†ËΩΩÊ®°Âùó:APP

[ 2016-01-25T15:46:21+08:00 ] ::1 /thinkphpexercise/thinkphp3.2.3/images/home.png
INFO: [ app_init ] --START--
INFO: Run Behavior\BuildLiteBehavior [ RunTime:0.000026s ]
INFO: [ app_init ] --END-- [ RunTime:0.000540s ]
ERR: Êó†Ê≥ïÂä†ËΩΩÊ®°Âùó:Images

[ 2016-01-25T15:46:23+08:00 ] ::1 /thinkphpexercise/thinkphp3.2.3/APP/GROUP_NAME/View/public/css/style.css
INFO: [ app_init ] --START--
INFO: Run Behavior\BuildLiteBehavior [ RunTime:0.000039s ]
INFO: [ app_init ] --END-- [ RunTime:0.000662s ]
ERR: Êó†Ê≥ïÂä†ËΩΩÊ®°Âùó:APP

[ 2016-01-25T15:46:23+08:00 ] ::1 /thinkphpexercise/thinkphp3.2.3/APP/GROUP_NAME/View/public/js/menu.js
INFO: [ app_init ] --START--
INFO: Run Behavior\BuildLiteBehavior [ RunTime:0.000023s ]
INFO: [ app_init ] --END-- [ RunTime:0.000485s ]
ERR: Êó†Ê≥ïÂä†ËΩΩÊ®°Âùó:APP

[ 2016-01-25T15:46:23+08:00 ] ::1 /thinkphpexercise/thinkphp3.2.3/APP/GROUP_NAME/View/public/js/jquery-1.8.3.min.js
INFO: [ app_init ] --START--
INFO: Run Behavior\BuildLiteBehavior [ RunTime:0.000038s ]
INFO: [ app_init ] --END-- [ RunTime:0.000688s ]
ERR: Êó†Ê≥ïÂä†ËΩΩÊ®°Âùó:APP

[ 2016-01-25T15:46:23+08:00 ] ::1 /thinkphpexercise/thinkphp3.2.3/images/home.png
INFO: [ app_init ] --START--
INFO: Run Behavior\BuildLiteBehavior [ RunTime:0.000026s ]
INFO: [ app_init ] --END-- [ RunTime:0.000561s ]
ERR: Êó†Ê≥ïÂä†ËΩΩÊ®°Âùó:Images

[ 2016-01-25T15:46:23+08:00 ] ::1 /thinkphpexercise/thinkphp3.2.3/APP/GROUP_NAME/View/public/js/menu.js
INFO: [ app_init ] --START--
INFO: Run Behavior\BuildLiteBehavior [ RunTime:0.000025s ]
INFO: [ app_init ] --END-- [ RunTime:0.000497s ]
ERR: Êó†Ê≥ïÂä†ËΩΩÊ®°Âùó:APP

[ 2016-01-25T15:46:23+08:00 ] ::1 /thinkphpexercise/thinkphp3.2.3/images/home.png
INFO: [ app_init ] --START--
INFO: Run Behavior\BuildLiteBehavior [ RunTime:0.000026s ]
INFO: [ app_init ] --END-- [ RunTime:0.000491s ]
ERR: Êó†Ê≥ïÂä†ËΩΩÊ®°Âùó:Images

[ 2016-01-25T15:49:42+08:00 ] ::1 /thinkphpexercise/thinkphp3.2.3/APP/GROUP_NAME/View/public/css/style.css
INFO: [ app_init ] --START--
INFO: Run Behavior\BuildLiteBehavior [ RunTime:0.000044s ]
INFO: [ app_init ] --END-- [ RunTime:0.000807s ]
ERR: Êó†Ê≥ïÂä†ËΩΩÊ®°Âùó:APP

[ 2016-01-25T15:49:42+08:00 ] ::1 /thinkphpexercise/thinkphp3.2.3/APP/GROUP_NAME/View/public/js/jquery-1.8.3.min.js
INFO: [ app_init ] --START--
INFO: Run Behavior\BuildLiteBehavior [ RunTime:0.000044s ]
INFO: [ app_init ] --END-- [ RunTime:0.000825s ]
ERR: Êó†Ê≥ïÂä†ËΩΩÊ®°Âùó:APP

[ 2016-01-25T15:49:42+08:00 ] ::1 /thinkphpexercise/thinkphp3.2.3/APP/GROUP_NAME/View/public/js/menu.js
INFO: [ app_init ] --START--
INFO: Run Behavior\BuildLiteBehavior [ RunTime:0.000042s ]
INFO: [ app_init ] --END-- [ RunTime:0.000874s ]
ERR: Êó†Ê≥ïÂä†ËΩΩÊ®°Âùó:APP

[ 2016-01-25T15:49:42+08:00 ] ::1 /thinkphpexercise/thinkphp3.2.3/images/home.png
INFO: [ app_init ] --START--
INFO: Run Behavior\BuildLiteBehavior [ RunTime:0.000045s ]
INFO: [ app_init ] --END-- [ RunTime:0.000789s ]
ERR: Êó†Ê≥ïÂä†ËΩΩÊ®°Âùó:Images

[ 2016-01-25T15:49:42+08:00 ] ::1 /thinkphpexercise/thinkphp3.2.3/APP/GROUP_NAME/View/public/js/menu.js
INFO: [ app_init ] --START--
INFO: Run Behavior\BuildLiteBehavior [ RunTime:0.000029s ]
INFO: [ app_init ] --END-- [ RunTime:0.000624s ]
ERR: Êó†Ê≥ïÂä†ËΩΩÊ®°Âùó:APP

[ 2016-01-25T15:49:42+08:00 ] ::1 /thinkphpexercise/thinkphp3.2.3/images/home.png
INFO: [ app_init ] --START--
INFO: Run Behavior\BuildLiteBehavior [ RunTime:0.000025s ]
INFO: [ app_init ] --END-- [ RunTime:0.000501s ]
ERR: Êó†Ê≥ïÂä†ËΩΩÊ®°Âùó:Images

[ 2016-01-25T15:54:03+08:00 ] ::1 /thinkphpexercise/thinkphp3.2.3/images/home.png
INFO: [ app_init ] --START--
INFO: Run Behavior\BuildLiteBehavior [ RunTime:0.000026s ]
INFO: [ app_init ] --END-- [ RunTime:0.000696s ]
ERR: Êó†Ê≥ïÂä†ËΩΩÊ®°Âùó:Images

[ 2016-01-25T15:54:10+08:00 ] ::1 /thinkphpexercise/thinkphp3.2.3/images/home.png
INFO: [ app_init ] --START--
INFO: Run Behavior\BuildLiteBehavior [ RunTime:0.000066s ]
INFO: [ app_init ] --END-- [ RunTime:0.001429s ]
ERR: Êó†Ê≥ïÂä†ËΩΩÊ®°Âùó:Images

[ 2016-01-25T15:54:11+08:00 ] ::1 /thinkphpexercise/thinkphp3.2.3/images/home.png
INFO: [ app_init ] --START--
INFO: Run Behavior\BuildLiteBehavior [ RunTime:0.000026s ]
INFO: [ app_init ] --END-- [ RunTime:0.000551s ]
ERR: Êó†Ê≥ïÂä†ËΩΩÊ®°Âùó:Images

[ 2016-01-25T15:57:25+08:00 ] ::1 /thinkphpexercise/thinkphp3.2.3/images/home.png
INFO: [ app_init ] --START--
INFO: Run Behavior\BuildLiteBehavior [ RunTime:0.000026s ]
INFO: [ app_init ] --END-- [ RunTime:0.000534s ]
ERR: Êó†Ê≥ïÂä†ËΩΩÊ®°Âùó:Images

[ 2016-01-25T15:57:25+08:00 ] ::1 /thinkphpexercise/thinkphp3.2.3/images/home.png
INFO: [ app_init ] --START--
INFO: Run Behavior\BuildLiteBehavior [ RunTime:0.000027s ]
INFO: [ app_init ] --END-- [ RunTime:0.000596s ]
ERR: Êó†Ê≥ïÂä†ËΩΩÊ®°Âùó:Images

